Prepare the dataset for training and testing ...
Preparation of the data completed!
Fold: 0
Model: "GRU_NET_TF"
_________________________________________________________________
Layer (type)                 Output Shape              Param #   
=================================================================
input_1 (InputLayer)         [(None, 100, 3)]          0         
_________________________________________________________________
bidirectional (Bidirectional (None, 100, 512)          400896    
_________________________________________________________________
batch_normalization (BatchNo (None, 100, 512)          2048      
_________________________________________________________________
bidirectional_1 (Bidirection (None, 100, 256)          493056    
_________________________________________________________________
batch_normalization_1 (Batch (None, 100, 256)          1024      
_________________________________________________________________
flatten (Flatten)            (None, 25600)             0         
_________________________________________________________________
dense (Dense)                (None, 128)               3276928   
_________________________________________________________________
batch_normalization_2 (Batch (None, 128)               512       
_________________________________________________________________
dropout (Dropout)            (None, 128)               0         
_________________________________________________________________
dense_1 (Dense)              (None, 6)                 774       
=================================================================
Total params: 4,175,238
Trainable params: 4,173,446
Non-trainable params: 1,792
_________________________________________________________________
None
Epoch 1/500
47/47 - 15s - loss: 1.9428 - accuracy: 0.4289 - val_loss: 1.7318 - val_accuracy: 0.2812

Epoch 00001: val_loss improved from inf to 1.73181, saving model to ./Models/GRU_NET_TF0.hdf5
Epoch 2/500
47/47 - 2s - loss: 1.2694 - accuracy: 0.5512 - val_loss: 1.9895 - val_accuracy: 0.1962

Epoch 00002: val_loss did not improve from 1.73181
Epoch 3/500
47/47 - 2s - loss: 0.9913 - accuracy: 0.6396 - val_loss: 2.0709 - val_accuracy: 0.2500

Epoch 00003: val_loss did not improve from 1.73181
Epoch 4/500
47/47 - 2s - loss: 0.7976 - accuracy: 0.7068 - val_loss: 1.9127 - val_accuracy: 0.3569

Epoch 00004: val_loss did not improve from 1.73181
Epoch 5/500
47/47 - 2s - loss: 0.6371 - accuracy: 0.7664 - val_loss: 1.7137 - val_accuracy: 0.4708

Epoch 00005: val_loss improved from 1.73181 to 1.71368, saving model to ./Models/GRU_NET_TF0.hdf5
Epoch 6/500
47/47 - 2s - loss: 0.5250 - accuracy: 0.8096 - val_loss: 1.6587 - val_accuracy: 0.5175

Epoch 00006: val_loss improved from 1.71368 to 1.65867, saving model to ./Models/GRU_NET_TF0.hdf5
Epoch 7/500
47/47 - 2s - loss: 0.4707 - accuracy: 0.8261 - val_loss: 1.4287 - val_accuracy: 0.5565

Epoch 00007: val_loss improved from 1.65867 to 1.42869, saving model to ./Models/GRU_NET_TF0.hdf5
Epoch 8/500
47/47 - 3s - loss: 0.3910 - accuracy: 0.8585 - val_loss: 1.0129 - val_accuracy: 0.6522

Epoch 00008: val_loss improved from 1.42869 to 1.01293, saving model to ./Models/GRU_NET_TF0.hdf5
Epoch 9/500
47/47 - 2s - loss: 0.3578 - accuracy: 0.8706 - val_loss: 0.6895 - val_accuracy: 0.7429

Epoch 00009: val_loss improved from 1.01293 to 0.68954, saving model to ./Models/GRU_NET_TF0.hdf5
Epoch 10/500
47/47 - 2s - loss: 0.2790 - accuracy: 0.9035 - val_loss: 0.6310 - val_accuracy: 0.7789

Epoch 00010: val_loss improved from 0.68954 to 0.63097, saving model to ./Models/GRU_NET_TF0.hdf5
Epoch 11/500
47/47 - 2s - loss: 0.2511 - accuracy: 0.9155 - val_loss: 0.5257 - val_accuracy: 0.8105

Epoch 00011: val_loss improved from 0.63097 to 0.52567, saving model to ./Models/GRU_NET_TF0.hdf5
Epoch 12/500
47/47 - 2s - loss: 0.2266 - accuracy: 0.9216 - val_loss: 0.5308 - val_accuracy: 0.8226

Epoch 00012: val_loss did not improve from 0.52567
Epoch 13/500
47/47 - 2s - loss: 0.1906 - accuracy: 0.9366 - val_loss: 0.5159 - val_accuracy: 0.8239

Epoch 00013: val_loss improved from 0.52567 to 0.51587, saving model to ./Models/GRU_NET_TF0.hdf5
Epoch 14/500
47/47 - 2s - loss: 0.1742 - accuracy: 0.9406 - val_loss: 0.4767 - val_accuracy: 0.8206

Epoch 00014: val_loss improved from 0.51587 to 0.47673, saving model to ./Models/GRU_NET_TF0.hdf5
Epoch 15/500
47/47 - 2s - loss: 0.1473 - accuracy: 0.9514 - val_loss: 0.4897 - val_accuracy: 0.8306

Epoch 00015: val_loss did not improve from 0.47673
Epoch 16/500
47/47 - 2s - loss: 0.1169 - accuracy: 0.9639 - val_loss: 0.5350 - val_accuracy: 0.8327

Epoch 00016: val_loss did not improve from 0.47673
Epoch 17/500
47/47 - 2s - loss: 0.0993 - accuracy: 0.9677 - val_loss: 0.5067 - val_accuracy: 0.8347

Epoch 00017: val_loss did not improve from 0.47673
Epoch 18/500
47/47 - 2s - loss: 0.0748 - accuracy: 0.9775 - val_loss: 0.4757 - val_accuracy: 0.8468

Epoch 00018: val_loss improved from 0.47673 to 0.47572, saving model to ./Models/GRU_NET_TF0.hdf5
Epoch 19/500
47/47 - 3s - loss: 0.0758 - accuracy: 0.9768 - val_loss: 0.5332 - val_accuracy: 0.8448

Epoch 00019: val_loss did not improve from 0.47572
Epoch 20/500
47/47 - 2s - loss: 0.0619 - accuracy: 0.9823 - val_loss: 0.5578 - val_accuracy: 0.8216

Epoch 00020: val_loss did not improve from 0.47572
Epoch 21/500
47/47 - 2s - loss: 0.0861 - accuracy: 0.9732 - val_loss: 0.7167 - val_accuracy: 0.8246

Epoch 00021: val_loss did not improve from 0.47572
Epoch 22/500
47/47 - 2s - loss: 0.2013 - accuracy: 0.9311 - val_loss: 0.5454 - val_accuracy: 0.8505

Epoch 00022: val_loss did not improve from 0.47572
Epoch 23/500
47/47 - 2s - loss: 0.1394 - accuracy: 0.9520 - val_loss: 0.5990 - val_accuracy: 0.8464

Epoch 00023: val_loss did not improve from 0.47572
Epoch 24/500
47/47 - 2s - loss: 0.0916 - accuracy: 0.9687 - val_loss: 0.6314 - val_accuracy: 0.8226

Epoch 00024: val_loss did not improve from 0.47572
Epoch 25/500
47/47 - 2s - loss: 0.0597 - accuracy: 0.9808 - val_loss: 0.5231 - val_accuracy: 0.8522

Epoch 00025: val_loss did not improve from 0.47572
Epoch 26/500
47/47 - 2s - loss: 0.0447 - accuracy: 0.9869 - val_loss: 0.4893 - val_accuracy: 0.8495

Epoch 00026: val_loss did not improve from 0.47572
Epoch 27/500
47/47 - 2s - loss: 0.0273 - accuracy: 0.9933 - val_loss: 0.4945 - val_accuracy: 0.8602

Epoch 00027: val_loss did not improve from 0.47572
Epoch 28/500
47/47 - 2s - loss: 0.0200 - accuracy: 0.9954 - val_loss: 0.4620 - val_accuracy: 0.8636

Epoch 00028: val_loss improved from 0.47572 to 0.46204, saving model to ./Models/GRU_NET_TF0.hdf5
Epoch 29/500
47/47 - 2s - loss: 0.0186 - accuracy: 0.9957 - val_loss: 0.4688 - val_accuracy: 0.8646

Epoch 00029: val_loss did not improve from 0.46204
Epoch 30/500
47/47 - 2s - loss: 0.0146 - accuracy: 0.9973 - val_loss: 0.4993 - val_accuracy: 0.8602

Epoch 00030: val_loss did not improve from 0.46204
Epoch 31/500
47/47 - 2s - loss: 0.0118 - accuracy: 0.9981 - val_loss: 0.5003 - val_accuracy: 0.8619

Epoch 00031: val_loss did not improve from 0.46204
Epoch 32/500
47/47 - 2s - loss: 0.0096 - accuracy: 0.9982 - val_loss: 0.5467 - val_accuracy: 0.8572

Epoch 00032: val_loss did not improve from 0.46204
Epoch 33/500
47/47 - 2s - loss: 0.0094 - accuracy: 0.9984 - val_loss: 0.5073 - val_accuracy: 0.8649

Epoch 00033: val_loss did not improve from 0.46204
Epoch 34/500
47/47 - 2s - loss: 0.0123 - accuracy: 0.9968 - val_loss: 0.5932 - val_accuracy: 0.8545

Epoch 00034: val_loss did not improve from 0.46204
Epoch 35/500
47/47 - 2s - loss: 0.0312 - accuracy: 0.9911 - val_loss: 0.7862 - val_accuracy: 0.8431

Epoch 00035: val_loss did not improve from 0.46204
Epoch 36/500
47/47 - 2s - loss: 0.2638 - accuracy: 0.9304 - val_loss: 0.9833 - val_accuracy: 0.7923

Epoch 00036: val_loss did not improve from 0.46204
Epoch 37/500
47/47 - 2s - loss: 0.2232 - accuracy: 0.9225 - val_loss: 0.5691 - val_accuracy: 0.8434

Epoch 00037: val_loss did not improve from 0.46204
Epoch 38/500
47/47 - 2s - loss: 0.1058 - accuracy: 0.9645 - val_loss: 0.4874 - val_accuracy: 0.8653

Epoch 00038: ReduceLROnPlateau reducing learning rate to 0.0005000000237487257.

Epoch 00038: val_loss did not improve from 0.46204
Epoch 39/500
47/47 - 2s - loss: 0.0504 - accuracy: 0.9864 - val_loss: 0.4678 - val_accuracy: 0.8636

Epoch 00039: val_loss did not improve from 0.46204
Epoch 40/500
47/47 - 2s - loss: 0.0257 - accuracy: 0.9942 - val_loss: 0.4420 - val_accuracy: 0.8686

Epoch 00040: val_loss improved from 0.46204 to 0.44201, saving model to ./Models/GRU_NET_TF0.hdf5
Epoch 41/500
47/47 - 2s - loss: 0.0181 - accuracy: 0.9968 - val_loss: 0.4406 - val_accuracy: 0.8713

Epoch 00041: val_loss improved from 0.44201 to 0.44058, saving model to ./Models/GRU_NET_TF0.hdf5
Epoch 42/500
47/47 - 2s - loss: 0.0137 - accuracy: 0.9977 - val_loss: 0.4439 - val_accuracy: 0.8747

Epoch 00042: val_loss did not improve from 0.44058
Epoch 43/500
47/47 - 2s - loss: 0.0124 - accuracy: 0.9985 - val_loss: 0.4615 - val_accuracy: 0.8700

Epoch 00043: val_loss did not improve from 0.44058
Epoch 44/500
47/47 - 2s - loss: 0.0100 - accuracy: 0.9987 - val_loss: 0.4541 - val_accuracy: 0.8730

Epoch 00044: val_loss did not improve from 0.44058
Epoch 45/500
47/47 - 2s - loss: 0.0093 - accuracy: 0.9988 - val_loss: 0.4695 - val_accuracy: 0.8716

Epoch 00045: val_loss did not improve from 0.44058
Epoch 46/500
47/47 - 2s - loss: 0.0081 - accuracy: 0.9991 - val_loss: 0.4686 - val_accuracy: 0.8703

Epoch 00046: val_loss did not improve from 0.44058
Epoch 47/500
47/47 - 2s - loss: 0.0080 - accuracy: 0.9990 - val_loss: 0.4821 - val_accuracy: 0.8706

Epoch 00047: val_loss did not improve from 0.44058
Epoch 48/500
47/47 - 2s - loss: 0.0069 - accuracy: 0.9989 - val_loss: 0.4989 - val_accuracy: 0.8659

Epoch 00048: val_loss did not improve from 0.44058
Epoch 49/500
47/47 - 2s - loss: 0.0057 - accuracy: 0.9993 - val_loss: 0.4908 - val_accuracy: 0.8750

Epoch 00049: val_loss did not improve from 0.44058
Epoch 50/500
47/47 - 2s - loss: 0.0058 - accuracy: 0.9995 - val_loss: 0.4998 - val_accuracy: 0.8710

Epoch 00050: val_loss did not improve from 0.44058
Epoch 51/500
47/47 - 2s - loss: 0.0048 - accuracy: 0.9995 - val_loss: 0.4979 - val_accuracy: 0.8753

Epoch 00051: ReduceLROnPlateau reducing learning rate to 0.0002500000118743628.

Epoch 00051: val_loss did not improve from 0.44058
Epoch 52/500
47/47 - 2s - loss: 0.0052 - accuracy: 0.9995 - val_loss: 0.4975 - val_accuracy: 0.8710

Epoch 00052: val_loss did not improve from 0.44058
Epoch 53/500
47/47 - 2s - loss: 0.0042 - accuracy: 0.9997 - val_loss: 0.5021 - val_accuracy: 0.8703

Epoch 00053: val_loss did not improve from 0.44058
Epoch 54/500
47/47 - 2s - loss: 0.0039 - accuracy: 0.9996 - val_loss: 0.5073 - val_accuracy: 0.8710

Epoch 00054: val_loss did not improve from 0.44058
Epoch 55/500
47/47 - 2s - loss: 0.0034 - accuracy: 0.9999 - val_loss: 0.5023 - val_accuracy: 0.8710

Epoch 00055: val_loss did not improve from 0.44058
Epoch 56/500
47/47 - 2s - loss: 0.0033 - accuracy: 0.9997 - val_loss: 0.5131 - val_accuracy: 0.8706

Epoch 00056: val_loss did not improve from 0.44058
Epoch 57/500
47/47 - 2s - loss: 0.0037 - accuracy: 0.9996 - val_loss: 0.5120 - val_accuracy: 0.8723

Epoch 00057: val_loss did not improve from 0.44058
Epoch 58/500
47/47 - 2s - loss: 0.0037 - accuracy: 0.9997 - val_loss: 0.5163 - val_accuracy: 0.8716

Epoch 00058: val_loss did not improve from 0.44058
Epoch 59/500
47/47 - 2s - loss: 0.0029 - accuracy: 0.9999 - val_loss: 0.5140 - val_accuracy: 0.8716

Epoch 00059: val_loss did not improve from 0.44058
Epoch 60/500
47/47 - 2s - loss: 0.0031 - accuracy: 0.9997 - val_loss: 0.5221 - val_accuracy: 0.8720

Epoch 00060: val_loss did not improve from 0.44058
Epoch 61/500
47/47 - 2s - loss: 0.0030 - accuracy: 0.9998 - val_loss: 0.5133 - val_accuracy: 0.8750

Epoch 00061: ReduceLROnPlateau reducing learning rate to 0.0001250000059371814.

Epoch 00061: val_loss did not improve from 0.44058
Epoch 62/500
47/47 - 2s - loss: 0.0028 - accuracy: 0.9998 - val_loss: 0.5174 - val_accuracy: 0.8737

Epoch 00062: val_loss did not improve from 0.44058
Epoch 63/500
47/47 - 2s - loss: 0.0024 - accuracy: 1.0000 - val_loss: 0.5261 - val_accuracy: 0.8743

Epoch 00063: val_loss did not improve from 0.44058
Epoch 64/500
47/47 - 2s - loss: 0.0026 - accuracy: 1.0000 - val_loss: 0.5235 - val_accuracy: 0.8737

Epoch 00064: val_loss did not improve from 0.44058
Epoch 65/500
47/47 - 2s - loss: 0.0025 - accuracy: 0.9998 - val_loss: 0.5229 - val_accuracy: 0.8747

Epoch 00065: val_loss did not improve from 0.44058
Epoch 66/500
47/47 - 2s - loss: 0.0025 - accuracy: 0.9998 - val_loss: 0.5221 - val_accuracy: 0.8757

Epoch 00066: val_loss did not improve from 0.44058
Epoch 67/500
47/47 - 2s - loss: 0.0024 - accuracy: 0.9998 - val_loss: 0.5249 - val_accuracy: 0.8747

Epoch 00067: val_loss did not improve from 0.44058
Epoch 68/500
47/47 - 2s - loss: 0.0024 - accuracy: 0.9998 - val_loss: 0.5293 - val_accuracy: 0.8737

Epoch 00068: val_loss did not improve from 0.44058
Epoch 69/500
47/47 - 2s - loss: 0.0023 - accuracy: 0.9999 - val_loss: 0.5335 - val_accuracy: 0.8730

Epoch 00069: val_loss did not improve from 0.44058
Epoch 70/500
47/47 - 2s - loss: 0.0021 - accuracy: 1.0000 - val_loss: 0.5313 - val_accuracy: 0.8733

Epoch 00070: val_loss did not improve from 0.44058
Epoch 71/500
47/47 - 2s - loss: 0.0021 - accuracy: 0.9999 - val_loss: 0.5326 - val_accuracy: 0.8733

Epoch 00071: ReduceLROnPlateau reducing learning rate to 6.25000029685907e-05.

Epoch 00071: val_loss did not improve from 0.44058
Epoch 72/500
47/47 - 2s - loss: 0.0024 - accuracy: 1.0000 - val_loss: 0.5353 - val_accuracy: 0.8747

Epoch 00072: val_loss did not improve from 0.44058
Epoch 73/500
47/47 - 3s - loss: 0.0022 - accuracy: 1.0000 - val_loss: 0.5335 - val_accuracy: 0.8740

Epoch 00073: val_loss did not improve from 0.44058
Epoch 74/500
47/47 - 2s - loss: 0.0021 - accuracy: 0.9999 - val_loss: 0.5356 - val_accuracy: 0.8733

Epoch 00074: val_loss did not improve from 0.44058
Epoch 75/500
47/47 - 2s - loss: 0.0020 - accuracy: 0.9999 - val_loss: 0.5367 - val_accuracy: 0.8737

Epoch 00075: val_loss did not improve from 0.44058
Epoch 76/500
47/47 - 2s - loss: 0.0021 - accuracy: 0.9998 - val_loss: 0.5360 - val_accuracy: 0.8737

Epoch 00076: val_loss did not improve from 0.44058
Epoch 77/500
47/47 - 2s - loss: 0.0019 - accuracy: 1.0000 - val_loss: 0.5352 - val_accuracy: 0.8740

Epoch 00077: val_loss did not improve from 0.44058
Epoch 78/500
47/47 - 2s - loss: 0.0020 - accuracy: 0.9999 - val_loss: 0.5365 - val_accuracy: 0.8733

Epoch 00078: val_loss did not improve from 0.44058
Epoch 79/500
47/47 - 2s - loss: 0.0021 - accuracy: 0.9999 - val_loss: 0.5346 - val_accuracy: 0.8733

Epoch 00079: val_loss did not improve from 0.44058
Epoch 80/500
47/47 - 2s - loss: 0.0020 - accuracy: 0.9999 - val_loss: 0.5359 - val_accuracy: 0.8737

Epoch 00080: val_loss did not improve from 0.44058
Epoch 81/500
47/47 - 2s - loss: 0.0018 - accuracy: 1.0000 - val_loss: 0.5355 - val_accuracy: 0.8740

Epoch 00081: ReduceLROnPlateau reducing learning rate to 3.125000148429535e-05.

Epoch 00081: val_loss did not improve from 0.44058
Epoch 82/500
47/47 - 2s - loss: 0.0021 - accuracy: 0.9998 - val_loss: 0.5352 - val_accuracy: 0.8730

Epoch 00082: val_loss did not improve from 0.44058
Epoch 83/500
47/47 - 2s - loss: 0.0018 - accuracy: 0.9999 - val_loss: 0.5380 - val_accuracy: 0.8730

Epoch 00083: val_loss did not improve from 0.44058
Epoch 84/500
47/47 - 2s - loss: 0.0020 - accuracy: 1.0000 - val_loss: 0.5382 - val_accuracy: 0.8730

Epoch 00084: val_loss did not improve from 0.44058
Epoch 85/500
47/47 - 2s - loss: 0.0020 - accuracy: 1.0000 - val_loss: 0.5396 - val_accuracy: 0.8733

Epoch 00085: val_loss did not improve from 0.44058
Epoch 86/500
47/47 - 2s - loss: 0.0018 - accuracy: 1.0000 - val_loss: 0.5412 - val_accuracy: 0.8733

Epoch 00086: val_loss did not improve from 0.44058
Epoch 87/500
47/47 - 2s - loss: 0.0019 - accuracy: 1.0000 - val_loss: 0.5409 - val_accuracy: 0.8730

Epoch 00087: val_loss did not improve from 0.44058
Epoch 88/500
47/47 - 2s - loss: 0.0020 - accuracy: 0.9998 - val_loss: 0.5409 - val_accuracy: 0.8740

Epoch 00088: val_loss did not improve from 0.44058
Epoch 89/500
47/47 - 2s - loss: 0.0019 - accuracy: 1.0000 - val_loss: 0.5413 - val_accuracy: 0.8740

Epoch 00089: val_loss did not improve from 0.44058
Epoch 90/500
47/47 - 2s - loss: 0.0017 - accuracy: 1.0000 - val_loss: 0.5414 - val_accuracy: 0.8740

Epoch 00090: val_loss did not improve from 0.44058
Epoch 91/500
47/47 - 2s - loss: 0.0016 - accuracy: 0.9999 - val_loss: 0.5425 - val_accuracy: 0.8743

Epoch 00091: ReduceLROnPlateau reducing learning rate to 1.5625000742147677e-05.
Restoring model weights from the end of the best epoch.

Epoch 00091: val_loss did not improve from 0.44058
Epoch 00091: early stopping

Fold: 1
Model: "GRU_NET_TF"
_________________________________________________________________
Layer (type)                 Output Shape              Param #   
=================================================================
input_2 (InputLayer)         [(None, 100, 3)]          0         
_________________________________________________________________
bidirectional_2 (Bidirection (None, 100, 512)          400896    
_________________________________________________________________
batch_normalization_3 (Batch (None, 100, 512)          2048      
_________________________________________________________________
bidirectional_3 (Bidirection (None, 100, 256)          493056    
_________________________________________________________________
batch_normalization_4 (Batch (None, 100, 256)          1024      
_________________________________________________________________
flatten_1 (Flatten)          (None, 25600)             0         
_________________________________________________________________
dense_2 (Dense)              (None, 128)               3276928   
_________________________________________________________________
batch_normalization_5 (Batch (None, 128)               512       
_________________________________________________________________
dropout_1 (Dropout)          (None, 128)               0         
_________________________________________________________________
dense_3 (Dense)              (None, 6)                 774       
=================================================================
Total params: 4,175,238
Trainable params: 4,173,446
Non-trainable params: 1,792
_________________________________________________________________
None
Epoch 1/500
47/47 - 10s - loss: 2.0224 - accuracy: 0.4109 - val_loss: 1.8737 - val_accuracy: 0.2493

Epoch 00001: val_loss improved from inf to 1.87370, saving model to ./Models/GRU_NET_TF1.hdf5
Epoch 2/500
47/47 - 2s - loss: 1.3765 - accuracy: 0.5064 - val_loss: 2.0791 - val_accuracy: 0.2282

Epoch 00002: val_loss did not improve from 1.87370
Epoch 3/500
47/47 - 2s - loss: 1.1466 - accuracy: 0.5770 - val_loss: 2.2499 - val_accuracy: 0.1794

Epoch 00003: val_loss did not improve from 1.87370
Epoch 4/500
47/47 - 2s - loss: 0.8858 - accuracy: 0.6653 - val_loss: 2.1389 - val_accuracy: 0.2537

Epoch 00004: val_loss did not improve from 1.87370
Epoch 5/500
47/47 - 2s - loss: 0.7409 - accuracy: 0.7266 - val_loss: 1.6943 - val_accuracy: 0.3888

Epoch 00005: val_loss improved from 1.87370 to 1.69431, saving model to ./Models/GRU_NET_TF1.hdf5
Epoch 6/500
47/47 - 2s - loss: 0.6168 - accuracy: 0.7692 - val_loss: 1.4152 - val_accuracy: 0.4805

Epoch 00006: val_loss improved from 1.69431 to 1.41522, saving model to ./Models/GRU_NET_TF1.hdf5
Epoch 7/500
47/47 - 2s - loss: 0.5204 - accuracy: 0.8132 - val_loss: 1.0008 - val_accuracy: 0.6394

Epoch 00007: val_loss improved from 1.41522 to 1.00082, saving model to ./Models/GRU_NET_TF1.hdf5
Epoch 8/500
47/47 - 2s - loss: 0.4305 - accuracy: 0.8427 - val_loss: 0.7349 - val_accuracy: 0.7181

Epoch 00008: val_loss improved from 1.00082 to 0.73488, saving model to ./Models/GRU_NET_TF1.hdf5
Epoch 9/500
47/47 - 2s - loss: 0.3627 - accuracy: 0.8693 - val_loss: 0.5902 - val_accuracy: 0.7745

Epoch 00009: val_loss improved from 0.73488 to 0.59020, saving model to ./Models/GRU_NET_TF1.hdf5
Epoch 10/500
47/47 - 2s - loss: 0.3296 - accuracy: 0.8890 - val_loss: 0.4934 - val_accuracy: 0.8088

Epoch 00010: val_loss improved from 0.59020 to 0.49338, saving model to ./Models/GRU_NET_TF1.hdf5
Epoch 11/500
47/47 - 2s - loss: 0.2809 - accuracy: 0.9038 - val_loss: 0.5911 - val_accuracy: 0.7809

Epoch 00011: val_loss did not improve from 0.49338
Epoch 12/500
47/47 - 2s - loss: 0.2546 - accuracy: 0.9135 - val_loss: 0.5976 - val_accuracy: 0.7873

Epoch 00012: val_loss did not improve from 0.49338
Epoch 13/500
47/47 - 2s - loss: 0.2231 - accuracy: 0.9254 - val_loss: 0.5184 - val_accuracy: 0.8276

Epoch 00013: val_loss did not improve from 0.49338
Epoch 14/500
47/47 - 2s - loss: 0.1965 - accuracy: 0.9340 - val_loss: 0.6126 - val_accuracy: 0.8175

Epoch 00014: val_loss did not improve from 0.49338
Epoch 15/500
47/47 - 2s - loss: 0.1722 - accuracy: 0.9415 - val_loss: 0.5344 - val_accuracy: 0.8300

Epoch 00015: val_loss did not improve from 0.49338
Epoch 16/500
47/47 - 2s - loss: 0.1584 - accuracy: 0.9494 - val_loss: 0.5275 - val_accuracy: 0.8236

Epoch 00016: val_loss did not improve from 0.49338
Epoch 17/500
47/47 - 2s - loss: 0.1391 - accuracy: 0.9545 - val_loss: 0.5305 - val_accuracy: 0.8263

Epoch 00017: val_loss did not improve from 0.49338
Epoch 18/500
47/47 - 2s - loss: 0.1054 - accuracy: 0.9664 - val_loss: 0.5498 - val_accuracy: 0.8414

Epoch 00018: val_loss did not improve from 0.49338
Epoch 19/500
47/47 - 2s - loss: 0.0923 - accuracy: 0.9684 - val_loss: 0.5320 - val_accuracy: 0.8431

Epoch 00019: val_loss did not improve from 0.49338
Epoch 20/500
47/47 - 2s - loss: 0.0855 - accuracy: 0.9729 - val_loss: 0.6289 - val_accuracy: 0.8290

Epoch 00020: ReduceLROnPlateau reducing learning rate to 0.0005000000237487257.

Epoch 00020: val_loss did not improve from 0.49338
Epoch 21/500
47/47 - 2s - loss: 0.0662 - accuracy: 0.9797 - val_loss: 0.4743 - val_accuracy: 0.8495

Epoch 00021: val_loss improved from 0.49338 to 0.47431, saving model to ./Models/GRU_NET_TF1.hdf5
Epoch 22/500
47/47 - 2s - loss: 0.0498 - accuracy: 0.9860 - val_loss: 0.4535 - val_accuracy: 0.8532

Epoch 00022: val_loss improved from 0.47431 to 0.45347, saving model to ./Models/GRU_NET_TF1.hdf5
Epoch 23/500
47/47 - 2s - loss: 0.0352 - accuracy: 0.9912 - val_loss: 0.4728 - val_accuracy: 0.8485

Epoch 00023: val_loss did not improve from 0.45347
Epoch 24/500
47/47 - 2s - loss: 0.0291 - accuracy: 0.9937 - val_loss: 0.4390 - val_accuracy: 0.8632

Epoch 00024: val_loss improved from 0.45347 to 0.43899, saving model to ./Models/GRU_NET_TF1.hdf5
Epoch 25/500
47/47 - 2s - loss: 0.0231 - accuracy: 0.9954 - val_loss: 0.4367 - val_accuracy: 0.8663

Epoch 00025: val_loss improved from 0.43899 to 0.43675, saving model to ./Models/GRU_NET_TF1.hdf5
Epoch 26/500
47/47 - 2s - loss: 0.0208 - accuracy: 0.9953 - val_loss: 0.4489 - val_accuracy: 0.8656

Epoch 00026: val_loss did not improve from 0.43675
Epoch 27/500
47/47 - 2s - loss: 0.0165 - accuracy: 0.9980 - val_loss: 0.4570 - val_accuracy: 0.8622

Epoch 00027: val_loss did not improve from 0.43675
Epoch 28/500
47/47 - 2s - loss: 0.0145 - accuracy: 0.9976 - val_loss: 0.4512 - val_accuracy: 0.8669

Epoch 00028: val_loss did not improve from 0.43675
Epoch 29/500
47/47 - 2s - loss: 0.0131 - accuracy: 0.9984 - val_loss: 0.4595 - val_accuracy: 0.8663

Epoch 00029: val_loss did not improve from 0.43675
Epoch 30/500
47/47 - 2s - loss: 0.0119 - accuracy: 0.9984 - val_loss: 0.4717 - val_accuracy: 0.8706

Epoch 00030: val_loss did not improve from 0.43675
Epoch 31/500
47/47 - 2s - loss: 0.0101 - accuracy: 0.9990 - val_loss: 0.4757 - val_accuracy: 0.8663

Epoch 00031: val_loss did not improve from 0.43675
Epoch 32/500
47/47 - 2s - loss: 0.0096 - accuracy: 0.9989 - val_loss: 0.4741 - val_accuracy: 0.8653

Epoch 00032: val_loss did not improve from 0.43675
Epoch 33/500
47/47 - 2s - loss: 0.0082 - accuracy: 0.9993 - val_loss: 0.4723 - val_accuracy: 0.8693

Epoch 00033: val_loss did not improve from 0.43675
Epoch 34/500
47/47 - 2s - loss: 0.0070 - accuracy: 0.9993 - val_loss: 0.4747 - val_accuracy: 0.8703

Epoch 00034: val_loss did not improve from 0.43675
Epoch 35/500
47/47 - 2s - loss: 0.0067 - accuracy: 0.9996 - val_loss: 0.4873 - val_accuracy: 0.8720

Epoch 00035: ReduceLROnPlateau reducing learning rate to 0.0002500000118743628.

Epoch 00035: val_loss did not improve from 0.43675
Epoch 36/500
47/47 - 2s - loss: 0.0061 - accuracy: 0.9995 - val_loss: 0.4860 - val_accuracy: 0.8706

Epoch 00036: val_loss did not improve from 0.43675
Epoch 37/500
47/47 - 2s - loss: 0.0058 - accuracy: 0.9994 - val_loss: 0.4970 - val_accuracy: 0.8679

Epoch 00037: val_loss did not improve from 0.43675
Epoch 38/500
47/47 - 2s - loss: 0.0053 - accuracy: 0.9995 - val_loss: 0.5005 - val_accuracy: 0.8696

Epoch 00038: val_loss did not improve from 0.43675
Epoch 39/500
47/47 - 2s - loss: 0.0051 - accuracy: 0.9996 - val_loss: 0.4983 - val_accuracy: 0.8703

Epoch 00039: val_loss did not improve from 0.43675
Epoch 40/500
47/47 - 2s - loss: 0.0051 - accuracy: 0.9995 - val_loss: 0.4978 - val_accuracy: 0.8720

Epoch 00040: val_loss did not improve from 0.43675
Epoch 41/500
47/47 - 2s - loss: 0.0047 - accuracy: 0.9998 - val_loss: 0.4931 - val_accuracy: 0.8713

Epoch 00041: val_loss did not improve from 0.43675
Epoch 42/500
47/47 - 2s - loss: 0.0041 - accuracy: 0.9998 - val_loss: 0.5150 - val_accuracy: 0.8686

Epoch 00042: val_loss did not improve from 0.43675
Epoch 43/500
47/47 - 2s - loss: 0.0042 - accuracy: 0.9999 - val_loss: 0.5110 - val_accuracy: 0.8713

Epoch 00043: val_loss did not improve from 0.43675
Epoch 44/500
47/47 - 2s - loss: 0.0042 - accuracy: 0.9997 - val_loss: 0.5067 - val_accuracy: 0.8696

Epoch 00044: val_loss did not improve from 0.43675
Epoch 45/500
47/47 - 2s - loss: 0.0040 - accuracy: 0.9997 - val_loss: 0.5055 - val_accuracy: 0.8706

Epoch 00045: ReduceLROnPlateau reducing learning rate to 0.0001250000059371814.

Epoch 00045: val_loss did not improve from 0.43675
Epoch 46/500
47/47 - 2s - loss: 0.0040 - accuracy: 0.9997 - val_loss: 0.5105 - val_accuracy: 0.8676

Epoch 00046: val_loss did not improve from 0.43675
Epoch 47/500
47/47 - 2s - loss: 0.0037 - accuracy: 0.9998 - val_loss: 0.5130 - val_accuracy: 0.8706

Epoch 00047: val_loss did not improve from 0.43675
Epoch 48/500
47/47 - 2s - loss: 0.0037 - accuracy: 0.9998 - val_loss: 0.5161 - val_accuracy: 0.8713

Epoch 00048: val_loss did not improve from 0.43675
Epoch 49/500
47/47 - 2s - loss: 0.0034 - accuracy: 0.9999 - val_loss: 0.5148 - val_accuracy: 0.8716

Epoch 00049: val_loss did not improve from 0.43675
Epoch 50/500
47/47 - 2s - loss: 0.0032 - accuracy: 1.0000 - val_loss: 0.5203 - val_accuracy: 0.8706

Epoch 00050: val_loss did not improve from 0.43675
Epoch 51/500
47/47 - 2s - loss: 0.0033 - accuracy: 1.0000 - val_loss: 0.5198 - val_accuracy: 0.8710

Epoch 00051: val_loss did not improve from 0.43675
Epoch 52/500
47/47 - 2s - loss: 0.0030 - accuracy: 1.0000 - val_loss: 0.5151 - val_accuracy: 0.8710

Epoch 00052: val_loss did not improve from 0.43675
Epoch 53/500
47/47 - 2s - loss: 0.0028 - accuracy: 0.9999 - val_loss: 0.5215 - val_accuracy: 0.8690

Epoch 00053: val_loss did not improve from 0.43675
Epoch 54/500
47/47 - 2s - loss: 0.0031 - accuracy: 0.9999 - val_loss: 0.5181 - val_accuracy: 0.8720

Epoch 00054: val_loss did not improve from 0.43675
Epoch 55/500
47/47 - 2s - loss: 0.0031 - accuracy: 0.9997 - val_loss: 0.5188 - val_accuracy: 0.8743

Epoch 00055: ReduceLROnPlateau reducing learning rate to 6.25000029685907e-05.

Epoch 00055: val_loss did not improve from 0.43675
Epoch 56/500
47/47 - 2s - loss: 0.0030 - accuracy: 0.9999 - val_loss: 0.5223 - val_accuracy: 0.8730

Epoch 00056: val_loss did not improve from 0.43675
Epoch 57/500
47/47 - 2s - loss: 0.0032 - accuracy: 0.9997 - val_loss: 0.5182 - val_accuracy: 0.8720

Epoch 00057: val_loss did not improve from 0.43675
Epoch 58/500
47/47 - 2s - loss: 0.0027 - accuracy: 0.9998 - val_loss: 0.5179 - val_accuracy: 0.8740

Epoch 00058: val_loss did not improve from 0.43675
Epoch 59/500
47/47 - 2s - loss: 0.0026 - accuracy: 1.0000 - val_loss: 0.5221 - val_accuracy: 0.8720

Epoch 00059: val_loss did not improve from 0.43675
Epoch 60/500
47/47 - 2s - loss: 0.0025 - accuracy: 1.0000 - val_loss: 0.5192 - val_accuracy: 0.8720

Epoch 00060: val_loss did not improve from 0.43675
Epoch 61/500
47/47 - 2s - loss: 0.0025 - accuracy: 1.0000 - val_loss: 0.5235 - val_accuracy: 0.8733

Epoch 00061: val_loss did not improve from 0.43675
Epoch 62/500
47/47 - 2s - loss: 0.0028 - accuracy: 0.9999 - val_loss: 0.5266 - val_accuracy: 0.8716

Epoch 00062: val_loss did not improve from 0.43675
Epoch 63/500
47/47 - 2s - loss: 0.0027 - accuracy: 0.9999 - val_loss: 0.5262 - val_accuracy: 0.8733

Epoch 00063: val_loss did not improve from 0.43675
Epoch 64/500
47/47 - 2s - loss: 0.0026 - accuracy: 1.0000 - val_loss: 0.5244 - val_accuracy: 0.8730

Epoch 00064: val_loss did not improve from 0.43675
Epoch 65/500
47/47 - 2s - loss: 0.0024 - accuracy: 1.0000 - val_loss: 0.5284 - val_accuracy: 0.8730

Epoch 00065: ReduceLROnPlateau reducing learning rate to 3.125000148429535e-05.

Epoch 00065: val_loss did not improve from 0.43675
Epoch 66/500
47/47 - 2s - loss: 0.0026 - accuracy: 0.9999 - val_loss: 0.5285 - val_accuracy: 0.8723

Epoch 00066: val_loss did not improve from 0.43675
Epoch 67/500
47/47 - 2s - loss: 0.0024 - accuracy: 1.0000 - val_loss: 0.5268 - val_accuracy: 0.8730

Epoch 00067: val_loss did not improve from 0.43675
Epoch 68/500
47/47 - 2s - loss: 0.0024 - accuracy: 0.9999 - val_loss: 0.5273 - val_accuracy: 0.8730

Epoch 00068: val_loss did not improve from 0.43675
Epoch 69/500
47/47 - 2s - loss: 0.0023 - accuracy: 1.0000 - val_loss: 0.5277 - val_accuracy: 0.8723

Epoch 00069: val_loss did not improve from 0.43675
Epoch 70/500
47/47 - 2s - loss: 0.0024 - accuracy: 1.0000 - val_loss: 0.5271 - val_accuracy: 0.8720

Epoch 00070: val_loss did not improve from 0.43675
Epoch 71/500
47/47 - 2s - loss: 0.0024 - accuracy: 0.9998 - val_loss: 0.5271 - val_accuracy: 0.8720

Epoch 00071: val_loss did not improve from 0.43675
Epoch 72/500
47/47 - 2s - loss: 0.0024 - accuracy: 1.0000 - val_loss: 0.5285 - val_accuracy: 0.8737

Epoch 00072: val_loss did not improve from 0.43675
Epoch 73/500
47/47 - 2s - loss: 0.0025 - accuracy: 1.0000 - val_loss: 0.5292 - val_accuracy: 0.8723

Epoch 00073: val_loss did not improve from 0.43675
Epoch 74/500
47/47 - 2s - loss: 0.0023 - accuracy: 1.0000 - val_loss: 0.5291 - val_accuracy: 0.8730

Epoch 00074: val_loss did not improve from 0.43675
Epoch 75/500
47/47 - 2s - loss: 0.0024 - accuracy: 0.9999 - val_loss: 0.5276 - val_accuracy: 0.8723

Epoch 00075: ReduceLROnPlateau reducing learning rate to 1.5625000742147677e-05.
Restoring model weights from the end of the best epoch.

Epoch 00075: val_loss did not improve from 0.43675
Epoch 00075: early stopping

Fold: 2
Model: "GRU_NET_TF"
_________________________________________________________________
Layer (type)                 Output Shape              Param #   
=================================================================
input_3 (InputLayer)         [(None, 100, 3)]          0         
_________________________________________________________________
bidirectional_4 (Bidirection (None, 100, 512)          400896    
_________________________________________________________________
batch_normalization_6 (Batch (None, 100, 512)          2048      
_________________________________________________________________
bidirectional_5 (Bidirection (None, 100, 256)          493056    
_________________________________________________________________
batch_normalization_7 (Batch (None, 100, 256)          1024      
_________________________________________________________________
flatten_2 (Flatten)          (None, 25600)             0         
_________________________________________________________________
dense_4 (Dense)              (None, 128)               3276928   
_________________________________________________________________
batch_normalization_8 (Batch (None, 128)               512       
_________________________________________________________________
dropout_2 (Dropout)          (None, 128)               0         
_________________________________________________________________
dense_5 (Dense)              (None, 6)                 774       
=================================================================
Total params: 4,175,238
Trainable params: 4,173,446
Non-trainable params: 1,792
_________________________________________________________________
None
Epoch 1/500
47/47 - 11s - loss: 2.0071 - accuracy: 0.4254 - val_loss: 1.7438 - val_accuracy: 0.2997

Epoch 00001: val_loss improved from inf to 1.74375, saving model to ./Models/GRU_NET_TF2.hdf5
Epoch 2/500
47/47 - 2s - loss: 1.2937 - accuracy: 0.5421 - val_loss: 1.9334 - val_accuracy: 0.2500

Epoch 00002: val_loss did not improve from 1.74375
Epoch 3/500
47/47 - 3s - loss: 1.0123 - accuracy: 0.6349 - val_loss: 1.9351 - val_accuracy: 0.2718

Epoch 00003: val_loss did not improve from 1.74375
Epoch 4/500
47/47 - 2s - loss: 0.7872 - accuracy: 0.7145 - val_loss: 1.5988 - val_accuracy: 0.3837

Epoch 00004: val_loss improved from 1.74375 to 1.59884, saving model to ./Models/GRU_NET_TF2.hdf5
Epoch 5/500
47/47 - 2s - loss: 0.6787 - accuracy: 0.7551 - val_loss: 1.4623 - val_accuracy: 0.5077

Epoch 00005: val_loss improved from 1.59884 to 1.46234, saving model to ./Models/GRU_NET_TF2.hdf5
Epoch 6/500
47/47 - 2s - loss: 0.5107 - accuracy: 0.8148 - val_loss: 1.0379 - val_accuracy: 0.6351

Epoch 00006: val_loss improved from 1.46234 to 1.03787, saving model to ./Models/GRU_NET_TF2.hdf5
Epoch 7/500
47/47 - 2s - loss: 0.4004 - accuracy: 0.8562 - val_loss: 0.8017 - val_accuracy: 0.7030

Epoch 00007: val_loss improved from 1.03787 to 0.80173, saving model to ./Models/GRU_NET_TF2.hdf5
Epoch 8/500
47/47 - 2s - loss: 0.3539 - accuracy: 0.8753 - val_loss: 0.5791 - val_accuracy: 0.7950

Epoch 00008: val_loss improved from 0.80173 to 0.57912, saving model to ./Models/GRU_NET_TF2.hdf5
Epoch 9/500
47/47 - 2s - loss: 0.2926 - accuracy: 0.9006 - val_loss: 0.5592 - val_accuracy: 0.7994

Epoch 00009: val_loss improved from 0.57912 to 0.55919, saving model to ./Models/GRU_NET_TF2.hdf5
Epoch 10/500
47/47 - 2s - loss: 0.2672 - accuracy: 0.9066 - val_loss: 0.5534 - val_accuracy: 0.8209

Epoch 00010: val_loss improved from 0.55919 to 0.55336, saving model to ./Models/GRU_NET_TF2.hdf5
Epoch 11/500
47/47 - 2s - loss: 0.2475 - accuracy: 0.9135 - val_loss: 0.5680 - val_accuracy: 0.8229

Epoch 00011: val_loss did not improve from 0.55336
Epoch 12/500
47/47 - 2s - loss: 0.2388 - accuracy: 0.9164 - val_loss: 0.5654 - val_accuracy: 0.8340

Epoch 00012: val_loss did not improve from 0.55336
Epoch 13/500
47/47 - 2s - loss: 0.2303 - accuracy: 0.9227 - val_loss: 0.6231 - val_accuracy: 0.8125

Epoch 00013: val_loss did not improve from 0.55336
Epoch 14/500
47/47 - 2s - loss: 0.2047 - accuracy: 0.9298 - val_loss: 0.5307 - val_accuracy: 0.8246

Epoch 00014: val_loss improved from 0.55336 to 0.53073, saving model to ./Models/GRU_NET_TF2.hdf5
Epoch 15/500
47/47 - 2s - loss: 0.1557 - accuracy: 0.9475 - val_loss: 0.4208 - val_accuracy: 0.8528

Epoch 00015: val_loss improved from 0.53073 to 0.42077, saving model to ./Models/GRU_NET_TF2.hdf5
Epoch 16/500
47/47 - 2s - loss: 0.1172 - accuracy: 0.9637 - val_loss: 0.5002 - val_accuracy: 0.8293

Epoch 00016: val_loss did not improve from 0.42077
Epoch 17/500
47/47 - 2s - loss: 0.1021 - accuracy: 0.9685 - val_loss: 0.4568 - val_accuracy: 0.8488

Epoch 00017: val_loss did not improve from 0.42077
Epoch 18/500
47/47 - 2s - loss: 0.0880 - accuracy: 0.9718 - val_loss: 0.4816 - val_accuracy: 0.8431

Epoch 00018: val_loss did not improve from 0.42077
Epoch 19/500
47/47 - 2s - loss: 0.0885 - accuracy: 0.9726 - val_loss: 0.5656 - val_accuracy: 0.8414

Epoch 00019: val_loss did not improve from 0.42077
Epoch 20/500
47/47 - 2s - loss: 0.0773 - accuracy: 0.9745 - val_loss: 0.4834 - val_accuracy: 0.8592

Epoch 00020: val_loss did not improve from 0.42077
Epoch 21/500
47/47 - 2s - loss: 0.0751 - accuracy: 0.9765 - val_loss: 0.5254 - val_accuracy: 0.8451

Epoch 00021: val_loss did not improve from 0.42077
Epoch 22/500
47/47 - 2s - loss: 0.0633 - accuracy: 0.9821 - val_loss: 0.4408 - val_accuracy: 0.8619

Epoch 00022: val_loss did not improve from 0.42077
Epoch 23/500
47/47 - 2s - loss: 0.0459 - accuracy: 0.9892 - val_loss: 0.4841 - val_accuracy: 0.8558

Epoch 00023: val_loss did not improve from 0.42077
Epoch 24/500
47/47 - 2s - loss: 0.0341 - accuracy: 0.9915 - val_loss: 0.4807 - val_accuracy: 0.8622

Epoch 00024: val_loss did not improve from 0.42077
Epoch 25/500
47/47 - 2s - loss: 0.0310 - accuracy: 0.9923 - val_loss: 0.5541 - val_accuracy: 0.8555

Epoch 00025: ReduceLROnPlateau reducing learning rate to 0.0005000000237487257.

Epoch 00025: val_loss did not improve from 0.42077
Epoch 26/500
47/47 - 2s - loss: 0.0255 - accuracy: 0.9931 - val_loss: 0.4938 - val_accuracy: 0.8612

Epoch 00026: val_loss did not improve from 0.42077
Epoch 27/500
47/47 - 2s - loss: 0.0238 - accuracy: 0.9946 - val_loss: 0.4413 - val_accuracy: 0.8720

Epoch 00027: val_loss did not improve from 0.42077
Epoch 28/500
47/47 - 2s - loss: 0.0162 - accuracy: 0.9966 - val_loss: 0.4187 - val_accuracy: 0.8770

Epoch 00028: val_loss improved from 0.42077 to 0.41874, saving model to ./Models/GRU_NET_TF2.hdf5
Epoch 29/500
47/47 - 2s - loss: 0.0117 - accuracy: 0.9982 - val_loss: 0.4119 - val_accuracy: 0.8737

Epoch 00029: val_loss improved from 0.41874 to 0.41189, saving model to ./Models/GRU_NET_TF2.hdf5
Epoch 30/500
47/47 - 2s - loss: 0.0106 - accuracy: 0.9988 - val_loss: 0.4231 - val_accuracy: 0.8743

Epoch 00030: val_loss did not improve from 0.41189
Epoch 31/500
47/47 - 2s - loss: 0.0081 - accuracy: 0.9993 - val_loss: 0.4223 - val_accuracy: 0.8797

Epoch 00031: val_loss did not improve from 0.41189
Epoch 32/500
47/47 - 2s - loss: 0.0080 - accuracy: 0.9992 - val_loss: 0.4419 - val_accuracy: 0.8787

Epoch 00032: val_loss did not improve from 0.41189
Epoch 33/500
47/47 - 2s - loss: 0.0076 - accuracy: 0.9988 - val_loss: 0.4407 - val_accuracy: 0.8807

Epoch 00033: val_loss did not improve from 0.41189
Epoch 34/500
47/47 - 2s - loss: 0.0081 - accuracy: 0.9988 - val_loss: 0.4586 - val_accuracy: 0.8774

Epoch 00034: val_loss did not improve from 0.41189
Epoch 35/500
47/47 - 3s - loss: 0.0068 - accuracy: 0.9992 - val_loss: 0.4486 - val_accuracy: 0.8753

Epoch 00035: val_loss did not improve from 0.41189
Epoch 36/500
47/47 - 2s - loss: 0.0057 - accuracy: 0.9992 - val_loss: 0.4372 - val_accuracy: 0.8810

Epoch 00036: val_loss did not improve from 0.41189
Epoch 37/500
47/47 - 2s - loss: 0.0045 - accuracy: 0.9997 - val_loss: 0.4484 - val_accuracy: 0.8784

Epoch 00037: val_loss did not improve from 0.41189
Epoch 38/500
47/47 - 2s - loss: 0.0044 - accuracy: 0.9997 - val_loss: 0.4661 - val_accuracy: 0.8757

Epoch 00038: val_loss did not improve from 0.41189
Epoch 39/500
47/47 - 2s - loss: 0.0039 - accuracy: 1.0000 - val_loss: 0.4503 - val_accuracy: 0.8807

Epoch 00039: ReduceLROnPlateau reducing learning rate to 0.0002500000118743628.

Epoch 00039: val_loss did not improve from 0.41189
Epoch 40/500
47/47 - 2s - loss: 0.0038 - accuracy: 0.9995 - val_loss: 0.4598 - val_accuracy: 0.8794

Epoch 00040: val_loss did not improve from 0.41189
Epoch 41/500
47/47 - 2s - loss: 0.0034 - accuracy: 0.9997 - val_loss: 0.4679 - val_accuracy: 0.8790

Epoch 00041: val_loss did not improve from 0.41189
Epoch 42/500
47/47 - 2s - loss: 0.0034 - accuracy: 0.9997 - val_loss: 0.4622 - val_accuracy: 0.8817

Epoch 00042: val_loss did not improve from 0.41189
Epoch 43/500
47/47 - 2s - loss: 0.0030 - accuracy: 0.9999 - val_loss: 0.4637 - val_accuracy: 0.8804

Epoch 00043: val_loss did not improve from 0.41189
Epoch 44/500
47/47 - 3s - loss: 0.0026 - accuracy: 1.0000 - val_loss: 0.4676 - val_accuracy: 0.8807

Epoch 00044: val_loss did not improve from 0.41189
Epoch 45/500
47/47 - 2s - loss: 0.0028 - accuracy: 1.0000 - val_loss: 0.4666 - val_accuracy: 0.8797

Epoch 00045: val_loss did not improve from 0.41189
Epoch 46/500
47/47 - 2s - loss: 0.0028 - accuracy: 0.9998 - val_loss: 0.4728 - val_accuracy: 0.8797

Epoch 00046: val_loss did not improve from 0.41189
Epoch 47/500
47/47 - 2s - loss: 0.0026 - accuracy: 1.0000 - val_loss: 0.4745 - val_accuracy: 0.8807

Epoch 00047: val_loss did not improve from 0.41189
Epoch 48/500
47/47 - 2s - loss: 0.0027 - accuracy: 1.0000 - val_loss: 0.4648 - val_accuracy: 0.8794

Epoch 00048: val_loss did not improve from 0.41189
Epoch 49/500
47/47 - 2s - loss: 0.0025 - accuracy: 0.9999 - val_loss: 0.4709 - val_accuracy: 0.8807

Epoch 00049: ReduceLROnPlateau reducing learning rate to 0.0001250000059371814.

Epoch 00049: val_loss did not improve from 0.41189
Epoch 50/500
47/47 - 2s - loss: 0.0023 - accuracy: 0.9999 - val_loss: 0.4755 - val_accuracy: 0.8807

Epoch 00050: val_loss did not improve from 0.41189
Epoch 51/500
47/47 - 2s - loss: 0.0020 - accuracy: 1.0000 - val_loss: 0.4758 - val_accuracy: 0.8797

Epoch 00051: val_loss did not improve from 0.41189
Epoch 52/500
47/47 - 2s - loss: 0.0021 - accuracy: 1.0000 - val_loss: 0.4780 - val_accuracy: 0.8800

Epoch 00052: val_loss did not improve from 0.41189
Epoch 53/500
47/47 - 2s - loss: 0.0022 - accuracy: 1.0000 - val_loss: 0.4754 - val_accuracy: 0.8807

Epoch 00053: val_loss did not improve from 0.41189
Epoch 54/500
47/47 - 2s - loss: 0.0021 - accuracy: 1.0000 - val_loss: 0.4789 - val_accuracy: 0.8807

Epoch 00054: val_loss did not improve from 0.41189
Epoch 55/500
47/47 - 2s - loss: 0.0019 - accuracy: 1.0000 - val_loss: 0.4801 - val_accuracy: 0.8804

Epoch 00055: val_loss did not improve from 0.41189
Epoch 56/500
47/47 - 2s - loss: 0.0021 - accuracy: 1.0000 - val_loss: 0.4789 - val_accuracy: 0.8787

Epoch 00056: val_loss did not improve from 0.41189
Epoch 57/500
47/47 - 2s - loss: 0.0022 - accuracy: 0.9998 - val_loss: 0.4813 - val_accuracy: 0.8807

Epoch 00057: val_loss did not improve from 0.41189
Epoch 58/500
47/47 - 3s - loss: 0.0019 - accuracy: 1.0000 - val_loss: 0.4788 - val_accuracy: 0.8817

Epoch 00058: val_loss did not improve from 0.41189
Epoch 59/500
47/47 - 2s - loss: 0.0020 - accuracy: 1.0000 - val_loss: 0.4797 - val_accuracy: 0.8810

Epoch 00059: ReduceLROnPlateau reducing learning rate to 6.25000029685907e-05.

Epoch 00059: val_loss did not improve from 0.41189
Epoch 60/500
47/47 - 2s - loss: 0.0019 - accuracy: 1.0000 - val_loss: 0.4812 - val_accuracy: 0.8814

Epoch 00060: val_loss did not improve from 0.41189
Epoch 61/500
47/47 - 2s - loss: 0.0018 - accuracy: 1.0000 - val_loss: 0.4822 - val_accuracy: 0.8804

Epoch 00061: val_loss did not improve from 0.41189
Epoch 62/500
47/47 - 2s - loss: 0.0020 - accuracy: 1.0000 - val_loss: 0.4821 - val_accuracy: 0.8804

Epoch 00062: val_loss did not improve from 0.41189
Epoch 63/500
47/47 - 2s - loss: 0.0019 - accuracy: 1.0000 - val_loss: 0.4840 - val_accuracy: 0.8807

Epoch 00063: val_loss did not improve from 0.41189
Epoch 64/500
47/47 - 2s - loss: 0.0020 - accuracy: 1.0000 - val_loss: 0.4863 - val_accuracy: 0.8807

Epoch 00064: val_loss did not improve from 0.41189
Epoch 65/500
47/47 - 2s - loss: 0.0018 - accuracy: 1.0000 - val_loss: 0.4866 - val_accuracy: 0.8804

Epoch 00065: val_loss did not improve from 0.41189
Epoch 66/500
47/47 - 2s - loss: 0.0018 - accuracy: 1.0000 - val_loss: 0.4859 - val_accuracy: 0.8804

Epoch 00066: val_loss did not improve from 0.41189
Epoch 67/500
47/47 - 2s - loss: 0.0017 - accuracy: 1.0000 - val_loss: 0.4857 - val_accuracy: 0.8804

Epoch 00067: val_loss did not improve from 0.41189
Epoch 68/500
47/47 - 2s - loss: 0.0017 - accuracy: 1.0000 - val_loss: 0.4835 - val_accuracy: 0.8810

Epoch 00068: val_loss did not improve from 0.41189
Epoch 69/500
47/47 - 2s - loss: 0.0017 - accuracy: 1.0000 - val_loss: 0.4863 - val_accuracy: 0.8807

Epoch 00069: ReduceLROnPlateau reducing learning rate to 3.125000148429535e-05.

Epoch 00069: val_loss did not improve from 0.41189
Epoch 70/500
47/47 - 2s - loss: 0.0018 - accuracy: 1.0000 - val_loss: 0.4875 - val_accuracy: 0.8804

Epoch 00070: val_loss did not improve from 0.41189
Epoch 71/500
47/47 - 2s - loss: 0.0016 - accuracy: 1.0000 - val_loss: 0.4875 - val_accuracy: 0.8800

Epoch 00071: val_loss did not improve from 0.41189
Epoch 72/500
47/47 - 2s - loss: 0.0018 - accuracy: 1.0000 - val_loss: 0.4880 - val_accuracy: 0.8797

Epoch 00072: val_loss did not improve from 0.41189
Epoch 73/500
47/47 - 2s - loss: 0.0017 - accuracy: 1.0000 - val_loss: 0.4879 - val_accuracy: 0.8790

Epoch 00073: val_loss did not improve from 0.41189
Epoch 74/500
47/47 - 2s - loss: 0.0016 - accuracy: 1.0000 - val_loss: 0.4886 - val_accuracy: 0.8787

Epoch 00074: val_loss did not improve from 0.41189
Epoch 75/500
47/47 - 2s - loss: 0.0018 - accuracy: 1.0000 - val_loss: 0.4886 - val_accuracy: 0.8800

Epoch 00075: val_loss did not improve from 0.41189
Epoch 76/500
47/47 - 2s - loss: 0.0016 - accuracy: 1.0000 - val_loss: 0.4870 - val_accuracy: 0.8790

Epoch 00076: val_loss did not improve from 0.41189
Epoch 77/500
47/47 - 2s - loss: 0.0016 - accuracy: 1.0000 - val_loss: 0.4867 - val_accuracy: 0.8797

Epoch 00077: val_loss did not improve from 0.41189
Epoch 78/500
47/47 - 2s - loss: 0.0016 - accuracy: 1.0000 - val_loss: 0.4873 - val_accuracy: 0.8797

Epoch 00078: val_loss did not improve from 0.41189
Epoch 79/500
47/47 - 2s - loss: 0.0017 - accuracy: 1.0000 - val_loss: 0.4892 - val_accuracy: 0.8797

Epoch 00079: ReduceLROnPlateau reducing learning rate to 1.5625000742147677e-05.
Restoring model weights from the end of the best epoch.

Epoch 00079: val_loss did not improve from 0.41189
Epoch 00079: early stopping

Fold: 3
Model: "GRU_NET_TF"
_________________________________________________________________
Layer (type)                 Output Shape              Param #   
=================================================================
input_4 (InputLayer)         [(None, 100, 3)]          0         
_________________________________________________________________
bidirectional_6 (Bidirection (None, 100, 512)          400896    
_________________________________________________________________
batch_normalization_9 (Batch (None, 100, 512)          2048      
_________________________________________________________________
bidirectional_7 (Bidirection (None, 100, 256)          493056    
_________________________________________________________________
batch_normalization_10 (Batc (None, 100, 256)          1024      
_________________________________________________________________
flatten_3 (Flatten)          (None, 25600)             0         
_________________________________________________________________
dense_6 (Dense)              (None, 128)               3276928   
_________________________________________________________________
batch_normalization_11 (Batc (None, 128)               512       
_________________________________________________________________
dropout_3 (Dropout)          (None, 128)               0         
_________________________________________________________________
dense_7 (Dense)              (None, 6)                 774       
=================================================================
Total params: 4,175,238
Trainable params: 4,173,446
Non-trainable params: 1,792
_________________________________________________________________
None
Epoch 1/500
47/47 - 12s - loss: 2.1237 - accuracy: 0.4284 - val_loss: 1.8705 - val_accuracy: 0.2642

Epoch 00001: val_loss improved from inf to 1.87048, saving model to ./Models/GRU_NET_TF3.hdf5
Epoch 2/500
47/47 - 2s - loss: 1.2188 - accuracy: 0.5645 - val_loss: 1.8280 - val_accuracy: 0.2881

Epoch 00002: val_loss improved from 1.87048 to 1.82798, saving model to ./Models/GRU_NET_TF3.hdf5
Epoch 3/500
47/47 - 2s - loss: 0.9964 - accuracy: 0.6338 - val_loss: 1.8398 - val_accuracy: 0.3365

Epoch 00003: val_loss did not improve from 1.82798
Epoch 4/500
47/47 - 2s - loss: 0.8135 - accuracy: 0.7066 - val_loss: 1.8879 - val_accuracy: 0.3748

Epoch 00004: val_loss did not improve from 1.82798
Epoch 5/500
47/47 - 2s - loss: 0.6404 - accuracy: 0.7622 - val_loss: 1.6836 - val_accuracy: 0.4699

Epoch 00005: val_loss improved from 1.82798 to 1.68358, saving model to ./Models/GRU_NET_TF3.hdf5
Epoch 6/500
47/47 - 2s - loss: 0.5311 - accuracy: 0.8078 - val_loss: 1.6029 - val_accuracy: 0.5338

Epoch 00006: val_loss improved from 1.68358 to 1.60288, saving model to ./Models/GRU_NET_TF3.hdf5
Epoch 7/500
47/47 - 2s - loss: 0.4366 - accuracy: 0.8424 - val_loss: 1.0724 - val_accuracy: 0.6309

Epoch 00007: val_loss improved from 1.60288 to 1.07243, saving model to ./Models/GRU_NET_TF3.hdf5
Epoch 8/500
47/47 - 2s - loss: 0.3629 - accuracy: 0.8697 - val_loss: 0.7724 - val_accuracy: 0.7099

Epoch 00008: val_loss improved from 1.07243 to 0.77242, saving model to ./Models/GRU_NET_TF3.hdf5
Epoch 9/500
47/47 - 2s - loss: 0.3362 - accuracy: 0.8831 - val_loss: 0.6431 - val_accuracy: 0.7597

Epoch 00009: val_loss improved from 0.77242 to 0.64309, saving model to ./Models/GRU_NET_TF3.hdf5
Epoch 10/500
47/47 - 2s - loss: 0.3001 - accuracy: 0.8978 - val_loss: 0.5674 - val_accuracy: 0.7980

Epoch 00010: val_loss improved from 0.64309 to 0.56737, saving model to ./Models/GRU_NET_TF3.hdf5
Epoch 11/500
47/47 - 2s - loss: 0.2421 - accuracy: 0.9188 - val_loss: 0.6396 - val_accuracy: 0.7852

Epoch 00011: val_loss did not improve from 0.56737
Epoch 12/500
47/47 - 2s - loss: 0.2059 - accuracy: 0.9290 - val_loss: 0.5842 - val_accuracy: 0.8134

Epoch 00012: val_loss did not improve from 0.56737
Epoch 13/500
47/47 - 2s - loss: 0.2104 - accuracy: 0.9289 - val_loss: 0.6098 - val_accuracy: 0.8198

Epoch 00013: val_loss did not improve from 0.56737
Epoch 14/500
47/47 - 2s - loss: 0.1784 - accuracy: 0.9417 - val_loss: 0.5860 - val_accuracy: 0.8182

Epoch 00014: val_loss did not improve from 0.56737
Epoch 15/500
47/47 - 2s - loss: 0.1540 - accuracy: 0.9483 - val_loss: 0.5668 - val_accuracy: 0.8286

Epoch 00015: val_loss improved from 0.56737 to 0.56682, saving model to ./Models/GRU_NET_TF3.hdf5
Epoch 16/500
47/47 - 2s - loss: 0.1128 - accuracy: 0.9637 - val_loss: 0.5779 - val_accuracy: 0.8245

Epoch 00016: val_loss did not improve from 0.56682
Epoch 17/500
47/47 - 2s - loss: 0.0969 - accuracy: 0.9714 - val_loss: 0.6937 - val_accuracy: 0.7916

Epoch 00017: val_loss did not improve from 0.56682
Epoch 18/500
47/47 - 2s - loss: 0.0923 - accuracy: 0.9712 - val_loss: 0.5365 - val_accuracy: 0.8464

Epoch 00018: val_loss improved from 0.56682 to 0.53654, saving model to ./Models/GRU_NET_TF3.hdf5
Epoch 19/500
47/47 - 2s - loss: 0.0761 - accuracy: 0.9789 - val_loss: 0.6125 - val_accuracy: 0.8141

Epoch 00019: val_loss did not improve from 0.53654
Epoch 20/500
47/47 - 2s - loss: 0.0790 - accuracy: 0.9739 - val_loss: 0.5756 - val_accuracy: 0.8309

Epoch 00020: val_loss did not improve from 0.53654
Epoch 21/500
47/47 - 2s - loss: 0.0952 - accuracy: 0.9691 - val_loss: 0.8972 - val_accuracy: 0.7664

Epoch 00021: val_loss did not improve from 0.53654
Epoch 22/500
47/47 - 2s - loss: 0.0841 - accuracy: 0.9726 - val_loss: 0.5092 - val_accuracy: 0.8427

Epoch 00022: val_loss improved from 0.53654 to 0.50920, saving model to ./Models/GRU_NET_TF3.hdf5
Epoch 23/500
47/47 - 2s - loss: 0.0606 - accuracy: 0.9806 - val_loss: 0.5978 - val_accuracy: 0.8108

Epoch 00023: val_loss did not improve from 0.50920
Epoch 24/500
47/47 - 2s - loss: 0.0485 - accuracy: 0.9871 - val_loss: 0.5443 - val_accuracy: 0.8427

Epoch 00024: val_loss did not improve from 0.50920
Epoch 25/500
47/47 - 2s - loss: 0.0375 - accuracy: 0.9901 - val_loss: 0.5420 - val_accuracy: 0.8450

Epoch 00025: val_loss did not improve from 0.50920
Epoch 26/500
47/47 - 2s - loss: 0.0241 - accuracy: 0.9944 - val_loss: 0.5290 - val_accuracy: 0.8531

Epoch 00026: val_loss did not improve from 0.50920
Epoch 27/500
47/47 - 2s - loss: 0.0186 - accuracy: 0.9957 - val_loss: 0.5787 - val_accuracy: 0.8524

Epoch 00027: val_loss did not improve from 0.50920
Epoch 28/500
47/47 - 2s - loss: 0.0156 - accuracy: 0.9970 - val_loss: 0.6642 - val_accuracy: 0.8508

Epoch 00028: val_loss did not improve from 0.50920
Epoch 29/500
47/47 - 2s - loss: 0.0161 - accuracy: 0.9963 - val_loss: 0.5957 - val_accuracy: 0.8497

Epoch 00029: val_loss did not improve from 0.50920
Epoch 30/500
47/47 - 2s - loss: 0.0390 - accuracy: 0.9885 - val_loss: 0.9108 - val_accuracy: 0.8259

Epoch 00030: val_loss did not improve from 0.50920
Epoch 31/500
47/47 - 3s - loss: 0.2182 - accuracy: 0.9324 - val_loss: 1.3224 - val_accuracy: 0.7418

Epoch 00031: val_loss did not improve from 0.50920
Epoch 32/500
47/47 - 2s - loss: 0.3798 - accuracy: 0.8736 - val_loss: 0.8608 - val_accuracy: 0.7788

Epoch 00032: ReduceLROnPlateau reducing learning rate to 0.0005000000237487257.

Epoch 00032: val_loss did not improve from 0.50920
Epoch 33/500
47/47 - 2s - loss: 0.1713 - accuracy: 0.9404 - val_loss: 0.5050 - val_accuracy: 0.8518

Epoch 00033: val_loss improved from 0.50920 to 0.50499, saving model to ./Models/GRU_NET_TF3.hdf5
Epoch 34/500
47/47 - 2s - loss: 0.0706 - accuracy: 0.9792 - val_loss: 0.4335 - val_accuracy: 0.8588

Epoch 00034: val_loss improved from 0.50499 to 0.43355, saving model to ./Models/GRU_NET_TF3.hdf5
Epoch 35/500
47/47 - 2s - loss: 0.0470 - accuracy: 0.9877 - val_loss: 0.4295 - val_accuracy: 0.8625

Epoch 00035: val_loss improved from 0.43355 to 0.42948, saving model to ./Models/GRU_NET_TF3.hdf5
Epoch 36/500
47/47 - 2s - loss: 0.0373 - accuracy: 0.9919 - val_loss: 0.4297 - val_accuracy: 0.8659

Epoch 00036: val_loss did not improve from 0.42948
Epoch 37/500
47/47 - 2s - loss: 0.0276 - accuracy: 0.9949 - val_loss: 0.4345 - val_accuracy: 0.8686

Epoch 00037: val_loss did not improve from 0.42948
Epoch 38/500
47/47 - 2s - loss: 0.0221 - accuracy: 0.9961 - val_loss: 0.4473 - val_accuracy: 0.8672

Epoch 00038: val_loss did not improve from 0.42948
Epoch 39/500
47/47 - 2s - loss: 0.0180 - accuracy: 0.9972 - val_loss: 0.4486 - val_accuracy: 0.8689

Epoch 00039: val_loss did not improve from 0.42948
Epoch 40/500
47/47 - 2s - loss: 0.0156 - accuracy: 0.9976 - val_loss: 0.4583 - val_accuracy: 0.8686

Epoch 00040: val_loss did not improve from 0.42948
Epoch 41/500
47/47 - 2s - loss: 0.0120 - accuracy: 0.9986 - val_loss: 0.4637 - val_accuracy: 0.8713

Epoch 00041: val_loss did not improve from 0.42948
Epoch 42/500
47/47 - 3s - loss: 0.0113 - accuracy: 0.9985 - val_loss: 0.4787 - val_accuracy: 0.8686

Epoch 00042: val_loss did not improve from 0.42948
Epoch 43/500
47/47 - 2s - loss: 0.0097 - accuracy: 0.9990 - val_loss: 0.4772 - val_accuracy: 0.8706

Epoch 00043: val_loss did not improve from 0.42948
Epoch 44/500
47/47 - 2s - loss: 0.0087 - accuracy: 0.9991 - val_loss: 0.5001 - val_accuracy: 0.8672

Epoch 00044: val_loss did not improve from 0.42948
Epoch 45/500
47/47 - 2s - loss: 0.0078 - accuracy: 0.9992 - val_loss: 0.4910 - val_accuracy: 0.8709

Epoch 00045: ReduceLROnPlateau reducing learning rate to 0.0002500000118743628.

Epoch 00045: val_loss did not improve from 0.42948
Epoch 46/500
47/47 - 2s - loss: 0.0076 - accuracy: 0.9992 - val_loss: 0.4997 - val_accuracy: 0.8699

Epoch 00046: val_loss did not improve from 0.42948
Epoch 47/500
47/47 - 2s - loss: 0.0065 - accuracy: 0.9992 - val_loss: 0.5046 - val_accuracy: 0.8692

Epoch 00047: val_loss did not improve from 0.42948
Epoch 48/500
47/47 - 2s - loss: 0.0058 - accuracy: 0.9992 - val_loss: 0.5118 - val_accuracy: 0.8679

Epoch 00048: val_loss did not improve from 0.42948
Epoch 49/500
47/47 - 2s - loss: 0.0064 - accuracy: 0.9994 - val_loss: 0.5125 - val_accuracy: 0.8682

Epoch 00049: val_loss did not improve from 0.42948
Epoch 50/500
47/47 - 2s - loss: 0.0051 - accuracy: 0.9996 - val_loss: 0.5162 - val_accuracy: 0.8696

Epoch 00050: val_loss did not improve from 0.42948
Epoch 51/500
47/47 - 2s - loss: 0.0050 - accuracy: 0.9998 - val_loss: 0.5079 - val_accuracy: 0.8709

Epoch 00051: val_loss did not improve from 0.42948
Epoch 52/500
47/47 - 2s - loss: 0.0052 - accuracy: 0.9996 - val_loss: 0.5176 - val_accuracy: 0.8696

Epoch 00052: val_loss did not improve from 0.42948
Epoch 53/500
47/47 - 2s - loss: 0.0046 - accuracy: 0.9997 - val_loss: 0.5190 - val_accuracy: 0.8709

Epoch 00053: val_loss did not improve from 0.42948
Epoch 54/500
47/47 - 2s - loss: 0.0047 - accuracy: 0.9997 - val_loss: 0.5218 - val_accuracy: 0.8696

Epoch 00054: val_loss did not improve from 0.42948
Epoch 55/500
47/47 - 2s - loss: 0.0042 - accuracy: 0.9997 - val_loss: 0.5265 - val_accuracy: 0.8703

Epoch 00055: ReduceLROnPlateau reducing learning rate to 0.0001250000059371814.

Epoch 00055: val_loss did not improve from 0.42948
Epoch 56/500
47/47 - 2s - loss: 0.0039 - accuracy: 0.9998 - val_loss: 0.5326 - val_accuracy: 0.8699

Epoch 00056: val_loss did not improve from 0.42948
Epoch 57/500
47/47 - 2s - loss: 0.0040 - accuracy: 0.9997 - val_loss: 0.5267 - val_accuracy: 0.8709

Epoch 00057: val_loss did not improve from 0.42948
Epoch 58/500
47/47 - 2s - loss: 0.0037 - accuracy: 0.9998 - val_loss: 0.5329 - val_accuracy: 0.8692

Epoch 00058: val_loss did not improve from 0.42948
Epoch 59/500
47/47 - 2s - loss: 0.0038 - accuracy: 0.9997 - val_loss: 0.5332 - val_accuracy: 0.8696

Epoch 00059: val_loss did not improve from 0.42948
Epoch 60/500
47/47 - 2s - loss: 0.0034 - accuracy: 0.9998 - val_loss: 0.5357 - val_accuracy: 0.8696

Epoch 00060: val_loss did not improve from 0.42948
Epoch 61/500
47/47 - 2s - loss: 0.0038 - accuracy: 0.9999 - val_loss: 0.5337 - val_accuracy: 0.8719

Epoch 00061: val_loss did not improve from 0.42948
Epoch 62/500
47/47 - 2s - loss: 0.0035 - accuracy: 0.9998 - val_loss: 0.5389 - val_accuracy: 0.8703

Epoch 00062: val_loss did not improve from 0.42948
Epoch 63/500
47/47 - 2s - loss: 0.0033 - accuracy: 0.9997 - val_loss: 0.5356 - val_accuracy: 0.8716

Epoch 00063: val_loss did not improve from 0.42948
Epoch 64/500
47/47 - 2s - loss: 0.0034 - accuracy: 0.9999 - val_loss: 0.5456 - val_accuracy: 0.8672

Epoch 00064: val_loss did not improve from 0.42948
Epoch 65/500
47/47 - 2s - loss: 0.0035 - accuracy: 0.9997 - val_loss: 0.5413 - val_accuracy: 0.8682

Epoch 00065: ReduceLROnPlateau reducing learning rate to 6.25000029685907e-05.

Epoch 00065: val_loss did not improve from 0.42948
Epoch 66/500
47/47 - 2s - loss: 0.0032 - accuracy: 0.9999 - val_loss: 0.5386 - val_accuracy: 0.8703

Epoch 00066: val_loss did not improve from 0.42948
Epoch 67/500
47/47 - 2s - loss: 0.0028 - accuracy: 1.0000 - val_loss: 0.5407 - val_accuracy: 0.8699

Epoch 00067: val_loss did not improve from 0.42948
Epoch 68/500
47/47 - 2s - loss: 0.0031 - accuracy: 0.9997 - val_loss: 0.5435 - val_accuracy: 0.8696

Epoch 00068: val_loss did not improve from 0.42948
Epoch 69/500
47/47 - 2s - loss: 0.0030 - accuracy: 1.0000 - val_loss: 0.5451 - val_accuracy: 0.8692

Epoch 00069: val_loss did not improve from 0.42948
Epoch 70/500
47/47 - 2s - loss: 0.0030 - accuracy: 0.9998 - val_loss: 0.5432 - val_accuracy: 0.8699

Epoch 00070: val_loss did not improve from 0.42948
Epoch 71/500
47/47 - 2s - loss: 0.0030 - accuracy: 0.9999 - val_loss: 0.5391 - val_accuracy: 0.8706

Epoch 00071: val_loss did not improve from 0.42948
Epoch 72/500
47/47 - 2s - loss: 0.0031 - accuracy: 1.0000 - val_loss: 0.5461 - val_accuracy: 0.8692

Epoch 00072: val_loss did not improve from 0.42948
Epoch 73/500
47/47 - 2s - loss: 0.0029 - accuracy: 0.9998 - val_loss: 0.5423 - val_accuracy: 0.8703

Epoch 00073: val_loss did not improve from 0.42948
Epoch 74/500
47/47 - 2s - loss: 0.0028 - accuracy: 0.9998 - val_loss: 0.5450 - val_accuracy: 0.8706

Epoch 00074: val_loss did not improve from 0.42948
Epoch 75/500
47/47 - 2s - loss: 0.0033 - accuracy: 0.9998 - val_loss: 0.5415 - val_accuracy: 0.8709

Epoch 00075: ReduceLROnPlateau reducing learning rate to 3.125000148429535e-05.

Epoch 00075: val_loss did not improve from 0.42948
Epoch 76/500
47/47 - 2s - loss: 0.0027 - accuracy: 0.9999 - val_loss: 0.5464 - val_accuracy: 0.8706

Epoch 00076: val_loss did not improve from 0.42948
Epoch 77/500
47/47 - 2s - loss: 0.0027 - accuracy: 1.0000 - val_loss: 0.5490 - val_accuracy: 0.8703

Epoch 00077: val_loss did not improve from 0.42948
Epoch 78/500
47/47 - 2s - loss: 0.0028 - accuracy: 0.9999 - val_loss: 0.5478 - val_accuracy: 0.8703

Epoch 00078: val_loss did not improve from 0.42948
Epoch 79/500
47/47 - 2s - loss: 0.0026 - accuracy: 1.0000 - val_loss: 0.5490 - val_accuracy: 0.8706

Epoch 00079: val_loss did not improve from 0.42948
Epoch 80/500
47/47 - 2s - loss: 0.0025 - accuracy: 1.0000 - val_loss: 0.5505 - val_accuracy: 0.8696

Epoch 00080: val_loss did not improve from 0.42948
Epoch 81/500
47/47 - 2s - loss: 0.0027 - accuracy: 0.9997 - val_loss: 0.5497 - val_accuracy: 0.8703

Epoch 00081: val_loss did not improve from 0.42948
Epoch 82/500
47/47 - 2s - loss: 0.0027 - accuracy: 0.9998 - val_loss: 0.5510 - val_accuracy: 0.8699

Epoch 00082: val_loss did not improve from 0.42948
Epoch 83/500
47/47 - 2s - loss: 0.0025 - accuracy: 0.9998 - val_loss: 0.5519 - val_accuracy: 0.8703

Epoch 00083: val_loss did not improve from 0.42948
Epoch 84/500
47/47 - 2s - loss: 0.0025 - accuracy: 1.0000 - val_loss: 0.5536 - val_accuracy: 0.8692

Epoch 00084: val_loss did not improve from 0.42948
Epoch 85/500
47/47 - 2s - loss: 0.0027 - accuracy: 0.9998 - val_loss: 0.5528 - val_accuracy: 0.8696

Epoch 00085: ReduceLROnPlateau reducing learning rate to 1.5625000742147677e-05.
Restoring model weights from the end of the best epoch.

Epoch 00085: val_loss did not improve from 0.42948
Epoch 00085: early stopping

Fold: 4
Model: "GRU_NET_TF"
_________________________________________________________________
Layer (type)                 Output Shape              Param #   
=================================================================
input_5 (InputLayer)         [(None, 100, 3)]          0         
_________________________________________________________________
bidirectional_8 (Bidirection (None, 100, 512)          400896    
_________________________________________________________________
batch_normalization_12 (Batc (None, 100, 512)          2048      
_________________________________________________________________
bidirectional_9 (Bidirection (None, 100, 256)          493056    
_________________________________________________________________
batch_normalization_13 (Batc (None, 100, 256)          1024      
_________________________________________________________________
flatten_4 (Flatten)          (None, 25600)             0         
_________________________________________________________________
dense_8 (Dense)              (None, 128)               3276928   
_________________________________________________________________
batch_normalization_14 (Batc (None, 128)               512       
_________________________________________________________________
dropout_4 (Dropout)          (None, 128)               0         
_________________________________________________________________
dense_9 (Dense)              (None, 6)                 774       
=================================================================
Total params: 4,175,238
Trainable params: 4,173,446
Non-trainable params: 1,792
_________________________________________________________________
None
Epoch 1/500
47/47 - 11s - loss: 1.8975 - accuracy: 0.4323 - val_loss: 1.7477 - val_accuracy: 0.2837

Epoch 00001: val_loss improved from inf to 1.74770, saving model to ./Models/GRU_NET_TF4.hdf5
Epoch 2/500
47/47 - 2s - loss: 1.2496 - accuracy: 0.5468 - val_loss: 1.9050 - val_accuracy: 0.2373

Epoch 00002: val_loss did not improve from 1.74770
Epoch 3/500
47/47 - 2s - loss: 1.0277 - accuracy: 0.6234 - val_loss: 1.8985 - val_accuracy: 0.2760

Epoch 00003: val_loss did not improve from 1.74770
Epoch 4/500
47/47 - 2s - loss: 0.7750 - accuracy: 0.7150 - val_loss: 1.5272 - val_accuracy: 0.4407

Epoch 00004: val_loss improved from 1.74770 to 1.52715, saving model to ./Models/GRU_NET_TF4.hdf5
Epoch 5/500
47/47 - 2s - loss: 0.6784 - accuracy: 0.7533 - val_loss: 1.5538 - val_accuracy: 0.4824

Epoch 00005: val_loss did not improve from 1.52715
Epoch 6/500
47/47 - 2s - loss: 0.5522 - accuracy: 0.7957 - val_loss: 1.3245 - val_accuracy: 0.5661

Epoch 00006: val_loss improved from 1.52715 to 1.32448, saving model to ./Models/GRU_NET_TF4.hdf5
Epoch 7/500
47/47 - 2s - loss: 0.4585 - accuracy: 0.8316 - val_loss: 0.9866 - val_accuracy: 0.6615

Epoch 00007: val_loss improved from 1.32448 to 0.98655, saving model to ./Models/GRU_NET_TF4.hdf5
Epoch 8/500
47/47 - 3s - loss: 0.3881 - accuracy: 0.8647 - val_loss: 0.7685 - val_accuracy: 0.7146

Epoch 00008: val_loss improved from 0.98655 to 0.76853, saving model to ./Models/GRU_NET_TF4.hdf5
Epoch 9/500
47/47 - 2s - loss: 0.3331 - accuracy: 0.8840 - val_loss: 0.5964 - val_accuracy: 0.7913

Epoch 00009: val_loss improved from 0.76853 to 0.59641, saving model to ./Models/GRU_NET_TF4.hdf5
Epoch 10/500
47/47 - 2s - loss: 0.2927 - accuracy: 0.9012 - val_loss: 0.5747 - val_accuracy: 0.7822

Epoch 00010: val_loss improved from 0.59641 to 0.57470, saving model to ./Models/GRU_NET_TF4.hdf5
Epoch 11/500
47/47 - 3s - loss: 0.2615 - accuracy: 0.9114 - val_loss: 0.4938 - val_accuracy: 0.8171

Epoch 00011: val_loss improved from 0.57470 to 0.49384, saving model to ./Models/GRU_NET_TF4.hdf5
Epoch 12/500
47/47 - 2s - loss: 0.2143 - accuracy: 0.9276 - val_loss: 0.5077 - val_accuracy: 0.8081

Epoch 00012: val_loss did not improve from 0.49384
Epoch 13/500
47/47 - 2s - loss: 0.1784 - accuracy: 0.9404 - val_loss: 0.4835 - val_accuracy: 0.8306

Epoch 00013: val_loss improved from 0.49384 to 0.48349, saving model to ./Models/GRU_NET_TF4.hdf5
Epoch 14/500
47/47 - 2s - loss: 0.1650 - accuracy: 0.9458 - val_loss: 0.4520 - val_accuracy: 0.8376

Epoch 00014: val_loss improved from 0.48349 to 0.45198, saving model to ./Models/GRU_NET_TF4.hdf5
Epoch 15/500
47/47 - 2s - loss: 0.1484 - accuracy: 0.9503 - val_loss: 0.5108 - val_accuracy: 0.8299

Epoch 00015: val_loss did not improve from 0.45198
Epoch 16/500
47/47 - 2s - loss: 0.1380 - accuracy: 0.9551 - val_loss: 0.4923 - val_accuracy: 0.8366

Epoch 00016: val_loss did not improve from 0.45198
Epoch 17/500
47/47 - 3s - loss: 0.1060 - accuracy: 0.9687 - val_loss: 0.5989 - val_accuracy: 0.8192

Epoch 00017: val_loss did not improve from 0.45198
Epoch 18/500
47/47 - 2s - loss: 0.1544 - accuracy: 0.9482 - val_loss: 0.4833 - val_accuracy: 0.8343

Epoch 00018: val_loss did not improve from 0.45198
Epoch 19/500
47/47 - 2s - loss: 0.1213 - accuracy: 0.9591 - val_loss: 0.6308 - val_accuracy: 0.8208

Epoch 00019: val_loss did not improve from 0.45198
Epoch 20/500
47/47 - 2s - loss: 0.1046 - accuracy: 0.9666 - val_loss: 0.4631 - val_accuracy: 0.8558

Epoch 00020: val_loss did not improve from 0.45198
Epoch 21/500
47/47 - 2s - loss: 0.0718 - accuracy: 0.9785 - val_loss: 0.4661 - val_accuracy: 0.8484

Epoch 00021: val_loss did not improve from 0.45198
Epoch 22/500
47/47 - 2s - loss: 0.0544 - accuracy: 0.9843 - val_loss: 0.4801 - val_accuracy: 0.8541

Epoch 00022: val_loss did not improve from 0.45198
Epoch 23/500
47/47 - 2s - loss: 0.0586 - accuracy: 0.9823 - val_loss: 0.4713 - val_accuracy: 0.8491

Epoch 00023: val_loss did not improve from 0.45198
Epoch 24/500
47/47 - 2s - loss: 0.1086 - accuracy: 0.9664 - val_loss: 0.6300 - val_accuracy: 0.8437

Epoch 00024: ReduceLROnPlateau reducing learning rate to 0.0005000000237487257.

Epoch 00024: val_loss did not improve from 0.45198
Epoch 25/500
47/47 - 2s - loss: 0.0987 - accuracy: 0.9691 - val_loss: 0.4658 - val_accuracy: 0.8561

Epoch 00025: val_loss did not improve from 0.45198
Epoch 26/500
47/47 - 2s - loss: 0.0602 - accuracy: 0.9822 - val_loss: 0.4609 - val_accuracy: 0.8635

Epoch 00026: val_loss did not improve from 0.45198
Epoch 27/500
47/47 - 2s - loss: 0.0333 - accuracy: 0.9927 - val_loss: 0.3969 - val_accuracy: 0.8739

Epoch 00027: val_loss improved from 0.45198 to 0.39687, saving model to ./Models/GRU_NET_TF4.hdf5
Epoch 28/500
47/47 - 2s - loss: 0.0258 - accuracy: 0.9934 - val_loss: 0.3843 - val_accuracy: 0.8844

Epoch 00028: val_loss improved from 0.39687 to 0.38428, saving model to ./Models/GRU_NET_TF4.hdf5
Epoch 29/500
47/47 - 2s - loss: 0.0205 - accuracy: 0.9958 - val_loss: 0.3943 - val_accuracy: 0.8780

Epoch 00029: val_loss did not improve from 0.38428
Epoch 30/500
47/47 - 2s - loss: 0.0170 - accuracy: 0.9966 - val_loss: 0.3873 - val_accuracy: 0.8813

Epoch 00030: val_loss did not improve from 0.38428
Epoch 31/500
47/47 - 2s - loss: 0.0128 - accuracy: 0.9984 - val_loss: 0.3918 - val_accuracy: 0.8854

Epoch 00031: val_loss did not improve from 0.38428
Epoch 32/500
47/47 - 2s - loss: 0.0120 - accuracy: 0.9982 - val_loss: 0.4072 - val_accuracy: 0.8776

Epoch 00032: val_loss did not improve from 0.38428
Epoch 33/500
47/47 - 2s - loss: 0.0101 - accuracy: 0.9991 - val_loss: 0.4037 - val_accuracy: 0.8800

Epoch 00033: val_loss did not improve from 0.38428
Epoch 34/500
47/47 - 2s - loss: 0.0099 - accuracy: 0.9991 - val_loss: 0.4074 - val_accuracy: 0.8827

Epoch 00034: val_loss did not improve from 0.38428
Epoch 35/500
47/47 - 3s - loss: 0.0076 - accuracy: 0.9993 - val_loss: 0.4020 - val_accuracy: 0.8817

Epoch 00035: val_loss did not improve from 0.38428
Epoch 36/500
47/47 - 2s - loss: 0.0072 - accuracy: 0.9992 - val_loss: 0.4027 - val_accuracy: 0.8824

Epoch 00036: val_loss did not improve from 0.38428
Epoch 37/500
47/47 - 2s - loss: 0.0065 - accuracy: 0.9996 - val_loss: 0.4112 - val_accuracy: 0.8793

Epoch 00037: val_loss did not improve from 0.38428
Epoch 38/500
47/47 - 2s - loss: 0.0069 - accuracy: 0.9990 - val_loss: 0.4318 - val_accuracy: 0.8723

Epoch 00038: ReduceLROnPlateau reducing learning rate to 0.0002500000118743628.

Epoch 00038: val_loss did not improve from 0.38428
Epoch 39/500
47/47 - 2s - loss: 0.0054 - accuracy: 0.9994 - val_loss: 0.4229 - val_accuracy: 0.8773

Epoch 00039: val_loss did not improve from 0.38428
Epoch 40/500
47/47 - 2s - loss: 0.0050 - accuracy: 0.9997 - val_loss: 0.4160 - val_accuracy: 0.8813

Epoch 00040: val_loss did not improve from 0.38428
Epoch 41/500
47/47 - 2s - loss: 0.0047 - accuracy: 0.9997 - val_loss: 0.4178 - val_accuracy: 0.8797

Epoch 00041: val_loss did not improve from 0.38428
Epoch 42/500
47/47 - 2s - loss: 0.0046 - accuracy: 0.9996 - val_loss: 0.4203 - val_accuracy: 0.8820

Epoch 00042: val_loss did not improve from 0.38428
Epoch 43/500
47/47 - 2s - loss: 0.0041 - accuracy: 0.9999 - val_loss: 0.4228 - val_accuracy: 0.8807

Epoch 00043: val_loss did not improve from 0.38428
Epoch 44/500
47/47 - 2s - loss: 0.0040 - accuracy: 0.9998 - val_loss: 0.4198 - val_accuracy: 0.8844

Epoch 00044: val_loss did not improve from 0.38428
Epoch 45/500
47/47 - 2s - loss: 0.0039 - accuracy: 0.9997 - val_loss: 0.4151 - val_accuracy: 0.8854

Epoch 00045: val_loss did not improve from 0.38428
Epoch 46/500
47/47 - 2s - loss: 0.0035 - accuracy: 0.9999 - val_loss: 0.4280 - val_accuracy: 0.8803

Epoch 00046: val_loss did not improve from 0.38428
Epoch 47/500
47/47 - 2s - loss: 0.0035 - accuracy: 1.0000 - val_loss: 0.4199 - val_accuracy: 0.8840

Epoch 00047: val_loss did not improve from 0.38428
Epoch 48/500
47/47 - 2s - loss: 0.0032 - accuracy: 1.0000 - val_loss: 0.4214 - val_accuracy: 0.8861

Epoch 00048: ReduceLROnPlateau reducing learning rate to 0.0001250000059371814.

Epoch 00048: val_loss did not improve from 0.38428
Epoch 49/500
47/47 - 3s - loss: 0.0032 - accuracy: 0.9998 - val_loss: 0.4217 - val_accuracy: 0.8864

Epoch 00049: val_loss did not improve from 0.38428
Epoch 50/500
47/47 - 2s - loss: 0.0035 - accuracy: 1.0000 - val_loss: 0.4255 - val_accuracy: 0.8847

Epoch 00050: val_loss did not improve from 0.38428
Epoch 51/500
47/47 - 2s - loss: 0.0031 - accuracy: 0.9999 - val_loss: 0.4227 - val_accuracy: 0.8837

Epoch 00051: val_loss did not improve from 0.38428
Epoch 52/500
47/47 - 2s - loss: 0.0029 - accuracy: 1.0000 - val_loss: 0.4248 - val_accuracy: 0.8840

Epoch 00052: val_loss did not improve from 0.38428
Epoch 53/500
47/47 - 3s - loss: 0.0030 - accuracy: 0.9999 - val_loss: 0.4252 - val_accuracy: 0.8837

Epoch 00053: val_loss did not improve from 0.38428
Epoch 54/500
47/47 - 2s - loss: 0.0031 - accuracy: 1.0000 - val_loss: 0.4218 - val_accuracy: 0.8850

Epoch 00054: val_loss did not improve from 0.38428
Epoch 55/500
47/47 - 2s - loss: 0.0028 - accuracy: 1.0000 - val_loss: 0.4251 - val_accuracy: 0.8847

Epoch 00055: val_loss did not improve from 0.38428
Epoch 56/500
47/47 - 2s - loss: 0.0029 - accuracy: 0.9999 - val_loss: 0.4312 - val_accuracy: 0.8840

Epoch 00056: val_loss did not improve from 0.38428
Epoch 57/500
47/47 - 2s - loss: 0.0029 - accuracy: 0.9998 - val_loss: 0.4323 - val_accuracy: 0.8834

Epoch 00057: val_loss did not improve from 0.38428
Epoch 58/500
47/47 - 2s - loss: 0.0025 - accuracy: 1.0000 - val_loss: 0.4322 - val_accuracy: 0.8817

Epoch 00058: ReduceLROnPlateau reducing learning rate to 6.25000029685907e-05.

Epoch 00058: val_loss did not improve from 0.38428
Epoch 59/500
47/47 - 2s - loss: 0.0027 - accuracy: 0.9997 - val_loss: 0.4310 - val_accuracy: 0.8840

Epoch 00059: val_loss did not improve from 0.38428
Epoch 60/500
47/47 - 2s - loss: 0.0024 - accuracy: 1.0000 - val_loss: 0.4291 - val_accuracy: 0.8850

Epoch 00060: val_loss did not improve from 0.38428
Epoch 61/500
47/47 - 2s - loss: 0.0025 - accuracy: 0.9999 - val_loss: 0.4289 - val_accuracy: 0.8847

Epoch 00061: val_loss did not improve from 0.38428
Epoch 62/500
47/47 - 2s - loss: 0.0024 - accuracy: 1.0000 - val_loss: 0.4294 - val_accuracy: 0.8803

Epoch 00062: val_loss did not improve from 0.38428
Epoch 63/500
47/47 - 2s - loss: 0.0023 - accuracy: 1.0000 - val_loss: 0.4266 - val_accuracy: 0.8837

Epoch 00063: val_loss did not improve from 0.38428
Epoch 64/500
47/47 - 2s - loss: 0.0027 - accuracy: 0.9999 - val_loss: 0.4251 - val_accuracy: 0.8867

Epoch 00064: val_loss did not improve from 0.38428
Epoch 65/500
47/47 - 2s - loss: 0.0025 - accuracy: 1.0000 - val_loss: 0.4263 - val_accuracy: 0.8861

Epoch 00065: val_loss did not improve from 0.38428
Epoch 66/500
47/47 - 2s - loss: 0.0021 - accuracy: 1.0000 - val_loss: 0.4306 - val_accuracy: 0.8850

Epoch 00066: val_loss did not improve from 0.38428
Epoch 67/500
47/47 - 2s - loss: 0.0024 - accuracy: 0.9999 - val_loss: 0.4332 - val_accuracy: 0.8834

Epoch 00067: val_loss did not improve from 0.38428
Epoch 68/500
47/47 - 3s - loss: 0.0024 - accuracy: 1.0000 - val_loss: 0.4333 - val_accuracy: 0.8847

Epoch 00068: ReduceLROnPlateau reducing learning rate to 3.125000148429535e-05.

Epoch 00068: val_loss did not improve from 0.38428
Epoch 69/500
47/47 - 2s - loss: 0.0023 - accuracy: 1.0000 - val_loss: 0.4333 - val_accuracy: 0.8844

Epoch 00069: val_loss did not improve from 0.38428
Epoch 70/500
47/47 - 2s - loss: 0.0024 - accuracy: 0.9998 - val_loss: 0.4352 - val_accuracy: 0.8854

Epoch 00070: val_loss did not improve from 0.38428
Epoch 71/500
47/47 - 2s - loss: 0.0025 - accuracy: 1.0000 - val_loss: 0.4343 - val_accuracy: 0.8837

Epoch 00071: val_loss did not improve from 0.38428
Epoch 72/500
47/47 - 2s - loss: 0.0023 - accuracy: 1.0000 - val_loss: 0.4345 - val_accuracy: 0.8840

Epoch 00072: val_loss did not improve from 0.38428
Epoch 73/500
47/47 - 2s - loss: 0.0020 - accuracy: 1.0000 - val_loss: 0.4340 - val_accuracy: 0.8847

Epoch 00073: val_loss did not improve from 0.38428
Epoch 74/500
47/47 - 2s - loss: 0.0022 - accuracy: 1.0000 - val_loss: 0.4329 - val_accuracy: 0.8857

Epoch 00074: val_loss did not improve from 0.38428
Epoch 75/500
47/47 - 2s - loss: 0.0021 - accuracy: 1.0000 - val_loss: 0.4320 - val_accuracy: 0.8854

Epoch 00075: val_loss did not improve from 0.38428
Epoch 76/500
47/47 - 2s - loss: 0.0021 - accuracy: 1.0000 - val_loss: 0.4304 - val_accuracy: 0.8864

Epoch 00076: val_loss did not improve from 0.38428
Epoch 77/500
47/47 - 2s - loss: 0.0021 - accuracy: 0.9999 - val_loss: 0.4326 - val_accuracy: 0.8840

Epoch 00077: val_loss did not improve from 0.38428
Epoch 78/500
47/47 - 2s - loss: 0.0023 - accuracy: 1.0000 - val_loss: 0.4328 - val_accuracy: 0.8840

Epoch 00078: ReduceLROnPlateau reducing learning rate to 1.5625000742147677e-05.
Restoring model weights from the end of the best epoch.

Epoch 00078: val_loss did not improve from 0.38428
Epoch 00078: early stopping

Last validation accuracy for every fold: [87.43, 87.23, 87.97, 86.96, 88.4]
Training, validation and testing completed!

Program runtime: 0:18:55
