Prepare the dataset for training and testing ...
Preparation of the data completed!
Fold: 0
Model: "CONV_LSTM_NET_TF"
_________________________________________________________________
Layer (type)                 Output Shape              Param #   
=================================================================
input_1 (InputLayer)         [(None, 4, 50, 6, 1)]     0         
_________________________________________________________________
bidirectional (Bidirectional (None, 4, 48, 4, 128)     300032    
_________________________________________________________________
batch_normalization (BatchNo (None, 4, 48, 4, 128)     512       
_________________________________________________________________
bidirectional_1 (Bidirection (None, 4, 46, 2, 256)     2360320   
_________________________________________________________________
batch_normalization_1 (Batch (None, 4, 46, 2, 256)     1024      
_________________________________________________________________
flatten (Flatten)            (None, 94208)             0         
_________________________________________________________________
dense (Dense)                (None, 128)               12058752  
_________________________________________________________________
batch_normalization_2 (Batch (None, 128)               512       
_________________________________________________________________
dropout (Dropout)            (None, 128)               0         
_________________________________________________________________
dense_1 (Dense)              (None, 6)                 774       
=================================================================
Total params: 14,721,926
Trainable params: 14,720,902
Non-trainable params: 1,024
_________________________________________________________________
None
Epoch 1/500
24/24 - 23s - loss: 1.6206 - accuracy: 0.5245 - val_loss: 1.5017 - val_accuracy: 0.4684

Epoch 00001: val_loss improved from inf to 1.50165, saving model to ./Models/CONV_LSTM_NET_TF0.hdf5
Epoch 2/500
24/24 - 6s - loss: 0.8214 - accuracy: 0.6938 - val_loss: 1.5756 - val_accuracy: 0.4772

Epoch 00002: val_loss did not improve from 1.50165
Epoch 3/500
24/24 - 6s - loss: 0.5862 - accuracy: 0.7921 - val_loss: 1.4122 - val_accuracy: 0.5269

Epoch 00003: val_loss improved from 1.50165 to 1.41215, saving model to ./Models/CONV_LSTM_NET_TF0.hdf5
Epoch 4/500
24/24 - 6s - loss: 0.5177 - accuracy: 0.8148 - val_loss: 1.4534 - val_accuracy: 0.5249

Epoch 00004: val_loss did not improve from 1.41215
Epoch 5/500
24/24 - 6s - loss: 0.3908 - accuracy: 0.8635 - val_loss: 1.4960 - val_accuracy: 0.4603

Epoch 00005: val_loss did not improve from 1.41215
Epoch 6/500
24/24 - 6s - loss: 0.2905 - accuracy: 0.9030 - val_loss: 1.4454 - val_accuracy: 0.4866

Epoch 00006: val_loss did not improve from 1.41215
Epoch 7/500
24/24 - 6s - loss: 0.2309 - accuracy: 0.9230 - val_loss: 1.2356 - val_accuracy: 0.5222

Epoch 00007: val_loss improved from 1.41215 to 1.23559, saving model to ./Models/CONV_LSTM_NET_TF0.hdf5
Epoch 8/500
24/24 - 6s - loss: 0.1664 - accuracy: 0.9492 - val_loss: 1.2025 - val_accuracy: 0.5390

Epoch 00008: val_loss improved from 1.23559 to 1.20250, saving model to ./Models/CONV_LSTM_NET_TF0.hdf5
Epoch 9/500
24/24 - 6s - loss: 0.1382 - accuracy: 0.9576 - val_loss: 1.1363 - val_accuracy: 0.5457

Epoch 00009: val_loss improved from 1.20250 to 1.13630, saving model to ./Models/CONV_LSTM_NET_TF0.hdf5
Epoch 10/500
24/24 - 6s - loss: 0.1138 - accuracy: 0.9694 - val_loss: 1.0709 - val_accuracy: 0.5860

Epoch 00010: val_loss improved from 1.13630 to 1.07089, saving model to ./Models/CONV_LSTM_NET_TF0.hdf5
Epoch 11/500
24/24 - 6s - loss: 0.0761 - accuracy: 0.9802 - val_loss: 0.9956 - val_accuracy: 0.6082

Epoch 00011: val_loss improved from 1.07089 to 0.99556, saving model to ./Models/CONV_LSTM_NET_TF0.hdf5
Epoch 12/500
24/24 - 6s - loss: 0.0641 - accuracy: 0.9829 - val_loss: 0.9200 - val_accuracy: 0.6183

Epoch 00012: val_loss improved from 0.99556 to 0.91996, saving model to ./Models/CONV_LSTM_NET_TF0.hdf5
Epoch 13/500
24/24 - 6s - loss: 0.0537 - accuracy: 0.9867 - val_loss: 0.9009 - val_accuracy: 0.6391

Epoch 00013: val_loss improved from 0.91996 to 0.90088, saving model to ./Models/CONV_LSTM_NET_TF0.hdf5
Epoch 14/500
24/24 - 6s - loss: 0.0418 - accuracy: 0.9882 - val_loss: 0.6491 - val_accuracy: 0.7641

Epoch 00014: val_loss improved from 0.90088 to 0.64906, saving model to ./Models/CONV_LSTM_NET_TF0.hdf5
Epoch 15/500
24/24 - 6s - loss: 0.0457 - accuracy: 0.9867 - val_loss: 0.6756 - val_accuracy: 0.7386

Epoch 00015: val_loss did not improve from 0.64906
Epoch 16/500
24/24 - 6s - loss: 0.0378 - accuracy: 0.9896 - val_loss: 0.6886 - val_accuracy: 0.7224

Epoch 00016: val_loss did not improve from 0.64906
Epoch 17/500
24/24 - 6s - loss: 0.0377 - accuracy: 0.9877 - val_loss: 0.6701 - val_accuracy: 0.7386

Epoch 00017: val_loss did not improve from 0.64906
Epoch 18/500
24/24 - 6s - loss: 0.0292 - accuracy: 0.9913 - val_loss: 0.6087 - val_accuracy: 0.7944

Epoch 00018: val_loss improved from 0.64906 to 0.60872, saving model to ./Models/CONV_LSTM_NET_TF0.hdf5
Epoch 19/500
24/24 - 6s - loss: 0.0231 - accuracy: 0.9938 - val_loss: 0.5819 - val_accuracy: 0.8159

Epoch 00019: val_loss improved from 0.60872 to 0.58188, saving model to ./Models/CONV_LSTM_NET_TF0.hdf5
Epoch 20/500
24/24 - 6s - loss: 0.0228 - accuracy: 0.9929 - val_loss: 0.5388 - val_accuracy: 0.8206

Epoch 00020: val_loss improved from 0.58188 to 0.53883, saving model to ./Models/CONV_LSTM_NET_TF0.hdf5
Epoch 21/500
24/24 - 6s - loss: 0.0616 - accuracy: 0.9792 - val_loss: 0.8566 - val_accuracy: 0.7991

Epoch 00021: val_loss did not improve from 0.53883
Epoch 22/500
24/24 - 6s - loss: 0.0714 - accuracy: 0.9800 - val_loss: 0.6896 - val_accuracy: 0.8118

Epoch 00022: val_loss did not improve from 0.53883
Epoch 23/500
24/24 - 6s - loss: 0.0398 - accuracy: 0.9884 - val_loss: 0.5983 - val_accuracy: 0.8259

Epoch 00023: val_loss did not improve from 0.53883
Epoch 24/500
24/24 - 6s - loss: 0.0251 - accuracy: 0.9931 - val_loss: 0.5939 - val_accuracy: 0.8273

Epoch 00024: val_loss did not improve from 0.53883
Epoch 25/500
24/24 - 6s - loss: 0.0164 - accuracy: 0.9966 - val_loss: 0.6016 - val_accuracy: 0.8273

Epoch 00025: val_loss did not improve from 0.53883
Epoch 26/500
24/24 - 6s - loss: 0.0199 - accuracy: 0.9943 - val_loss: 0.6059 - val_accuracy: 0.8212

Epoch 00026: val_loss did not improve from 0.53883
Epoch 27/500
24/24 - 6s - loss: 0.0136 - accuracy: 0.9961 - val_loss: 0.5980 - val_accuracy: 0.8253

Epoch 00027: val_loss did not improve from 0.53883
Epoch 28/500
24/24 - 6s - loss: 0.0089 - accuracy: 0.9980 - val_loss: 0.5890 - val_accuracy: 0.8313

Epoch 00028: val_loss did not improve from 0.53883
Epoch 29/500
24/24 - 6s - loss: 0.0088 - accuracy: 0.9980 - val_loss: 0.6128 - val_accuracy: 0.8313

Epoch 00029: val_loss did not improve from 0.53883
Epoch 30/500
24/24 - 6s - loss: 0.0056 - accuracy: 0.9992 - val_loss: 0.6429 - val_accuracy: 0.8280

Epoch 00030: ReduceLROnPlateau reducing learning rate to 0.0005000000237487257.

Epoch 00030: val_loss did not improve from 0.53883
Epoch 31/500
24/24 - 6s - loss: 0.0053 - accuracy: 0.9993 - val_loss: 0.6104 - val_accuracy: 0.8353

Epoch 00031: val_loss did not improve from 0.53883
Epoch 32/500
24/24 - 6s - loss: 0.0043 - accuracy: 0.9997 - val_loss: 0.6352 - val_accuracy: 0.8300

Epoch 00032: val_loss did not improve from 0.53883
Epoch 33/500
24/24 - 6s - loss: 0.0036 - accuracy: 1.0000 - val_loss: 0.6234 - val_accuracy: 0.8313

Epoch 00033: val_loss did not improve from 0.53883
Epoch 34/500
24/24 - 6s - loss: 0.0030 - accuracy: 0.9998 - val_loss: 0.6317 - val_accuracy: 0.8320

Epoch 00034: val_loss did not improve from 0.53883
Epoch 35/500
24/24 - 6s - loss: 0.0033 - accuracy: 0.9997 - val_loss: 0.6261 - val_accuracy: 0.8300

Epoch 00035: val_loss did not improve from 0.53883
Epoch 36/500
24/24 - 6s - loss: 0.0027 - accuracy: 1.0000 - val_loss: 0.6517 - val_accuracy: 0.8306

Epoch 00036: val_loss did not improve from 0.53883
Epoch 37/500
24/24 - 6s - loss: 0.0026 - accuracy: 1.0000 - val_loss: 0.6453 - val_accuracy: 0.8347

Epoch 00037: val_loss did not improve from 0.53883
Epoch 38/500
24/24 - 6s - loss: 0.0025 - accuracy: 1.0000 - val_loss: 0.6521 - val_accuracy: 0.8313

Epoch 00038: val_loss did not improve from 0.53883
Epoch 39/500
24/24 - 6s - loss: 0.0024 - accuracy: 1.0000 - val_loss: 0.6612 - val_accuracy: 0.8327

Epoch 00039: val_loss did not improve from 0.53883
Epoch 40/500
24/24 - 6s - loss: 0.0021 - accuracy: 1.0000 - val_loss: 0.6576 - val_accuracy: 0.8340

Epoch 00040: ReduceLROnPlateau reducing learning rate to 0.0002500000118743628.

Epoch 00040: val_loss did not improve from 0.53883
Epoch 41/500
24/24 - 6s - loss: 0.0019 - accuracy: 1.0000 - val_loss: 0.6610 - val_accuracy: 0.8306

Epoch 00041: val_loss did not improve from 0.53883
Epoch 42/500
24/24 - 6s - loss: 0.0020 - accuracy: 0.9998 - val_loss: 0.6640 - val_accuracy: 0.8327

Epoch 00042: val_loss did not improve from 0.53883
Epoch 43/500
24/24 - 6s - loss: 0.0019 - accuracy: 0.9998 - val_loss: 0.6725 - val_accuracy: 0.8320

Epoch 00043: val_loss did not improve from 0.53883
Epoch 44/500
24/24 - 6s - loss: 0.0018 - accuracy: 1.0000 - val_loss: 0.6831 - val_accuracy: 0.8320

Epoch 00044: val_loss did not improve from 0.53883
Epoch 45/500
24/24 - 6s - loss: 0.0021 - accuracy: 0.9998 - val_loss: 0.6727 - val_accuracy: 0.8360

Epoch 00045: val_loss did not improve from 0.53883
Epoch 46/500
24/24 - 6s - loss: 0.0018 - accuracy: 1.0000 - val_loss: 0.6818 - val_accuracy: 0.8367

Epoch 00046: val_loss did not improve from 0.53883
Epoch 47/500
24/24 - 6s - loss: 0.0016 - accuracy: 1.0000 - val_loss: 0.6829 - val_accuracy: 0.8360

Epoch 00047: val_loss did not improve from 0.53883
Epoch 48/500
24/24 - 6s - loss: 0.0016 - accuracy: 1.0000 - val_loss: 0.6830 - val_accuracy: 0.8353

Epoch 00048: val_loss did not improve from 0.53883
Epoch 49/500
24/24 - 6s - loss: 0.0014 - accuracy: 1.0000 - val_loss: 0.6873 - val_accuracy: 0.8340

Epoch 00049: val_loss did not improve from 0.53883
Epoch 50/500
24/24 - 6s - loss: 0.0017 - accuracy: 1.0000 - val_loss: 0.6841 - val_accuracy: 0.8347

Epoch 00050: ReduceLROnPlateau reducing learning rate to 0.0001250000059371814.

Epoch 00050: val_loss did not improve from 0.53883
Epoch 51/500
24/24 - 6s - loss: 0.0016 - accuracy: 1.0000 - val_loss: 0.6891 - val_accuracy: 0.8353

Epoch 00051: val_loss did not improve from 0.53883
Epoch 52/500
24/24 - 6s - loss: 0.0015 - accuracy: 1.0000 - val_loss: 0.6895 - val_accuracy: 0.8353

Epoch 00052: val_loss did not improve from 0.53883
Epoch 53/500
24/24 - 6s - loss: 0.0013 - accuracy: 1.0000 - val_loss: 0.6901 - val_accuracy: 0.8360

Epoch 00053: val_loss did not improve from 0.53883
Epoch 54/500
24/24 - 6s - loss: 0.0014 - accuracy: 0.9998 - val_loss: 0.6961 - val_accuracy: 0.8333

Epoch 00054: val_loss did not improve from 0.53883
Epoch 55/500
24/24 - 6s - loss: 0.0013 - accuracy: 1.0000 - val_loss: 0.6935 - val_accuracy: 0.8347

Epoch 00055: val_loss did not improve from 0.53883
Epoch 56/500
24/24 - 6s - loss: 0.0015 - accuracy: 1.0000 - val_loss: 0.6922 - val_accuracy: 0.8347

Epoch 00056: val_loss did not improve from 0.53883
Epoch 57/500
24/24 - 6s - loss: 0.0014 - accuracy: 1.0000 - val_loss: 0.6975 - val_accuracy: 0.8340

Epoch 00057: val_loss did not improve from 0.53883
Epoch 58/500
24/24 - 6s - loss: 0.0013 - accuracy: 1.0000 - val_loss: 0.6978 - val_accuracy: 0.8340

Epoch 00058: val_loss did not improve from 0.53883
Epoch 59/500
24/24 - 6s - loss: 0.0012 - accuracy: 1.0000 - val_loss: 0.6954 - val_accuracy: 0.8353

Epoch 00059: val_loss did not improve from 0.53883
Epoch 60/500
24/24 - 6s - loss: 0.0012 - accuracy: 1.0000 - val_loss: 0.6921 - val_accuracy: 0.8347

Epoch 00060: ReduceLROnPlateau reducing learning rate to 6.25000029685907e-05.

Epoch 00060: val_loss did not improve from 0.53883
Epoch 61/500
24/24 - 6s - loss: 0.0012 - accuracy: 1.0000 - val_loss: 0.6938 - val_accuracy: 0.8347

Epoch 00061: val_loss did not improve from 0.53883
Epoch 62/500
24/24 - 6s - loss: 0.0014 - accuracy: 1.0000 - val_loss: 0.6944 - val_accuracy: 0.8347

Epoch 00062: val_loss did not improve from 0.53883
Epoch 63/500
24/24 - 6s - loss: 0.0012 - accuracy: 1.0000 - val_loss: 0.6947 - val_accuracy: 0.8333

Epoch 00063: val_loss did not improve from 0.53883
Epoch 64/500
24/24 - 6s - loss: 0.0011 - accuracy: 1.0000 - val_loss: 0.6958 - val_accuracy: 0.8340

Epoch 00064: val_loss did not improve from 0.53883
Epoch 65/500
24/24 - 6s - loss: 0.0013 - accuracy: 1.0000 - val_loss: 0.6974 - val_accuracy: 0.8340

Epoch 00065: val_loss did not improve from 0.53883
Epoch 66/500
24/24 - 6s - loss: 0.0013 - accuracy: 1.0000 - val_loss: 0.6967 - val_accuracy: 0.8347

Epoch 00066: val_loss did not improve from 0.53883
Epoch 67/500
24/24 - 6s - loss: 0.0012 - accuracy: 1.0000 - val_loss: 0.6989 - val_accuracy: 0.8340

Epoch 00067: val_loss did not improve from 0.53883
Epoch 68/500
24/24 - 6s - loss: 0.0011 - accuracy: 1.0000 - val_loss: 0.6992 - val_accuracy: 0.8347

Epoch 00068: val_loss did not improve from 0.53883
Epoch 69/500
24/24 - 6s - loss: 0.0013 - accuracy: 1.0000 - val_loss: 0.6993 - val_accuracy: 0.8340

Epoch 00069: val_loss did not improve from 0.53883
Epoch 70/500
24/24 - 6s - loss: 0.0013 - accuracy: 1.0000 - val_loss: 0.7000 - val_accuracy: 0.8340

Epoch 00070: ReduceLROnPlateau reducing learning rate to 3.125000148429535e-05.
Restoring model weights from the end of the best epoch.

Epoch 00070: val_loss did not improve from 0.53883
Epoch 00070: early stopping

Fold: 1
Model: "CONV_LSTM_NET_TF"
_________________________________________________________________
Layer (type)                 Output Shape              Param #   
=================================================================
input_2 (InputLayer)         [(None, 4, 50, 6, 1)]     0         
_________________________________________________________________
bidirectional_2 (Bidirection (None, 4, 48, 4, 128)     300032    
_________________________________________________________________
batch_normalization_3 (Batch (None, 4, 48, 4, 128)     512       
_________________________________________________________________
bidirectional_3 (Bidirection (None, 4, 46, 2, 256)     2360320   
_________________________________________________________________
batch_normalization_4 (Batch (None, 4, 46, 2, 256)     1024      
_________________________________________________________________
flatten_1 (Flatten)          (None, 94208)             0         
_________________________________________________________________
dense_2 (Dense)              (None, 128)               12058752  
_________________________________________________________________
batch_normalization_5 (Batch (None, 128)               512       
_________________________________________________________________
dropout_1 (Dropout)          (None, 128)               0         
_________________________________________________________________
dense_3 (Dense)              (None, 6)                 774       
=================================================================
Total params: 14,721,926
Trainable params: 14,720,902
Non-trainable params: 1,024
_________________________________________________________________
None
Epoch 1/500
24/24 - 17s - loss: 1.5149 - accuracy: 0.5462 - val_loss: 1.3688 - val_accuracy: 0.5228

Epoch 00001: val_loss improved from inf to 1.36882, saving model to ./Models/CONV_LSTM_NET_TF1.hdf5
Epoch 2/500
24/24 - 6s - loss: 0.7608 - accuracy: 0.7257 - val_loss: 1.4814 - val_accuracy: 0.3394

Epoch 00002: val_loss did not improve from 1.36882
Epoch 3/500
24/24 - 6s - loss: 0.5567 - accuracy: 0.8020 - val_loss: 1.4005 - val_accuracy: 0.5477

Epoch 00003: val_loss did not improve from 1.36882
Epoch 4/500
24/24 - 6s - loss: 0.4603 - accuracy: 0.8373 - val_loss: 1.3983 - val_accuracy: 0.5047

Epoch 00004: val_loss did not improve from 1.36882
Epoch 5/500
24/24 - 6s - loss: 0.3574 - accuracy: 0.8812 - val_loss: 1.3178 - val_accuracy: 0.5544

Epoch 00005: val_loss improved from 1.36882 to 1.31776, saving model to ./Models/CONV_LSTM_NET_TF1.hdf5
Epoch 6/500
24/24 - 6s - loss: 0.2758 - accuracy: 0.9077 - val_loss: 1.2279 - val_accuracy: 0.6142

Epoch 00006: val_loss improved from 1.31776 to 1.22793, saving model to ./Models/CONV_LSTM_NET_TF1.hdf5
Epoch 7/500
24/24 - 6s - loss: 0.2059 - accuracy: 0.9361 - val_loss: 1.2394 - val_accuracy: 0.5363

Epoch 00007: val_loss did not improve from 1.22793
Epoch 8/500
24/24 - 6s - loss: 0.1558 - accuracy: 0.9536 - val_loss: 1.0602 - val_accuracy: 0.5437

Epoch 00008: val_loss improved from 1.22793 to 1.06017, saving model to ./Models/CONV_LSTM_NET_TF1.hdf5
Epoch 9/500
24/24 - 6s - loss: 0.1209 - accuracy: 0.9649 - val_loss: 1.0017 - val_accuracy: 0.6284

Epoch 00009: val_loss improved from 1.06017 to 1.00174, saving model to ./Models/CONV_LSTM_NET_TF1.hdf5
Epoch 10/500
24/24 - 6s - loss: 0.0931 - accuracy: 0.9758 - val_loss: 0.9686 - val_accuracy: 0.5860

Epoch 00010: val_loss improved from 1.00174 to 0.96865, saving model to ./Models/CONV_LSTM_NET_TF1.hdf5
Epoch 11/500
24/24 - 6s - loss: 0.0670 - accuracy: 0.9839 - val_loss: 0.9296 - val_accuracy: 0.6297

Epoch 00011: val_loss improved from 0.96865 to 0.92963, saving model to ./Models/CONV_LSTM_NET_TF1.hdf5
Epoch 12/500
24/24 - 6s - loss: 0.0532 - accuracy: 0.9862 - val_loss: 0.7527 - val_accuracy: 0.6821

Epoch 00012: val_loss improved from 0.92963 to 0.75271, saving model to ./Models/CONV_LSTM_NET_TF1.hdf5
Epoch 13/500
24/24 - 6s - loss: 0.0477 - accuracy: 0.9874 - val_loss: 0.6622 - val_accuracy: 0.7500

Epoch 00013: val_loss improved from 0.75271 to 0.66225, saving model to ./Models/CONV_LSTM_NET_TF1.hdf5
Epoch 14/500
24/24 - 6s - loss: 0.0493 - accuracy: 0.9869 - val_loss: 0.6293 - val_accuracy: 0.7782

Epoch 00014: val_loss improved from 0.66225 to 0.62928, saving model to ./Models/CONV_LSTM_NET_TF1.hdf5
Epoch 15/500
24/24 - 6s - loss: 0.0370 - accuracy: 0.9899 - val_loss: 0.6097 - val_accuracy: 0.7829

Epoch 00015: val_loss improved from 0.62928 to 0.60974, saving model to ./Models/CONV_LSTM_NET_TF1.hdf5
Epoch 16/500
24/24 - 6s - loss: 0.0357 - accuracy: 0.9899 - val_loss: 0.5647 - val_accuracy: 0.7977

Epoch 00016: val_loss improved from 0.60974 to 0.56471, saving model to ./Models/CONV_LSTM_NET_TF1.hdf5
Epoch 17/500
24/24 - 6s - loss: 0.0292 - accuracy: 0.9936 - val_loss: 0.5356 - val_accuracy: 0.8206

Epoch 00017: val_loss improved from 0.56471 to 0.53556, saving model to ./Models/CONV_LSTM_NET_TF1.hdf5
Epoch 18/500
24/24 - 6s - loss: 0.0189 - accuracy: 0.9958 - val_loss: 0.5412 - val_accuracy: 0.8192

Epoch 00018: val_loss did not improve from 0.53556
Epoch 19/500
24/24 - 6s - loss: 0.0155 - accuracy: 0.9966 - val_loss: 0.5494 - val_accuracy: 0.8259

Epoch 00019: val_loss did not improve from 0.53556
Epoch 20/500
24/24 - 6s - loss: 0.0102 - accuracy: 0.9982 - val_loss: 0.5439 - val_accuracy: 0.8233

Epoch 00020: val_loss did not improve from 0.53556
Epoch 21/500
24/24 - 6s - loss: 0.0141 - accuracy: 0.9955 - val_loss: 0.5641 - val_accuracy: 0.8219

Epoch 00021: val_loss did not improve from 0.53556
Epoch 22/500
24/24 - 6s - loss: 0.0111 - accuracy: 0.9973 - val_loss: 0.5661 - val_accuracy: 0.8293

Epoch 00022: val_loss did not improve from 0.53556
Epoch 23/500
24/24 - 6s - loss: 0.0092 - accuracy: 0.9988 - val_loss: 0.5689 - val_accuracy: 0.8347

Epoch 00023: val_loss did not improve from 0.53556
Epoch 24/500
24/24 - 6s - loss: 0.0100 - accuracy: 0.9982 - val_loss: 0.6220 - val_accuracy: 0.8327

Epoch 00024: val_loss did not improve from 0.53556
Epoch 25/500
24/24 - 6s - loss: 0.0095 - accuracy: 0.9982 - val_loss: 0.5870 - val_accuracy: 0.8360

Epoch 00025: val_loss did not improve from 0.53556
Epoch 26/500
24/24 - 6s - loss: 0.0141 - accuracy: 0.9960 - val_loss: 0.6108 - val_accuracy: 0.8380

Epoch 00026: val_loss did not improve from 0.53556
Epoch 27/500
24/24 - 6s - loss: 0.0098 - accuracy: 0.9970 - val_loss: 0.6184 - val_accuracy: 0.8414

Epoch 00027: ReduceLROnPlateau reducing learning rate to 0.0005000000237487257.

Epoch 00027: val_loss did not improve from 0.53556
Epoch 28/500
24/24 - 6s - loss: 0.0076 - accuracy: 0.9982 - val_loss: 0.6187 - val_accuracy: 0.8380

Epoch 00028: val_loss did not improve from 0.53556
Epoch 29/500
24/24 - 6s - loss: 0.0058 - accuracy: 0.9987 - val_loss: 0.6318 - val_accuracy: 0.8380

Epoch 00029: val_loss did not improve from 0.53556
Epoch 30/500
24/24 - 6s - loss: 0.0042 - accuracy: 0.9992 - val_loss: 0.6268 - val_accuracy: 0.8401

Epoch 00030: val_loss did not improve from 0.53556
Epoch 31/500
24/24 - 6s - loss: 0.0035 - accuracy: 0.9997 - val_loss: 0.6340 - val_accuracy: 0.8421

Epoch 00031: val_loss did not improve from 0.53556
Epoch 32/500
24/24 - 6s - loss: 0.0030 - accuracy: 1.0000 - val_loss: 0.6339 - val_accuracy: 0.8407

Epoch 00032: val_loss did not improve from 0.53556
Epoch 33/500
24/24 - 6s - loss: 0.0024 - accuracy: 1.0000 - val_loss: 0.6349 - val_accuracy: 0.8401

Epoch 00033: val_loss did not improve from 0.53556
Epoch 34/500
24/24 - 6s - loss: 0.0024 - accuracy: 0.9998 - val_loss: 0.6489 - val_accuracy: 0.8401

Epoch 00034: val_loss did not improve from 0.53556
Epoch 35/500
24/24 - 6s - loss: 0.0020 - accuracy: 1.0000 - val_loss: 0.6489 - val_accuracy: 0.8367

Epoch 00035: val_loss did not improve from 0.53556
Epoch 36/500
24/24 - 6s - loss: 0.0018 - accuracy: 1.0000 - val_loss: 0.6531 - val_accuracy: 0.8414

Epoch 00036: val_loss did not improve from 0.53556
Epoch 37/500
24/24 - 6s - loss: 0.0016 - accuracy: 1.0000 - val_loss: 0.6617 - val_accuracy: 0.8394

Epoch 00037: ReduceLROnPlateau reducing learning rate to 0.0002500000118743628.

Epoch 00037: val_loss did not improve from 0.53556
Epoch 38/500
24/24 - 6s - loss: 0.0018 - accuracy: 0.9997 - val_loss: 0.6602 - val_accuracy: 0.8401

Epoch 00038: val_loss did not improve from 0.53556
Epoch 39/500
24/24 - 6s - loss: 0.0016 - accuracy: 1.0000 - val_loss: 0.6566 - val_accuracy: 0.8414

Epoch 00039: val_loss did not improve from 0.53556
Epoch 40/500
24/24 - 6s - loss: 0.0017 - accuracy: 1.0000 - val_loss: 0.6584 - val_accuracy: 0.8401

Epoch 00040: val_loss did not improve from 0.53556
Epoch 41/500
24/24 - 6s - loss: 0.0016 - accuracy: 1.0000 - val_loss: 0.6621 - val_accuracy: 0.8414

Epoch 00041: val_loss did not improve from 0.53556
Epoch 42/500
24/24 - 6s - loss: 0.0015 - accuracy: 1.0000 - val_loss: 0.6653 - val_accuracy: 0.8394

Epoch 00042: val_loss did not improve from 0.53556
Epoch 43/500
24/24 - 6s - loss: 0.0016 - accuracy: 1.0000 - val_loss: 0.6688 - val_accuracy: 0.8421

Epoch 00043: val_loss did not improve from 0.53556
Epoch 44/500
24/24 - 6s - loss: 0.0015 - accuracy: 1.0000 - val_loss: 0.6698 - val_accuracy: 0.8421

Epoch 00044: val_loss did not improve from 0.53556
Epoch 45/500
24/24 - 6s - loss: 0.0012 - accuracy: 1.0000 - val_loss: 0.6729 - val_accuracy: 0.8407

Epoch 00045: val_loss did not improve from 0.53556
Epoch 46/500
24/24 - 6s - loss: 0.0016 - accuracy: 0.9998 - val_loss: 0.6775 - val_accuracy: 0.8414

Epoch 00046: val_loss did not improve from 0.53556
Epoch 47/500
24/24 - 6s - loss: 0.0013 - accuracy: 1.0000 - val_loss: 0.6806 - val_accuracy: 0.8407

Epoch 00047: ReduceLROnPlateau reducing learning rate to 0.0001250000059371814.

Epoch 00047: val_loss did not improve from 0.53556
Epoch 48/500
24/24 - 6s - loss: 0.0012 - accuracy: 1.0000 - val_loss: 0.6766 - val_accuracy: 0.8407

Epoch 00048: val_loss did not improve from 0.53556
Epoch 49/500
24/24 - 6s - loss: 0.0013 - accuracy: 1.0000 - val_loss: 0.6789 - val_accuracy: 0.8407

Epoch 00049: val_loss did not improve from 0.53556
Epoch 50/500
24/24 - 6s - loss: 0.0014 - accuracy: 0.9998 - val_loss: 0.6746 - val_accuracy: 0.8407

Epoch 00050: val_loss did not improve from 0.53556
Epoch 51/500
24/24 - 6s - loss: 0.0012 - accuracy: 1.0000 - val_loss: 0.6741 - val_accuracy: 0.8414

Epoch 00051: val_loss did not improve from 0.53556
Epoch 52/500
24/24 - 6s - loss: 0.0011 - accuracy: 1.0000 - val_loss: 0.6758 - val_accuracy: 0.8414

Epoch 00052: val_loss did not improve from 0.53556
Epoch 53/500
24/24 - 6s - loss: 0.0013 - accuracy: 1.0000 - val_loss: 0.6760 - val_accuracy: 0.8407

Epoch 00053: val_loss did not improve from 0.53556
Epoch 54/500
24/24 - 6s - loss: 0.0011 - accuracy: 1.0000 - val_loss: 0.6762 - val_accuracy: 0.8421

Epoch 00054: val_loss did not improve from 0.53556
Epoch 55/500
24/24 - 6s - loss: 0.0011 - accuracy: 1.0000 - val_loss: 0.6791 - val_accuracy: 0.8427

Epoch 00055: val_loss did not improve from 0.53556
Epoch 56/500
24/24 - 6s - loss: 0.0010 - accuracy: 1.0000 - val_loss: 0.6815 - val_accuracy: 0.8414

Epoch 00056: val_loss did not improve from 0.53556
Epoch 57/500
24/24 - 6s - loss: 0.0011 - accuracy: 1.0000 - val_loss: 0.6836 - val_accuracy: 0.8414

Epoch 00057: ReduceLROnPlateau reducing learning rate to 6.25000029685907e-05.

Epoch 00057: val_loss did not improve from 0.53556
Epoch 58/500
24/24 - 6s - loss: 0.0012 - accuracy: 1.0000 - val_loss: 0.6868 - val_accuracy: 0.8407

Epoch 00058: val_loss did not improve from 0.53556
Epoch 59/500
24/24 - 6s - loss: 0.0013 - accuracy: 1.0000 - val_loss: 0.6843 - val_accuracy: 0.8414

Epoch 00059: val_loss did not improve from 0.53556
Epoch 60/500
24/24 - 6s - loss: 0.0013 - accuracy: 0.9998 - val_loss: 0.6815 - val_accuracy: 0.8407

Epoch 00060: val_loss did not improve from 0.53556
Epoch 61/500
24/24 - 6s - loss: 0.0012 - accuracy: 1.0000 - val_loss: 0.6816 - val_accuracy: 0.8401

Epoch 00061: val_loss did not improve from 0.53556
Epoch 62/500
24/24 - 6s - loss: 0.0012 - accuracy: 1.0000 - val_loss: 0.6818 - val_accuracy: 0.8401

Epoch 00062: val_loss did not improve from 0.53556
Epoch 63/500
24/24 - 6s - loss: 9.6472e-04 - accuracy: 1.0000 - val_loss: 0.6836 - val_accuracy: 0.8394

Epoch 00063: val_loss did not improve from 0.53556
Epoch 64/500
24/24 - 6s - loss: 0.0014 - accuracy: 0.9998 - val_loss: 0.6867 - val_accuracy: 0.8394

Epoch 00064: val_loss did not improve from 0.53556
Epoch 65/500
24/24 - 6s - loss: 0.0011 - accuracy: 1.0000 - val_loss: 0.6850 - val_accuracy: 0.8401

Epoch 00065: val_loss did not improve from 0.53556
Epoch 66/500
24/24 - 6s - loss: 0.0011 - accuracy: 1.0000 - val_loss: 0.6829 - val_accuracy: 0.8407

Epoch 00066: val_loss did not improve from 0.53556
Epoch 67/500
24/24 - 6s - loss: 9.9490e-04 - accuracy: 1.0000 - val_loss: 0.6826 - val_accuracy: 0.8414

Epoch 00067: ReduceLROnPlateau reducing learning rate to 3.125000148429535e-05.
Restoring model weights from the end of the best epoch.

Epoch 00067: val_loss did not improve from 0.53556
Epoch 00067: early stopping

Fold: 2
Model: "CONV_LSTM_NET_TF"
_________________________________________________________________
Layer (type)                 Output Shape              Param #   
=================================================================
input_3 (InputLayer)         [(None, 4, 50, 6, 1)]     0         
_________________________________________________________________
bidirectional_4 (Bidirection (None, 4, 48, 4, 128)     300032    
_________________________________________________________________
batch_normalization_6 (Batch (None, 4, 48, 4, 128)     512       
_________________________________________________________________
bidirectional_5 (Bidirection (None, 4, 46, 2, 256)     2360320   
_________________________________________________________________
batch_normalization_7 (Batch (None, 4, 46, 2, 256)     1024      
_________________________________________________________________
flatten_2 (Flatten)          (None, 94208)             0         
_________________________________________________________________
dense_4 (Dense)              (None, 128)               12058752  
_________________________________________________________________
batch_normalization_8 (Batch (None, 128)               512       
_________________________________________________________________
dropout_2 (Dropout)          (None, 128)               0         
_________________________________________________________________
dense_5 (Dense)              (None, 6)                 774       
=================================================================
Total params: 14,721,926
Trainable params: 14,720,902
Non-trainable params: 1,024
_________________________________________________________________
None
Epoch 1/500
24/24 - 17s - loss: 1.4321 - accuracy: 0.5501 - val_loss: 1.4975 - val_accuracy: 0.4980

Epoch 00001: val_loss improved from inf to 1.49748, saving model to ./Models/CONV_LSTM_NET_TF2.hdf5
Epoch 2/500
24/24 - 6s - loss: 0.7196 - accuracy: 0.7346 - val_loss: 1.5065 - val_accuracy: 0.4362

Epoch 00002: val_loss did not improve from 1.49748
Epoch 3/500
24/24 - 6s - loss: 0.5382 - accuracy: 0.8042 - val_loss: 1.4324 - val_accuracy: 0.5376

Epoch 00003: val_loss improved from 1.49748 to 1.43238, saving model to ./Models/CONV_LSTM_NET_TF2.hdf5
Epoch 4/500
24/24 - 6s - loss: 0.4602 - accuracy: 0.8361 - val_loss: 1.4793 - val_accuracy: 0.5128

Epoch 00004: val_loss did not improve from 1.43238
Epoch 5/500
24/24 - 6s - loss: 0.3284 - accuracy: 0.8850 - val_loss: 1.4219 - val_accuracy: 0.5222

Epoch 00005: val_loss improved from 1.43238 to 1.42188, saving model to ./Models/CONV_LSTM_NET_TF2.hdf5
Epoch 6/500
24/24 - 6s - loss: 0.2393 - accuracy: 0.9224 - val_loss: 1.3492 - val_accuracy: 0.5202

Epoch 00006: val_loss improved from 1.42188 to 1.34920, saving model to ./Models/CONV_LSTM_NET_TF2.hdf5
Epoch 7/500
24/24 - 6s - loss: 0.1947 - accuracy: 0.9358 - val_loss: 1.2317 - val_accuracy: 0.5423

Epoch 00007: val_loss improved from 1.34920 to 1.23174, saving model to ./Models/CONV_LSTM_NET_TF2.hdf5
Epoch 8/500
24/24 - 6s - loss: 0.1474 - accuracy: 0.9539 - val_loss: 1.0766 - val_accuracy: 0.5753

Epoch 00008: val_loss improved from 1.23174 to 1.07662, saving model to ./Models/CONV_LSTM_NET_TF2.hdf5
Epoch 9/500
24/24 - 6s - loss: 0.1198 - accuracy: 0.9645 - val_loss: 1.0956 - val_accuracy: 0.5901

Epoch 00009: val_loss did not improve from 1.07662
Epoch 10/500
24/24 - 6s - loss: 0.0853 - accuracy: 0.9739 - val_loss: 0.9993 - val_accuracy: 0.6230

Epoch 00010: val_loss improved from 1.07662 to 0.99926, saving model to ./Models/CONV_LSTM_NET_TF2.hdf5
Epoch 11/500
24/24 - 6s - loss: 0.1007 - accuracy: 0.9697 - val_loss: 0.8430 - val_accuracy: 0.6324

Epoch 00011: val_loss improved from 0.99926 to 0.84299, saving model to ./Models/CONV_LSTM_NET_TF2.hdf5
Epoch 12/500
24/24 - 6s - loss: 0.0793 - accuracy: 0.9771 - val_loss: 0.7522 - val_accuracy: 0.7056

Epoch 00012: val_loss improved from 0.84299 to 0.75216, saving model to ./Models/CONV_LSTM_NET_TF2.hdf5
Epoch 13/500
24/24 - 6s - loss: 0.0677 - accuracy: 0.9824 - val_loss: 0.7079 - val_accuracy: 0.7177

Epoch 00013: val_loss improved from 0.75216 to 0.70786, saving model to ./Models/CONV_LSTM_NET_TF2.hdf5
Epoch 14/500
24/24 - 6s - loss: 0.0494 - accuracy: 0.9859 - val_loss: 0.7052 - val_accuracy: 0.7124

Epoch 00014: val_loss improved from 0.70786 to 0.70515, saving model to ./Models/CONV_LSTM_NET_TF2.hdf5
Epoch 15/500
24/24 - 6s - loss: 0.0391 - accuracy: 0.9894 - val_loss: 0.6526 - val_accuracy: 0.7681

Epoch 00015: val_loss improved from 0.70515 to 0.65259, saving model to ./Models/CONV_LSTM_NET_TF2.hdf5
Epoch 16/500
24/24 - 6s - loss: 0.0401 - accuracy: 0.9874 - val_loss: 0.6321 - val_accuracy: 0.7890

Epoch 00016: val_loss improved from 0.65259 to 0.63211, saving model to ./Models/CONV_LSTM_NET_TF2.hdf5
Epoch 17/500
24/24 - 6s - loss: 0.0327 - accuracy: 0.9906 - val_loss: 0.5840 - val_accuracy: 0.7890

Epoch 00017: val_loss improved from 0.63211 to 0.58396, saving model to ./Models/CONV_LSTM_NET_TF2.hdf5
Epoch 18/500
24/24 - 6s - loss: 0.0276 - accuracy: 0.9911 - val_loss: 0.5818 - val_accuracy: 0.8112

Epoch 00018: val_loss improved from 0.58396 to 0.58177, saving model to ./Models/CONV_LSTM_NET_TF2.hdf5
Epoch 19/500
24/24 - 6s - loss: 0.0242 - accuracy: 0.9928 - val_loss: 0.5836 - val_accuracy: 0.8051

Epoch 00019: val_loss did not improve from 0.58177
Epoch 20/500
24/24 - 6s - loss: 0.0155 - accuracy: 0.9958 - val_loss: 0.5833 - val_accuracy: 0.8085

Epoch 00020: val_loss did not improve from 0.58177
Epoch 21/500
24/24 - 6s - loss: 0.0136 - accuracy: 0.9965 - val_loss: 0.5905 - val_accuracy: 0.8105

Epoch 00021: val_loss did not improve from 0.58177
Epoch 22/500
24/24 - 6s - loss: 0.0082 - accuracy: 0.9990 - val_loss: 0.6119 - val_accuracy: 0.8125

Epoch 00022: val_loss did not improve from 0.58177
Epoch 23/500
24/24 - 6s - loss: 0.0067 - accuracy: 0.9995 - val_loss: 0.6130 - val_accuracy: 0.8138

Epoch 00023: val_loss did not improve from 0.58177
Epoch 24/500
24/24 - 6s - loss: 0.0058 - accuracy: 0.9992 - val_loss: 0.6575 - val_accuracy: 0.8132

Epoch 00024: val_loss did not improve from 0.58177
Epoch 25/500
24/24 - 6s - loss: 0.0066 - accuracy: 0.9987 - val_loss: 0.6642 - val_accuracy: 0.8165

Epoch 00025: val_loss did not improve from 0.58177
Epoch 26/500
24/24 - 6s - loss: 0.0272 - accuracy: 0.9911 - val_loss: 0.7287 - val_accuracy: 0.8058

Epoch 00026: val_loss did not improve from 0.58177
Epoch 27/500
24/24 - 6s - loss: 0.0488 - accuracy: 0.9859 - val_loss: 0.8023 - val_accuracy: 0.8017

Epoch 00027: val_loss did not improve from 0.58177
Epoch 28/500
24/24 - 6s - loss: 0.0447 - accuracy: 0.9881 - val_loss: 0.7951 - val_accuracy: 0.8011

Epoch 00028: ReduceLROnPlateau reducing learning rate to 0.0005000000237487257.

Epoch 00028: val_loss did not improve from 0.58177
Epoch 29/500
24/24 - 6s - loss: 0.0284 - accuracy: 0.9901 - val_loss: 0.6874 - val_accuracy: 0.8065

Epoch 00029: val_loss did not improve from 0.58177
Epoch 30/500
24/24 - 6s - loss: 0.0163 - accuracy: 0.9946 - val_loss: 0.6743 - val_accuracy: 0.8098

Epoch 00030: val_loss did not improve from 0.58177
Epoch 31/500
24/24 - 6s - loss: 0.0091 - accuracy: 0.9978 - val_loss: 0.6660 - val_accuracy: 0.8118

Epoch 00031: val_loss did not improve from 0.58177
Epoch 32/500
24/24 - 6s - loss: 0.0065 - accuracy: 0.9985 - val_loss: 0.6810 - val_accuracy: 0.8132

Epoch 00032: val_loss did not improve from 0.58177
Epoch 33/500
24/24 - 6s - loss: 0.0048 - accuracy: 0.9995 - val_loss: 0.6740 - val_accuracy: 0.8145

Epoch 00033: val_loss did not improve from 0.58177
Epoch 34/500
24/24 - 6s - loss: 0.0041 - accuracy: 0.9997 - val_loss: 0.6669 - val_accuracy: 0.8206

Epoch 00034: val_loss did not improve from 0.58177
Epoch 35/500
24/24 - 6s - loss: 0.0039 - accuracy: 0.9992 - val_loss: 0.6993 - val_accuracy: 0.8172

Epoch 00035: val_loss did not improve from 0.58177
Epoch 36/500
24/24 - 6s - loss: 0.0035 - accuracy: 0.9995 - val_loss: 0.6834 - val_accuracy: 0.8165

Epoch 00036: val_loss did not improve from 0.58177
Epoch 37/500
24/24 - 6s - loss: 0.0034 - accuracy: 0.9995 - val_loss: 0.6940 - val_accuracy: 0.8152

Epoch 00037: val_loss did not improve from 0.58177
Epoch 38/500
24/24 - 6s - loss: 0.0024 - accuracy: 0.9998 - val_loss: 0.6911 - val_accuracy: 0.8138

Epoch 00038: ReduceLROnPlateau reducing learning rate to 0.0002500000118743628.

Epoch 00038: val_loss did not improve from 0.58177
Epoch 39/500
24/24 - 6s - loss: 0.0022 - accuracy: 0.9998 - val_loss: 0.6951 - val_accuracy: 0.8112

Epoch 00039: val_loss did not improve from 0.58177
Epoch 40/500
24/24 - 6s - loss: 0.0021 - accuracy: 0.9998 - val_loss: 0.7018 - val_accuracy: 0.8172

Epoch 00040: val_loss did not improve from 0.58177
Epoch 41/500
24/24 - 6s - loss: 0.0020 - accuracy: 0.9998 - val_loss: 0.7014 - val_accuracy: 0.8152

Epoch 00041: val_loss did not improve from 0.58177
Epoch 42/500
24/24 - 6s - loss: 0.0019 - accuracy: 1.0000 - val_loss: 0.7010 - val_accuracy: 0.8132

Epoch 00042: val_loss did not improve from 0.58177
Epoch 43/500
24/24 - 6s - loss: 0.0019 - accuracy: 1.0000 - val_loss: 0.7024 - val_accuracy: 0.8125

Epoch 00043: val_loss did not improve from 0.58177
Epoch 44/500
24/24 - 6s - loss: 0.0020 - accuracy: 1.0000 - val_loss: 0.7015 - val_accuracy: 0.8112

Epoch 00044: val_loss did not improve from 0.58177
Epoch 45/500
24/24 - 6s - loss: 0.0015 - accuracy: 1.0000 - val_loss: 0.7072 - val_accuracy: 0.8132

Epoch 00045: val_loss did not improve from 0.58177
Epoch 46/500
24/24 - 6s - loss: 0.0017 - accuracy: 0.9998 - val_loss: 0.7101 - val_accuracy: 0.8179

Epoch 00046: val_loss did not improve from 0.58177
Epoch 47/500
24/24 - 6s - loss: 0.0019 - accuracy: 0.9998 - val_loss: 0.7052 - val_accuracy: 0.8159

Epoch 00047: val_loss did not improve from 0.58177
Epoch 48/500
24/24 - 6s - loss: 0.0015 - accuracy: 1.0000 - val_loss: 0.7097 - val_accuracy: 0.8118

Epoch 00048: ReduceLROnPlateau reducing learning rate to 0.0001250000059371814.

Epoch 00048: val_loss did not improve from 0.58177
Epoch 49/500
24/24 - 6s - loss: 0.0014 - accuracy: 1.0000 - val_loss: 0.7114 - val_accuracy: 0.8138

Epoch 00049: val_loss did not improve from 0.58177
Epoch 50/500
24/24 - 6s - loss: 0.0014 - accuracy: 1.0000 - val_loss: 0.7122 - val_accuracy: 0.8118

Epoch 00050: val_loss did not improve from 0.58177
Epoch 51/500
24/24 - 6s - loss: 0.0014 - accuracy: 1.0000 - val_loss: 0.7166 - val_accuracy: 0.8125

Epoch 00051: val_loss did not improve from 0.58177
Epoch 52/500
24/24 - 6s - loss: 0.0013 - accuracy: 1.0000 - val_loss: 0.7198 - val_accuracy: 0.8132

Epoch 00052: val_loss did not improve from 0.58177
Epoch 53/500
24/24 - 6s - loss: 0.0013 - accuracy: 1.0000 - val_loss: 0.7196 - val_accuracy: 0.8125

Epoch 00053: val_loss did not improve from 0.58177
Epoch 54/500
24/24 - 6s - loss: 0.0013 - accuracy: 1.0000 - val_loss: 0.7224 - val_accuracy: 0.8132

Epoch 00054: val_loss did not improve from 0.58177
Epoch 55/500
24/24 - 6s - loss: 0.0012 - accuracy: 1.0000 - val_loss: 0.7238 - val_accuracy: 0.8159

Epoch 00055: val_loss did not improve from 0.58177
Epoch 56/500
24/24 - 6s - loss: 0.0014 - accuracy: 1.0000 - val_loss: 0.7222 - val_accuracy: 0.8159

Epoch 00056: val_loss did not improve from 0.58177
Epoch 57/500
24/24 - 6s - loss: 0.0013 - accuracy: 1.0000 - val_loss: 0.7224 - val_accuracy: 0.8165

Epoch 00057: val_loss did not improve from 0.58177
Epoch 58/500
24/24 - 6s - loss: 0.0012 - accuracy: 1.0000 - val_loss: 0.7246 - val_accuracy: 0.8152

Epoch 00058: ReduceLROnPlateau reducing learning rate to 6.25000029685907e-05.

Epoch 00058: val_loss did not improve from 0.58177
Epoch 59/500
24/24 - 6s - loss: 0.0012 - accuracy: 1.0000 - val_loss: 0.7243 - val_accuracy: 0.8145

Epoch 00059: val_loss did not improve from 0.58177
Epoch 60/500
24/24 - 6s - loss: 0.0014 - accuracy: 1.0000 - val_loss: 0.7251 - val_accuracy: 0.8132

Epoch 00060: val_loss did not improve from 0.58177
Epoch 61/500
24/24 - 6s - loss: 0.0012 - accuracy: 1.0000 - val_loss: 0.7248 - val_accuracy: 0.8132

Epoch 00061: val_loss did not improve from 0.58177
Epoch 62/500
24/24 - 6s - loss: 0.0011 - accuracy: 1.0000 - val_loss: 0.7256 - val_accuracy: 0.8132

Epoch 00062: val_loss did not improve from 0.58177
Epoch 63/500
24/24 - 6s - loss: 0.0011 - accuracy: 1.0000 - val_loss: 0.7261 - val_accuracy: 0.8132

Epoch 00063: val_loss did not improve from 0.58177
Epoch 64/500
24/24 - 6s - loss: 0.0012 - accuracy: 1.0000 - val_loss: 0.7277 - val_accuracy: 0.8152

Epoch 00064: val_loss did not improve from 0.58177
Epoch 65/500
24/24 - 6s - loss: 0.0011 - accuracy: 1.0000 - val_loss: 0.7279 - val_accuracy: 0.8145

Epoch 00065: val_loss did not improve from 0.58177
Epoch 66/500
24/24 - 6s - loss: 0.0012 - accuracy: 1.0000 - val_loss: 0.7288 - val_accuracy: 0.8152

Epoch 00066: val_loss did not improve from 0.58177
Epoch 67/500
24/24 - 6s - loss: 0.0013 - accuracy: 0.9998 - val_loss: 0.7292 - val_accuracy: 0.8165

Epoch 00067: val_loss did not improve from 0.58177
Epoch 68/500
24/24 - 6s - loss: 0.0011 - accuracy: 1.0000 - val_loss: 0.7298 - val_accuracy: 0.8159

Epoch 00068: ReduceLROnPlateau reducing learning rate to 3.125000148429535e-05.
Restoring model weights from the end of the best epoch.

Epoch 00068: val_loss did not improve from 0.58177
Epoch 00068: early stopping

Fold: 3
Model: "CONV_LSTM_NET_TF"
_________________________________________________________________
Layer (type)                 Output Shape              Param #   
=================================================================
input_4 (InputLayer)         [(None, 4, 50, 6, 1)]     0         
_________________________________________________________________
bidirectional_6 (Bidirection (None, 4, 48, 4, 128)     300032    
_________________________________________________________________
batch_normalization_9 (Batch (None, 4, 48, 4, 128)     512       
_________________________________________________________________
bidirectional_7 (Bidirection (None, 4, 46, 2, 256)     2360320   
_________________________________________________________________
batch_normalization_10 (Batc (None, 4, 46, 2, 256)     1024      
_________________________________________________________________
flatten_3 (Flatten)          (None, 94208)             0         
_________________________________________________________________
dense_6 (Dense)              (None, 128)               12058752  
_________________________________________________________________
batch_normalization_11 (Batc (None, 128)               512       
_________________________________________________________________
dropout_3 (Dropout)          (None, 128)               0         
_________________________________________________________________
dense_7 (Dense)              (None, 6)                 774       
=================================================================
Total params: 14,721,926
Trainable params: 14,720,902
Non-trainable params: 1,024
_________________________________________________________________
None
Epoch 1/500
24/24 - 19s - loss: 1.5871 - accuracy: 0.5297 - val_loss: 1.5171 - val_accuracy: 0.4230

Epoch 00001: val_loss improved from inf to 1.51714, saving model to ./Models/CONV_LSTM_NET_TF3.hdf5
Epoch 2/500
24/24 - 6s - loss: 0.7774 - accuracy: 0.7048 - val_loss: 1.4586 - val_accuracy: 0.4633

Epoch 00002: val_loss improved from 1.51714 to 1.45860, saving model to ./Models/CONV_LSTM_NET_TF3.hdf5
Epoch 3/500
24/24 - 6s - loss: 0.5656 - accuracy: 0.7957 - val_loss: 1.4919 - val_accuracy: 0.3578

Epoch 00003: val_loss did not improve from 1.45860
Epoch 4/500
24/24 - 6s - loss: 0.4757 - accuracy: 0.8382 - val_loss: 1.5634 - val_accuracy: 0.3248

Epoch 00004: val_loss did not improve from 1.45860
Epoch 5/500
24/24 - 6s - loss: 0.3075 - accuracy: 0.8909 - val_loss: 1.6601 - val_accuracy: 0.2838

Epoch 00005: val_loss did not improve from 1.45860
Epoch 6/500
24/24 - 6s - loss: 0.2518 - accuracy: 0.9108 - val_loss: 1.5714 - val_accuracy: 0.3255

Epoch 00006: val_loss did not improve from 1.45860
Epoch 7/500
24/24 - 6s - loss: 0.2037 - accuracy: 0.9382 - val_loss: 1.5585 - val_accuracy: 0.3389

Epoch 00007: val_loss did not improve from 1.45860
Epoch 8/500
24/24 - 6s - loss: 0.1394 - accuracy: 0.9598 - val_loss: 1.4030 - val_accuracy: 0.3874

Epoch 00008: val_loss improved from 1.45860 to 1.40302, saving model to ./Models/CONV_LSTM_NET_TF3.hdf5
Epoch 9/500
24/24 - 6s - loss: 0.1174 - accuracy: 0.9666 - val_loss: 1.2464 - val_accuracy: 0.4600

Epoch 00009: val_loss improved from 1.40302 to 1.24640, saving model to ./Models/CONV_LSTM_NET_TF3.hdf5
Epoch 10/500
24/24 - 6s - loss: 0.0951 - accuracy: 0.9729 - val_loss: 1.1606 - val_accuracy: 0.4882

Epoch 00010: val_loss improved from 1.24640 to 1.16062, saving model to ./Models/CONV_LSTM_NET_TF3.hdf5
Epoch 11/500
24/24 - 6s - loss: 0.0702 - accuracy: 0.9820 - val_loss: 1.0377 - val_accuracy: 0.5851

Epoch 00011: val_loss improved from 1.16062 to 1.03767, saving model to ./Models/CONV_LSTM_NET_TF3.hdf5
Epoch 12/500
24/24 - 6s - loss: 0.0808 - accuracy: 0.9783 - val_loss: 0.8425 - val_accuracy: 0.6785

Epoch 00012: val_loss improved from 1.03767 to 0.84252, saving model to ./Models/CONV_LSTM_NET_TF3.hdf5
Epoch 13/500
24/24 - 6s - loss: 0.0680 - accuracy: 0.9827 - val_loss: 0.8404 - val_accuracy: 0.6537

Epoch 00013: val_loss improved from 0.84252 to 0.84037, saving model to ./Models/CONV_LSTM_NET_TF3.hdf5
Epoch 14/500
24/24 - 6s - loss: 0.0445 - accuracy: 0.9886 - val_loss: 0.7047 - val_accuracy: 0.7303

Epoch 00014: val_loss improved from 0.84037 to 0.70471, saving model to ./Models/CONV_LSTM_NET_TF3.hdf5
Epoch 15/500
24/24 - 6s - loss: 0.0392 - accuracy: 0.9896 - val_loss: 0.6719 - val_accuracy: 0.7317

Epoch 00015: val_loss improved from 0.70471 to 0.67188, saving model to ./Models/CONV_LSTM_NET_TF3.hdf5
Epoch 16/500
24/24 - 6s - loss: 0.0272 - accuracy: 0.9911 - val_loss: 0.6113 - val_accuracy: 0.7868

Epoch 00016: val_loss improved from 0.67188 to 0.61129, saving model to ./Models/CONV_LSTM_NET_TF3.hdf5
Epoch 17/500
24/24 - 6s - loss: 0.0198 - accuracy: 0.9958 - val_loss: 0.5461 - val_accuracy: 0.8083

Epoch 00017: val_loss improved from 0.61129 to 0.54609, saving model to ./Models/CONV_LSTM_NET_TF3.hdf5
Epoch 18/500
24/24 - 6s - loss: 0.0260 - accuracy: 0.9929 - val_loss: 0.5737 - val_accuracy: 0.8124

Epoch 00018: val_loss did not improve from 0.54609
Epoch 19/500
24/24 - 6s - loss: 0.0216 - accuracy: 0.9938 - val_loss: 0.5390 - val_accuracy: 0.8379

Epoch 00019: val_loss improved from 0.54609 to 0.53901, saving model to ./Models/CONV_LSTM_NET_TF3.hdf5
Epoch 20/500
24/24 - 6s - loss: 0.0203 - accuracy: 0.9945 - val_loss: 0.5195 - val_accuracy: 0.8312

Epoch 00020: val_loss improved from 0.53901 to 0.51954, saving model to ./Models/CONV_LSTM_NET_TF3.hdf5
Epoch 21/500
24/24 - 6s - loss: 0.0124 - accuracy: 0.9971 - val_loss: 0.5324 - val_accuracy: 0.8366

Epoch 00021: val_loss did not improve from 0.51954
Epoch 22/500
24/24 - 6s - loss: 0.0106 - accuracy: 0.9980 - val_loss: 0.5217 - val_accuracy: 0.8534

Epoch 00022: val_loss did not improve from 0.51954
Epoch 23/500
24/24 - 6s - loss: 0.0074 - accuracy: 0.9990 - val_loss: 0.5441 - val_accuracy: 0.8426

Epoch 00023: val_loss did not improve from 0.51954
Epoch 24/500
24/24 - 6s - loss: 0.0078 - accuracy: 0.9983 - val_loss: 0.5606 - val_accuracy: 0.8386

Epoch 00024: val_loss did not improve from 0.51954
Epoch 25/500
24/24 - 6s - loss: 0.0084 - accuracy: 0.9975 - val_loss: 0.5644 - val_accuracy: 0.8521

Epoch 00025: val_loss did not improve from 0.51954
Epoch 26/500
24/24 - 6s - loss: 0.0073 - accuracy: 0.9983 - val_loss: 0.6113 - val_accuracy: 0.8420

Epoch 00026: val_loss did not improve from 0.51954
Epoch 27/500
24/24 - 6s - loss: 0.0146 - accuracy: 0.9961 - val_loss: 0.6075 - val_accuracy: 0.8467

Epoch 00027: val_loss did not improve from 0.51954
Epoch 28/500
24/24 - 6s - loss: 0.0252 - accuracy: 0.9926 - val_loss: 0.6216 - val_accuracy: 0.8460

Epoch 00028: val_loss did not improve from 0.51954
Epoch 29/500
24/24 - 6s - loss: 0.0136 - accuracy: 0.9956 - val_loss: 0.6423 - val_accuracy: 0.8332

Epoch 00029: val_loss did not improve from 0.51954
Epoch 30/500
24/24 - 6s - loss: 0.0094 - accuracy: 0.9982 - val_loss: 0.6445 - val_accuracy: 0.8299

Epoch 00030: ReduceLROnPlateau reducing learning rate to 0.0005000000237487257.

Epoch 00030: val_loss did not improve from 0.51954
Epoch 31/500
24/24 - 6s - loss: 0.0068 - accuracy: 0.9980 - val_loss: 0.6181 - val_accuracy: 0.8339

Epoch 00031: val_loss did not improve from 0.51954
Epoch 32/500
24/24 - 6s - loss: 0.0060 - accuracy: 0.9988 - val_loss: 0.6286 - val_accuracy: 0.8406

Epoch 00032: val_loss did not improve from 0.51954
Epoch 33/500
24/24 - 6s - loss: 0.0046 - accuracy: 0.9992 - val_loss: 0.6000 - val_accuracy: 0.8379

Epoch 00033: val_loss did not improve from 0.51954
Epoch 34/500
24/24 - 6s - loss: 0.0028 - accuracy: 0.9997 - val_loss: 0.6070 - val_accuracy: 0.8440

Epoch 00034: val_loss did not improve from 0.51954
Epoch 35/500
24/24 - 6s - loss: 0.0027 - accuracy: 0.9997 - val_loss: 0.5990 - val_accuracy: 0.8487

Epoch 00035: val_loss did not improve from 0.51954
Epoch 36/500
24/24 - 6s - loss: 0.0027 - accuracy: 0.9997 - val_loss: 0.6247 - val_accuracy: 0.8480

Epoch 00036: val_loss did not improve from 0.51954
Epoch 37/500
24/24 - 6s - loss: 0.0027 - accuracy: 0.9998 - val_loss: 0.6091 - val_accuracy: 0.8480

Epoch 00037: val_loss did not improve from 0.51954
Epoch 38/500
24/24 - 6s - loss: 0.0021 - accuracy: 0.9998 - val_loss: 0.6150 - val_accuracy: 0.8514

Epoch 00038: val_loss did not improve from 0.51954
Epoch 39/500
24/24 - 6s - loss: 0.0019 - accuracy: 1.0000 - val_loss: 0.6186 - val_accuracy: 0.8473

Epoch 00039: val_loss did not improve from 0.51954
Epoch 40/500
24/24 - 6s - loss: 0.0017 - accuracy: 1.0000 - val_loss: 0.6218 - val_accuracy: 0.8494

Epoch 00040: ReduceLROnPlateau reducing learning rate to 0.0002500000118743628.

Epoch 00040: val_loss did not improve from 0.51954
Epoch 41/500
24/24 - 6s - loss: 0.0015 - accuracy: 1.0000 - val_loss: 0.6226 - val_accuracy: 0.8500

Epoch 00041: val_loss did not improve from 0.51954
Epoch 42/500
24/24 - 6s - loss: 0.0013 - accuracy: 1.0000 - val_loss: 0.6235 - val_accuracy: 0.8494

Epoch 00042: val_loss did not improve from 0.51954
Epoch 43/500
24/24 - 6s - loss: 0.0014 - accuracy: 1.0000 - val_loss: 0.6209 - val_accuracy: 0.8494

Epoch 00043: val_loss did not improve from 0.51954
Epoch 44/500
24/24 - 6s - loss: 0.0013 - accuracy: 1.0000 - val_loss: 0.6232 - val_accuracy: 0.8494

Epoch 00044: val_loss did not improve from 0.51954
Epoch 45/500
24/24 - 6s - loss: 0.0015 - accuracy: 1.0000 - val_loss: 0.6256 - val_accuracy: 0.8514

Epoch 00045: val_loss did not improve from 0.51954
Epoch 46/500
24/24 - 6s - loss: 0.0012 - accuracy: 1.0000 - val_loss: 0.6228 - val_accuracy: 0.8521

Epoch 00046: val_loss did not improve from 0.51954
Epoch 47/500
24/24 - 6s - loss: 0.0013 - accuracy: 1.0000 - val_loss: 0.6259 - val_accuracy: 0.8500

Epoch 00047: val_loss did not improve from 0.51954
Epoch 48/500
24/24 - 6s - loss: 0.0012 - accuracy: 1.0000 - val_loss: 0.6252 - val_accuracy: 0.8514

Epoch 00048: val_loss did not improve from 0.51954
Epoch 49/500
24/24 - 6s - loss: 0.0012 - accuracy: 1.0000 - val_loss: 0.6258 - val_accuracy: 0.8514

Epoch 00049: val_loss did not improve from 0.51954
Epoch 50/500
24/24 - 6s - loss: 0.0011 - accuracy: 1.0000 - val_loss: 0.6277 - val_accuracy: 0.8521

Epoch 00050: ReduceLROnPlateau reducing learning rate to 0.0001250000059371814.

Epoch 00050: val_loss did not improve from 0.51954
Epoch 51/500
24/24 - 6s - loss: 0.0010 - accuracy: 1.0000 - val_loss: 0.6296 - val_accuracy: 0.8514

Epoch 00051: val_loss did not improve from 0.51954
Epoch 52/500
24/24 - 6s - loss: 0.0013 - accuracy: 0.9998 - val_loss: 0.6288 - val_accuracy: 0.8514

Epoch 00052: val_loss did not improve from 0.51954
Epoch 53/500
24/24 - 6s - loss: 9.7670e-04 - accuracy: 1.0000 - val_loss: 0.6312 - val_accuracy: 0.8521

Epoch 00053: val_loss did not improve from 0.51954
Epoch 54/500
24/24 - 6s - loss: 0.0010 - accuracy: 1.0000 - val_loss: 0.6329 - val_accuracy: 0.8521

Epoch 00054: val_loss did not improve from 0.51954
Epoch 55/500
24/24 - 6s - loss: 0.0011 - accuracy: 1.0000 - val_loss: 0.6329 - val_accuracy: 0.8521

Epoch 00055: val_loss did not improve from 0.51954
Epoch 56/500
24/24 - 6s - loss: 0.0013 - accuracy: 0.9998 - val_loss: 0.6325 - val_accuracy: 0.8534

Epoch 00056: val_loss did not improve from 0.51954
Epoch 57/500
24/24 - 6s - loss: 9.8534e-04 - accuracy: 1.0000 - val_loss: 0.6332 - val_accuracy: 0.8521

Epoch 00057: val_loss did not improve from 0.51954
Epoch 58/500
24/24 - 6s - loss: 9.8896e-04 - accuracy: 1.0000 - val_loss: 0.6338 - val_accuracy: 0.8514

Epoch 00058: val_loss did not improve from 0.51954
Epoch 59/500
24/24 - 6s - loss: 9.0028e-04 - accuracy: 1.0000 - val_loss: 0.6350 - val_accuracy: 0.8521

Epoch 00059: val_loss did not improve from 0.51954
Epoch 60/500
24/24 - 6s - loss: 9.6116e-04 - accuracy: 1.0000 - val_loss: 0.6366 - val_accuracy: 0.8521

Epoch 00060: ReduceLROnPlateau reducing learning rate to 6.25000029685907e-05.

Epoch 00060: val_loss did not improve from 0.51954
Epoch 61/500
24/24 - 6s - loss: 9.0334e-04 - accuracy: 1.0000 - val_loss: 0.6374 - val_accuracy: 0.8521

Epoch 00061: val_loss did not improve from 0.51954
Epoch 62/500
24/24 - 6s - loss: 9.9977e-04 - accuracy: 1.0000 - val_loss: 0.6377 - val_accuracy: 0.8521

Epoch 00062: val_loss did not improve from 0.51954
Epoch 63/500
24/24 - 6s - loss: 9.5532e-04 - accuracy: 1.0000 - val_loss: 0.6367 - val_accuracy: 0.8527

Epoch 00063: val_loss did not improve from 0.51954
Epoch 64/500
24/24 - 6s - loss: 9.0731e-04 - accuracy: 1.0000 - val_loss: 0.6372 - val_accuracy: 0.8521

Epoch 00064: val_loss did not improve from 0.51954
Epoch 65/500
24/24 - 6s - loss: 8.4746e-04 - accuracy: 1.0000 - val_loss: 0.6379 - val_accuracy: 0.8527

Epoch 00065: val_loss did not improve from 0.51954
Epoch 66/500
24/24 - 6s - loss: 9.9879e-04 - accuracy: 1.0000 - val_loss: 0.6380 - val_accuracy: 0.8527

Epoch 00066: val_loss did not improve from 0.51954
Epoch 67/500
24/24 - 6s - loss: 8.2879e-04 - accuracy: 1.0000 - val_loss: 0.6389 - val_accuracy: 0.8534

Epoch 00067: val_loss did not improve from 0.51954
Epoch 68/500
24/24 - 6s - loss: 9.0142e-04 - accuracy: 1.0000 - val_loss: 0.6400 - val_accuracy: 0.8534

Epoch 00068: val_loss did not improve from 0.51954
Epoch 69/500
24/24 - 6s - loss: 9.4247e-04 - accuracy: 1.0000 - val_loss: 0.6405 - val_accuracy: 0.8541

Epoch 00069: val_loss did not improve from 0.51954
Epoch 70/500
24/24 - 6s - loss: 8.4447e-04 - accuracy: 1.0000 - val_loss: 0.6417 - val_accuracy: 0.8541

Epoch 00070: ReduceLROnPlateau reducing learning rate to 3.125000148429535e-05.
Restoring model weights from the end of the best epoch.

Epoch 00070: val_loss did not improve from 0.51954
Epoch 00070: early stopping

Fold: 4
Model: "CONV_LSTM_NET_TF"
_________________________________________________________________
Layer (type)                 Output Shape              Param #   
=================================================================
input_5 (InputLayer)         [(None, 4, 50, 6, 1)]     0         
_________________________________________________________________
bidirectional_8 (Bidirection (None, 4, 48, 4, 128)     300032    
_________________________________________________________________
batch_normalization_12 (Batc (None, 4, 48, 4, 128)     512       
_________________________________________________________________
bidirectional_9 (Bidirection (None, 4, 46, 2, 256)     2360320   
_________________________________________________________________
batch_normalization_13 (Batc (None, 4, 46, 2, 256)     1024      
_________________________________________________________________
flatten_4 (Flatten)          (None, 94208)             0         
_________________________________________________________________
dense_8 (Dense)              (None, 128)               12058752  
_________________________________________________________________
batch_normalization_14 (Batc (None, 128)               512       
_________________________________________________________________
dropout_4 (Dropout)          (None, 128)               0         
_________________________________________________________________
dense_9 (Dense)              (None, 6)                 774       
=================================================================
Total params: 14,721,926
Trainable params: 14,720,902
Non-trainable params: 1,024
_________________________________________________________________
None
Epoch 1/500
24/24 - 17s - loss: 1.5135 - accuracy: 0.5520 - val_loss: 1.4136 - val_accuracy: 0.5898

Epoch 00001: val_loss improved from inf to 1.41358, saving model to ./Models/CONV_LSTM_NET_TF4.hdf5
Epoch 2/500
24/24 - 6s - loss: 0.7568 - accuracy: 0.7148 - val_loss: 1.4806 - val_accuracy: 0.4351

Epoch 00002: val_loss did not improve from 1.41358
Epoch 3/500
24/24 - 6s - loss: 0.5734 - accuracy: 0.7888 - val_loss: 1.4380 - val_accuracy: 0.4950

Epoch 00003: val_loss did not improve from 1.41358
Epoch 4/500
24/24 - 6s - loss: 0.4526 - accuracy: 0.8362 - val_loss: 1.4032 - val_accuracy: 0.4694

Epoch 00004: val_loss improved from 1.41358 to 1.40318, saving model to ./Models/CONV_LSTM_NET_TF4.hdf5
Epoch 5/500
24/24 - 6s - loss: 0.3443 - accuracy: 0.8810 - val_loss: 1.3279 - val_accuracy: 0.5481

Epoch 00005: val_loss improved from 1.40318 to 1.32789, saving model to ./Models/CONV_LSTM_NET_TF4.hdf5
Epoch 6/500
24/24 - 6s - loss: 0.2416 - accuracy: 0.9193 - val_loss: 1.1909 - val_accuracy: 0.6046

Epoch 00006: val_loss improved from 1.32789 to 1.19089, saving model to ./Models/CONV_LSTM_NET_TF4.hdf5
Epoch 7/500
24/24 - 6s - loss: 0.1900 - accuracy: 0.9429 - val_loss: 1.2491 - val_accuracy: 0.5662

Epoch 00007: val_loss did not improve from 1.19089
Epoch 8/500
24/24 - 6s - loss: 0.1360 - accuracy: 0.9568 - val_loss: 1.2016 - val_accuracy: 0.5683

Epoch 00008: val_loss did not improve from 1.19089
Epoch 9/500
24/24 - 6s - loss: 0.1438 - accuracy: 0.9612 - val_loss: 0.9424 - val_accuracy: 0.6476

Epoch 00009: val_loss improved from 1.19089 to 0.94244, saving model to ./Models/CONV_LSTM_NET_TF4.hdf5
Epoch 10/500
24/24 - 6s - loss: 0.0867 - accuracy: 0.9778 - val_loss: 0.7719 - val_accuracy: 0.7377

Epoch 00010: val_loss improved from 0.94244 to 0.77193, saving model to ./Models/CONV_LSTM_NET_TF4.hdf5
Epoch 11/500
24/24 - 6s - loss: 0.0691 - accuracy: 0.9768 - val_loss: 0.6910 - val_accuracy: 0.7855

Epoch 00011: val_loss improved from 0.77193 to 0.69097, saving model to ./Models/CONV_LSTM_NET_TF4.hdf5
Epoch 12/500
24/24 - 6s - loss: 0.0768 - accuracy: 0.9790 - val_loss: 0.7302 - val_accuracy: 0.7034

Epoch 00012: val_loss did not improve from 0.69097
Epoch 13/500
24/24 - 6s - loss: 0.0513 - accuracy: 0.9866 - val_loss: 0.5682 - val_accuracy: 0.7969

Epoch 00013: val_loss improved from 0.69097 to 0.56822, saving model to ./Models/CONV_LSTM_NET_TF4.hdf5
Epoch 14/500
24/24 - 6s - loss: 0.0442 - accuracy: 0.9891 - val_loss: 0.5833 - val_accuracy: 0.7693

Epoch 00014: val_loss did not improve from 0.56822
Epoch 15/500
24/24 - 6s - loss: 0.0342 - accuracy: 0.9918 - val_loss: 0.5486 - val_accuracy: 0.8151

Epoch 00015: val_loss improved from 0.56822 to 0.54856, saving model to ./Models/CONV_LSTM_NET_TF4.hdf5
Epoch 16/500
24/24 - 6s - loss: 0.0303 - accuracy: 0.9923 - val_loss: 0.5520 - val_accuracy: 0.8252

Epoch 00016: val_loss did not improve from 0.54856
Epoch 17/500
24/24 - 6s - loss: 0.0934 - accuracy: 0.9738 - val_loss: 0.7232 - val_accuracy: 0.8009

Epoch 00017: val_loss did not improve from 0.54856
Epoch 18/500
24/24 - 6s - loss: 0.1018 - accuracy: 0.9686 - val_loss: 0.5137 - val_accuracy: 0.8359

Epoch 00018: val_loss improved from 0.54856 to 0.51371, saving model to ./Models/CONV_LSTM_NET_TF4.hdf5
Epoch 19/500
24/24 - 6s - loss: 0.0512 - accuracy: 0.9844 - val_loss: 0.4891 - val_accuracy: 0.8460

Epoch 00019: val_loss improved from 0.51371 to 0.48913, saving model to ./Models/CONV_LSTM_NET_TF4.hdf5
Epoch 20/500
24/24 - 6s - loss: 0.0352 - accuracy: 0.9903 - val_loss: 0.5269 - val_accuracy: 0.8440

Epoch 00020: val_loss did not improve from 0.48913
Epoch 21/500
24/24 - 6s - loss: 0.0289 - accuracy: 0.9931 - val_loss: 0.5034 - val_accuracy: 0.8460

Epoch 00021: val_loss did not improve from 0.48913
Epoch 22/500
24/24 - 6s - loss: 0.0213 - accuracy: 0.9940 - val_loss: 0.4942 - val_accuracy: 0.8527

Epoch 00022: val_loss did not improve from 0.48913
Epoch 23/500
24/24 - 6s - loss: 0.0144 - accuracy: 0.9970 - val_loss: 0.4837 - val_accuracy: 0.8480

Epoch 00023: val_loss improved from 0.48913 to 0.48373, saving model to ./Models/CONV_LSTM_NET_TF4.hdf5
Epoch 24/500
24/24 - 6s - loss: 0.0109 - accuracy: 0.9976 - val_loss: 0.5037 - val_accuracy: 0.8480

Epoch 00024: val_loss did not improve from 0.48373
Epoch 25/500
24/24 - 6s - loss: 0.0098 - accuracy: 0.9978 - val_loss: 0.5199 - val_accuracy: 0.8487

Epoch 00025: val_loss did not improve from 0.48373
Epoch 26/500
24/24 - 6s - loss: 0.0089 - accuracy: 0.9983 - val_loss: 0.5207 - val_accuracy: 0.8547

Epoch 00026: val_loss did not improve from 0.48373
Epoch 27/500
24/24 - 6s - loss: 0.0078 - accuracy: 0.9985 - val_loss: 0.5093 - val_accuracy: 0.8547

Epoch 00027: val_loss did not improve from 0.48373
Epoch 28/500
24/24 - 6s - loss: 0.0048 - accuracy: 0.9995 - val_loss: 0.5321 - val_accuracy: 0.8521

Epoch 00028: val_loss did not improve from 0.48373
Epoch 29/500
24/24 - 6s - loss: 0.0036 - accuracy: 0.9998 - val_loss: 0.5413 - val_accuracy: 0.8500

Epoch 00029: val_loss did not improve from 0.48373
Epoch 30/500
24/24 - 6s - loss: 0.0027 - accuracy: 1.0000 - val_loss: 0.5443 - val_accuracy: 0.8487

Epoch 00030: val_loss did not improve from 0.48373
Epoch 31/500
24/24 - 6s - loss: 0.0026 - accuracy: 0.9998 - val_loss: 0.5565 - val_accuracy: 0.8541

Epoch 00031: val_loss did not improve from 0.48373
Epoch 32/500
24/24 - 6s - loss: 0.0024 - accuracy: 1.0000 - val_loss: 0.5546 - val_accuracy: 0.8487

Epoch 00032: val_loss did not improve from 0.48373
Epoch 33/500
24/24 - 6s - loss: 0.0022 - accuracy: 1.0000 - val_loss: 0.5738 - val_accuracy: 0.8500

Epoch 00033: ReduceLROnPlateau reducing learning rate to 0.0005000000237487257.

Epoch 00033: val_loss did not improve from 0.48373
Epoch 34/500
24/24 - 6s - loss: 0.0019 - accuracy: 1.0000 - val_loss: 0.5764 - val_accuracy: 0.8487

Epoch 00034: val_loss did not improve from 0.48373
Epoch 35/500
24/24 - 6s - loss: 0.0016 - accuracy: 1.0000 - val_loss: 0.5825 - val_accuracy: 0.8487

Epoch 00035: val_loss did not improve from 0.48373
Epoch 36/500
24/24 - 6s - loss: 0.0015 - accuracy: 1.0000 - val_loss: 0.5857 - val_accuracy: 0.8494

Epoch 00036: val_loss did not improve from 0.48373
Epoch 37/500
24/24 - 6s - loss: 0.0015 - accuracy: 1.0000 - val_loss: 0.5856 - val_accuracy: 0.8480

Epoch 00037: val_loss did not improve from 0.48373
Epoch 38/500
24/24 - 6s - loss: 0.0014 - accuracy: 1.0000 - val_loss: 0.5988 - val_accuracy: 0.8467

Epoch 00038: val_loss did not improve from 0.48373
Epoch 39/500
24/24 - 6s - loss: 0.0014 - accuracy: 1.0000 - val_loss: 0.5961 - val_accuracy: 0.8480

Epoch 00039: val_loss did not improve from 0.48373
Epoch 40/500
24/24 - 6s - loss: 0.0013 - accuracy: 1.0000 - val_loss: 0.6041 - val_accuracy: 0.8460

Epoch 00040: val_loss did not improve from 0.48373
Epoch 41/500
24/24 - 6s - loss: 0.0013 - accuracy: 1.0000 - val_loss: 0.6088 - val_accuracy: 0.8494

Epoch 00041: val_loss did not improve from 0.48373
Epoch 42/500
24/24 - 6s - loss: 0.0011 - accuracy: 1.0000 - val_loss: 0.6102 - val_accuracy: 0.8487

Epoch 00042: val_loss did not improve from 0.48373
Epoch 43/500
24/24 - 6s - loss: 0.0011 - accuracy: 1.0000 - val_loss: 0.6135 - val_accuracy: 0.8467

Epoch 00043: ReduceLROnPlateau reducing learning rate to 0.0002500000118743628.

Epoch 00043: val_loss did not improve from 0.48373
Epoch 44/500
24/24 - 6s - loss: 0.0011 - accuracy: 1.0000 - val_loss: 0.6136 - val_accuracy: 0.8460

Epoch 00044: val_loss did not improve from 0.48373
Epoch 45/500
24/24 - 6s - loss: 0.0010 - accuracy: 1.0000 - val_loss: 0.6150 - val_accuracy: 0.8473

Epoch 00045: val_loss did not improve from 0.48373
Epoch 46/500
24/24 - 6s - loss: 0.0010 - accuracy: 1.0000 - val_loss: 0.6217 - val_accuracy: 0.8460

Epoch 00046: val_loss did not improve from 0.48373
Epoch 47/500
24/24 - 6s - loss: 0.0010 - accuracy: 1.0000 - val_loss: 0.6205 - val_accuracy: 0.8453

Epoch 00047: val_loss did not improve from 0.48373
Epoch 48/500
24/24 - 6s - loss: 9.3375e-04 - accuracy: 1.0000 - val_loss: 0.6218 - val_accuracy: 0.8453

Epoch 00048: val_loss did not improve from 0.48373
Epoch 49/500
24/24 - 6s - loss: 9.9197e-04 - accuracy: 1.0000 - val_loss: 0.6229 - val_accuracy: 0.8453

Epoch 00049: val_loss did not improve from 0.48373
Epoch 50/500
24/24 - 6s - loss: 9.8981e-04 - accuracy: 1.0000 - val_loss: 0.6254 - val_accuracy: 0.8453

Epoch 00050: val_loss did not improve from 0.48373
Epoch 51/500
24/24 - 6s - loss: 0.0011 - accuracy: 1.0000 - val_loss: 0.6263 - val_accuracy: 0.8453

Epoch 00051: val_loss did not improve from 0.48373
Epoch 52/500
24/24 - 6s - loss: 9.6499e-04 - accuracy: 1.0000 - val_loss: 0.6285 - val_accuracy: 0.8453

Epoch 00052: val_loss did not improve from 0.48373
Epoch 53/500
24/24 - 6s - loss: 9.8211e-04 - accuracy: 1.0000 - val_loss: 0.6288 - val_accuracy: 0.8440

Epoch 00053: ReduceLROnPlateau reducing learning rate to 0.0001250000059371814.

Epoch 00053: val_loss did not improve from 0.48373
Epoch 54/500
24/24 - 6s - loss: 9.9354e-04 - accuracy: 0.9998 - val_loss: 0.6296 - val_accuracy: 0.8453

Epoch 00054: val_loss did not improve from 0.48373
Epoch 55/500
24/24 - 6s - loss: 8.3686e-04 - accuracy: 1.0000 - val_loss: 0.6315 - val_accuracy: 0.8447

Epoch 00055: val_loss did not improve from 0.48373
Epoch 56/500
24/24 - 6s - loss: 8.4242e-04 - accuracy: 1.0000 - val_loss: 0.6314 - val_accuracy: 0.8447

Epoch 00056: val_loss did not improve from 0.48373
Epoch 57/500
24/24 - 6s - loss: 9.3386e-04 - accuracy: 1.0000 - val_loss: 0.6315 - val_accuracy: 0.8460

Epoch 00057: val_loss did not improve from 0.48373
Epoch 58/500
24/24 - 6s - loss: 7.9810e-04 - accuracy: 1.0000 - val_loss: 0.6325 - val_accuracy: 0.8460

Epoch 00058: val_loss did not improve from 0.48373
Epoch 59/500
24/24 - 6s - loss: 8.1994e-04 - accuracy: 1.0000 - val_loss: 0.6328 - val_accuracy: 0.8467

Epoch 00059: val_loss did not improve from 0.48373
Epoch 60/500
24/24 - 6s - loss: 8.2193e-04 - accuracy: 1.0000 - val_loss: 0.6337 - val_accuracy: 0.8467

Epoch 00060: val_loss did not improve from 0.48373
Epoch 61/500
24/24 - 6s - loss: 8.6655e-04 - accuracy: 1.0000 - val_loss: 0.6351 - val_accuracy: 0.8467

Epoch 00061: val_loss did not improve from 0.48373
Epoch 62/500
24/24 - 6s - loss: 9.4504e-04 - accuracy: 1.0000 - val_loss: 0.6358 - val_accuracy: 0.8460

Epoch 00062: val_loss did not improve from 0.48373
Epoch 63/500
24/24 - 6s - loss: 9.3975e-04 - accuracy: 1.0000 - val_loss: 0.6364 - val_accuracy: 0.8480

Epoch 00063: ReduceLROnPlateau reducing learning rate to 6.25000029685907e-05.

Epoch 00063: val_loss did not improve from 0.48373
Epoch 64/500
24/24 - 6s - loss: 9.0891e-04 - accuracy: 1.0000 - val_loss: 0.6358 - val_accuracy: 0.8480

Epoch 00064: val_loss did not improve from 0.48373
Epoch 65/500
24/24 - 6s - loss: 8.0009e-04 - accuracy: 1.0000 - val_loss: 0.6364 - val_accuracy: 0.8467

Epoch 00065: val_loss did not improve from 0.48373
Epoch 66/500
24/24 - 6s - loss: 8.9258e-04 - accuracy: 1.0000 - val_loss: 0.6374 - val_accuracy: 0.8473

Epoch 00066: val_loss did not improve from 0.48373
Epoch 67/500
24/24 - 6s - loss: 8.3630e-04 - accuracy: 1.0000 - val_loss: 0.6383 - val_accuracy: 0.8480

Epoch 00067: val_loss did not improve from 0.48373
Epoch 68/500
24/24 - 6s - loss: 8.2396e-04 - accuracy: 1.0000 - val_loss: 0.6383 - val_accuracy: 0.8473

Epoch 00068: val_loss did not improve from 0.48373
Epoch 69/500
24/24 - 6s - loss: 7.9799e-04 - accuracy: 1.0000 - val_loss: 0.6379 - val_accuracy: 0.8473

Epoch 00069: val_loss did not improve from 0.48373
Epoch 70/500
24/24 - 6s - loss: 8.1119e-04 - accuracy: 1.0000 - val_loss: 0.6389 - val_accuracy: 0.8473

Epoch 00070: val_loss did not improve from 0.48373
Epoch 71/500
24/24 - 6s - loss: 8.1978e-04 - accuracy: 1.0000 - val_loss: 0.6366 - val_accuracy: 0.8467

Epoch 00071: val_loss did not improve from 0.48373
Epoch 72/500
24/24 - 6s - loss: 8.3776e-04 - accuracy: 1.0000 - val_loss: 0.6374 - val_accuracy: 0.8467

Epoch 00072: val_loss did not improve from 0.48373
Epoch 73/500
24/24 - 6s - loss: 7.9944e-04 - accuracy: 1.0000 - val_loss: 0.6385 - val_accuracy: 0.8467

Epoch 00073: ReduceLROnPlateau reducing learning rate to 3.125000148429535e-05.
Restoring model weights from the end of the best epoch.

Epoch 00073: val_loss did not improve from 0.48373
Epoch 00073: early stopping

Last validation accuracy for every fold: [83.4, 84.14, 81.59, 85.41, 84.67]
Training, validation and testing completed!

Program runtime: 0:35:53
