Prepare the dataset for training and testing ...
Preparation of the data completed!
Fold: 0
Model: "CNN_NET_TF"
_________________________________________________________________
Layer (type)                 Output Shape              Param #   
=================================================================
input_1 (InputLayer)         [(None, 100, 3, 1)]       0         
_________________________________________________________________
conv2d (Conv2D)              (None, 99, 2, 64)         320       
_________________________________________________________________
batch_normalization (BatchNo (None, 99, 2, 64)         256       
_________________________________________________________________
conv2d_1 (Conv2D)            (None, 98, 1, 128)        32896     
_________________________________________________________________
batch_normalization_1 (Batch (None, 98, 1, 128)        512       
_________________________________________________________________
flatten (Flatten)            (None, 12544)             0         
_________________________________________________________________
dense (Dense)                (None, 128)               1605760   
_________________________________________________________________
batch_normalization_2 (Batch (None, 128)               512       
_________________________________________________________________
dropout (Dropout)            (None, 128)               0         
_________________________________________________________________
dense_1 (Dense)              (None, 6)                 774       
=================================================================
Total params: 1,641,030
Trainable params: 1,640,390
Non-trainable params: 640
_________________________________________________________________
None
Epoch 1/500
47/47 - 11s - loss: 1.4917 - accuracy: 0.5117 - val_loss: 1.4691 - val_accuracy: 0.4590

Epoch 00001: val_loss improved from inf to 1.46906, saving model to ./Models/CNN_NET_TF0.hdf5
Epoch 2/500
47/47 - 1s - loss: 0.9682 - accuracy: 0.6142 - val_loss: 1.6438 - val_accuracy: 0.3649

Epoch 00002: val_loss did not improve from 1.46906
Epoch 3/500
47/47 - 1s - loss: 0.8141 - accuracy: 0.6801 - val_loss: 1.6981 - val_accuracy: 0.3858

Epoch 00003: val_loss did not improve from 1.46906
Epoch 4/500
47/47 - 1s - loss: 0.6919 - accuracy: 0.7390 - val_loss: 1.7574 - val_accuracy: 0.3310

Epoch 00004: val_loss did not improve from 1.46906
Epoch 5/500
47/47 - 1s - loss: 0.6000 - accuracy: 0.7725 - val_loss: 1.9170 - val_accuracy: 0.3357

Epoch 00005: val_loss did not improve from 1.46906
Epoch 6/500
47/47 - 1s - loss: 0.5190 - accuracy: 0.8117 - val_loss: 1.7728 - val_accuracy: 0.3646

Epoch 00006: val_loss did not improve from 1.46906
Epoch 7/500
47/47 - 1s - loss: 0.4749 - accuracy: 0.8268 - val_loss: 1.7336 - val_accuracy: 0.3639

Epoch 00007: val_loss did not improve from 1.46906
Epoch 8/500
47/47 - 1s - loss: 0.4058 - accuracy: 0.8562 - val_loss: 1.5824 - val_accuracy: 0.3955

Epoch 00008: val_loss did not improve from 1.46906
Epoch 9/500
47/47 - 1s - loss: 0.3565 - accuracy: 0.8751 - val_loss: 1.2270 - val_accuracy: 0.5165

Epoch 00009: val_loss improved from 1.46906 to 1.22704, saving model to ./Models/CNN_NET_TF0.hdf5
Epoch 10/500
47/47 - 1s - loss: 0.3253 - accuracy: 0.8864 - val_loss: 0.8919 - val_accuracy: 0.6697

Epoch 00010: val_loss improved from 1.22704 to 0.89192, saving model to ./Models/CNN_NET_TF0.hdf5
Epoch 11/500
47/47 - 1s - loss: 0.2794 - accuracy: 0.9044 - val_loss: 0.8093 - val_accuracy: 0.7154

Epoch 00011: val_loss improved from 0.89192 to 0.80935, saving model to ./Models/CNN_NET_TF0.hdf5
Epoch 12/500
47/47 - 1s - loss: 0.2609 - accuracy: 0.9093 - val_loss: 0.7469 - val_accuracy: 0.7308

Epoch 00012: val_loss improved from 0.80935 to 0.74686, saving model to ./Models/CNN_NET_TF0.hdf5
Epoch 13/500
47/47 - 1s - loss: 0.2972 - accuracy: 0.8980 - val_loss: 0.7114 - val_accuracy: 0.7497

Epoch 00013: val_loss improved from 0.74686 to 0.71139, saving model to ./Models/CNN_NET_TF0.hdf5
Epoch 14/500
47/47 - 1s - loss: 0.2604 - accuracy: 0.9098 - val_loss: 0.7086 - val_accuracy: 0.7426

Epoch 00014: val_loss improved from 0.71139 to 0.70865, saving model to ./Models/CNN_NET_TF0.hdf5
Epoch 15/500
47/47 - 1s - loss: 0.2110 - accuracy: 0.9325 - val_loss: 0.7911 - val_accuracy: 0.7298

Epoch 00015: val_loss did not improve from 0.70865
Epoch 16/500
47/47 - 1s - loss: 0.1811 - accuracy: 0.9437 - val_loss: 0.7072 - val_accuracy: 0.7618

Epoch 00016: val_loss improved from 0.70865 to 0.70724, saving model to ./Models/CNN_NET_TF0.hdf5
Epoch 17/500
47/47 - 1s - loss: 0.1723 - accuracy: 0.9461 - val_loss: 0.6818 - val_accuracy: 0.7688

Epoch 00017: val_loss improved from 0.70724 to 0.68181, saving model to ./Models/CNN_NET_TF0.hdf5
Epoch 18/500
47/47 - 1s - loss: 0.1639 - accuracy: 0.9499 - val_loss: 0.8056 - val_accuracy: 0.7392

Epoch 00018: val_loss did not improve from 0.68181
Epoch 19/500
47/47 - 1s - loss: 0.1562 - accuracy: 0.9509 - val_loss: 0.8689 - val_accuracy: 0.7389

Epoch 00019: val_loss did not improve from 0.68181
Epoch 20/500
47/47 - 1s - loss: 0.1481 - accuracy: 0.9538 - val_loss: 0.7421 - val_accuracy: 0.7799

Epoch 00020: val_loss did not improve from 0.68181
Epoch 21/500
47/47 - 1s - loss: 0.1321 - accuracy: 0.9605 - val_loss: 0.7436 - val_accuracy: 0.7638

Epoch 00021: val_loss did not improve from 0.68181
Epoch 22/500
47/47 - 1s - loss: 0.1092 - accuracy: 0.9677 - val_loss: 0.6769 - val_accuracy: 0.7950

Epoch 00022: val_loss improved from 0.68181 to 0.67693, saving model to ./Models/CNN_NET_TF0.hdf5
Epoch 23/500
47/47 - 1s - loss: 0.0961 - accuracy: 0.9716 - val_loss: 0.6349 - val_accuracy: 0.8048

Epoch 00023: val_loss improved from 0.67693 to 0.63485, saving model to ./Models/CNN_NET_TF0.hdf5
Epoch 24/500
47/47 - 1s - loss: 0.0760 - accuracy: 0.9769 - val_loss: 0.6829 - val_accuracy: 0.8001

Epoch 00024: val_loss did not improve from 0.63485
Epoch 25/500
47/47 - 1s - loss: 0.1088 - accuracy: 0.9664 - val_loss: 0.8461 - val_accuracy: 0.7907

Epoch 00025: val_loss did not improve from 0.63485
Epoch 26/500
47/47 - 1s - loss: 0.1463 - accuracy: 0.9550 - val_loss: 0.9722 - val_accuracy: 0.7876

Epoch 00026: val_loss did not improve from 0.63485
Epoch 27/500
47/47 - 1s - loss: 0.1270 - accuracy: 0.9576 - val_loss: 0.7123 - val_accuracy: 0.8048

Epoch 00027: val_loss did not improve from 0.63485
Epoch 28/500
47/47 - 1s - loss: 0.0811 - accuracy: 0.9756 - val_loss: 0.6459 - val_accuracy: 0.8152

Epoch 00028: val_loss did not improve from 0.63485
Epoch 29/500
47/47 - 1s - loss: 0.0599 - accuracy: 0.9838 - val_loss: 0.6604 - val_accuracy: 0.8202

Epoch 00029: val_loss did not improve from 0.63485
Epoch 30/500
47/47 - 1s - loss: 0.0506 - accuracy: 0.9862 - val_loss: 0.6256 - val_accuracy: 0.8229

Epoch 00030: val_loss improved from 0.63485 to 0.62558, saving model to ./Models/CNN_NET_TF0.hdf5
Epoch 31/500
47/47 - 1s - loss: 0.0397 - accuracy: 0.9911 - val_loss: 0.6351 - val_accuracy: 0.8179

Epoch 00031: val_loss did not improve from 0.62558
Epoch 32/500
47/47 - 1s - loss: 0.0344 - accuracy: 0.9927 - val_loss: 0.6509 - val_accuracy: 0.8199

Epoch 00032: val_loss did not improve from 0.62558
Epoch 33/500
47/47 - 1s - loss: 0.0276 - accuracy: 0.9940 - val_loss: 0.6943 - val_accuracy: 0.8128

Epoch 00033: val_loss did not improve from 0.62558
Epoch 34/500
47/47 - 1s - loss: 0.0404 - accuracy: 0.9882 - val_loss: 0.7434 - val_accuracy: 0.8212

Epoch 00034: val_loss did not improve from 0.62558
Epoch 35/500
47/47 - 1s - loss: 0.0530 - accuracy: 0.9848 - val_loss: 0.6820 - val_accuracy: 0.8162

Epoch 00035: val_loss did not improve from 0.62558
Epoch 36/500
47/47 - 1s - loss: 0.0408 - accuracy: 0.9882 - val_loss: 0.7075 - val_accuracy: 0.8212

Epoch 00036: val_loss did not improve from 0.62558
Epoch 37/500
47/47 - 1s - loss: 0.0751 - accuracy: 0.9778 - val_loss: 0.7872 - val_accuracy: 0.8115

Epoch 00037: val_loss did not improve from 0.62558
Epoch 38/500
47/47 - 1s - loss: 0.0746 - accuracy: 0.9767 - val_loss: 0.7704 - val_accuracy: 0.8182

Epoch 00038: val_loss did not improve from 0.62558
Epoch 39/500
47/47 - 1s - loss: 0.0629 - accuracy: 0.9809 - val_loss: 0.7712 - val_accuracy: 0.8038

Epoch 00039: val_loss did not improve from 0.62558
Epoch 40/500
47/47 - 1s - loss: 0.0426 - accuracy: 0.9866 - val_loss: 0.7721 - val_accuracy: 0.8132

Epoch 00040: ReduceLROnPlateau reducing learning rate to 0.0005000000237487257.

Epoch 00040: val_loss did not improve from 0.62558
Epoch 41/500
47/47 - 1s - loss: 0.0314 - accuracy: 0.9920 - val_loss: 0.6993 - val_accuracy: 0.8243

Epoch 00041: val_loss did not improve from 0.62558
Epoch 42/500
47/47 - 1s - loss: 0.0199 - accuracy: 0.9959 - val_loss: 0.6830 - val_accuracy: 0.8216

Epoch 00042: val_loss did not improve from 0.62558
Epoch 43/500
47/47 - 1s - loss: 0.0190 - accuracy: 0.9955 - val_loss: 0.6908 - val_accuracy: 0.8219

Epoch 00043: val_loss did not improve from 0.62558
Epoch 44/500
47/47 - 1s - loss: 0.0157 - accuracy: 0.9969 - val_loss: 0.6840 - val_accuracy: 0.8249

Epoch 00044: val_loss did not improve from 0.62558
Epoch 45/500
47/47 - 1s - loss: 0.0149 - accuracy: 0.9968 - val_loss: 0.6732 - val_accuracy: 0.8236

Epoch 00045: val_loss did not improve from 0.62558
Epoch 46/500
47/47 - 1s - loss: 0.0127 - accuracy: 0.9980 - val_loss: 0.6999 - val_accuracy: 0.8233

Epoch 00046: val_loss did not improve from 0.62558
Epoch 47/500
47/47 - 1s - loss: 0.0111 - accuracy: 0.9985 - val_loss: 0.7002 - val_accuracy: 0.8239

Epoch 00047: val_loss did not improve from 0.62558
Epoch 48/500
47/47 - 1s - loss: 0.0104 - accuracy: 0.9982 - val_loss: 0.7080 - val_accuracy: 0.8236

Epoch 00048: val_loss did not improve from 0.62558
Epoch 49/500
47/47 - 1s - loss: 0.0098 - accuracy: 0.9988 - val_loss: 0.7092 - val_accuracy: 0.8286

Epoch 00049: val_loss did not improve from 0.62558
Epoch 50/500
47/47 - 1s - loss: 0.0093 - accuracy: 0.9987 - val_loss: 0.7243 - val_accuracy: 0.8239

Epoch 00050: ReduceLROnPlateau reducing learning rate to 0.0002500000118743628.

Epoch 00050: val_loss did not improve from 0.62558
Epoch 51/500
47/47 - 1s - loss: 0.0099 - accuracy: 0.9985 - val_loss: 0.7078 - val_accuracy: 0.8280

Epoch 00051: val_loss did not improve from 0.62558
Epoch 52/500
47/47 - 1s - loss: 0.0082 - accuracy: 0.9992 - val_loss: 0.7207 - val_accuracy: 0.8256

Epoch 00052: val_loss did not improve from 0.62558
Epoch 53/500
47/47 - 1s - loss: 0.0079 - accuracy: 0.9987 - val_loss: 0.7170 - val_accuracy: 0.8280

Epoch 00053: val_loss did not improve from 0.62558
Epoch 54/500
47/47 - 1s - loss: 0.0091 - accuracy: 0.9985 - val_loss: 0.7201 - val_accuracy: 0.8290

Epoch 00054: val_loss did not improve from 0.62558
Epoch 55/500
47/47 - 1s - loss: 0.0078 - accuracy: 0.9990 - val_loss: 0.7218 - val_accuracy: 0.8280

Epoch 00055: val_loss did not improve from 0.62558
Epoch 56/500
47/47 - 1s - loss: 0.0079 - accuracy: 0.9987 - val_loss: 0.7383 - val_accuracy: 0.8286

Epoch 00056: val_loss did not improve from 0.62558
Epoch 57/500
47/47 - 1s - loss: 0.0078 - accuracy: 0.9989 - val_loss: 0.7425 - val_accuracy: 0.8296

Epoch 00057: val_loss did not improve from 0.62558
Epoch 58/500
47/47 - 1s - loss: 0.0079 - accuracy: 0.9986 - val_loss: 0.7404 - val_accuracy: 0.8296

Epoch 00058: val_loss did not improve from 0.62558
Epoch 59/500
47/47 - 1s - loss: 0.0063 - accuracy: 0.9988 - val_loss: 0.7401 - val_accuracy: 0.8269

Epoch 00059: val_loss did not improve from 0.62558
Epoch 60/500
47/47 - 1s - loss: 0.0064 - accuracy: 0.9991 - val_loss: 0.7373 - val_accuracy: 0.8259

Epoch 00060: ReduceLROnPlateau reducing learning rate to 0.0001250000059371814.

Epoch 00060: val_loss did not improve from 0.62558
Epoch 61/500
47/47 - 1s - loss: 0.0061 - accuracy: 0.9993 - val_loss: 0.7404 - val_accuracy: 0.8273

Epoch 00061: val_loss did not improve from 0.62558
Epoch 62/500
47/47 - 1s - loss: 0.0062 - accuracy: 0.9992 - val_loss: 0.7495 - val_accuracy: 0.8249

Epoch 00062: val_loss did not improve from 0.62558
Epoch 63/500
47/47 - 1s - loss: 0.0065 - accuracy: 0.9989 - val_loss: 0.7588 - val_accuracy: 0.8263

Epoch 00063: val_loss did not improve from 0.62558
Epoch 64/500
47/47 - 1s - loss: 0.0060 - accuracy: 0.9991 - val_loss: 0.7552 - val_accuracy: 0.8300

Epoch 00064: val_loss did not improve from 0.62558
Epoch 65/500
47/47 - 1s - loss: 0.0048 - accuracy: 1.0000 - val_loss: 0.7537 - val_accuracy: 0.8303

Epoch 00065: val_loss did not improve from 0.62558
Epoch 66/500
47/47 - 1s - loss: 0.0055 - accuracy: 0.9996 - val_loss: 0.7561 - val_accuracy: 0.8293

Epoch 00066: val_loss did not improve from 0.62558
Epoch 67/500
47/47 - 1s - loss: 0.0059 - accuracy: 0.9992 - val_loss: 0.7548 - val_accuracy: 0.8303

Epoch 00067: val_loss did not improve from 0.62558
Epoch 68/500
47/47 - 1s - loss: 0.0059 - accuracy: 0.9997 - val_loss: 0.7591 - val_accuracy: 0.8293

Epoch 00068: val_loss did not improve from 0.62558
Epoch 69/500
47/47 - 1s - loss: 0.0051 - accuracy: 0.9994 - val_loss: 0.7545 - val_accuracy: 0.8296

Epoch 00069: val_loss did not improve from 0.62558
Epoch 70/500
47/47 - 1s - loss: 0.0052 - accuracy: 0.9994 - val_loss: 0.7533 - val_accuracy: 0.8249

Epoch 00070: ReduceLROnPlateau reducing learning rate to 6.25000029685907e-05.

Epoch 00070: val_loss did not improve from 0.62558
Epoch 71/500
47/47 - 1s - loss: 0.0048 - accuracy: 0.9996 - val_loss: 0.7520 - val_accuracy: 0.8269

Epoch 00071: val_loss did not improve from 0.62558
Epoch 72/500
47/47 - 1s - loss: 0.0052 - accuracy: 0.9996 - val_loss: 0.7495 - val_accuracy: 0.8259

Epoch 00072: val_loss did not improve from 0.62558
Epoch 73/500
47/47 - 1s - loss: 0.0049 - accuracy: 0.9992 - val_loss: 0.7524 - val_accuracy: 0.8273

Epoch 00073: val_loss did not improve from 0.62558
Epoch 74/500
47/47 - 1s - loss: 0.0054 - accuracy: 0.9990 - val_loss: 0.7561 - val_accuracy: 0.8276

Epoch 00074: val_loss did not improve from 0.62558
Epoch 75/500
47/47 - 1s - loss: 0.0045 - accuracy: 0.9995 - val_loss: 0.7552 - val_accuracy: 0.8290

Epoch 00075: val_loss did not improve from 0.62558
Epoch 76/500
47/47 - 1s - loss: 0.0049 - accuracy: 0.9996 - val_loss: 0.7571 - val_accuracy: 0.8276

Epoch 00076: val_loss did not improve from 0.62558
Epoch 77/500
47/47 - 1s - loss: 0.0047 - accuracy: 0.9995 - val_loss: 0.7575 - val_accuracy: 0.8273

Epoch 00077: val_loss did not improve from 0.62558
Epoch 78/500
47/47 - 1s - loss: 0.0044 - accuracy: 0.9995 - val_loss: 0.7597 - val_accuracy: 0.8300

Epoch 00078: val_loss did not improve from 0.62558
Epoch 79/500
47/47 - 1s - loss: 0.0046 - accuracy: 0.9997 - val_loss: 0.7614 - val_accuracy: 0.8276

Epoch 00079: val_loss did not improve from 0.62558
Epoch 80/500
47/47 - 1s - loss: 0.0051 - accuracy: 0.9992 - val_loss: 0.7566 - val_accuracy: 0.8290

Epoch 00080: ReduceLROnPlateau reducing learning rate to 3.125000148429535e-05.
Restoring model weights from the end of the best epoch.

Epoch 00080: val_loss did not improve from 0.62558
Epoch 00080: early stopping

Fold: 1
Model: "CNN_NET_TF"
_________________________________________________________________
Layer (type)                 Output Shape              Param #   
=================================================================
input_2 (InputLayer)         [(None, 100, 3, 1)]       0         
_________________________________________________________________
conv2d_2 (Conv2D)            (None, 99, 2, 64)         320       
_________________________________________________________________
batch_normalization_3 (Batch (None, 99, 2, 64)         256       
_________________________________________________________________
conv2d_3 (Conv2D)            (None, 98, 1, 128)        32896     
_________________________________________________________________
batch_normalization_4 (Batch (None, 98, 1, 128)        512       
_________________________________________________________________
flatten_1 (Flatten)          (None, 12544)             0         
_________________________________________________________________
dense_2 (Dense)              (None, 128)               1605760   
_________________________________________________________________
batch_normalization_5 (Batch (None, 128)               512       
_________________________________________________________________
dropout_1 (Dropout)          (None, 128)               0         
_________________________________________________________________
dense_3 (Dense)              (None, 6)                 774       
=================================================================
Total params: 1,641,030
Trainable params: 1,640,390
Non-trainable params: 640
_________________________________________________________________
None
Epoch 1/500
47/47 - 4s - loss: 1.5566 - accuracy: 0.5178 - val_loss: 1.4946 - val_accuracy: 0.3239

Epoch 00001: val_loss improved from inf to 1.49455, saving model to ./Models/CNN_NET_TF1.hdf5
Epoch 2/500
47/47 - 1s - loss: 0.9553 - accuracy: 0.6301 - val_loss: 1.9291 - val_accuracy: 0.1667

Epoch 00002: val_loss did not improve from 1.49455
Epoch 3/500
47/47 - 1s - loss: 0.7750 - accuracy: 0.7006 - val_loss: 2.3930 - val_accuracy: 0.1647

Epoch 00003: val_loss did not improve from 1.49455
Epoch 4/500
47/47 - 1s - loss: 0.6624 - accuracy: 0.7477 - val_loss: 3.0198 - val_accuracy: 0.1643

Epoch 00004: val_loss did not improve from 1.49455
Epoch 5/500
47/47 - 1s - loss: 0.5657 - accuracy: 0.7894 - val_loss: 3.3705 - val_accuracy: 0.1653

Epoch 00005: val_loss did not improve from 1.49455
Epoch 6/500
47/47 - 1s - loss: 0.5110 - accuracy: 0.8159 - val_loss: 3.1690 - val_accuracy: 0.1781

Epoch 00006: val_loss did not improve from 1.49455
Epoch 7/500
47/47 - 1s - loss: 0.4406 - accuracy: 0.8396 - val_loss: 3.1230 - val_accuracy: 0.1794

Epoch 00007: val_loss did not improve from 1.49455
Epoch 8/500
47/47 - 1s - loss: 0.3959 - accuracy: 0.8571 - val_loss: 2.7577 - val_accuracy: 0.2819

Epoch 00008: val_loss did not improve from 1.49455
Epoch 9/500
47/47 - 1s - loss: 0.3485 - accuracy: 0.8746 - val_loss: 1.9510 - val_accuracy: 0.3995

Epoch 00009: val_loss did not improve from 1.49455
Epoch 10/500
47/47 - 1s - loss: 0.3138 - accuracy: 0.8902 - val_loss: 1.8105 - val_accuracy: 0.4469

Epoch 00010: val_loss did not improve from 1.49455
Epoch 11/500
47/47 - 1s - loss: 0.3101 - accuracy: 0.8904 - val_loss: 1.0617 - val_accuracy: 0.6458

Epoch 00011: val_loss improved from 1.49455 to 1.06174, saving model to ./Models/CNN_NET_TF1.hdf5
Epoch 12/500
47/47 - 1s - loss: 0.2964 - accuracy: 0.8967 - val_loss: 0.8349 - val_accuracy: 0.6909

Epoch 00012: val_loss improved from 1.06174 to 0.83493, saving model to ./Models/CNN_NET_TF1.hdf5
Epoch 13/500
47/47 - 1s - loss: 0.2620 - accuracy: 0.9089 - val_loss: 0.8261 - val_accuracy: 0.7433

Epoch 00013: val_loss improved from 0.83493 to 0.82611, saving model to ./Models/CNN_NET_TF1.hdf5
Epoch 14/500
47/47 - 1s - loss: 0.2662 - accuracy: 0.9118 - val_loss: 0.6865 - val_accuracy: 0.7530

Epoch 00014: val_loss improved from 0.82611 to 0.68647, saving model to ./Models/CNN_NET_TF1.hdf5
Epoch 15/500
47/47 - 1s - loss: 0.2070 - accuracy: 0.9294 - val_loss: 0.6695 - val_accuracy: 0.7752

Epoch 00015: val_loss improved from 0.68647 to 0.66953, saving model to ./Models/CNN_NET_TF1.hdf5
Epoch 16/500
47/47 - 1s - loss: 0.1749 - accuracy: 0.9425 - val_loss: 0.8028 - val_accuracy: 0.7567

Epoch 00016: val_loss did not improve from 0.66953
Epoch 17/500
47/47 - 1s - loss: 0.1617 - accuracy: 0.9484 - val_loss: 0.9730 - val_accuracy: 0.7332

Epoch 00017: val_loss did not improve from 0.66953
Epoch 18/500
47/47 - 1s - loss: 0.1643 - accuracy: 0.9449 - val_loss: 0.7102 - val_accuracy: 0.7728

Epoch 00018: val_loss did not improve from 0.66953
Epoch 19/500
47/47 - 1s - loss: 0.1651 - accuracy: 0.9445 - val_loss: 0.7204 - val_accuracy: 0.7725

Epoch 00019: val_loss did not improve from 0.66953
Epoch 20/500
47/47 - 1s - loss: 0.1220 - accuracy: 0.9616 - val_loss: 0.7278 - val_accuracy: 0.7836

Epoch 00020: val_loss did not improve from 0.66953
Epoch 21/500
47/47 - 1s - loss: 0.1201 - accuracy: 0.9594 - val_loss: 0.7575 - val_accuracy: 0.7745

Epoch 00021: val_loss did not improve from 0.66953
Epoch 22/500
47/47 - 1s - loss: 0.1149 - accuracy: 0.9650 - val_loss: 0.7966 - val_accuracy: 0.7705

Epoch 00022: val_loss did not improve from 0.66953
Epoch 23/500
47/47 - 1s - loss: 0.1220 - accuracy: 0.9593 - val_loss: 0.7802 - val_accuracy: 0.7823

Epoch 00023: val_loss did not improve from 0.66953
Epoch 24/500
47/47 - 1s - loss: 0.1199 - accuracy: 0.9617 - val_loss: 1.0654 - val_accuracy: 0.7917

Epoch 00024: val_loss did not improve from 0.66953
Epoch 25/500
47/47 - 1s - loss: 0.2151 - accuracy: 0.9275 - val_loss: 0.8243 - val_accuracy: 0.7893

Epoch 00025: ReduceLROnPlateau reducing learning rate to 0.0005000000237487257.

Epoch 00025: val_loss did not improve from 0.66953
Epoch 26/500
47/47 - 1s - loss: 0.1418 - accuracy: 0.9508 - val_loss: 0.6062 - val_accuracy: 0.8054

Epoch 00026: val_loss improved from 0.66953 to 0.60615, saving model to ./Models/CNN_NET_TF1.hdf5
Epoch 27/500
47/47 - 1s - loss: 0.0928 - accuracy: 0.9728 - val_loss: 0.5179 - val_accuracy: 0.8259

Epoch 00027: val_loss improved from 0.60615 to 0.51793, saving model to ./Models/CNN_NET_TF1.hdf5
Epoch 28/500
47/47 - 1s - loss: 0.0753 - accuracy: 0.9782 - val_loss: 0.5091 - val_accuracy: 0.8290

Epoch 00028: val_loss improved from 0.51793 to 0.50912, saving model to ./Models/CNN_NET_TF1.hdf5
Epoch 29/500
47/47 - 1s - loss: 0.0585 - accuracy: 0.9847 - val_loss: 0.5144 - val_accuracy: 0.8243

Epoch 00029: val_loss did not improve from 0.50912
Epoch 30/500
47/47 - 1s - loss: 0.0539 - accuracy: 0.9862 - val_loss: 0.5314 - val_accuracy: 0.8253

Epoch 00030: val_loss did not improve from 0.50912
Epoch 31/500
47/47 - 1s - loss: 0.0440 - accuracy: 0.9909 - val_loss: 0.5411 - val_accuracy: 0.8239

Epoch 00031: val_loss did not improve from 0.50912
Epoch 32/500
47/47 - 1s - loss: 0.0375 - accuracy: 0.9919 - val_loss: 0.5702 - val_accuracy: 0.8189

Epoch 00032: val_loss did not improve from 0.50912
Epoch 33/500
47/47 - 1s - loss: 0.0381 - accuracy: 0.9917 - val_loss: 0.5429 - val_accuracy: 0.8293

Epoch 00033: val_loss did not improve from 0.50912
Epoch 34/500
47/47 - 1s - loss: 0.0317 - accuracy: 0.9936 - val_loss: 0.5545 - val_accuracy: 0.8290

Epoch 00034: val_loss did not improve from 0.50912
Epoch 35/500
47/47 - 1s - loss: 0.0282 - accuracy: 0.9944 - val_loss: 0.5449 - val_accuracy: 0.8360

Epoch 00035: val_loss did not improve from 0.50912
Epoch 36/500
47/47 - 1s - loss: 0.0261 - accuracy: 0.9952 - val_loss: 0.5514 - val_accuracy: 0.8337

Epoch 00036: val_loss did not improve from 0.50912
Epoch 37/500
47/47 - 1s - loss: 0.0238 - accuracy: 0.9960 - val_loss: 0.5510 - val_accuracy: 0.8364

Epoch 00037: val_loss did not improve from 0.50912
Epoch 38/500
47/47 - 1s - loss: 0.0211 - accuracy: 0.9958 - val_loss: 0.5571 - val_accuracy: 0.8360

Epoch 00038: ReduceLROnPlateau reducing learning rate to 0.0002500000118743628.

Epoch 00038: val_loss did not improve from 0.50912
Epoch 39/500
47/47 - 1s - loss: 0.0183 - accuracy: 0.9954 - val_loss: 0.5553 - val_accuracy: 0.8343

Epoch 00039: val_loss did not improve from 0.50912
Epoch 40/500
47/47 - 1s - loss: 0.0166 - accuracy: 0.9971 - val_loss: 0.5567 - val_accuracy: 0.8397

Epoch 00040: val_loss did not improve from 0.50912
Epoch 41/500
47/47 - 1s - loss: 0.0165 - accuracy: 0.9979 - val_loss: 0.5670 - val_accuracy: 0.8360

Epoch 00041: val_loss did not improve from 0.50912
Epoch 42/500
47/47 - 1s - loss: 0.0150 - accuracy: 0.9978 - val_loss: 0.5650 - val_accuracy: 0.8390

Epoch 00042: val_loss did not improve from 0.50912
Epoch 43/500
47/47 - 1s - loss: 0.0146 - accuracy: 0.9976 - val_loss: 0.5742 - val_accuracy: 0.8360

Epoch 00043: val_loss did not improve from 0.50912
Epoch 44/500
47/47 - 1s - loss: 0.0139 - accuracy: 0.9976 - val_loss: 0.5712 - val_accuracy: 0.8394

Epoch 00044: val_loss did not improve from 0.50912
Epoch 45/500
47/47 - 1s - loss: 0.0129 - accuracy: 0.9987 - val_loss: 0.5772 - val_accuracy: 0.8401

Epoch 00045: val_loss did not improve from 0.50912
Epoch 46/500
47/47 - 1s - loss: 0.0130 - accuracy: 0.9985 - val_loss: 0.5778 - val_accuracy: 0.8387

Epoch 00046: val_loss did not improve from 0.50912
Epoch 47/500
47/47 - 1s - loss: 0.0136 - accuracy: 0.9981 - val_loss: 0.5800 - val_accuracy: 0.8397

Epoch 00047: val_loss did not improve from 0.50912
Epoch 48/500
47/47 - 1s - loss: 0.0121 - accuracy: 0.9984 - val_loss: 0.5918 - val_accuracy: 0.8411

Epoch 00048: ReduceLROnPlateau reducing learning rate to 0.0001250000059371814.

Epoch 00048: val_loss did not improve from 0.50912
Epoch 49/500
47/47 - 1s - loss: 0.0120 - accuracy: 0.9988 - val_loss: 0.5814 - val_accuracy: 0.8427

Epoch 00049: val_loss did not improve from 0.50912
Epoch 50/500
47/47 - 1s - loss: 0.0109 - accuracy: 0.9986 - val_loss: 0.5809 - val_accuracy: 0.8431

Epoch 00050: val_loss did not improve from 0.50912
Epoch 51/500
47/47 - 1s - loss: 0.0101 - accuracy: 0.9991 - val_loss: 0.5830 - val_accuracy: 0.8454

Epoch 00051: val_loss did not improve from 0.50912
Epoch 52/500
47/47 - 1s - loss: 0.0111 - accuracy: 0.9982 - val_loss: 0.5855 - val_accuracy: 0.8434

Epoch 00052: val_loss did not improve from 0.50912
Epoch 53/500
47/47 - 1s - loss: 0.0100 - accuracy: 0.9987 - val_loss: 0.5886 - val_accuracy: 0.8411

Epoch 00053: val_loss did not improve from 0.50912
Epoch 54/500
47/47 - 1s - loss: 0.0089 - accuracy: 0.9989 - val_loss: 0.5911 - val_accuracy: 0.8438

Epoch 00054: val_loss did not improve from 0.50912
Epoch 55/500
47/47 - 1s - loss: 0.0101 - accuracy: 0.9987 - val_loss: 0.5967 - val_accuracy: 0.8394

Epoch 00055: val_loss did not improve from 0.50912
Epoch 56/500
47/47 - 1s - loss: 0.0102 - accuracy: 0.9984 - val_loss: 0.5898 - val_accuracy: 0.8404

Epoch 00056: val_loss did not improve from 0.50912
Epoch 57/500
47/47 - 1s - loss: 0.0098 - accuracy: 0.9985 - val_loss: 0.6074 - val_accuracy: 0.8360

Epoch 00057: val_loss did not improve from 0.50912
Epoch 58/500
47/47 - 1s - loss: 0.0090 - accuracy: 0.9992 - val_loss: 0.6002 - val_accuracy: 0.8438

Epoch 00058: ReduceLROnPlateau reducing learning rate to 6.25000029685907e-05.

Epoch 00058: val_loss did not improve from 0.50912
Epoch 59/500
47/47 - 1s - loss: 0.0088 - accuracy: 0.9987 - val_loss: 0.5998 - val_accuracy: 0.8431

Epoch 00059: val_loss did not improve from 0.50912
Epoch 60/500
47/47 - 1s - loss: 0.0084 - accuracy: 0.9991 - val_loss: 0.5998 - val_accuracy: 0.8438

Epoch 00060: val_loss did not improve from 0.50912
Epoch 61/500
47/47 - 1s - loss: 0.0092 - accuracy: 0.9992 - val_loss: 0.5997 - val_accuracy: 0.8421

Epoch 00061: val_loss did not improve from 0.50912
Epoch 62/500
47/47 - 1s - loss: 0.0083 - accuracy: 0.9989 - val_loss: 0.6003 - val_accuracy: 0.8441

Epoch 00062: val_loss did not improve from 0.50912
Epoch 63/500
47/47 - 1s - loss: 0.0082 - accuracy: 0.9990 - val_loss: 0.6048 - val_accuracy: 0.8424

Epoch 00063: val_loss did not improve from 0.50912
Epoch 64/500
47/47 - 1s - loss: 0.0088 - accuracy: 0.9992 - val_loss: 0.6065 - val_accuracy: 0.8411

Epoch 00064: val_loss did not improve from 0.50912
Epoch 65/500
47/47 - 1s - loss: 0.0075 - accuracy: 0.9996 - val_loss: 0.6073 - val_accuracy: 0.8417

Epoch 00065: val_loss did not improve from 0.50912
Epoch 66/500
47/47 - 1s - loss: 0.0078 - accuracy: 0.9996 - val_loss: 0.6059 - val_accuracy: 0.8424

Epoch 00066: val_loss did not improve from 0.50912
Epoch 67/500
47/47 - 1s - loss: 0.0084 - accuracy: 0.9987 - val_loss: 0.6024 - val_accuracy: 0.8421

Epoch 00067: val_loss did not improve from 0.50912
Epoch 68/500
47/47 - 1s - loss: 0.0078 - accuracy: 0.9996 - val_loss: 0.6096 - val_accuracy: 0.8427

Epoch 00068: ReduceLROnPlateau reducing learning rate to 3.125000148429535e-05.

Epoch 00068: val_loss did not improve from 0.50912
Epoch 69/500
47/47 - 1s - loss: 0.0078 - accuracy: 0.9993 - val_loss: 0.6086 - val_accuracy: 0.8424

Epoch 00069: val_loss did not improve from 0.50912
Epoch 70/500
47/47 - 1s - loss: 0.0078 - accuracy: 0.9991 - val_loss: 0.6066 - val_accuracy: 0.8417

Epoch 00070: val_loss did not improve from 0.50912
Epoch 71/500
47/47 - 1s - loss: 0.0074 - accuracy: 0.9992 - val_loss: 0.6059 - val_accuracy: 0.8414

Epoch 00071: val_loss did not improve from 0.50912
Epoch 72/500
47/47 - 1s - loss: 0.0079 - accuracy: 0.9987 - val_loss: 0.6072 - val_accuracy: 0.8417

Epoch 00072: val_loss did not improve from 0.50912
Epoch 73/500
47/47 - 1s - loss: 0.0078 - accuracy: 0.9992 - val_loss: 0.6100 - val_accuracy: 0.8417

Epoch 00073: val_loss did not improve from 0.50912
Epoch 74/500
47/47 - 1s - loss: 0.0086 - accuracy: 0.9989 - val_loss: 0.6086 - val_accuracy: 0.8427

Epoch 00074: val_loss did not improve from 0.50912
Epoch 75/500
47/47 - 1s - loss: 0.0080 - accuracy: 0.9990 - val_loss: 0.6088 - val_accuracy: 0.8424

Epoch 00075: val_loss did not improve from 0.50912
Epoch 76/500
47/47 - 1s - loss: 0.0071 - accuracy: 0.9995 - val_loss: 0.6110 - val_accuracy: 0.8424

Epoch 00076: val_loss did not improve from 0.50912
Epoch 77/500
47/47 - 1s - loss: 0.0070 - accuracy: 0.9993 - val_loss: 0.6117 - val_accuracy: 0.8427

Epoch 00077: val_loss did not improve from 0.50912
Epoch 78/500
47/47 - 1s - loss: 0.0072 - accuracy: 0.9995 - val_loss: 0.6095 - val_accuracy: 0.8431

Epoch 00078: ReduceLROnPlateau reducing learning rate to 1.5625000742147677e-05.
Restoring model weights from the end of the best epoch.

Epoch 00078: val_loss did not improve from 0.50912
Epoch 00078: early stopping

Fold: 2
Model: "CNN_NET_TF"
_________________________________________________________________
Layer (type)                 Output Shape              Param #   
=================================================================
input_3 (InputLayer)         [(None, 100, 3, 1)]       0         
_________________________________________________________________
conv2d_4 (Conv2D)            (None, 99, 2, 64)         320       
_________________________________________________________________
batch_normalization_6 (Batch (None, 99, 2, 64)         256       
_________________________________________________________________
conv2d_5 (Conv2D)            (None, 98, 1, 128)        32896     
_________________________________________________________________
batch_normalization_7 (Batch (None, 98, 1, 128)        512       
_________________________________________________________________
flatten_2 (Flatten)          (None, 12544)             0         
_________________________________________________________________
dense_4 (Dense)              (None, 128)               1605760   
_________________________________________________________________
batch_normalization_8 (Batch (None, 128)               512       
_________________________________________________________________
dropout_2 (Dropout)          (None, 128)               0         
_________________________________________________________________
dense_5 (Dense)              (None, 6)                 774       
=================================================================
Total params: 1,641,030
Trainable params: 1,640,390
Non-trainable params: 640
_________________________________________________________________
None
Epoch 1/500
47/47 - 4s - loss: 1.5487 - accuracy: 0.5034 - val_loss: 1.4860 - val_accuracy: 0.3216

Epoch 00001: val_loss improved from inf to 1.48599, saving model to ./Models/CNN_NET_TF2.hdf5
Epoch 2/500
47/47 - 1s - loss: 0.9709 - accuracy: 0.6235 - val_loss: 1.8595 - val_accuracy: 0.1677

Epoch 00002: val_loss did not improve from 1.48599
Epoch 3/500
47/47 - 1s - loss: 0.7972 - accuracy: 0.6895 - val_loss: 2.3559 - val_accuracy: 0.2036

Epoch 00003: val_loss did not improve from 1.48599
Epoch 4/500
47/47 - 1s - loss: 0.6804 - accuracy: 0.7362 - val_loss: 2.9321 - val_accuracy: 0.2221

Epoch 00004: val_loss did not improve from 1.48599
Epoch 5/500
47/47 - 1s - loss: 0.5669 - accuracy: 0.7844 - val_loss: 3.2036 - val_accuracy: 0.2332

Epoch 00005: val_loss did not improve from 1.48599
Epoch 6/500
47/47 - 1s - loss: 0.5001 - accuracy: 0.8196 - val_loss: 2.9825 - val_accuracy: 0.2409

Epoch 00006: val_loss did not improve from 1.48599
Epoch 7/500
47/47 - 1s - loss: 0.4388 - accuracy: 0.8396 - val_loss: 2.9014 - val_accuracy: 0.2792

Epoch 00007: val_loss did not improve from 1.48599
Epoch 8/500
47/47 - 1s - loss: 0.3998 - accuracy: 0.8586 - val_loss: 2.3152 - val_accuracy: 0.3485

Epoch 00008: val_loss did not improve from 1.48599
Epoch 9/500
47/47 - 1s - loss: 0.4559 - accuracy: 0.8375 - val_loss: 1.1799 - val_accuracy: 0.5269

Epoch 00009: val_loss improved from 1.48599 to 1.17994, saving model to ./Models/CNN_NET_TF2.hdf5
Epoch 10/500
47/47 - 1s - loss: 0.3721 - accuracy: 0.8691 - val_loss: 1.1895 - val_accuracy: 0.5763

Epoch 00010: val_loss did not improve from 1.17994
Epoch 11/500
47/47 - 1s - loss: 0.3234 - accuracy: 0.8840 - val_loss: 0.9376 - val_accuracy: 0.6613

Epoch 00011: val_loss improved from 1.17994 to 0.93755, saving model to ./Models/CNN_NET_TF2.hdf5
Epoch 12/500
47/47 - 1s - loss: 0.2779 - accuracy: 0.9075 - val_loss: 0.8489 - val_accuracy: 0.7103

Epoch 00012: val_loss improved from 0.93755 to 0.84894, saving model to ./Models/CNN_NET_TF2.hdf5
Epoch 13/500
47/47 - 1s - loss: 0.2706 - accuracy: 0.9062 - val_loss: 0.6829 - val_accuracy: 0.7480

Epoch 00013: val_loss improved from 0.84894 to 0.68289, saving model to ./Models/CNN_NET_TF2.hdf5
Epoch 14/500
47/47 - 1s - loss: 0.2395 - accuracy: 0.9164 - val_loss: 0.6722 - val_accuracy: 0.7544

Epoch 00014: val_loss improved from 0.68289 to 0.67219, saving model to ./Models/CNN_NET_TF2.hdf5
Epoch 15/500
47/47 - 1s - loss: 0.2118 - accuracy: 0.9282 - val_loss: 0.6071 - val_accuracy: 0.7816

Epoch 00015: val_loss improved from 0.67219 to 0.60709, saving model to ./Models/CNN_NET_TF2.hdf5
Epoch 16/500
47/47 - 1s - loss: 0.1988 - accuracy: 0.9339 - val_loss: 0.6760 - val_accuracy: 0.7574

Epoch 00016: val_loss did not improve from 0.60709
Epoch 17/500
47/47 - 1s - loss: 0.1507 - accuracy: 0.9527 - val_loss: 0.5941 - val_accuracy: 0.7937

Epoch 00017: val_loss improved from 0.60709 to 0.59407, saving model to ./Models/CNN_NET_TF2.hdf5
Epoch 18/500
47/47 - 1s - loss: 0.1374 - accuracy: 0.9556 - val_loss: 0.6496 - val_accuracy: 0.7796

Epoch 00018: val_loss did not improve from 0.59407
Epoch 19/500
47/47 - 1s - loss: 0.1249 - accuracy: 0.9598 - val_loss: 0.6116 - val_accuracy: 0.8054

Epoch 00019: val_loss did not improve from 0.59407
Epoch 20/500
47/47 - 1s - loss: 0.1129 - accuracy: 0.9658 - val_loss: 0.7244 - val_accuracy: 0.7648

Epoch 00020: val_loss did not improve from 0.59407
Epoch 21/500
47/47 - 1s - loss: 0.1864 - accuracy: 0.9385 - val_loss: 0.9350 - val_accuracy: 0.7597

Epoch 00021: val_loss did not improve from 0.59407
Epoch 22/500
47/47 - 1s - loss: 0.1590 - accuracy: 0.9456 - val_loss: 0.6603 - val_accuracy: 0.8014

Epoch 00022: val_loss did not improve from 0.59407
Epoch 23/500
47/47 - 1s - loss: 0.1115 - accuracy: 0.9656 - val_loss: 0.6992 - val_accuracy: 0.7745

Epoch 00023: val_loss did not improve from 0.59407
Epoch 24/500
47/47 - 1s - loss: 0.0993 - accuracy: 0.9685 - val_loss: 0.6097 - val_accuracy: 0.8041

Epoch 00024: val_loss did not improve from 0.59407
Epoch 25/500
47/47 - 1s - loss: 0.0857 - accuracy: 0.9749 - val_loss: 0.6079 - val_accuracy: 0.8031

Epoch 00025: val_loss did not improve from 0.59407
Epoch 26/500
47/47 - 1s - loss: 0.0741 - accuracy: 0.9771 - val_loss: 0.6840 - val_accuracy: 0.7839

Epoch 00026: val_loss did not improve from 0.59407
Epoch 27/500
47/47 - 1s - loss: 0.0721 - accuracy: 0.9796 - val_loss: 0.6534 - val_accuracy: 0.7991

Epoch 00027: ReduceLROnPlateau reducing learning rate to 0.0005000000237487257.

Epoch 00027: val_loss did not improve from 0.59407
Epoch 28/500
47/47 - 1s - loss: 0.0695 - accuracy: 0.9781 - val_loss: 0.6100 - val_accuracy: 0.8065

Epoch 00028: val_loss did not improve from 0.59407
Epoch 29/500
47/47 - 1s - loss: 0.0567 - accuracy: 0.9838 - val_loss: 0.5602 - val_accuracy: 0.8249

Epoch 00029: val_loss improved from 0.59407 to 0.56018, saving model to ./Models/CNN_NET_TF2.hdf5
Epoch 30/500
47/47 - 1s - loss: 0.0382 - accuracy: 0.9915 - val_loss: 0.5399 - val_accuracy: 0.8330

Epoch 00030: val_loss improved from 0.56018 to 0.53986, saving model to ./Models/CNN_NET_TF2.hdf5
Epoch 31/500
47/47 - 1s - loss: 0.0349 - accuracy: 0.9915 - val_loss: 0.5643 - val_accuracy: 0.8330

Epoch 00031: val_loss did not improve from 0.53986
Epoch 32/500
47/47 - 1s - loss: 0.0276 - accuracy: 0.9939 - val_loss: 0.5570 - val_accuracy: 0.8340

Epoch 00032: val_loss did not improve from 0.53986
Epoch 33/500
47/47 - 1s - loss: 0.0242 - accuracy: 0.9951 - val_loss: 0.5479 - val_accuracy: 0.8414

Epoch 00033: val_loss did not improve from 0.53986
Epoch 34/500
47/47 - 1s - loss: 0.0204 - accuracy: 0.9964 - val_loss: 0.5837 - val_accuracy: 0.8290

Epoch 00034: val_loss did not improve from 0.53986
Epoch 35/500
47/47 - 1s - loss: 0.0195 - accuracy: 0.9970 - val_loss: 0.5694 - val_accuracy: 0.8451

Epoch 00035: val_loss did not improve from 0.53986
Epoch 36/500
47/47 - 1s - loss: 0.0184 - accuracy: 0.9966 - val_loss: 0.6124 - val_accuracy: 0.8333

Epoch 00036: val_loss did not improve from 0.53986
Epoch 37/500
47/47 - 1s - loss: 0.0165 - accuracy: 0.9975 - val_loss: 0.5955 - val_accuracy: 0.8367

Epoch 00037: val_loss did not improve from 0.53986
Epoch 38/500
47/47 - 1s - loss: 0.0141 - accuracy: 0.9977 - val_loss: 0.5908 - val_accuracy: 0.8427

Epoch 00038: val_loss did not improve from 0.53986
Epoch 39/500
47/47 - 1s - loss: 0.0143 - accuracy: 0.9973 - val_loss: 0.6025 - val_accuracy: 0.8390

Epoch 00039: val_loss did not improve from 0.53986
Epoch 40/500
47/47 - 1s - loss: 0.0178 - accuracy: 0.9961 - val_loss: 0.6566 - val_accuracy: 0.8317

Epoch 00040: ReduceLROnPlateau reducing learning rate to 0.0002500000118743628.

Epoch 00040: val_loss did not improve from 0.53986
Epoch 41/500
47/47 - 1s - loss: 0.0184 - accuracy: 0.9957 - val_loss: 0.6104 - val_accuracy: 0.8357

Epoch 00041: val_loss did not improve from 0.53986
Epoch 42/500
47/47 - 1s - loss: 0.0127 - accuracy: 0.9983 - val_loss: 0.6150 - val_accuracy: 0.8411

Epoch 00042: val_loss did not improve from 0.53986
Epoch 43/500
47/47 - 1s - loss: 0.0107 - accuracy: 0.9987 - val_loss: 0.6117 - val_accuracy: 0.8390

Epoch 00043: val_loss did not improve from 0.53986
Epoch 44/500
47/47 - 1s - loss: 0.0113 - accuracy: 0.9984 - val_loss: 0.6150 - val_accuracy: 0.8404

Epoch 00044: val_loss did not improve from 0.53986
Epoch 45/500
47/47 - 1s - loss: 0.0097 - accuracy: 0.9991 - val_loss: 0.6194 - val_accuracy: 0.8404

Epoch 00045: val_loss did not improve from 0.53986
Epoch 46/500
47/47 - 1s - loss: 0.0098 - accuracy: 0.9985 - val_loss: 0.6233 - val_accuracy: 0.8397

Epoch 00046: val_loss did not improve from 0.53986
Epoch 47/500
47/47 - 1s - loss: 0.0093 - accuracy: 0.9989 - val_loss: 0.6309 - val_accuracy: 0.8390

Epoch 00047: val_loss did not improve from 0.53986
Epoch 48/500
47/47 - 1s - loss: 0.0094 - accuracy: 0.9989 - val_loss: 0.6334 - val_accuracy: 0.8397

Epoch 00048: val_loss did not improve from 0.53986
Epoch 49/500
47/47 - 1s - loss: 0.0085 - accuracy: 0.9992 - val_loss: 0.6326 - val_accuracy: 0.8411

Epoch 00049: val_loss did not improve from 0.53986
Epoch 50/500
47/47 - 1s - loss: 0.0090 - accuracy: 0.9991 - val_loss: 0.6319 - val_accuracy: 0.8417

Epoch 00050: ReduceLROnPlateau reducing learning rate to 0.0001250000059371814.

Epoch 00050: val_loss did not improve from 0.53986
Epoch 51/500
47/47 - 1s - loss: 0.0079 - accuracy: 0.9988 - val_loss: 0.6312 - val_accuracy: 0.8414

Epoch 00051: val_loss did not improve from 0.53986
Epoch 52/500
47/47 - 1s - loss: 0.0075 - accuracy: 0.9994 - val_loss: 0.6330 - val_accuracy: 0.8394

Epoch 00052: val_loss did not improve from 0.53986
Epoch 53/500
47/47 - 1s - loss: 0.0075 - accuracy: 0.9995 - val_loss: 0.6315 - val_accuracy: 0.8411

Epoch 00053: val_loss did not improve from 0.53986
Epoch 54/500
47/47 - 1s - loss: 0.0082 - accuracy: 0.9987 - val_loss: 0.6358 - val_accuracy: 0.8407

Epoch 00054: val_loss did not improve from 0.53986
Epoch 55/500
47/47 - 1s - loss: 0.0072 - accuracy: 0.9990 - val_loss: 0.6403 - val_accuracy: 0.8417

Epoch 00055: val_loss did not improve from 0.53986
Epoch 56/500
47/47 - 1s - loss: 0.0076 - accuracy: 0.9991 - val_loss: 0.6436 - val_accuracy: 0.8417

Epoch 00056: val_loss did not improve from 0.53986
Epoch 57/500
47/47 - 1s - loss: 0.0070 - accuracy: 0.9995 - val_loss: 0.6425 - val_accuracy: 0.8411

Epoch 00057: val_loss did not improve from 0.53986
Epoch 58/500
47/47 - 1s - loss: 0.0078 - accuracy: 0.9990 - val_loss: 0.6412 - val_accuracy: 0.8387

Epoch 00058: val_loss did not improve from 0.53986
Epoch 59/500
47/47 - 1s - loss: 0.0064 - accuracy: 0.9997 - val_loss: 0.6402 - val_accuracy: 0.8397

Epoch 00059: val_loss did not improve from 0.53986
Epoch 60/500
47/47 - 1s - loss: 0.0064 - accuracy: 0.9993 - val_loss: 0.6430 - val_accuracy: 0.8427

Epoch 00060: ReduceLROnPlateau reducing learning rate to 6.25000029685907e-05.

Epoch 00060: val_loss did not improve from 0.53986
Epoch 61/500
47/47 - 1s - loss: 0.0061 - accuracy: 0.9997 - val_loss: 0.6443 - val_accuracy: 0.8424

Epoch 00061: val_loss did not improve from 0.53986
Epoch 62/500
47/47 - 1s - loss: 0.0069 - accuracy: 0.9990 - val_loss: 0.6467 - val_accuracy: 0.8414

Epoch 00062: val_loss did not improve from 0.53986
Epoch 63/500
47/47 - 1s - loss: 0.0066 - accuracy: 0.9992 - val_loss: 0.6479 - val_accuracy: 0.8397

Epoch 00063: val_loss did not improve from 0.53986
Epoch 64/500
47/47 - 1s - loss: 0.0059 - accuracy: 0.9997 - val_loss: 0.6481 - val_accuracy: 0.8417

Epoch 00064: val_loss did not improve from 0.53986
Epoch 65/500
47/47 - 1s - loss: 0.0063 - accuracy: 0.9994 - val_loss: 0.6468 - val_accuracy: 0.8411

Epoch 00065: val_loss did not improve from 0.53986
Epoch 66/500
47/47 - 1s - loss: 0.0059 - accuracy: 0.9997 - val_loss: 0.6476 - val_accuracy: 0.8401

Epoch 00066: val_loss did not improve from 0.53986
Epoch 67/500
47/47 - 1s - loss: 0.0061 - accuracy: 0.9993 - val_loss: 0.6467 - val_accuracy: 0.8421

Epoch 00067: val_loss did not improve from 0.53986
Epoch 68/500
47/47 - 1s - loss: 0.0067 - accuracy: 0.9996 - val_loss: 0.6482 - val_accuracy: 0.8417

Epoch 00068: val_loss did not improve from 0.53986
Epoch 69/500
47/47 - 1s - loss: 0.0056 - accuracy: 0.9995 - val_loss: 0.6509 - val_accuracy: 0.8394

Epoch 00069: val_loss did not improve from 0.53986
Epoch 70/500
47/47 - 1s - loss: 0.0057 - accuracy: 0.9997 - val_loss: 0.6513 - val_accuracy: 0.8407

Epoch 00070: ReduceLROnPlateau reducing learning rate to 3.125000148429535e-05.

Epoch 00070: val_loss did not improve from 0.53986
Epoch 71/500
47/47 - 1s - loss: 0.0051 - accuracy: 0.9997 - val_loss: 0.6521 - val_accuracy: 0.8407

Epoch 00071: val_loss did not improve from 0.53986
Epoch 72/500
47/47 - 1s - loss: 0.0059 - accuracy: 0.9995 - val_loss: 0.6529 - val_accuracy: 0.8417

Epoch 00072: val_loss did not improve from 0.53986
Epoch 73/500
47/47 - 1s - loss: 0.0055 - accuracy: 0.9997 - val_loss: 0.6523 - val_accuracy: 0.8407

Epoch 00073: val_loss did not improve from 0.53986
Epoch 74/500
47/47 - 1s - loss: 0.0060 - accuracy: 0.9994 - val_loss: 0.6517 - val_accuracy: 0.8417

Epoch 00074: val_loss did not improve from 0.53986
Epoch 75/500
47/47 - 1s - loss: 0.0051 - accuracy: 0.9998 - val_loss: 0.6522 - val_accuracy: 0.8431

Epoch 00075: val_loss did not improve from 0.53986
Epoch 76/500
47/47 - 1s - loss: 0.0053 - accuracy: 0.9999 - val_loss: 0.6532 - val_accuracy: 0.8438

Epoch 00076: val_loss did not improve from 0.53986
Epoch 77/500
47/47 - 1s - loss: 0.0058 - accuracy: 0.9997 - val_loss: 0.6516 - val_accuracy: 0.8424

Epoch 00077: val_loss did not improve from 0.53986
Epoch 78/500
47/47 - 1s - loss: 0.0055 - accuracy: 0.9997 - val_loss: 0.6528 - val_accuracy: 0.8411

Epoch 00078: val_loss did not improve from 0.53986
Epoch 79/500
47/47 - 1s - loss: 0.0058 - accuracy: 0.9992 - val_loss: 0.6575 - val_accuracy: 0.8417

Epoch 00079: val_loss did not improve from 0.53986
Epoch 80/500
47/47 - 1s - loss: 0.0060 - accuracy: 0.9991 - val_loss: 0.6574 - val_accuracy: 0.8411

Epoch 00080: ReduceLROnPlateau reducing learning rate to 1.5625000742147677e-05.
Restoring model weights from the end of the best epoch.

Epoch 00080: val_loss did not improve from 0.53986
Epoch 00080: early stopping

Fold: 3
Model: "CNN_NET_TF"
_________________________________________________________________
Layer (type)                 Output Shape              Param #   
=================================================================
input_4 (InputLayer)         [(None, 100, 3, 1)]       0         
_________________________________________________________________
conv2d_6 (Conv2D)            (None, 99, 2, 64)         320       
_________________________________________________________________
batch_normalization_9 (Batch (None, 99, 2, 64)         256       
_________________________________________________________________
conv2d_7 (Conv2D)            (None, 98, 1, 128)        32896     
_________________________________________________________________
batch_normalization_10 (Batc (None, 98, 1, 128)        512       
_________________________________________________________________
flatten_3 (Flatten)          (None, 12544)             0         
_________________________________________________________________
dense_6 (Dense)              (None, 128)               1605760   
_________________________________________________________________
batch_normalization_11 (Batc (None, 128)               512       
_________________________________________________________________
dropout_3 (Dropout)          (None, 128)               0         
_________________________________________________________________
dense_7 (Dense)              (None, 6)                 774       
=================================================================
Total params: 1,641,030
Trainable params: 1,640,390
Non-trainable params: 640
_________________________________________________________________
None
Epoch 1/500
47/47 - 4s - loss: 1.6721 - accuracy: 0.4868 - val_loss: 1.5130 - val_accuracy: 0.3866

Epoch 00001: val_loss improved from inf to 1.51297, saving model to ./Models/CNN_NET_TF3.hdf5
Epoch 2/500
47/47 - 1s - loss: 1.0273 - accuracy: 0.5899 - val_loss: 1.6248 - val_accuracy: 0.3103

Epoch 00002: val_loss did not improve from 1.51297
Epoch 3/500
47/47 - 1s - loss: 0.8696 - accuracy: 0.6538 - val_loss: 1.8214 - val_accuracy: 0.2155

Epoch 00003: val_loss did not improve from 1.51297
Epoch 4/500
47/47 - 1s - loss: 0.7221 - accuracy: 0.7161 - val_loss: 2.0398 - val_accuracy: 0.2151

Epoch 00004: val_loss did not improve from 1.51297
Epoch 5/500
47/47 - 1s - loss: 0.6117 - accuracy: 0.7709 - val_loss: 2.2245 - val_accuracy: 0.1892

Epoch 00005: val_loss did not improve from 1.51297
Epoch 6/500
47/47 - 1s - loss: 0.5362 - accuracy: 0.8011 - val_loss: 2.3986 - val_accuracy: 0.2608

Epoch 00006: val_loss did not improve from 1.51297
Epoch 7/500
47/47 - 1s - loss: 0.4673 - accuracy: 0.8293 - val_loss: 2.2646 - val_accuracy: 0.3328

Epoch 00007: val_loss did not improve from 1.51297
Epoch 8/500
47/47 - 1s - loss: 0.4085 - accuracy: 0.8538 - val_loss: 2.0493 - val_accuracy: 0.3761

Epoch 00008: val_loss did not improve from 1.51297
Epoch 9/500
47/47 - 1s - loss: 0.3653 - accuracy: 0.8736 - val_loss: 1.7934 - val_accuracy: 0.4400

Epoch 00009: val_loss did not improve from 1.51297
Epoch 10/500
47/47 - 1s - loss: 0.3452 - accuracy: 0.8800 - val_loss: 1.1836 - val_accuracy: 0.5664

Epoch 00010: val_loss improved from 1.51297 to 1.18365, saving model to ./Models/CNN_NET_TF3.hdf5
Epoch 11/500
47/47 - 1s - loss: 0.3152 - accuracy: 0.8910 - val_loss: 0.9167 - val_accuracy: 0.6723

Epoch 00011: val_loss improved from 1.18365 to 0.91671, saving model to ./Models/CNN_NET_TF3.hdf5
Epoch 12/500
47/47 - 1s - loss: 0.2788 - accuracy: 0.9035 - val_loss: 0.9104 - val_accuracy: 0.6810

Epoch 00012: val_loss improved from 0.91671 to 0.91043, saving model to ./Models/CNN_NET_TF3.hdf5
Epoch 13/500
47/47 - 1s - loss: 0.2669 - accuracy: 0.9071 - val_loss: 0.7537 - val_accuracy: 0.7328

Epoch 00013: val_loss improved from 0.91043 to 0.75367, saving model to ./Models/CNN_NET_TF3.hdf5
Epoch 14/500
47/47 - 1s - loss: 0.2421 - accuracy: 0.9185 - val_loss: 0.6772 - val_accuracy: 0.7573

Epoch 00014: val_loss improved from 0.75367 to 0.67720, saving model to ./Models/CNN_NET_TF3.hdf5
Epoch 15/500
47/47 - 1s - loss: 0.2123 - accuracy: 0.9285 - val_loss: 0.7344 - val_accuracy: 0.7529

Epoch 00015: val_loss did not improve from 0.67720
Epoch 16/500
47/47 - 1s - loss: 0.1934 - accuracy: 0.9368 - val_loss: 0.7989 - val_accuracy: 0.7425

Epoch 00016: val_loss did not improve from 0.67720
Epoch 17/500
47/47 - 1s - loss: 0.1882 - accuracy: 0.9359 - val_loss: 0.6603 - val_accuracy: 0.7684

Epoch 00017: val_loss improved from 0.67720 to 0.66027, saving model to ./Models/CNN_NET_TF3.hdf5
Epoch 18/500
47/47 - 1s - loss: 0.1545 - accuracy: 0.9525 - val_loss: 0.9362 - val_accuracy: 0.7348

Epoch 00018: val_loss did not improve from 0.66027
Epoch 19/500
47/47 - 1s - loss: 0.1665 - accuracy: 0.9456 - val_loss: 0.7701 - val_accuracy: 0.7664

Epoch 00019: val_loss did not improve from 0.66027
Epoch 20/500
47/47 - 1s - loss: 0.1633 - accuracy: 0.9477 - val_loss: 0.8969 - val_accuracy: 0.7328

Epoch 00020: val_loss did not improve from 0.66027
Epoch 21/500
47/47 - 1s - loss: 0.1671 - accuracy: 0.9441 - val_loss: 0.7136 - val_accuracy: 0.7617

Epoch 00021: val_loss did not improve from 0.66027
Epoch 22/500
47/47 - 1s - loss: 0.1207 - accuracy: 0.9625 - val_loss: 0.6755 - val_accuracy: 0.7741

Epoch 00022: val_loss did not improve from 0.66027
Epoch 23/500
47/47 - 1s - loss: 0.1023 - accuracy: 0.9690 - val_loss: 0.7140 - val_accuracy: 0.7644

Epoch 00023: val_loss did not improve from 0.66027
Epoch 24/500
47/47 - 1s - loss: 0.0827 - accuracy: 0.9770 - val_loss: 0.6838 - val_accuracy: 0.7785

Epoch 00024: val_loss did not improve from 0.66027
Epoch 25/500
47/47 - 1s - loss: 0.0774 - accuracy: 0.9770 - val_loss: 0.6948 - val_accuracy: 0.7869

Epoch 00025: val_loss did not improve from 0.66027
Epoch 26/500
47/47 - 1s - loss: 0.0658 - accuracy: 0.9816 - val_loss: 0.8133 - val_accuracy: 0.7711

Epoch 00026: val_loss did not improve from 0.66027
Epoch 27/500
47/47 - 1s - loss: 0.0668 - accuracy: 0.9823 - val_loss: 0.6614 - val_accuracy: 0.7916

Epoch 00027: ReduceLROnPlateau reducing learning rate to 0.0005000000237487257.

Epoch 00027: val_loss did not improve from 0.66027
Epoch 28/500
47/47 - 1s - loss: 0.0543 - accuracy: 0.9855 - val_loss: 0.6615 - val_accuracy: 0.8061

Epoch 00028: val_loss did not improve from 0.66027
Epoch 29/500
47/47 - 1s - loss: 0.0490 - accuracy: 0.9863 - val_loss: 0.6389 - val_accuracy: 0.8054

Epoch 00029: val_loss improved from 0.66027 to 0.63892, saving model to ./Models/CNN_NET_TF3.hdf5
Epoch 30/500
47/47 - 1s - loss: 0.0391 - accuracy: 0.9908 - val_loss: 0.6629 - val_accuracy: 0.8061

Epoch 00030: val_loss did not improve from 0.63892
Epoch 31/500
47/47 - 1s - loss: 0.0316 - accuracy: 0.9932 - val_loss: 0.6404 - val_accuracy: 0.8101

Epoch 00031: val_loss did not improve from 0.63892
Epoch 32/500
47/47 - 1s - loss: 0.0257 - accuracy: 0.9955 - val_loss: 0.6424 - val_accuracy: 0.8148

Epoch 00032: val_loss did not improve from 0.63892
Epoch 33/500
47/47 - 1s - loss: 0.0260 - accuracy: 0.9953 - val_loss: 0.6525 - val_accuracy: 0.8124

Epoch 00033: val_loss did not improve from 0.63892
Epoch 34/500
47/47 - 1s - loss: 0.0210 - accuracy: 0.9968 - val_loss: 0.6380 - val_accuracy: 0.8215

Epoch 00034: val_loss improved from 0.63892 to 0.63801, saving model to ./Models/CNN_NET_TF3.hdf5
Epoch 35/500
47/47 - 1s - loss: 0.0192 - accuracy: 0.9961 - val_loss: 0.6419 - val_accuracy: 0.8131

Epoch 00035: val_loss did not improve from 0.63801
Epoch 36/500
47/47 - 1s - loss: 0.0186 - accuracy: 0.9969 - val_loss: 0.6514 - val_accuracy: 0.8205

Epoch 00036: val_loss did not improve from 0.63801
Epoch 37/500
47/47 - 1s - loss: 0.0164 - accuracy: 0.9971 - val_loss: 0.6497 - val_accuracy: 0.8192

Epoch 00037: val_loss did not improve from 0.63801
Epoch 38/500
47/47 - 1s - loss: 0.0164 - accuracy: 0.9972 - val_loss: 0.6946 - val_accuracy: 0.8212

Epoch 00038: val_loss did not improve from 0.63801
Epoch 39/500
47/47 - 1s - loss: 0.0142 - accuracy: 0.9976 - val_loss: 0.6731 - val_accuracy: 0.8124

Epoch 00039: val_loss did not improve from 0.63801
Epoch 40/500
47/47 - 1s - loss: 0.0152 - accuracy: 0.9975 - val_loss: 0.6870 - val_accuracy: 0.8235

Epoch 00040: val_loss did not improve from 0.63801
Epoch 41/500
47/47 - 1s - loss: 0.0142 - accuracy: 0.9976 - val_loss: 0.6910 - val_accuracy: 0.8168

Epoch 00041: val_loss did not improve from 0.63801
Epoch 42/500
47/47 - 1s - loss: 0.0123 - accuracy: 0.9983 - val_loss: 0.7098 - val_accuracy: 0.8128

Epoch 00042: val_loss did not improve from 0.63801
Epoch 43/500
47/47 - 1s - loss: 0.0110 - accuracy: 0.9989 - val_loss: 0.7006 - val_accuracy: 0.8229

Epoch 00043: val_loss did not improve from 0.63801
Epoch 44/500
47/47 - 1s - loss: 0.0118 - accuracy: 0.9982 - val_loss: 0.7120 - val_accuracy: 0.8175

Epoch 00044: ReduceLROnPlateau reducing learning rate to 0.0002500000118743628.

Epoch 00044: val_loss did not improve from 0.63801
Epoch 45/500
47/47 - 1s - loss: 0.0106 - accuracy: 0.9989 - val_loss: 0.7059 - val_accuracy: 0.8239

Epoch 00045: val_loss did not improve from 0.63801
Epoch 46/500
47/47 - 1s - loss: 0.0102 - accuracy: 0.9983 - val_loss: 0.7052 - val_accuracy: 0.8212

Epoch 00046: val_loss did not improve from 0.63801
Epoch 47/500
47/47 - 1s - loss: 0.0087 - accuracy: 0.9992 - val_loss: 0.7010 - val_accuracy: 0.8235

Epoch 00047: val_loss did not improve from 0.63801
Epoch 48/500
47/47 - 1s - loss: 0.0083 - accuracy: 0.9991 - val_loss: 0.7433 - val_accuracy: 0.8158

Epoch 00048: val_loss did not improve from 0.63801
Epoch 49/500
47/47 - 1s - loss: 0.0075 - accuracy: 0.9991 - val_loss: 0.7147 - val_accuracy: 0.8282

Epoch 00049: val_loss did not improve from 0.63801
Epoch 50/500
47/47 - 1s - loss: 0.0074 - accuracy: 0.9995 - val_loss: 0.7472 - val_accuracy: 0.8145

Epoch 00050: val_loss did not improve from 0.63801
Epoch 51/500
47/47 - 1s - loss: 0.0080 - accuracy: 0.9991 - val_loss: 0.7233 - val_accuracy: 0.8205

Epoch 00051: val_loss did not improve from 0.63801
Epoch 52/500
47/47 - 1s - loss: 0.0069 - accuracy: 0.9993 - val_loss: 0.7296 - val_accuracy: 0.8185

Epoch 00052: val_loss did not improve from 0.63801
Epoch 53/500
47/47 - 1s - loss: 0.0066 - accuracy: 0.9994 - val_loss: 0.7199 - val_accuracy: 0.8242

Epoch 00053: val_loss did not improve from 0.63801
Epoch 54/500
47/47 - 1s - loss: 0.0076 - accuracy: 0.9991 - val_loss: 0.7159 - val_accuracy: 0.8249

Epoch 00054: ReduceLROnPlateau reducing learning rate to 0.0001250000059371814.

Epoch 00054: val_loss did not improve from 0.63801
Epoch 55/500
47/47 - 1s - loss: 0.0069 - accuracy: 0.9990 - val_loss: 0.7144 - val_accuracy: 0.8242

Epoch 00055: val_loss did not improve from 0.63801
Epoch 56/500
47/47 - 1s - loss: 0.0064 - accuracy: 0.9992 - val_loss: 0.7286 - val_accuracy: 0.8239

Epoch 00056: val_loss did not improve from 0.63801
Epoch 57/500
47/47 - 1s - loss: 0.0060 - accuracy: 0.9995 - val_loss: 0.7211 - val_accuracy: 0.8262

Epoch 00057: val_loss did not improve from 0.63801
Epoch 58/500
47/47 - 1s - loss: 0.0063 - accuracy: 0.9992 - val_loss: 0.7346 - val_accuracy: 0.8232

Epoch 00058: val_loss did not improve from 0.63801
Epoch 59/500
47/47 - 1s - loss: 0.0065 - accuracy: 0.9991 - val_loss: 0.7253 - val_accuracy: 0.8208

Epoch 00059: val_loss did not improve from 0.63801
Epoch 60/500
47/47 - 1s - loss: 0.0057 - accuracy: 0.9997 - val_loss: 0.7343 - val_accuracy: 0.8212

Epoch 00060: val_loss did not improve from 0.63801
Epoch 61/500
47/47 - 1s - loss: 0.0054 - accuracy: 0.9997 - val_loss: 0.7294 - val_accuracy: 0.8255

Epoch 00061: val_loss did not improve from 0.63801
Epoch 62/500
47/47 - 1s - loss: 0.0060 - accuracy: 0.9996 - val_loss: 0.7327 - val_accuracy: 0.8269

Epoch 00062: val_loss did not improve from 0.63801
Epoch 63/500
47/47 - 1s - loss: 0.0057 - accuracy: 0.9993 - val_loss: 0.7420 - val_accuracy: 0.8218

Epoch 00063: val_loss did not improve from 0.63801
Epoch 64/500
47/47 - 1s - loss: 0.0051 - accuracy: 0.9998 - val_loss: 0.7364 - val_accuracy: 0.8269

Epoch 00064: ReduceLROnPlateau reducing learning rate to 6.25000029685907e-05.

Epoch 00064: val_loss did not improve from 0.63801
Epoch 65/500
47/47 - 1s - loss: 0.0053 - accuracy: 0.9996 - val_loss: 0.7532 - val_accuracy: 0.8182

Epoch 00065: val_loss did not improve from 0.63801
Epoch 66/500
47/47 - 1s - loss: 0.0059 - accuracy: 0.9992 - val_loss: 0.7502 - val_accuracy: 0.8225

Epoch 00066: val_loss did not improve from 0.63801
Epoch 67/500
47/47 - 1s - loss: 0.0051 - accuracy: 0.9995 - val_loss: 0.7477 - val_accuracy: 0.8229

Epoch 00067: val_loss did not improve from 0.63801
Epoch 68/500
47/47 - 1s - loss: 0.0055 - accuracy: 0.9993 - val_loss: 0.7430 - val_accuracy: 0.8239

Epoch 00068: val_loss did not improve from 0.63801
Epoch 69/500
47/47 - 1s - loss: 0.0050 - accuracy: 0.9998 - val_loss: 0.7519 - val_accuracy: 0.8212

Epoch 00069: val_loss did not improve from 0.63801
Epoch 70/500
47/47 - 1s - loss: 0.0048 - accuracy: 0.9997 - val_loss: 0.7501 - val_accuracy: 0.8229

Epoch 00070: val_loss did not improve from 0.63801
Epoch 71/500
47/47 - 1s - loss: 0.0044 - accuracy: 0.9997 - val_loss: 0.7513 - val_accuracy: 0.8222

Epoch 00071: val_loss did not improve from 0.63801
Epoch 72/500
47/47 - 1s - loss: 0.0049 - accuracy: 0.9998 - val_loss: 0.7585 - val_accuracy: 0.8205

Epoch 00072: val_loss did not improve from 0.63801
Epoch 73/500
47/47 - 1s - loss: 0.0048 - accuracy: 0.9994 - val_loss: 0.7520 - val_accuracy: 0.8215

Epoch 00073: val_loss did not improve from 0.63801
Epoch 74/500
47/47 - 1s - loss: 0.0045 - accuracy: 0.9998 - val_loss: 0.7564 - val_accuracy: 0.8208

Epoch 00074: ReduceLROnPlateau reducing learning rate to 3.125000148429535e-05.

Epoch 00074: val_loss did not improve from 0.63801
Epoch 75/500
47/47 - 1s - loss: 0.0045 - accuracy: 1.0000 - val_loss: 0.7582 - val_accuracy: 0.8208

Epoch 00075: val_loss did not improve from 0.63801
Epoch 76/500
47/47 - 1s - loss: 0.0045 - accuracy: 0.9997 - val_loss: 0.7558 - val_accuracy: 0.8198

Epoch 00076: val_loss did not improve from 0.63801
Epoch 77/500
47/47 - 1s - loss: 0.0052 - accuracy: 0.9992 - val_loss: 0.7485 - val_accuracy: 0.8242

Epoch 00077: val_loss did not improve from 0.63801
Epoch 78/500
47/47 - 1s - loss: 0.0045 - accuracy: 0.9998 - val_loss: 0.7478 - val_accuracy: 0.8255

Epoch 00078: val_loss did not improve from 0.63801
Epoch 79/500
47/47 - 1s - loss: 0.0044 - accuracy: 0.9997 - val_loss: 0.7497 - val_accuracy: 0.8259

Epoch 00079: val_loss did not improve from 0.63801
Epoch 80/500
47/47 - 1s - loss: 0.0049 - accuracy: 0.9993 - val_loss: 0.7602 - val_accuracy: 0.8235

Epoch 00080: val_loss did not improve from 0.63801
Epoch 81/500
47/47 - 1s - loss: 0.0048 - accuracy: 0.9997 - val_loss: 0.7609 - val_accuracy: 0.8235

Epoch 00081: val_loss did not improve from 0.63801
Epoch 82/500
47/47 - 1s - loss: 0.0051 - accuracy: 0.9995 - val_loss: 0.7561 - val_accuracy: 0.8242

Epoch 00082: val_loss did not improve from 0.63801
Epoch 83/500
47/47 - 1s - loss: 0.0043 - accuracy: 0.9999 - val_loss: 0.7614 - val_accuracy: 0.8215

Epoch 00083: val_loss did not improve from 0.63801
Epoch 84/500
47/47 - 1s - loss: 0.0045 - accuracy: 0.9997 - val_loss: 0.7646 - val_accuracy: 0.8225

Epoch 00084: ReduceLROnPlateau reducing learning rate to 1.5625000742147677e-05.
Restoring model weights from the end of the best epoch.

Epoch 00084: val_loss did not improve from 0.63801
Epoch 00084: early stopping

Fold: 4
Model: "CNN_NET_TF"
_________________________________________________________________
Layer (type)                 Output Shape              Param #   
=================================================================
input_5 (InputLayer)         [(None, 100, 3, 1)]       0         
_________________________________________________________________
conv2d_8 (Conv2D)            (None, 99, 2, 64)         320       
_________________________________________________________________
batch_normalization_12 (Batc (None, 99, 2, 64)         256       
_________________________________________________________________
conv2d_9 (Conv2D)            (None, 98, 1, 128)        32896     
_________________________________________________________________
batch_normalization_13 (Batc (None, 98, 1, 128)        512       
_________________________________________________________________
flatten_4 (Flatten)          (None, 12544)             0         
_________________________________________________________________
dense_8 (Dense)              (None, 128)               1605760   
_________________________________________________________________
batch_normalization_14 (Batc (None, 128)               512       
_________________________________________________________________
dropout_4 (Dropout)          (None, 128)               0         
_________________________________________________________________
dense_9 (Dense)              (None, 6)                 774       
=================================================================
Total params: 1,641,030
Trainable params: 1,640,390
Non-trainable params: 640
_________________________________________________________________
None
Epoch 1/500
47/47 - 4s - loss: 1.6188 - accuracy: 0.5086 - val_loss: 1.5102 - val_accuracy: 0.3624

Epoch 00001: val_loss improved from inf to 1.51019, saving model to ./Models/CNN_NET_TF4.hdf5
Epoch 2/500
47/47 - 1s - loss: 1.0202 - accuracy: 0.6151 - val_loss: 1.8436 - val_accuracy: 0.2074

Epoch 00002: val_loss did not improve from 1.51019
Epoch 3/500
47/47 - 1s - loss: 0.8147 - accuracy: 0.6838 - val_loss: 2.3195 - val_accuracy: 0.1960

Epoch 00003: val_loss did not improve from 1.51019
Epoch 4/500
47/47 - 1s - loss: 0.6913 - accuracy: 0.7354 - val_loss: 2.4822 - val_accuracy: 0.1936

Epoch 00004: val_loss did not improve from 1.51019
Epoch 5/500
47/47 - 1s - loss: 0.5950 - accuracy: 0.7784 - val_loss: 2.6829 - val_accuracy: 0.2410

Epoch 00005: val_loss did not improve from 1.51019
Epoch 6/500
47/47 - 1s - loss: 0.5294 - accuracy: 0.8015 - val_loss: 2.4984 - val_accuracy: 0.2760

Epoch 00006: val_loss did not improve from 1.51019
Epoch 7/500
47/47 - 1s - loss: 0.4744 - accuracy: 0.8246 - val_loss: 2.5073 - val_accuracy: 0.2635

Epoch 00007: val_loss did not improve from 1.51019
Epoch 8/500
47/47 - 1s - loss: 0.4274 - accuracy: 0.8462 - val_loss: 1.9286 - val_accuracy: 0.3607

Epoch 00008: val_loss did not improve from 1.51019
Epoch 9/500
47/47 - 1s - loss: 0.3852 - accuracy: 0.8623 - val_loss: 1.6030 - val_accuracy: 0.4541

Epoch 00009: val_loss did not improve from 1.51019
Epoch 10/500
47/47 - 1s - loss: 0.3462 - accuracy: 0.8741 - val_loss: 1.1990 - val_accuracy: 0.5523

Epoch 00010: val_loss improved from 1.51019 to 1.19899, saving model to ./Models/CNN_NET_TF4.hdf5
Epoch 11/500
47/47 - 1s - loss: 0.3037 - accuracy: 0.8967 - val_loss: 0.9318 - val_accuracy: 0.6346

Epoch 00011: val_loss improved from 1.19899 to 0.93182, saving model to ./Models/CNN_NET_TF4.hdf5
Epoch 12/500
47/47 - 1s - loss: 0.2694 - accuracy: 0.9069 - val_loss: 0.8118 - val_accuracy: 0.7143

Epoch 00012: val_loss improved from 0.93182 to 0.81178, saving model to ./Models/CNN_NET_TF4.hdf5
Epoch 13/500
47/47 - 1s - loss: 0.2438 - accuracy: 0.9171 - val_loss: 0.7998 - val_accuracy: 0.7106

Epoch 00013: val_loss improved from 0.81178 to 0.79985, saving model to ./Models/CNN_NET_TF4.hdf5
Epoch 14/500
47/47 - 1s - loss: 0.2497 - accuracy: 0.9122 - val_loss: 0.8150 - val_accuracy: 0.7153

Epoch 00014: val_loss did not improve from 0.79985
Epoch 15/500
47/47 - 1s - loss: 0.2131 - accuracy: 0.9288 - val_loss: 0.7171 - val_accuracy: 0.7412

Epoch 00015: val_loss improved from 0.79985 to 0.71705, saving model to ./Models/CNN_NET_TF4.hdf5
Epoch 16/500
47/47 - 1s - loss: 0.1835 - accuracy: 0.9439 - val_loss: 1.0267 - val_accuracy: 0.7035

Epoch 00016: val_loss did not improve from 0.71705
Epoch 17/500
47/47 - 1s - loss: 0.2522 - accuracy: 0.9162 - val_loss: 0.8262 - val_accuracy: 0.7355

Epoch 00017: val_loss did not improve from 0.71705
Epoch 18/500
47/47 - 1s - loss: 0.1935 - accuracy: 0.9364 - val_loss: 0.7088 - val_accuracy: 0.7509

Epoch 00018: val_loss improved from 0.71705 to 0.70878, saving model to ./Models/CNN_NET_TF4.hdf5
Epoch 19/500
47/47 - 1s - loss: 0.1533 - accuracy: 0.9498 - val_loss: 0.6750 - val_accuracy: 0.7748

Epoch 00019: val_loss improved from 0.70878 to 0.67496, saving model to ./Models/CNN_NET_TF4.hdf5
Epoch 20/500
47/47 - 1s - loss: 0.1475 - accuracy: 0.9505 - val_loss: 0.7368 - val_accuracy: 0.7674

Epoch 00020: val_loss did not improve from 0.67496
Epoch 21/500
47/47 - 1s - loss: 0.1296 - accuracy: 0.9595 - val_loss: 0.7403 - val_accuracy: 0.7782

Epoch 00021: val_loss did not improve from 0.67496
Epoch 22/500
47/47 - 1s - loss: 0.1071 - accuracy: 0.9672 - val_loss: 0.6486 - val_accuracy: 0.7869

Epoch 00022: val_loss improved from 0.67496 to 0.64862, saving model to ./Models/CNN_NET_TF4.hdf5
Epoch 23/500
47/47 - 1s - loss: 0.0980 - accuracy: 0.9703 - val_loss: 0.6461 - val_accuracy: 0.7933

Epoch 00023: val_loss improved from 0.64862 to 0.64609, saving model to ./Models/CNN_NET_TF4.hdf5
Epoch 24/500
47/47 - 1s - loss: 0.0894 - accuracy: 0.9734 - val_loss: 0.6925 - val_accuracy: 0.7896

Epoch 00024: val_loss did not improve from 0.64609
Epoch 25/500
47/47 - 1s - loss: 0.0793 - accuracy: 0.9777 - val_loss: 0.8486 - val_accuracy: 0.7637

Epoch 00025: val_loss did not improve from 0.64609
Epoch 26/500
47/47 - 1s - loss: 0.1031 - accuracy: 0.9711 - val_loss: 1.1589 - val_accuracy: 0.7351

Epoch 00026: val_loss did not improve from 0.64609
Epoch 27/500
47/47 - 1s - loss: 0.1130 - accuracy: 0.9635 - val_loss: 0.7888 - val_accuracy: 0.7755

Epoch 00027: val_loss did not improve from 0.64609
Epoch 28/500
47/47 - 1s - loss: 0.1005 - accuracy: 0.9659 - val_loss: 0.8200 - val_accuracy: 0.7782

Epoch 00028: val_loss did not improve from 0.64609
Epoch 29/500
47/47 - 1s - loss: 0.0745 - accuracy: 0.9776 - val_loss: 0.7175 - val_accuracy: 0.7950

Epoch 00029: val_loss did not improve from 0.64609
Epoch 30/500
47/47 - 1s - loss: 0.0613 - accuracy: 0.9815 - val_loss: 0.7154 - val_accuracy: 0.7916

Epoch 00030: val_loss did not improve from 0.64609
Epoch 31/500
47/47 - 1s - loss: 0.0477 - accuracy: 0.9884 - val_loss: 0.6584 - val_accuracy: 0.8071

Epoch 00031: val_loss did not improve from 0.64609
Epoch 32/500
47/47 - 1s - loss: 0.0445 - accuracy: 0.9882 - val_loss: 0.6504 - val_accuracy: 0.8158

Epoch 00032: val_loss did not improve from 0.64609
Epoch 33/500
47/47 - 1s - loss: 0.0409 - accuracy: 0.9887 - val_loss: 0.6820 - val_accuracy: 0.8091

Epoch 00033: ReduceLROnPlateau reducing learning rate to 0.0005000000237487257.

Epoch 00033: val_loss did not improve from 0.64609
Epoch 34/500
47/47 - 1s - loss: 0.0400 - accuracy: 0.9889 - val_loss: 0.6101 - val_accuracy: 0.8255

Epoch 00034: val_loss improved from 0.64609 to 0.61010, saving model to ./Models/CNN_NET_TF4.hdf5
Epoch 35/500
47/47 - 1s - loss: 0.0361 - accuracy: 0.9907 - val_loss: 0.6004 - val_accuracy: 0.8272

Epoch 00035: val_loss improved from 0.61010 to 0.60038, saving model to ./Models/CNN_NET_TF4.hdf5
Epoch 36/500
47/47 - 1s - loss: 0.0259 - accuracy: 0.9942 - val_loss: 0.6316 - val_accuracy: 0.8266

Epoch 00036: val_loss did not improve from 0.60038
Epoch 37/500
47/47 - 1s - loss: 0.0231 - accuracy: 0.9955 - val_loss: 0.6120 - val_accuracy: 0.8306

Epoch 00037: val_loss did not improve from 0.60038
Epoch 38/500
47/47 - 1s - loss: 0.0190 - accuracy: 0.9961 - val_loss: 0.6142 - val_accuracy: 0.8326

Epoch 00038: val_loss did not improve from 0.60038
Epoch 39/500
47/47 - 1s - loss: 0.0179 - accuracy: 0.9962 - val_loss: 0.6249 - val_accuracy: 0.8292

Epoch 00039: val_loss did not improve from 0.60038
Epoch 40/500
47/47 - 1s - loss: 0.0172 - accuracy: 0.9965 - val_loss: 0.6299 - val_accuracy: 0.8306

Epoch 00040: val_loss did not improve from 0.60038
Epoch 41/500
47/47 - 1s - loss: 0.0150 - accuracy: 0.9972 - val_loss: 0.6298 - val_accuracy: 0.8333

Epoch 00041: val_loss did not improve from 0.60038
Epoch 42/500
47/47 - 1s - loss: 0.0138 - accuracy: 0.9977 - val_loss: 0.6369 - val_accuracy: 0.8296

Epoch 00042: val_loss did not improve from 0.60038
Epoch 43/500
47/47 - 1s - loss: 0.0132 - accuracy: 0.9979 - val_loss: 0.6321 - val_accuracy: 0.8336

Epoch 00043: val_loss did not improve from 0.60038
Epoch 44/500
47/47 - 1s - loss: 0.0115 - accuracy: 0.9985 - val_loss: 0.6363 - val_accuracy: 0.8326

Epoch 00044: val_loss did not improve from 0.60038
Epoch 45/500
47/47 - 1s - loss: 0.0116 - accuracy: 0.9977 - val_loss: 0.6421 - val_accuracy: 0.8333

Epoch 00045: ReduceLROnPlateau reducing learning rate to 0.0002500000118743628.

Epoch 00045: val_loss did not improve from 0.60038
Epoch 46/500
47/47 - 1s - loss: 0.0106 - accuracy: 0.9989 - val_loss: 0.6599 - val_accuracy: 0.8343

Epoch 00046: val_loss did not improve from 0.60038
Epoch 47/500
47/47 - 1s - loss: 0.0087 - accuracy: 0.9989 - val_loss: 0.6473 - val_accuracy: 0.8309

Epoch 00047: val_loss did not improve from 0.60038
Epoch 48/500
47/47 - 1s - loss: 0.0084 - accuracy: 0.9992 - val_loss: 0.6474 - val_accuracy: 0.8343

Epoch 00048: val_loss did not improve from 0.60038
Epoch 49/500
47/47 - 1s - loss: 0.0086 - accuracy: 0.9991 - val_loss: 0.6523 - val_accuracy: 0.8353

Epoch 00049: val_loss did not improve from 0.60038
Epoch 50/500
47/47 - 1s - loss: 0.0080 - accuracy: 0.9992 - val_loss: 0.6631 - val_accuracy: 0.8329

Epoch 00050: val_loss did not improve from 0.60038
Epoch 51/500
47/47 - 1s - loss: 0.0080 - accuracy: 0.9992 - val_loss: 0.6497 - val_accuracy: 0.8346

Epoch 00051: val_loss did not improve from 0.60038
Epoch 52/500
47/47 - 1s - loss: 0.0072 - accuracy: 0.9996 - val_loss: 0.6682 - val_accuracy: 0.8339

Epoch 00052: val_loss did not improve from 0.60038
Epoch 53/500
47/47 - 1s - loss: 0.0074 - accuracy: 0.9992 - val_loss: 0.6590 - val_accuracy: 0.8360

Epoch 00053: val_loss did not improve from 0.60038
Epoch 54/500
47/47 - 1s - loss: 0.0078 - accuracy: 0.9991 - val_loss: 0.6497 - val_accuracy: 0.8333

Epoch 00054: val_loss did not improve from 0.60038
Epoch 55/500
47/47 - 1s - loss: 0.0074 - accuracy: 0.9991 - val_loss: 0.6546 - val_accuracy: 0.8350

Epoch 00055: ReduceLROnPlateau reducing learning rate to 0.0001250000059371814.

Epoch 00055: val_loss did not improve from 0.60038
Epoch 56/500
47/47 - 1s - loss: 0.0069 - accuracy: 0.9993 - val_loss: 0.6595 - val_accuracy: 0.8370

Epoch 00056: val_loss did not improve from 0.60038
Epoch 57/500
47/47 - 1s - loss: 0.0066 - accuracy: 0.9995 - val_loss: 0.6610 - val_accuracy: 0.8356

Epoch 00057: val_loss did not improve from 0.60038
Epoch 58/500
47/47 - 1s - loss: 0.0068 - accuracy: 0.9992 - val_loss: 0.6672 - val_accuracy: 0.8350

Epoch 00058: val_loss did not improve from 0.60038
Epoch 59/500
47/47 - 1s - loss: 0.0060 - accuracy: 0.9995 - val_loss: 0.6748 - val_accuracy: 0.8350

Epoch 00059: val_loss did not improve from 0.60038
Epoch 60/500
47/47 - 1s - loss: 0.0064 - accuracy: 0.9994 - val_loss: 0.6659 - val_accuracy: 0.8360

Epoch 00060: val_loss did not improve from 0.60038
Epoch 61/500
47/47 - 1s - loss: 0.0061 - accuracy: 0.9994 - val_loss: 0.6703 - val_accuracy: 0.8350

Epoch 00061: val_loss did not improve from 0.60038
Epoch 62/500
47/47 - 1s - loss: 0.0057 - accuracy: 0.9997 - val_loss: 0.6706 - val_accuracy: 0.8346

Epoch 00062: val_loss did not improve from 0.60038
Epoch 63/500
47/47 - 1s - loss: 0.0056 - accuracy: 0.9997 - val_loss: 0.6706 - val_accuracy: 0.8350

Epoch 00063: val_loss did not improve from 0.60038
Epoch 64/500
47/47 - 1s - loss: 0.0058 - accuracy: 0.9997 - val_loss: 0.6738 - val_accuracy: 0.8339

Epoch 00064: val_loss did not improve from 0.60038
Epoch 65/500
47/47 - 1s - loss: 0.0059 - accuracy: 0.9993 - val_loss: 0.6804 - val_accuracy: 0.8339

Epoch 00065: ReduceLROnPlateau reducing learning rate to 6.25000029685907e-05.

Epoch 00065: val_loss did not improve from 0.60038
Epoch 66/500
47/47 - 1s - loss: 0.0057 - accuracy: 0.9994 - val_loss: 0.6768 - val_accuracy: 0.8343

Epoch 00066: val_loss did not improve from 0.60038
Epoch 67/500
47/47 - 1s - loss: 0.0050 - accuracy: 0.9998 - val_loss: 0.6750 - val_accuracy: 0.8350

Epoch 00067: val_loss did not improve from 0.60038
Epoch 68/500
47/47 - 1s - loss: 0.0052 - accuracy: 0.9996 - val_loss: 0.6798 - val_accuracy: 0.8336

Epoch 00068: val_loss did not improve from 0.60038
Epoch 69/500
47/47 - 1s - loss: 0.0054 - accuracy: 0.9995 - val_loss: 0.6825 - val_accuracy: 0.8333

Epoch 00069: val_loss did not improve from 0.60038
Epoch 70/500
47/47 - 1s - loss: 0.0064 - accuracy: 0.9992 - val_loss: 0.6800 - val_accuracy: 0.8356

Epoch 00070: val_loss did not improve from 0.60038
Epoch 71/500
47/47 - 1s - loss: 0.0051 - accuracy: 0.9998 - val_loss: 0.6811 - val_accuracy: 0.8363

Epoch 00071: val_loss did not improve from 0.60038
Epoch 72/500
47/47 - 1s - loss: 0.0055 - accuracy: 0.9996 - val_loss: 0.6775 - val_accuracy: 0.8360

Epoch 00072: val_loss did not improve from 0.60038
Epoch 73/500
47/47 - 1s - loss: 0.0052 - accuracy: 0.9997 - val_loss: 0.6799 - val_accuracy: 0.8343

Epoch 00073: val_loss did not improve from 0.60038
Epoch 74/500
47/47 - 1s - loss: 0.0051 - accuracy: 0.9997 - val_loss: 0.6801 - val_accuracy: 0.8350

Epoch 00074: val_loss did not improve from 0.60038
Epoch 75/500
47/47 - 1s - loss: 0.0061 - accuracy: 0.9990 - val_loss: 0.6866 - val_accuracy: 0.8350

Epoch 00075: ReduceLROnPlateau reducing learning rate to 3.125000148429535e-05.

Epoch 00075: val_loss did not improve from 0.60038
Epoch 76/500
47/47 - 1s - loss: 0.0049 - accuracy: 0.9999 - val_loss: 0.6880 - val_accuracy: 0.8350

Epoch 00076: val_loss did not improve from 0.60038
Epoch 77/500
47/47 - 1s - loss: 0.0049 - accuracy: 0.9996 - val_loss: 0.6837 - val_accuracy: 0.8346

Epoch 00077: val_loss did not improve from 0.60038
Epoch 78/500
47/47 - 1s - loss: 0.0048 - accuracy: 0.9997 - val_loss: 0.6846 - val_accuracy: 0.8350

Epoch 00078: val_loss did not improve from 0.60038
Epoch 79/500
47/47 - 1s - loss: 0.0049 - accuracy: 0.9996 - val_loss: 0.6872 - val_accuracy: 0.8346

Epoch 00079: val_loss did not improve from 0.60038
Epoch 80/500
47/47 - 1s - loss: 0.0047 - accuracy: 0.9997 - val_loss: 0.6890 - val_accuracy: 0.8339

Epoch 00080: val_loss did not improve from 0.60038
Epoch 81/500
47/47 - 1s - loss: 0.0048 - accuracy: 0.9997 - val_loss: 0.6890 - val_accuracy: 0.8343

Epoch 00081: val_loss did not improve from 0.60038
Epoch 82/500
47/47 - 1s - loss: 0.0046 - accuracy: 0.9997 - val_loss: 0.6899 - val_accuracy: 0.8339

Epoch 00082: val_loss did not improve from 0.60038
Epoch 83/500
47/47 - 1s - loss: 0.0047 - accuracy: 0.9999 - val_loss: 0.6905 - val_accuracy: 0.8333

Epoch 00083: val_loss did not improve from 0.60038
Epoch 84/500
47/47 - 1s - loss: 0.0049 - accuracy: 0.9995 - val_loss: 0.6910 - val_accuracy: 0.8336

Epoch 00084: val_loss did not improve from 0.60038
Epoch 85/500
47/47 - 1s - loss: 0.0044 - accuracy: 0.9997 - val_loss: 0.6901 - val_accuracy: 0.8339

Epoch 00085: ReduceLROnPlateau reducing learning rate to 1.5625000742147677e-05.
Restoring model weights from the end of the best epoch.

Epoch 00085: val_loss did not improve from 0.60038
Epoch 00085: early stopping

Last validation accuracy for every fold: [82.9, 84.31, 84.11, 82.25, 83.39]
Training, validation and testing completed!

Program runtime: 0:06:18
