LSTM_NET(
  (lstm): LSTM(3, 32, batch_first=True)
  (net): Sequential(
    (0): Flatten(start_dim=1, end_dim=-1)
    (1): Dropout(p=0.2, inplace=False)
    (2): Linear(in_features=4096, out_features=128, bias=True)
    (3): ReLU()
    (4): Dropout(p=0.2, inplace=False)
    (5): Linear(in_features=128, out_features=6, bias=True)
  )
)
Parameters of the model: 529926
Epoch 001 - Training loss: 1.158 - Training accuracy: 49.17% - Learning rate: 0.1
Epoch 002 - Training loss: 0.885 - Training accuracy: 61.24% - Learning rate: 0.1
Epoch 003 - Training loss: 0.714 - Training accuracy: 69.27% - Learning rate: 0.1
Epoch 004 - Training loss: 0.551 - Training accuracy: 77.84% - Learning rate: 0.1
Epoch 005 - Training loss: 0.440 - Training accuracy: 82.98% - Learning rate: 0.1
Epoch 006 - Training loss: 0.367 - Training accuracy: 85.91% - Learning rate: 0.1
Epoch 007 - Training loss: 0.336 - Training accuracy: 87.50% - Learning rate: 0.1
Epoch 008 - Training loss: 0.295 - Training accuracy: 88.81% - Learning rate: 0.1
Epoch 009 - Training loss: 0.249 - Training accuracy: 90.44% - Learning rate: 0.1
Epoch 010 - Training loss: 0.214 - Training accuracy: 92.15% - Learning rate: 0.1
Epoch 011 - Training loss: 0.191 - Training accuracy: 93.02% - Learning rate: 0.1
Epoch 012 - Training loss: 0.176 - Training accuracy: 93.65% - Learning rate: 0.1
Epoch 013 - Training loss: 0.149 - Training accuracy: 94.67% - Learning rate: 0.1
Epoch 014 - Training loss: 0.130 - Training accuracy: 95.54% - Learning rate: 0.1
Epoch 015 - Training loss: 0.128 - Training accuracy: 95.33% - Learning rate: 0.1
Epoch 016 - Training loss: 0.110 - Training accuracy: 96.12% - Learning rate: 0.1
Epoch 017 - Training loss: 0.094 - Training accuracy: 96.85% - Learning rate: 0.1
Epoch 018 - Training loss: 0.085 - Training accuracy: 96.89% - Learning rate: 0.1
Epoch 019 - Training loss: 0.085 - Training accuracy: 96.85% - Learning rate: 0.1
Epoch 020 - Training loss: 0.081 - Training accuracy: 97.18% - Learning rate: 0.1
Epoch 021 - Training loss: 0.062 - Training accuracy: 97.82% - Learning rate: 0.1
Epoch 022 - Training loss: 0.066 - Training accuracy: 97.70% - Learning rate: 0.1
Epoch 023 - Training loss: 0.064 - Training accuracy: 97.81% - Learning rate: 0.1
Epoch 024 - Training loss: 0.061 - Training accuracy: 97.96% - Learning rate: 0.1
Epoch 025 - Training loss: 0.053 - Training accuracy: 98.17% - Learning rate: 0.1
Epoch 026 - Training loss: 0.044 - Training accuracy: 98.49% - Learning rate: 0.1
Epoch 027 - Training loss: 0.045 - Training accuracy: 98.44% - Learning rate: 0.1
Epoch 028 - Training loss: 0.051 - Training accuracy: 98.12% - Learning rate: 0.1
Epoch 029 - Training loss: 0.044 - Training accuracy: 98.51% - Learning rate: 0.1
Epoch 030 - Training loss: 0.178 - Training accuracy: 94.37% - Learning rate: 0.1
Epoch 031 - Training loss: 0.151 - Training accuracy: 94.73% - Learning rate: 0.1
Epoch 032 - Training loss: 0.091 - Training accuracy: 96.79% - Learning rate: 0.1
Epoch 033 - Training loss: 0.053 - Training accuracy: 98.22% - Learning rate: 0.05
Epoch 034 - Training loss: 0.041 - Training accuracy: 98.57% - Learning rate: 0.05
Epoch 035 - Training loss: 0.040 - Training accuracy: 98.69% - Learning rate: 0.05
Epoch 036 - Training loss: 0.030 - Training accuracy: 99.09% - Learning rate: 0.05
Epoch 037 - Training loss: 0.029 - Training accuracy: 99.04% - Learning rate: 0.05
Epoch 038 - Training loss: 0.026 - Training accuracy: 99.24% - Learning rate: 0.05
Epoch 039 - Training loss: 0.024 - Training accuracy: 99.30% - Learning rate: 0.05
Epoch 040 - Training loss: 0.024 - Training accuracy: 99.23% - Learning rate: 0.05
Epoch 041 - Training loss: 0.021 - Training accuracy: 99.39% - Learning rate: 0.05
Epoch 042 - Training loss: 0.019 - Training accuracy: 99.44% - Learning rate: 0.05
Epoch 043 - Training loss: 0.019 - Training accuracy: 99.36% - Learning rate: 0.05
Epoch 044 - Training loss: 0.018 - Training accuracy: 99.46% - Learning rate: 0.05
Epoch 045 - Training loss: 0.016 - Training accuracy: 99.51% - Learning rate: 0.05
Epoch 046 - Training loss: 0.026 - Training accuracy: 99.15% - Learning rate: 0.05
Epoch 047 - Training loss: 0.023 - Training accuracy: 99.27% - Learning rate: 0.05
Epoch 048 - Training loss: 0.028 - Training accuracy: 99.28% - Learning rate: 0.05
Epoch 049 - Training loss: 0.017 - Training accuracy: 99.49% - Learning rate: 0.025
Epoch 050 - Training loss: 0.015 - Training accuracy: 99.52% - Learning rate: 0.025
Epoch 051 - Training loss: 0.012 - Training accuracy: 99.70% - Learning rate: 0.025
Epoch 052 - Training loss: 0.010 - Training accuracy: 99.76% - Learning rate: 0.025
Epoch 053 - Training loss: 0.011 - Training accuracy: 99.72% - Learning rate: 0.025
Epoch 054 - Training loss: 0.011 - Training accuracy: 99.70% - Learning rate: 0.025
Epoch 055 - Training loss: 0.010 - Training accuracy: 99.73% - Learning rate: 0.025
Epoch 056 - Training loss: 0.011 - Training accuracy: 99.65% - Learning rate: 0.0125
Epoch 057 - Training loss: 0.010 - Training accuracy: 99.75% - Learning rate: 0.0125
Epoch 058 - Training loss: 0.011 - Training accuracy: 99.73% - Learning rate: 0.0125
Epoch 059 - Training loss: 0.010 - Training accuracy: 99.75% - Learning rate: 0.0125
Epoch 060 - Training loss: 0.008 - Training accuracy: 99.79% - Learning rate: 0.0125
Epoch 061 - Training loss: 0.009 - Training accuracy: 99.79% - Learning rate: 0.0125
Epoch 062 - Training loss: 0.011 - Training accuracy: 99.66% - Learning rate: 0.0125
Epoch 063 - Training loss: 0.008 - Training accuracy: 99.77% - Learning rate: 0.0125
Epoch 064 - Training loss: 0.009 - Training accuracy: 99.80% - Learning rate: 0.0125
Epoch 065 - Training loss: 0.008 - Training accuracy: 99.80% - Learning rate: 0.0125
Epoch 066 - Training loss: 0.009 - Training accuracy: 99.78% - Learning rate: 0.0125
Epoch 067 - Training loss: 0.010 - Training accuracy: 99.70% - Learning rate: 0.0125
Epoch 068 - Training loss: 0.009 - Training accuracy: 99.76% - Learning rate: 0.0125
Epoch 069 - Training loss: 0.008 - Training accuracy: 99.82% - Learning rate: 0.00625
Epoch 070 - Training loss: 0.009 - Training accuracy: 99.70% - Learning rate: 0.00625
Epoch 071 - Training loss: 0.008 - Training accuracy: 99.80% - Learning rate: 0.00625
Epoch 072 - Training loss: 0.007 - Training accuracy: 99.81% - Learning rate: 0.00625
Epoch 073 - Training loss: 0.008 - Training accuracy: 99.83% - Learning rate: 0.00625
Epoch 074 - Training loss: 0.008 - Training accuracy: 99.83% - Learning rate: 0.00625
Epoch 075 - Training loss: 0.008 - Training accuracy: 99.82% - Learning rate: 0.00625
Epoch 076 - Training loss: 0.008 - Training accuracy: 99.79% - Learning rate: 0.003125
Epoch 077 - Training loss: 0.008 - Training accuracy: 99.78% - Learning rate: 0.003125
Epoch 078 - Training loss: 0.007 - Training accuracy: 99.85% - Learning rate: 0.003125
Epoch 079 - Training loss: 0.007 - Training accuracy: 99.83% - Learning rate: 0.003125
Epoch 080 - Training loss: 0.007 - Training accuracy: 99.78% - Learning rate: 0.003125
Epoch 081 - Training loss: 0.006 - Training accuracy: 99.89% - Learning rate: 0.003125
Epoch 082 - Training loss: 0.008 - Training accuracy: 99.85% - Learning rate: 0.003125
Epoch 083 - Training loss: 0.008 - Training accuracy: 99.83% - Learning rate: 0.003125
Epoch 084 - Training loss: 0.009 - Training accuracy: 99.77% - Learning rate: 0.003125
Epoch 085 - Training loss: 0.008 - Training accuracy: 99.87% - Learning rate: 0.0015625
Epoch 086 - Training loss: 0.007 - Training accuracy: 99.82% - Learning rate: 0.0015625
Epoch 087 - Training loss: 0.008 - Training accuracy: 99.73% - Learning rate: 0.0015625
Epoch 088 - Training loss: 0.007 - Training accuracy: 99.86% - Learning rate: 0.00078125
Epoch 089 - Training loss: 0.008 - Training accuracy: 99.75% - Learning rate: 0.00078125
Epoch 090 - Training loss: 0.008 - Training accuracy: 99.78% - Learning rate: 0.00078125
Epoch 091 - Training loss: 0.008 - Training accuracy: 99.78% - Learning rate: 0.000390625
Epoch 092 - Training loss: 0.008 - Training accuracy: 99.79% - Learning rate: 0.000390625
Epoch 093 - Training loss: 0.007 - Training accuracy: 99.82% - Learning rate: 0.000390625
Epoch 094 - Training loss: 0.007 - Training accuracy: 99.83% - Learning rate: 0.0001953125
Epoch 095 - Training loss: 0.008 - Training accuracy: 99.82% - Learning rate: 0.0001953125
Epoch 096 - Training loss: 0.006 - Training accuracy: 99.90% - Learning rate: 0.0001953125
Epoch 097 - Training loss: 0.008 - Training accuracy: 99.76% - Learning rate: 0.0001953125
Epoch 098 - Training loss: 0.008 - Training accuracy: 99.74% - Learning rate: 0.0001953125
Epoch 099 - Training loss: 0.008 - Training accuracy: 99.78% - Learning rate: 0.0001953125
Epoch 100 - Training loss: 0.008 - Training accuracy: 99.79% - Learning rate: 9.765625e-05
Epoch 101 - Training loss: 0.007 - Training accuracy: 99.84% - Learning rate: 9.765625e-05
Epoch 102 - Training loss: 0.007 - Training accuracy: 99.79% - Learning rate: 9.765625e-05
Epoch 103 - Training loss: 0.008 - Training accuracy: 99.82% - Learning rate: 4.8828125e-05
Epoch 104 - Training loss: 0.007 - Training accuracy: 99.81% - Learning rate: 4.8828125e-05
Epoch 105 - Training loss: 0.008 - Training accuracy: 99.78% - Learning rate: 4.8828125e-05
Epoch 106 - Training loss: 0.007 - Training accuracy: 99.81% - Learning rate: 2.44140625e-05
Epoch 107 - Training loss: 0.008 - Training accuracy: 99.80% - Learning rate: 2.44140625e-05
Epoch 108 - Training loss: 0.009 - Training accuracy: 99.70% - Learning rate: 2.44140625e-05
Epoch 109 - Training loss: 0.007 - Training accuracy: 99.85% - Learning rate: 1.220703125e-05
Epoch 110 - Training loss: 0.008 - Training accuracy: 99.83% - Learning rate: 1.220703125e-05
Epoch 111 - Training loss: 0.008 - Training accuracy: 99.80% - Learning rate: 1.220703125e-05
Epoch 112 - Training loss: 0.007 - Training accuracy: 99.87% - Learning rate: 6.103515625e-06
Epoch 113 - Training loss: 0.007 - Training accuracy: 99.81% - Learning rate: 6.103515625e-06
Epoch 114 - Training loss: 0.008 - Training accuracy: 99.76% - Learning rate: 6.103515625e-06
Epoch 115 - Training loss: 0.008 - Training accuracy: 99.78% - Learning rate: 3.0517578125e-06
Epoch 116 - Training loss: 0.008 - Training accuracy: 99.81% - Learning rate: 3.0517578125e-06
Epoch 117 - Training loss: 0.008 - Training accuracy: 99.84% - Learning rate: 3.0517578125e-06
Epoch 118 - Training loss: 0.007 - Training accuracy: 99.86% - Learning rate: 1.52587890625e-06
Epoch 119 - Training loss: 0.007 - Training accuracy: 99.83% - Learning rate: 1.52587890625e-06
Epoch 120 - Training loss: 0.007 - Training accuracy: 99.81% - Learning rate: 1.52587890625e-06

Program runtime: 0:16:16
