Prepare the dataset for training and testing ...
Preparation of the data completed!
Fold: 0
Model: "LSTM_NET_TF"
_________________________________________________________________
Layer (type)                 Output Shape              Param #   
=================================================================
input_1 (InputLayer)         [(None, 100, 3)]          0         
_________________________________________________________________
bidirectional (Bidirectional (None, 100, 512)          532480    
_________________________________________________________________
batch_normalization (BatchNo (None, 100, 512)          2048      
_________________________________________________________________
bidirectional_1 (Bidirection (None, 100, 256)          656384    
_________________________________________________________________
batch_normalization_1 (Batch (None, 100, 256)          1024      
_________________________________________________________________
flatten (Flatten)            (None, 25600)             0         
_________________________________________________________________
dense (Dense)                (None, 128)               3276928   
_________________________________________________________________
batch_normalization_2 (Batch (None, 128)               512       
_________________________________________________________________
dropout (Dropout)            (None, 128)               0         
_________________________________________________________________
dense_1 (Dense)              (None, 6)                 774       
=================================================================
Total params: 4,470,150
Trainable params: 4,468,358
Non-trainable params: 1,792
_________________________________________________________________
None
Epoch 1/500
47/47 - 14s - loss: 2.0180 - accuracy: 0.4140 - val_loss: 1.7107 - val_accuracy: 0.3017

Epoch 00001: val_loss improved from inf to 1.71067, saving model to ./Models/LSTM_NET_TF0.hdf5
Epoch 2/500
47/47 - 2s - loss: 1.3328 - accuracy: 0.5273 - val_loss: 2.0510 - val_accuracy: 0.2261

Epoch 00002: val_loss did not improve from 1.71067
Epoch 3/500
47/47 - 2s - loss: 1.0959 - accuracy: 0.5942 - val_loss: 2.2301 - val_accuracy: 0.1778

Epoch 00003: val_loss did not improve from 1.71067
Epoch 4/500
47/47 - 2s - loss: 0.9061 - accuracy: 0.6570 - val_loss: 1.7913 - val_accuracy: 0.3273

Epoch 00004: val_loss did not improve from 1.71067
Epoch 5/500
47/47 - 2s - loss: 0.7742 - accuracy: 0.7033 - val_loss: 1.5461 - val_accuracy: 0.4294

Epoch 00005: val_loss improved from 1.71067 to 1.54611, saving model to ./Models/LSTM_NET_TF0.hdf5
Epoch 6/500
47/47 - 2s - loss: 0.7303 - accuracy: 0.7303 - val_loss: 1.3616 - val_accuracy: 0.5430

Epoch 00006: val_loss improved from 1.54611 to 1.36159, saving model to ./Models/LSTM_NET_TF0.hdf5
Epoch 7/500
47/47 - 3s - loss: 0.6144 - accuracy: 0.7740 - val_loss: 1.5294 - val_accuracy: 0.5524

Epoch 00007: val_loss did not improve from 1.36159
Epoch 8/500
47/47 - 3s - loss: 0.4723 - accuracy: 0.8262 - val_loss: 1.4836 - val_accuracy: 0.5830

Epoch 00008: val_loss did not improve from 1.36159
Epoch 9/500
47/47 - 2s - loss: 0.4015 - accuracy: 0.8604 - val_loss: 1.0776 - val_accuracy: 0.6687

Epoch 00009: val_loss improved from 1.36159 to 1.07763, saving model to ./Models/LSTM_NET_TF0.hdf5
Epoch 10/500
47/47 - 2s - loss: 0.3238 - accuracy: 0.8881 - val_loss: 0.8671 - val_accuracy: 0.7103

Epoch 00010: val_loss improved from 1.07763 to 0.86710, saving model to ./Models/LSTM_NET_TF0.hdf5
Epoch 11/500
47/47 - 3s - loss: 0.2835 - accuracy: 0.9030 - val_loss: 0.6845 - val_accuracy: 0.7574

Epoch 00011: val_loss improved from 0.86710 to 0.68450, saving model to ./Models/LSTM_NET_TF0.hdf5
Epoch 12/500
47/47 - 2s - loss: 0.2449 - accuracy: 0.9182 - val_loss: 0.5523 - val_accuracy: 0.8021

Epoch 00012: val_loss improved from 0.68450 to 0.55227, saving model to ./Models/LSTM_NET_TF0.hdf5
Epoch 13/500
47/47 - 2s - loss: 0.2370 - accuracy: 0.9206 - val_loss: 0.6756 - val_accuracy: 0.7782

Epoch 00013: val_loss did not improve from 0.55227
Epoch 14/500
47/47 - 3s - loss: 0.2214 - accuracy: 0.9248 - val_loss: 0.5895 - val_accuracy: 0.7991

Epoch 00014: val_loss did not improve from 0.55227
Epoch 15/500
47/47 - 2s - loss: 0.1911 - accuracy: 0.9363 - val_loss: 0.5568 - val_accuracy: 0.8068

Epoch 00015: val_loss did not improve from 0.55227
Epoch 16/500
47/47 - 2s - loss: 0.1507 - accuracy: 0.9528 - val_loss: 0.6206 - val_accuracy: 0.7991

Epoch 00016: val_loss did not improve from 0.55227
Epoch 17/500
47/47 - 2s - loss: 0.1330 - accuracy: 0.9582 - val_loss: 0.5631 - val_accuracy: 0.8105

Epoch 00017: val_loss did not improve from 0.55227
Epoch 18/500
47/47 - 2s - loss: 0.1054 - accuracy: 0.9686 - val_loss: 0.5528 - val_accuracy: 0.8189

Epoch 00018: val_loss did not improve from 0.55227
Epoch 19/500
47/47 - 2s - loss: 0.1050 - accuracy: 0.9650 - val_loss: 0.7691 - val_accuracy: 0.7655

Epoch 00019: val_loss did not improve from 0.55227
Epoch 20/500
47/47 - 2s - loss: 0.1282 - accuracy: 0.9575 - val_loss: 0.6210 - val_accuracy: 0.8048

Epoch 00020: val_loss did not improve from 0.55227
Epoch 21/500
47/47 - 2s - loss: 0.0888 - accuracy: 0.9722 - val_loss: 0.5759 - val_accuracy: 0.8152

Epoch 00021: val_loss did not improve from 0.55227
Epoch 22/500
47/47 - 2s - loss: 0.0906 - accuracy: 0.9724 - val_loss: 0.5507 - val_accuracy: 0.8293

Epoch 00022: val_loss improved from 0.55227 to 0.55068, saving model to ./Models/LSTM_NET_TF0.hdf5
Epoch 23/500
47/47 - 2s - loss: 0.0709 - accuracy: 0.9785 - val_loss: 0.5600 - val_accuracy: 0.8384

Epoch 00023: val_loss did not improve from 0.55068
Epoch 24/500
47/47 - 2s - loss: 0.0675 - accuracy: 0.9794 - val_loss: 0.6116 - val_accuracy: 0.8256

Epoch 00024: val_loss did not improve from 0.55068
Epoch 25/500
47/47 - 2s - loss: 0.0663 - accuracy: 0.9809 - val_loss: 0.5376 - val_accuracy: 0.8488

Epoch 00025: val_loss improved from 0.55068 to 0.53764, saving model to ./Models/LSTM_NET_TF0.hdf5
Epoch 26/500
47/47 - 2s - loss: 0.0538 - accuracy: 0.9837 - val_loss: 0.5753 - val_accuracy: 0.8390

Epoch 00026: val_loss did not improve from 0.53764
Epoch 27/500
47/47 - 2s - loss: 0.0365 - accuracy: 0.9911 - val_loss: 0.5462 - val_accuracy: 0.8424

Epoch 00027: val_loss did not improve from 0.53764
Epoch 28/500
47/47 - 3s - loss: 0.0277 - accuracy: 0.9933 - val_loss: 0.5540 - val_accuracy: 0.8485

Epoch 00028: val_loss did not improve from 0.53764
Epoch 29/500
47/47 - 2s - loss: 0.0650 - accuracy: 0.9797 - val_loss: 0.7357 - val_accuracy: 0.8290

Epoch 00029: val_loss did not improve from 0.53764
Epoch 30/500
47/47 - 2s - loss: 0.0655 - accuracy: 0.9788 - val_loss: 0.6345 - val_accuracy: 0.8182

Epoch 00030: val_loss did not improve from 0.53764
Epoch 31/500
47/47 - 2s - loss: 0.0906 - accuracy: 0.9703 - val_loss: 0.6497 - val_accuracy: 0.8196

Epoch 00031: val_loss did not improve from 0.53764
Epoch 32/500
47/47 - 2s - loss: 0.1303 - accuracy: 0.9539 - val_loss: 0.8093 - val_accuracy: 0.8031

Epoch 00032: val_loss did not improve from 0.53764
Epoch 33/500
47/47 - 2s - loss: 0.2921 - accuracy: 0.9030 - val_loss: 1.0325 - val_accuracy: 0.7796

Epoch 00033: val_loss did not improve from 0.53764
Epoch 34/500
47/47 - 2s - loss: 0.2117 - accuracy: 0.9272 - val_loss: 0.6805 - val_accuracy: 0.8226

Epoch 00034: val_loss did not improve from 0.53764
Epoch 35/500
47/47 - 2s - loss: 0.1002 - accuracy: 0.9691 - val_loss: 0.5681 - val_accuracy: 0.8296

Epoch 00035: ReduceLROnPlateau reducing learning rate to 0.0005000000237487257.

Epoch 00035: val_loss did not improve from 0.53764
Epoch 36/500
47/47 - 2s - loss: 0.0519 - accuracy: 0.9844 - val_loss: 0.5129 - val_accuracy: 0.8384

Epoch 00036: val_loss improved from 0.53764 to 0.51292, saving model to ./Models/LSTM_NET_TF0.hdf5
Epoch 37/500
47/47 - 2s - loss: 0.0312 - accuracy: 0.9929 - val_loss: 0.4920 - val_accuracy: 0.8404

Epoch 00037: val_loss improved from 0.51292 to 0.49201, saving model to ./Models/LSTM_NET_TF0.hdf5
Epoch 38/500
47/47 - 2s - loss: 0.0225 - accuracy: 0.9962 - val_loss: 0.4864 - val_accuracy: 0.8411

Epoch 00038: val_loss improved from 0.49201 to 0.48636, saving model to ./Models/LSTM_NET_TF0.hdf5
Epoch 39/500
47/47 - 2s - loss: 0.0183 - accuracy: 0.9965 - val_loss: 0.4829 - val_accuracy: 0.8441

Epoch 00039: val_loss improved from 0.48636 to 0.48287, saving model to ./Models/LSTM_NET_TF0.hdf5
Epoch 40/500
47/47 - 2s - loss: 0.0155 - accuracy: 0.9980 - val_loss: 0.4947 - val_accuracy: 0.8431

Epoch 00040: val_loss did not improve from 0.48287
Epoch 41/500
47/47 - 2s - loss: 0.0135 - accuracy: 0.9975 - val_loss: 0.4935 - val_accuracy: 0.8468

Epoch 00041: val_loss did not improve from 0.48287
Epoch 42/500
47/47 - 2s - loss: 0.0117 - accuracy: 0.9983 - val_loss: 0.4934 - val_accuracy: 0.8478

Epoch 00042: val_loss did not improve from 0.48287
Epoch 43/500
47/47 - 2s - loss: 0.0102 - accuracy: 0.9983 - val_loss: 0.4989 - val_accuracy: 0.8488

Epoch 00043: val_loss did not improve from 0.48287
Epoch 44/500
47/47 - 2s - loss: 0.0097 - accuracy: 0.9986 - val_loss: 0.4956 - val_accuracy: 0.8501

Epoch 00044: val_loss did not improve from 0.48287
Epoch 45/500
47/47 - 2s - loss: 0.0077 - accuracy: 0.9993 - val_loss: 0.5040 - val_accuracy: 0.8532

Epoch 00045: val_loss did not improve from 0.48287
Epoch 46/500
47/47 - 2s - loss: 0.0078 - accuracy: 0.9989 - val_loss: 0.5070 - val_accuracy: 0.8555

Epoch 00046: val_loss did not improve from 0.48287
Epoch 47/500
47/47 - 2s - loss: 0.0070 - accuracy: 0.9992 - val_loss: 0.5116 - val_accuracy: 0.8575

Epoch 00047: val_loss did not improve from 0.48287
Epoch 48/500
47/47 - 2s - loss: 0.0064 - accuracy: 0.9994 - val_loss: 0.5265 - val_accuracy: 0.8501

Epoch 00048: val_loss did not improve from 0.48287
Epoch 49/500
47/47 - 2s - loss: 0.0062 - accuracy: 0.9992 - val_loss: 0.5271 - val_accuracy: 0.8585

Epoch 00049: ReduceLROnPlateau reducing learning rate to 0.0002500000118743628.

Epoch 00049: val_loss did not improve from 0.48287
Epoch 50/500
47/47 - 2s - loss: 0.0062 - accuracy: 0.9992 - val_loss: 0.5237 - val_accuracy: 0.8582

Epoch 00050: val_loss did not improve from 0.48287
Epoch 51/500
47/47 - 2s - loss: 0.0052 - accuracy: 0.9996 - val_loss: 0.5324 - val_accuracy: 0.8538

Epoch 00051: val_loss did not improve from 0.48287
Epoch 52/500
47/47 - 2s - loss: 0.0047 - accuracy: 0.9996 - val_loss: 0.5298 - val_accuracy: 0.8552

Epoch 00052: val_loss did not improve from 0.48287
Epoch 53/500
47/47 - 2s - loss: 0.0041 - accuracy: 0.9998 - val_loss: 0.5369 - val_accuracy: 0.8542

Epoch 00053: val_loss did not improve from 0.48287
Epoch 54/500
47/47 - 2s - loss: 0.0043 - accuracy: 0.9999 - val_loss: 0.5412 - val_accuracy: 0.8545

Epoch 00054: val_loss did not improve from 0.48287
Epoch 55/500
47/47 - 2s - loss: 0.0037 - accuracy: 0.9998 - val_loss: 0.5437 - val_accuracy: 0.8535

Epoch 00055: val_loss did not improve from 0.48287
Epoch 56/500
47/47 - 2s - loss: 0.0039 - accuracy: 0.9999 - val_loss: 0.5348 - val_accuracy: 0.8572

Epoch 00056: val_loss did not improve from 0.48287
Epoch 57/500
47/47 - 2s - loss: 0.0036 - accuracy: 0.9999 - val_loss: 0.5480 - val_accuracy: 0.8548

Epoch 00057: val_loss did not improve from 0.48287
Epoch 58/500
47/47 - 2s - loss: 0.0038 - accuracy: 0.9999 - val_loss: 0.5462 - val_accuracy: 0.8585

Epoch 00058: val_loss did not improve from 0.48287
Epoch 59/500
47/47 - 2s - loss: 0.0036 - accuracy: 0.9996 - val_loss: 0.5421 - val_accuracy: 0.8579

Epoch 00059: ReduceLROnPlateau reducing learning rate to 0.0001250000059371814.

Epoch 00059: val_loss did not improve from 0.48287
Epoch 60/500
47/47 - 2s - loss: 0.0032 - accuracy: 0.9997 - val_loss: 0.5467 - val_accuracy: 0.8595

Epoch 00060: val_loss did not improve from 0.48287
Epoch 61/500
47/47 - 2s - loss: 0.0029 - accuracy: 0.9998 - val_loss: 0.5470 - val_accuracy: 0.8595

Epoch 00061: val_loss did not improve from 0.48287
Epoch 62/500
47/47 - 2s - loss: 0.0031 - accuracy: 0.9999 - val_loss: 0.5566 - val_accuracy: 0.8575

Epoch 00062: val_loss did not improve from 0.48287
Epoch 63/500
47/47 - 2s - loss: 0.0028 - accuracy: 1.0000 - val_loss: 0.5585 - val_accuracy: 0.8569

Epoch 00063: val_loss did not improve from 0.48287
Epoch 64/500
47/47 - 2s - loss: 0.0029 - accuracy: 0.9998 - val_loss: 0.5550 - val_accuracy: 0.8589

Epoch 00064: val_loss did not improve from 0.48287
Epoch 65/500
47/47 - 2s - loss: 0.0028 - accuracy: 0.9999 - val_loss: 0.5625 - val_accuracy: 0.8565

Epoch 00065: val_loss did not improve from 0.48287
Epoch 66/500
47/47 - 2s - loss: 0.0029 - accuracy: 0.9998 - val_loss: 0.5556 - val_accuracy: 0.8572

Epoch 00066: val_loss did not improve from 0.48287
Epoch 67/500
47/47 - 2s - loss: 0.0029 - accuracy: 0.9999 - val_loss: 0.5612 - val_accuracy: 0.8589

Epoch 00067: val_loss did not improve from 0.48287
Epoch 68/500
47/47 - 2s - loss: 0.0030 - accuracy: 0.9997 - val_loss: 0.5516 - val_accuracy: 0.8582

Epoch 00068: val_loss did not improve from 0.48287
Epoch 69/500
47/47 - 2s - loss: 0.0026 - accuracy: 0.9999 - val_loss: 0.5584 - val_accuracy: 0.8572

Epoch 00069: ReduceLROnPlateau reducing learning rate to 6.25000029685907e-05.

Epoch 00069: val_loss did not improve from 0.48287
Epoch 70/500
47/47 - 2s - loss: 0.0026 - accuracy: 0.9999 - val_loss: 0.5556 - val_accuracy: 0.8582

Epoch 00070: val_loss did not improve from 0.48287
Epoch 71/500
47/47 - 2s - loss: 0.0024 - accuracy: 0.9999 - val_loss: 0.5586 - val_accuracy: 0.8575

Epoch 00071: val_loss did not improve from 0.48287
Epoch 72/500
47/47 - 2s - loss: 0.0026 - accuracy: 1.0000 - val_loss: 0.5618 - val_accuracy: 0.8575

Epoch 00072: val_loss did not improve from 0.48287
Epoch 73/500
47/47 - 2s - loss: 0.0025 - accuracy: 1.0000 - val_loss: 0.5625 - val_accuracy: 0.8582

Epoch 00073: val_loss did not improve from 0.48287
Epoch 74/500
47/47 - 2s - loss: 0.0024 - accuracy: 0.9998 - val_loss: 0.5632 - val_accuracy: 0.8582

Epoch 00074: val_loss did not improve from 0.48287
Epoch 75/500
47/47 - 2s - loss: 0.0023 - accuracy: 1.0000 - val_loss: 0.5661 - val_accuracy: 0.8575

Epoch 00075: val_loss did not improve from 0.48287
Epoch 76/500
47/47 - 2s - loss: 0.0026 - accuracy: 1.0000 - val_loss: 0.5668 - val_accuracy: 0.8569

Epoch 00076: val_loss did not improve from 0.48287
Epoch 77/500
47/47 - 2s - loss: 0.0025 - accuracy: 1.0000 - val_loss: 0.5687 - val_accuracy: 0.8572

Epoch 00077: val_loss did not improve from 0.48287
Epoch 78/500
47/47 - 2s - loss: 0.0024 - accuracy: 1.0000 - val_loss: 0.5650 - val_accuracy: 0.8582

Epoch 00078: val_loss did not improve from 0.48287
Epoch 79/500
47/47 - 2s - loss: 0.0024 - accuracy: 0.9999 - val_loss: 0.5615 - val_accuracy: 0.8592

Epoch 00079: ReduceLROnPlateau reducing learning rate to 3.125000148429535e-05.

Epoch 00079: val_loss did not improve from 0.48287
Epoch 80/500
47/47 - 2s - loss: 0.0024 - accuracy: 0.9999 - val_loss: 0.5630 - val_accuracy: 0.8585

Epoch 00080: val_loss did not improve from 0.48287
Epoch 81/500
47/47 - 2s - loss: 0.0021 - accuracy: 1.0000 - val_loss: 0.5638 - val_accuracy: 0.8595

Epoch 00081: val_loss did not improve from 0.48287
Epoch 82/500
47/47 - 2s - loss: 0.0023 - accuracy: 0.9999 - val_loss: 0.5637 - val_accuracy: 0.8599

Epoch 00082: val_loss did not improve from 0.48287
Epoch 83/500
47/47 - 2s - loss: 0.0023 - accuracy: 1.0000 - val_loss: 0.5648 - val_accuracy: 0.8592

Epoch 00083: val_loss did not improve from 0.48287
Epoch 84/500
47/47 - 2s - loss: 0.0020 - accuracy: 0.9999 - val_loss: 0.5653 - val_accuracy: 0.8582

Epoch 00084: val_loss did not improve from 0.48287
Epoch 85/500
47/47 - 2s - loss: 0.0021 - accuracy: 1.0000 - val_loss: 0.5667 - val_accuracy: 0.8582

Epoch 00085: val_loss did not improve from 0.48287
Epoch 86/500
47/47 - 2s - loss: 0.0021 - accuracy: 1.0000 - val_loss: 0.5661 - val_accuracy: 0.8592

Epoch 00086: val_loss did not improve from 0.48287
Epoch 87/500
47/47 - 2s - loss: 0.0021 - accuracy: 0.9999 - val_loss: 0.5653 - val_accuracy: 0.8599

Epoch 00087: val_loss did not improve from 0.48287
Epoch 88/500
47/47 - 2s - loss: 0.0021 - accuracy: 1.0000 - val_loss: 0.5684 - val_accuracy: 0.8582

Epoch 00088: val_loss did not improve from 0.48287
Epoch 89/500
47/47 - 2s - loss: 0.0021 - accuracy: 1.0000 - val_loss: 0.5677 - val_accuracy: 0.8595

Epoch 00089: ReduceLROnPlateau reducing learning rate to 1.5625000742147677e-05.
Restoring model weights from the end of the best epoch.

Epoch 00089: val_loss did not improve from 0.48287
Epoch 00089: early stopping

Fold: 1
Model: "LSTM_NET_TF"
_________________________________________________________________
Layer (type)                 Output Shape              Param #   
=================================================================
input_2 (InputLayer)         [(None, 100, 3)]          0         
_________________________________________________________________
bidirectional_2 (Bidirection (None, 100, 512)          532480    
_________________________________________________________________
batch_normalization_3 (Batch (None, 100, 512)          2048      
_________________________________________________________________
bidirectional_3 (Bidirection (None, 100, 256)          656384    
_________________________________________________________________
batch_normalization_4 (Batch (None, 100, 256)          1024      
_________________________________________________________________
flatten_1 (Flatten)          (None, 25600)             0         
_________________________________________________________________
dense_2 (Dense)              (None, 128)               3276928   
_________________________________________________________________
batch_normalization_5 (Batch (None, 128)               512       
_________________________________________________________________
dropout_1 (Dropout)          (None, 128)               0         
_________________________________________________________________
dense_3 (Dense)              (None, 6)                 774       
=================================================================
Total params: 4,470,150
Trainable params: 4,468,358
Non-trainable params: 1,792
_________________________________________________________________
None
Epoch 1/500
47/47 - 11s - loss: 1.9517 - accuracy: 0.4093 - val_loss: 1.7718 - val_accuracy: 0.2876

Epoch 00001: val_loss improved from inf to 1.77184, saving model to ./Models/LSTM_NET_TF1.hdf5
Epoch 2/500
47/47 - 2s - loss: 1.3203 - accuracy: 0.5355 - val_loss: 1.9972 - val_accuracy: 0.2870

Epoch 00002: val_loss did not improve from 1.77184
Epoch 3/500
47/47 - 2s - loss: 1.1247 - accuracy: 0.5864 - val_loss: 2.0317 - val_accuracy: 0.2708

Epoch 00003: val_loss did not improve from 1.77184
Epoch 4/500
47/47 - 2s - loss: 0.9636 - accuracy: 0.6370 - val_loss: 1.9532 - val_accuracy: 0.3017

Epoch 00004: val_loss did not improve from 1.77184
Epoch 5/500
47/47 - 2s - loss: 0.8468 - accuracy: 0.6864 - val_loss: 1.7860 - val_accuracy: 0.3464

Epoch 00005: val_loss did not improve from 1.77184
Epoch 6/500
47/47 - 2s - loss: 0.7584 - accuracy: 0.7210 - val_loss: 1.5630 - val_accuracy: 0.4694

Epoch 00006: val_loss improved from 1.77184 to 1.56300, saving model to ./Models/LSTM_NET_TF1.hdf5
Epoch 7/500
47/47 - 2s - loss: 0.5787 - accuracy: 0.7878 - val_loss: 1.1508 - val_accuracy: 0.6106

Epoch 00007: val_loss improved from 1.56300 to 1.15084, saving model to ./Models/LSTM_NET_TF1.hdf5
Epoch 8/500
47/47 - 2s - loss: 0.5164 - accuracy: 0.8213 - val_loss: 1.1651 - val_accuracy: 0.6149

Epoch 00008: val_loss did not improve from 1.15084
Epoch 9/500
47/47 - 2s - loss: 0.4757 - accuracy: 0.8320 - val_loss: 0.6323 - val_accuracy: 0.7631

Epoch 00009: val_loss improved from 1.15084 to 0.63227, saving model to ./Models/LSTM_NET_TF1.hdf5
Epoch 10/500
47/47 - 2s - loss: 0.3995 - accuracy: 0.8613 - val_loss: 0.6543 - val_accuracy: 0.7618

Epoch 00010: val_loss did not improve from 0.63227
Epoch 11/500
47/47 - 2s - loss: 0.3301 - accuracy: 0.8851 - val_loss: 0.5740 - val_accuracy: 0.7910

Epoch 00011: val_loss improved from 0.63227 to 0.57396, saving model to ./Models/LSTM_NET_TF1.hdf5
Epoch 12/500
47/47 - 2s - loss: 0.2764 - accuracy: 0.9051 - val_loss: 0.4848 - val_accuracy: 0.8216

Epoch 00012: val_loss improved from 0.57396 to 0.48480, saving model to ./Models/LSTM_NET_TF1.hdf5
Epoch 13/500
47/47 - 2s - loss: 0.2319 - accuracy: 0.9244 - val_loss: 0.4920 - val_accuracy: 0.8263

Epoch 00013: val_loss did not improve from 0.48480
Epoch 14/500
47/47 - 2s - loss: 0.1886 - accuracy: 0.9387 - val_loss: 0.5183 - val_accuracy: 0.8068

Epoch 00014: val_loss did not improve from 0.48480
Epoch 15/500
47/47 - 2s - loss: 0.1588 - accuracy: 0.9477 - val_loss: 0.5415 - val_accuracy: 0.8061

Epoch 00015: val_loss did not improve from 0.48480
Epoch 16/500
47/47 - 2s - loss: 0.1569 - accuracy: 0.9471 - val_loss: 0.5389 - val_accuracy: 0.8293

Epoch 00016: val_loss did not improve from 0.48480
Epoch 17/500
47/47 - 2s - loss: 0.1500 - accuracy: 0.9488 - val_loss: 0.5021 - val_accuracy: 0.8380

Epoch 00017: val_loss did not improve from 0.48480
Epoch 18/500
47/47 - 2s - loss: 0.1363 - accuracy: 0.9534 - val_loss: 0.4794 - val_accuracy: 0.8407

Epoch 00018: val_loss improved from 0.48480 to 0.47944, saving model to ./Models/LSTM_NET_TF1.hdf5
Epoch 19/500
47/47 - 2s - loss: 0.1195 - accuracy: 0.9607 - val_loss: 0.5181 - val_accuracy: 0.8323

Epoch 00019: val_loss did not improve from 0.47944
Epoch 20/500
47/47 - 2s - loss: 0.1019 - accuracy: 0.9661 - val_loss: 0.5639 - val_accuracy: 0.8320

Epoch 00020: val_loss did not improve from 0.47944
Epoch 21/500
47/47 - 2s - loss: 0.0927 - accuracy: 0.9705 - val_loss: 0.6022 - val_accuracy: 0.8300

Epoch 00021: val_loss did not improve from 0.47944
Epoch 22/500
47/47 - 2s - loss: 0.0764 - accuracy: 0.9777 - val_loss: 0.4909 - val_accuracy: 0.8350

Epoch 00022: val_loss did not improve from 0.47944
Epoch 23/500
47/47 - 2s - loss: 0.1073 - accuracy: 0.9656 - val_loss: 0.6655 - val_accuracy: 0.8095

Epoch 00023: val_loss did not improve from 0.47944
Epoch 24/500
47/47 - 2s - loss: 0.1137 - accuracy: 0.9626 - val_loss: 0.6650 - val_accuracy: 0.7997

Epoch 00024: val_loss did not improve from 0.47944
Epoch 25/500
47/47 - 2s - loss: 0.1137 - accuracy: 0.9633 - val_loss: 0.7018 - val_accuracy: 0.8122

Epoch 00025: val_loss did not improve from 0.47944
Epoch 26/500
47/47 - 2s - loss: 0.0738 - accuracy: 0.9771 - val_loss: 0.6472 - val_accuracy: 0.8340

Epoch 00026: val_loss did not improve from 0.47944
Epoch 27/500
47/47 - 2s - loss: 0.0603 - accuracy: 0.9826 - val_loss: 0.5639 - val_accuracy: 0.8387

Epoch 00027: val_loss did not improve from 0.47944
Epoch 28/500
47/47 - 2s - loss: 0.0565 - accuracy: 0.9830 - val_loss: 0.5689 - val_accuracy: 0.8414

Epoch 00028: ReduceLROnPlateau reducing learning rate to 0.0005000000237487257.

Epoch 00028: val_loss did not improve from 0.47944
Epoch 29/500
47/47 - 2s - loss: 0.0343 - accuracy: 0.9900 - val_loss: 0.4503 - val_accuracy: 0.8606

Epoch 00029: val_loss improved from 0.47944 to 0.45031, saving model to ./Models/LSTM_NET_TF1.hdf5
Epoch 30/500
47/47 - 2s - loss: 0.0181 - accuracy: 0.9966 - val_loss: 0.4743 - val_accuracy: 0.8582

Epoch 00030: val_loss did not improve from 0.45031
Epoch 31/500
47/47 - 2s - loss: 0.0126 - accuracy: 0.9986 - val_loss: 0.4718 - val_accuracy: 0.8612

Epoch 00031: val_loss did not improve from 0.45031
Epoch 32/500
47/47 - 2s - loss: 0.0108 - accuracy: 0.9987 - val_loss: 0.4694 - val_accuracy: 0.8626

Epoch 00032: val_loss did not improve from 0.45031
Epoch 33/500
47/47 - 2s - loss: 0.0089 - accuracy: 0.9993 - val_loss: 0.4738 - val_accuracy: 0.8616

Epoch 00033: val_loss did not improve from 0.45031
Epoch 34/500
47/47 - 2s - loss: 0.0079 - accuracy: 0.9996 - val_loss: 0.4759 - val_accuracy: 0.8612

Epoch 00034: val_loss did not improve from 0.45031
Epoch 35/500
47/47 - 2s - loss: 0.0067 - accuracy: 0.9997 - val_loss: 0.4795 - val_accuracy: 0.8619

Epoch 00035: val_loss did not improve from 0.45031
Epoch 36/500
47/47 - 2s - loss: 0.0074 - accuracy: 0.9990 - val_loss: 0.4968 - val_accuracy: 0.8595

Epoch 00036: val_loss did not improve from 0.45031
Epoch 37/500
47/47 - 2s - loss: 0.0066 - accuracy: 0.9995 - val_loss: 0.4862 - val_accuracy: 0.8616

Epoch 00037: val_loss did not improve from 0.45031
Epoch 38/500
47/47 - 2s - loss: 0.0057 - accuracy: 0.9995 - val_loss: 0.5012 - val_accuracy: 0.8592

Epoch 00038: val_loss did not improve from 0.45031
Epoch 39/500
47/47 - 2s - loss: 0.0047 - accuracy: 0.9997 - val_loss: 0.4947 - val_accuracy: 0.8599

Epoch 00039: ReduceLROnPlateau reducing learning rate to 0.0002500000118743628.

Epoch 00039: val_loss did not improve from 0.45031
Epoch 40/500
47/47 - 2s - loss: 0.0047 - accuracy: 0.9997 - val_loss: 0.4923 - val_accuracy: 0.8619

Epoch 00040: val_loss did not improve from 0.45031
Epoch 41/500
47/47 - 2s - loss: 0.0038 - accuracy: 0.9999 - val_loss: 0.4967 - val_accuracy: 0.8599

Epoch 00041: val_loss did not improve from 0.45031
Epoch 42/500
47/47 - 2s - loss: 0.0040 - accuracy: 1.0000 - val_loss: 0.5023 - val_accuracy: 0.8595

Epoch 00042: val_loss did not improve from 0.45031
Epoch 43/500
47/47 - 2s - loss: 0.0037 - accuracy: 1.0000 - val_loss: 0.5027 - val_accuracy: 0.8609

Epoch 00043: val_loss did not improve from 0.45031
Epoch 44/500
47/47 - 2s - loss: 0.0035 - accuracy: 1.0000 - val_loss: 0.5074 - val_accuracy: 0.8609

Epoch 00044: val_loss did not improve from 0.45031
Epoch 45/500
47/47 - 2s - loss: 0.0036 - accuracy: 0.9998 - val_loss: 0.5112 - val_accuracy: 0.8609

Epoch 00045: val_loss did not improve from 0.45031
Epoch 46/500
47/47 - 2s - loss: 0.0035 - accuracy: 0.9999 - val_loss: 0.5105 - val_accuracy: 0.8616

Epoch 00046: val_loss did not improve from 0.45031
Epoch 47/500
47/47 - 2s - loss: 0.0034 - accuracy: 0.9999 - val_loss: 0.5180 - val_accuracy: 0.8599

Epoch 00047: val_loss did not improve from 0.45031
Epoch 48/500
47/47 - 2s - loss: 0.0032 - accuracy: 1.0000 - val_loss: 0.5227 - val_accuracy: 0.8599

Epoch 00048: val_loss did not improve from 0.45031
Epoch 49/500
47/47 - 2s - loss: 0.0032 - accuracy: 1.0000 - val_loss: 0.5215 - val_accuracy: 0.8595

Epoch 00049: ReduceLROnPlateau reducing learning rate to 0.0001250000059371814.

Epoch 00049: val_loss did not improve from 0.45031
Epoch 50/500
47/47 - 2s - loss: 0.0031 - accuracy: 0.9997 - val_loss: 0.5233 - val_accuracy: 0.8589

Epoch 00050: val_loss did not improve from 0.45031
Epoch 51/500
47/47 - 2s - loss: 0.0030 - accuracy: 1.0000 - val_loss: 0.5230 - val_accuracy: 0.8612

Epoch 00051: val_loss did not improve from 0.45031
Epoch 52/500
47/47 - 2s - loss: 0.0030 - accuracy: 1.0000 - val_loss: 0.5255 - val_accuracy: 0.8602

Epoch 00052: val_loss did not improve from 0.45031
Epoch 53/500
47/47 - 2s - loss: 0.0026 - accuracy: 0.9998 - val_loss: 0.5265 - val_accuracy: 0.8606

Epoch 00053: val_loss did not improve from 0.45031
Epoch 54/500
47/47 - 2s - loss: 0.0025 - accuracy: 1.0000 - val_loss: 0.5256 - val_accuracy: 0.8612

Epoch 00054: val_loss did not improve from 0.45031
Epoch 55/500
47/47 - 2s - loss: 0.0026 - accuracy: 1.0000 - val_loss: 0.5264 - val_accuracy: 0.8616

Epoch 00055: val_loss did not improve from 0.45031
Epoch 56/500
47/47 - 2s - loss: 0.0028 - accuracy: 1.0000 - val_loss: 0.5257 - val_accuracy: 0.8602

Epoch 00056: val_loss did not improve from 0.45031
Epoch 57/500
47/47 - 2s - loss: 0.0026 - accuracy: 0.9999 - val_loss: 0.5256 - val_accuracy: 0.8612

Epoch 00057: val_loss did not improve from 0.45031
Epoch 58/500
47/47 - 2s - loss: 0.0023 - accuracy: 1.0000 - val_loss: 0.5267 - val_accuracy: 0.8612

Epoch 00058: val_loss did not improve from 0.45031
Epoch 59/500
47/47 - 2s - loss: 0.0024 - accuracy: 1.0000 - val_loss: 0.5272 - val_accuracy: 0.8616

Epoch 00059: ReduceLROnPlateau reducing learning rate to 6.25000029685907e-05.

Epoch 00059: val_loss did not improve from 0.45031
Epoch 60/500
47/47 - 2s - loss: 0.0024 - accuracy: 1.0000 - val_loss: 0.5273 - val_accuracy: 0.8612

Epoch 00060: val_loss did not improve from 0.45031
Epoch 61/500
47/47 - 2s - loss: 0.0026 - accuracy: 0.9999 - val_loss: 0.5270 - val_accuracy: 0.8612

Epoch 00061: val_loss did not improve from 0.45031
Epoch 62/500
47/47 - 2s - loss: 0.0025 - accuracy: 1.0000 - val_loss: 0.5290 - val_accuracy: 0.8619

Epoch 00062: val_loss did not improve from 0.45031
Epoch 63/500
47/47 - 3s - loss: 0.0023 - accuracy: 0.9999 - val_loss: 0.5277 - val_accuracy: 0.8622

Epoch 00063: val_loss did not improve from 0.45031
Epoch 64/500
47/47 - 2s - loss: 0.0024 - accuracy: 0.9999 - val_loss: 0.5253 - val_accuracy: 0.8612

Epoch 00064: val_loss did not improve from 0.45031
Epoch 65/500
47/47 - 2s - loss: 0.0023 - accuracy: 1.0000 - val_loss: 0.5262 - val_accuracy: 0.8619

Epoch 00065: val_loss did not improve from 0.45031
Epoch 66/500
47/47 - 2s - loss: 0.0021 - accuracy: 1.0000 - val_loss: 0.5281 - val_accuracy: 0.8629

Epoch 00066: val_loss did not improve from 0.45031
Epoch 67/500
47/47 - 2s - loss: 0.0024 - accuracy: 1.0000 - val_loss: 0.5291 - val_accuracy: 0.8619

Epoch 00067: val_loss did not improve from 0.45031
Epoch 68/500
47/47 - 2s - loss: 0.0023 - accuracy: 1.0000 - val_loss: 0.5284 - val_accuracy: 0.8616

Epoch 00068: val_loss did not improve from 0.45031
Epoch 69/500
47/47 - 2s - loss: 0.0021 - accuracy: 1.0000 - val_loss: 0.5287 - val_accuracy: 0.8619

Epoch 00069: ReduceLROnPlateau reducing learning rate to 3.125000148429535e-05.

Epoch 00069: val_loss did not improve from 0.45031
Epoch 70/500
47/47 - 2s - loss: 0.0023 - accuracy: 0.9999 - val_loss: 0.5290 - val_accuracy: 0.8616

Epoch 00070: val_loss did not improve from 0.45031
Epoch 71/500
47/47 - 2s - loss: 0.0022 - accuracy: 0.9999 - val_loss: 0.5303 - val_accuracy: 0.8619

Epoch 00071: val_loss did not improve from 0.45031
Epoch 72/500
47/47 - 2s - loss: 0.0022 - accuracy: 1.0000 - val_loss: 0.5300 - val_accuracy: 0.8626

Epoch 00072: val_loss did not improve from 0.45031
Epoch 73/500
47/47 - 2s - loss: 0.0021 - accuracy: 1.0000 - val_loss: 0.5296 - val_accuracy: 0.8619

Epoch 00073: val_loss did not improve from 0.45031
Epoch 74/500
47/47 - 2s - loss: 0.0021 - accuracy: 1.0000 - val_loss: 0.5289 - val_accuracy: 0.8629

Epoch 00074: val_loss did not improve from 0.45031
Epoch 75/500
47/47 - 2s - loss: 0.0021 - accuracy: 1.0000 - val_loss: 0.5296 - val_accuracy: 0.8626

Epoch 00075: val_loss did not improve from 0.45031
Epoch 76/500
47/47 - 2s - loss: 0.0020 - accuracy: 1.0000 - val_loss: 0.5300 - val_accuracy: 0.8626

Epoch 00076: val_loss did not improve from 0.45031
Epoch 77/500
47/47 - 2s - loss: 0.0021 - accuracy: 1.0000 - val_loss: 0.5287 - val_accuracy: 0.8619

Epoch 00077: val_loss did not improve from 0.45031
Epoch 78/500
47/47 - 2s - loss: 0.0021 - accuracy: 1.0000 - val_loss: 0.5287 - val_accuracy: 0.8622

Epoch 00078: val_loss did not improve from 0.45031
Epoch 79/500
47/47 - 2s - loss: 0.0020 - accuracy: 1.0000 - val_loss: 0.5303 - val_accuracy: 0.8626

Epoch 00079: ReduceLROnPlateau reducing learning rate to 1.5625000742147677e-05.
Restoring model weights from the end of the best epoch.

Epoch 00079: val_loss did not improve from 0.45031
Epoch 00079: early stopping

Fold: 2
Model: "LSTM_NET_TF"
_________________________________________________________________
Layer (type)                 Output Shape              Param #   
=================================================================
input_3 (InputLayer)         [(None, 100, 3)]          0         
_________________________________________________________________
bidirectional_4 (Bidirection (None, 100, 512)          532480    
_________________________________________________________________
batch_normalization_6 (Batch (None, 100, 512)          2048      
_________________________________________________________________
bidirectional_5 (Bidirection (None, 100, 256)          656384    
_________________________________________________________________
batch_normalization_7 (Batch (None, 100, 256)          1024      
_________________________________________________________________
flatten_2 (Flatten)          (None, 25600)             0         
_________________________________________________________________
dense_4 (Dense)              (None, 128)               3276928   
_________________________________________________________________
batch_normalization_8 (Batch (None, 128)               512       
_________________________________________________________________
dropout_2 (Dropout)          (None, 128)               0         
_________________________________________________________________
dense_5 (Dense)              (None, 6)                 774       
=================================================================
Total params: 4,470,150
Trainable params: 4,468,358
Non-trainable params: 1,792
_________________________________________________________________
None
Epoch 1/500
47/47 - 12s - loss: 1.9636 - accuracy: 0.4046 - val_loss: 1.7555 - val_accuracy: 0.2745

Epoch 00001: val_loss improved from inf to 1.75549, saving model to ./Models/LSTM_NET_TF2.hdf5
Epoch 2/500
47/47 - 2s - loss: 1.3614 - accuracy: 0.4992 - val_loss: 1.7284 - val_accuracy: 0.2722

Epoch 00002: val_loss improved from 1.75549 to 1.72840, saving model to ./Models/LSTM_NET_TF2.hdf5
Epoch 3/500
47/47 - 2s - loss: 1.1902 - accuracy: 0.5514 - val_loss: 1.8677 - val_accuracy: 0.2715

Epoch 00003: val_loss did not improve from 1.72840
Epoch 4/500
47/47 - 2s - loss: 0.9825 - accuracy: 0.6328 - val_loss: 1.7061 - val_accuracy: 0.3276

Epoch 00004: val_loss improved from 1.72840 to 1.70614, saving model to ./Models/LSTM_NET_TF2.hdf5
Epoch 5/500
47/47 - 3s - loss: 0.8231 - accuracy: 0.6811 - val_loss: 1.5243 - val_accuracy: 0.4388

Epoch 00005: val_loss improved from 1.70614 to 1.52425, saving model to ./Models/LSTM_NET_TF2.hdf5
Epoch 6/500
47/47 - 2s - loss: 0.6950 - accuracy: 0.7395 - val_loss: 1.2777 - val_accuracy: 0.5397

Epoch 00006: val_loss improved from 1.52425 to 1.27769, saving model to ./Models/LSTM_NET_TF2.hdf5
Epoch 7/500
47/47 - 2s - loss: 0.5703 - accuracy: 0.7915 - val_loss: 1.0577 - val_accuracy: 0.6250

Epoch 00007: val_loss improved from 1.27769 to 1.05770, saving model to ./Models/LSTM_NET_TF2.hdf5
Epoch 8/500
47/47 - 2s - loss: 0.4737 - accuracy: 0.8354 - val_loss: 0.9473 - val_accuracy: 0.6831

Epoch 00008: val_loss improved from 1.05770 to 0.94735, saving model to ./Models/LSTM_NET_TF2.hdf5
Epoch 9/500
47/47 - 2s - loss: 0.4112 - accuracy: 0.8561 - val_loss: 0.8367 - val_accuracy: 0.7164

Epoch 00009: val_loss improved from 0.94735 to 0.83671, saving model to ./Models/LSTM_NET_TF2.hdf5
Epoch 10/500
47/47 - 2s - loss: 0.3442 - accuracy: 0.8862 - val_loss: 0.7059 - val_accuracy: 0.7540

Epoch 00010: val_loss improved from 0.83671 to 0.70588, saving model to ./Models/LSTM_NET_TF2.hdf5
Epoch 11/500
47/47 - 2s - loss: 0.3013 - accuracy: 0.8945 - val_loss: 0.6790 - val_accuracy: 0.7870

Epoch 00011: val_loss improved from 0.70588 to 0.67904, saving model to ./Models/LSTM_NET_TF2.hdf5
Epoch 12/500
47/47 - 2s - loss: 0.2643 - accuracy: 0.9130 - val_loss: 0.5329 - val_accuracy: 0.8145

Epoch 00012: val_loss improved from 0.67904 to 0.53289, saving model to ./Models/LSTM_NET_TF2.hdf5
Epoch 13/500
47/47 - 2s - loss: 0.2387 - accuracy: 0.9217 - val_loss: 0.5341 - val_accuracy: 0.8185

Epoch 00013: val_loss did not improve from 0.53289
Epoch 14/500
47/47 - 2s - loss: 0.2043 - accuracy: 0.9288 - val_loss: 0.5255 - val_accuracy: 0.8132

Epoch 00014: val_loss improved from 0.53289 to 0.52546, saving model to ./Models/LSTM_NET_TF2.hdf5
Epoch 15/500
47/47 - 2s - loss: 0.2165 - accuracy: 0.9254 - val_loss: 0.5309 - val_accuracy: 0.8219

Epoch 00015: val_loss did not improve from 0.52546
Epoch 16/500
47/47 - 2s - loss: 0.2023 - accuracy: 0.9322 - val_loss: 0.5159 - val_accuracy: 0.8317

Epoch 00016: val_loss improved from 0.52546 to 0.51586, saving model to ./Models/LSTM_NET_TF2.hdf5
Epoch 17/500
47/47 - 2s - loss: 0.1698 - accuracy: 0.9450 - val_loss: 0.5353 - val_accuracy: 0.8374

Epoch 00017: val_loss did not improve from 0.51586
Epoch 18/500
47/47 - 2s - loss: 0.1380 - accuracy: 0.9550 - val_loss: 0.5404 - val_accuracy: 0.8320

Epoch 00018: val_loss did not improve from 0.51586
Epoch 19/500
47/47 - 3s - loss: 0.1167 - accuracy: 0.9635 - val_loss: 0.5539 - val_accuracy: 0.8303

Epoch 00019: val_loss did not improve from 0.51586
Epoch 20/500
47/47 - 2s - loss: 0.1195 - accuracy: 0.9603 - val_loss: 0.5561 - val_accuracy: 0.8350

Epoch 00020: val_loss did not improve from 0.51586
Epoch 21/500
47/47 - 2s - loss: 0.0862 - accuracy: 0.9751 - val_loss: 0.4612 - val_accuracy: 0.8441

Epoch 00021: val_loss improved from 0.51586 to 0.46122, saving model to ./Models/LSTM_NET_TF2.hdf5
Epoch 22/500
47/47 - 2s - loss: 0.0724 - accuracy: 0.9775 - val_loss: 0.4937 - val_accuracy: 0.8495

Epoch 00022: val_loss did not improve from 0.46122
Epoch 23/500
47/47 - 2s - loss: 0.0996 - accuracy: 0.9703 - val_loss: 0.5991 - val_accuracy: 0.8370

Epoch 00023: val_loss did not improve from 0.46122
Epoch 24/500
47/47 - 2s - loss: 0.1846 - accuracy: 0.9410 - val_loss: 0.7472 - val_accuracy: 0.8165

Epoch 00024: val_loss did not improve from 0.46122
Epoch 25/500
47/47 - 2s - loss: 0.1942 - accuracy: 0.9345 - val_loss: 0.7417 - val_accuracy: 0.8155

Epoch 00025: val_loss did not improve from 0.46122
Epoch 26/500
47/47 - 2s - loss: 0.1199 - accuracy: 0.9599 - val_loss: 0.5485 - val_accuracy: 0.8441

Epoch 00026: val_loss did not improve from 0.46122
Epoch 27/500
47/47 - 2s - loss: 0.0865 - accuracy: 0.9724 - val_loss: 0.5237 - val_accuracy: 0.8508

Epoch 00027: val_loss did not improve from 0.46122
Epoch 28/500
47/47 - 3s - loss: 0.0752 - accuracy: 0.9772 - val_loss: 0.5471 - val_accuracy: 0.8404

Epoch 00028: val_loss did not improve from 0.46122
Epoch 29/500
47/47 - 2s - loss: 0.0588 - accuracy: 0.9824 - val_loss: 0.5616 - val_accuracy: 0.8431

Epoch 00029: val_loss did not improve from 0.46122
Epoch 30/500
47/47 - 2s - loss: 0.0468 - accuracy: 0.9866 - val_loss: 0.5851 - val_accuracy: 0.8414

Epoch 00030: val_loss did not improve from 0.46122
Epoch 31/500
47/47 - 2s - loss: 0.0384 - accuracy: 0.9893 - val_loss: 0.4648 - val_accuracy: 0.8632

Epoch 00031: ReduceLROnPlateau reducing learning rate to 0.0005000000237487257.

Epoch 00031: val_loss did not improve from 0.46122
Epoch 32/500
47/47 - 2s - loss: 0.0252 - accuracy: 0.9939 - val_loss: 0.4235 - val_accuracy: 0.8686

Epoch 00032: val_loss improved from 0.46122 to 0.42350, saving model to ./Models/LSTM_NET_TF2.hdf5
Epoch 33/500
47/47 - 2s - loss: 0.0162 - accuracy: 0.9974 - val_loss: 0.4280 - val_accuracy: 0.8693

Epoch 00033: val_loss did not improve from 0.42350
Epoch 34/500
47/47 - 2s - loss: 0.0125 - accuracy: 0.9983 - val_loss: 0.4344 - val_accuracy: 0.8716

Epoch 00034: val_loss did not improve from 0.42350
Epoch 35/500
47/47 - 2s - loss: 0.0097 - accuracy: 0.9987 - val_loss: 0.4338 - val_accuracy: 0.8716

Epoch 00035: val_loss did not improve from 0.42350
Epoch 36/500
47/47 - 2s - loss: 0.0085 - accuracy: 0.9992 - val_loss: 0.4489 - val_accuracy: 0.8679

Epoch 00036: val_loss did not improve from 0.42350
Epoch 37/500
47/47 - 2s - loss: 0.0070 - accuracy: 0.9995 - val_loss: 0.4543 - val_accuracy: 0.8653

Epoch 00037: val_loss did not improve from 0.42350
Epoch 38/500
47/47 - 2s - loss: 0.0064 - accuracy: 0.9993 - val_loss: 0.4593 - val_accuracy: 0.8706

Epoch 00038: val_loss did not improve from 0.42350
Epoch 39/500
47/47 - 2s - loss: 0.0065 - accuracy: 0.9996 - val_loss: 0.4487 - val_accuracy: 0.8730

Epoch 00039: val_loss did not improve from 0.42350
Epoch 40/500
47/47 - 2s - loss: 0.0073 - accuracy: 0.9992 - val_loss: 0.4647 - val_accuracy: 0.8730

Epoch 00040: val_loss did not improve from 0.42350
Epoch 41/500
47/47 - 2s - loss: 0.0053 - accuracy: 0.9997 - val_loss: 0.4551 - val_accuracy: 0.8730

Epoch 00041: val_loss did not improve from 0.42350
Epoch 42/500
47/47 - 2s - loss: 0.0045 - accuracy: 0.9998 - val_loss: 0.4692 - val_accuracy: 0.8730

Epoch 00042: ReduceLROnPlateau reducing learning rate to 0.0002500000118743628.

Epoch 00042: val_loss did not improve from 0.42350
Epoch 43/500
47/47 - 2s - loss: 0.0045 - accuracy: 0.9998 - val_loss: 0.4633 - val_accuracy: 0.8737

Epoch 00043: val_loss did not improve from 0.42350
Epoch 44/500
47/47 - 2s - loss: 0.0037 - accuracy: 1.0000 - val_loss: 0.4609 - val_accuracy: 0.8763

Epoch 00044: val_loss did not improve from 0.42350
Epoch 45/500
47/47 - 2s - loss: 0.0038 - accuracy: 1.0000 - val_loss: 0.4649 - val_accuracy: 0.8740

Epoch 00045: val_loss did not improve from 0.42350
Epoch 46/500
47/47 - 2s - loss: 0.0037 - accuracy: 0.9999 - val_loss: 0.4672 - val_accuracy: 0.8730

Epoch 00046: val_loss did not improve from 0.42350
Epoch 47/500
47/47 - 2s - loss: 0.0038 - accuracy: 0.9997 - val_loss: 0.4689 - val_accuracy: 0.8723

Epoch 00047: val_loss did not improve from 0.42350
Epoch 48/500
47/47 - 2s - loss: 0.0037 - accuracy: 0.9997 - val_loss: 0.4724 - val_accuracy: 0.8696

Epoch 00048: val_loss did not improve from 0.42350
Epoch 49/500
47/47 - 2s - loss: 0.0032 - accuracy: 1.0000 - val_loss: 0.4742 - val_accuracy: 0.8686

Epoch 00049: val_loss did not improve from 0.42350
Epoch 50/500
47/47 - 2s - loss: 0.0031 - accuracy: 0.9998 - val_loss: 0.4741 - val_accuracy: 0.8683

Epoch 00050: val_loss did not improve from 0.42350
Epoch 51/500
47/47 - 2s - loss: 0.0030 - accuracy: 0.9999 - val_loss: 0.4772 - val_accuracy: 0.8700

Epoch 00051: val_loss did not improve from 0.42350
Epoch 52/500
47/47 - 2s - loss: 0.0028 - accuracy: 1.0000 - val_loss: 0.4832 - val_accuracy: 0.8686

Epoch 00052: ReduceLROnPlateau reducing learning rate to 0.0001250000059371814.

Epoch 00052: val_loss did not improve from 0.42350
Epoch 53/500
47/47 - 2s - loss: 0.0026 - accuracy: 1.0000 - val_loss: 0.4844 - val_accuracy: 0.8696

Epoch 00053: val_loss did not improve from 0.42350
Epoch 54/500
47/47 - 2s - loss: 0.0028 - accuracy: 1.0000 - val_loss: 0.4856 - val_accuracy: 0.8696

Epoch 00054: val_loss did not improve from 0.42350
Epoch 55/500
47/47 - 2s - loss: 0.0026 - accuracy: 1.0000 - val_loss: 0.4847 - val_accuracy: 0.8693

Epoch 00055: val_loss did not improve from 0.42350
Epoch 56/500
47/47 - 2s - loss: 0.0026 - accuracy: 1.0000 - val_loss: 0.4821 - val_accuracy: 0.8703

Epoch 00056: val_loss did not improve from 0.42350
Epoch 57/500
47/47 - 2s - loss: 0.0028 - accuracy: 1.0000 - val_loss: 0.4868 - val_accuracy: 0.8693

Epoch 00057: val_loss did not improve from 0.42350
Epoch 58/500
47/47 - 2s - loss: 0.0024 - accuracy: 1.0000 - val_loss: 0.4896 - val_accuracy: 0.8690

Epoch 00058: val_loss did not improve from 0.42350
Epoch 59/500
47/47 - 2s - loss: 0.0024 - accuracy: 1.0000 - val_loss: 0.4890 - val_accuracy: 0.8696

Epoch 00059: val_loss did not improve from 0.42350
Epoch 60/500
47/47 - 2s - loss: 0.0024 - accuracy: 1.0000 - val_loss: 0.4880 - val_accuracy: 0.8686

Epoch 00060: val_loss did not improve from 0.42350
Epoch 61/500
47/47 - 2s - loss: 0.0024 - accuracy: 1.0000 - val_loss: 0.4857 - val_accuracy: 0.8683

Epoch 00061: val_loss did not improve from 0.42350
Epoch 62/500
47/47 - 2s - loss: 0.0024 - accuracy: 1.0000 - val_loss: 0.4897 - val_accuracy: 0.8683

Epoch 00062: ReduceLROnPlateau reducing learning rate to 6.25000029685907e-05.

Epoch 00062: val_loss did not improve from 0.42350
Epoch 63/500
47/47 - 2s - loss: 0.0024 - accuracy: 0.9999 - val_loss: 0.4909 - val_accuracy: 0.8666

Epoch 00063: val_loss did not improve from 0.42350
Epoch 64/500
47/47 - 2s - loss: 0.0022 - accuracy: 0.9999 - val_loss: 0.4911 - val_accuracy: 0.8676

Epoch 00064: val_loss did not improve from 0.42350
Epoch 65/500
47/47 - 2s - loss: 0.0022 - accuracy: 1.0000 - val_loss: 0.4916 - val_accuracy: 0.8676

Epoch 00065: val_loss did not improve from 0.42350
Epoch 66/500
47/47 - 2s - loss: 0.0024 - accuracy: 0.9999 - val_loss: 0.4910 - val_accuracy: 0.8683

Epoch 00066: val_loss did not improve from 0.42350
Epoch 67/500
47/47 - 2s - loss: 0.0023 - accuracy: 1.0000 - val_loss: 0.4913 - val_accuracy: 0.8690

Epoch 00067: val_loss did not improve from 0.42350
Epoch 68/500
47/47 - 2s - loss: 0.0023 - accuracy: 0.9999 - val_loss: 0.4911 - val_accuracy: 0.8700

Epoch 00068: val_loss did not improve from 0.42350
Epoch 69/500
47/47 - 2s - loss: 0.0021 - accuracy: 1.0000 - val_loss: 0.4923 - val_accuracy: 0.8683

Epoch 00069: val_loss did not improve from 0.42350
Epoch 70/500
47/47 - 2s - loss: 0.0023 - accuracy: 1.0000 - val_loss: 0.4914 - val_accuracy: 0.8690

Epoch 00070: val_loss did not improve from 0.42350
Epoch 71/500
47/47 - 2s - loss: 0.0022 - accuracy: 1.0000 - val_loss: 0.4899 - val_accuracy: 0.8690

Epoch 00071: val_loss did not improve from 0.42350
Epoch 72/500
47/47 - 2s - loss: 0.0021 - accuracy: 1.0000 - val_loss: 0.4891 - val_accuracy: 0.8690

Epoch 00072: ReduceLROnPlateau reducing learning rate to 3.125000148429535e-05.

Epoch 00072: val_loss did not improve from 0.42350
Epoch 73/500
47/47 - 2s - loss: 0.0022 - accuracy: 1.0000 - val_loss: 0.4897 - val_accuracy: 0.8700

Epoch 00073: val_loss did not improve from 0.42350
Epoch 74/500
47/47 - 2s - loss: 0.0021 - accuracy: 1.0000 - val_loss: 0.4899 - val_accuracy: 0.8690

Epoch 00074: val_loss did not improve from 0.42350
Epoch 75/500
47/47 - 2s - loss: 0.0022 - accuracy: 1.0000 - val_loss: 0.4894 - val_accuracy: 0.8693

Epoch 00075: val_loss did not improve from 0.42350
Epoch 76/500
47/47 - 2s - loss: 0.0020 - accuracy: 1.0000 - val_loss: 0.4899 - val_accuracy: 0.8700

Epoch 00076: val_loss did not improve from 0.42350
Epoch 77/500
47/47 - 2s - loss: 0.0022 - accuracy: 1.0000 - val_loss: 0.4902 - val_accuracy: 0.8700

Epoch 00077: val_loss did not improve from 0.42350
Epoch 78/500
47/47 - 3s - loss: 0.0020 - accuracy: 0.9999 - val_loss: 0.4915 - val_accuracy: 0.8693

Epoch 00078: val_loss did not improve from 0.42350
Epoch 79/500
47/47 - 2s - loss: 0.0021 - accuracy: 1.0000 - val_loss: 0.4923 - val_accuracy: 0.8710

Epoch 00079: val_loss did not improve from 0.42350
Epoch 80/500
47/47 - 2s - loss: 0.0020 - accuracy: 1.0000 - val_loss: 0.4920 - val_accuracy: 0.8710

Epoch 00080: val_loss did not improve from 0.42350
Epoch 81/500
47/47 - 2s - loss: 0.0021 - accuracy: 1.0000 - val_loss: 0.4917 - val_accuracy: 0.8706

Epoch 00081: val_loss did not improve from 0.42350
Epoch 82/500
47/47 - 2s - loss: 0.0021 - accuracy: 0.9999 - val_loss: 0.4916 - val_accuracy: 0.8703

Epoch 00082: ReduceLROnPlateau reducing learning rate to 1.5625000742147677e-05.
Restoring model weights from the end of the best epoch.

Epoch 00082: val_loss did not improve from 0.42350
Epoch 00082: early stopping

Fold: 3
Model: "LSTM_NET_TF"
_________________________________________________________________
Layer (type)                 Output Shape              Param #   
=================================================================
input_4 (InputLayer)         [(None, 100, 3)]          0         
_________________________________________________________________
bidirectional_6 (Bidirection (None, 100, 512)          532480    
_________________________________________________________________
batch_normalization_9 (Batch (None, 100, 512)          2048      
_________________________________________________________________
bidirectional_7 (Bidirection (None, 100, 256)          656384    
_________________________________________________________________
batch_normalization_10 (Batc (None, 100, 256)          1024      
_________________________________________________________________
flatten_3 (Flatten)          (None, 25600)             0         
_________________________________________________________________
dense_6 (Dense)              (None, 128)               3276928   
_________________________________________________________________
batch_normalization_11 (Batc (None, 128)               512       
_________________________________________________________________
dropout_3 (Dropout)          (None, 128)               0         
_________________________________________________________________
dense_7 (Dense)              (None, 6)                 774       
=================================================================
Total params: 4,470,150
Trainable params: 4,468,358
Non-trainable params: 1,792
_________________________________________________________________
None
Epoch 1/500
47/47 - 12s - loss: 1.9082 - accuracy: 0.4158 - val_loss: 1.8133 - val_accuracy: 0.2941

Epoch 00001: val_loss improved from inf to 1.81332, saving model to ./Models/LSTM_NET_TF3.hdf5
Epoch 2/500
47/47 - 2s - loss: 1.3397 - accuracy: 0.5251 - val_loss: 1.9291 - val_accuracy: 0.2719

Epoch 00002: val_loss did not improve from 1.81332
Epoch 3/500
47/47 - 2s - loss: 1.1160 - accuracy: 0.5884 - val_loss: 1.8691 - val_accuracy: 0.3022

Epoch 00003: val_loss did not improve from 1.81332
Epoch 4/500
47/47 - 2s - loss: 0.9446 - accuracy: 0.6451 - val_loss: 1.8750 - val_accuracy: 0.3445

Epoch 00004: val_loss did not improve from 1.81332
Epoch 5/500
47/47 - 2s - loss: 0.7396 - accuracy: 0.7181 - val_loss: 1.6587 - val_accuracy: 0.4289

Epoch 00005: val_loss improved from 1.81332 to 1.65872, saving model to ./Models/LSTM_NET_TF3.hdf5
Epoch 6/500
47/47 - 2s - loss: 0.6476 - accuracy: 0.7653 - val_loss: 1.3791 - val_accuracy: 0.5139

Epoch 00006: val_loss improved from 1.65872 to 1.37906, saving model to ./Models/LSTM_NET_TF3.hdf5
Epoch 7/500
47/47 - 3s - loss: 0.5366 - accuracy: 0.8044 - val_loss: 1.5965 - val_accuracy: 0.5150

Epoch 00007: val_loss did not improve from 1.37906
Epoch 8/500
47/47 - 2s - loss: 0.4837 - accuracy: 0.8269 - val_loss: 1.0302 - val_accuracy: 0.6555

Epoch 00008: val_loss improved from 1.37906 to 1.03022, saving model to ./Models/LSTM_NET_TF3.hdf5
Epoch 9/500
47/47 - 2s - loss: 0.4191 - accuracy: 0.8506 - val_loss: 0.9026 - val_accuracy: 0.6776

Epoch 00009: val_loss improved from 1.03022 to 0.90264, saving model to ./Models/LSTM_NET_TF3.hdf5
Epoch 10/500
47/47 - 2s - loss: 0.3420 - accuracy: 0.8848 - val_loss: 0.8281 - val_accuracy: 0.7230

Epoch 00010: val_loss improved from 0.90264 to 0.82812, saving model to ./Models/LSTM_NET_TF3.hdf5
Epoch 11/500
47/47 - 2s - loss: 0.2785 - accuracy: 0.9045 - val_loss: 0.6996 - val_accuracy: 0.7684

Epoch 00011: val_loss improved from 0.82812 to 0.69960, saving model to ./Models/LSTM_NET_TF3.hdf5
Epoch 12/500
47/47 - 2s - loss: 0.2551 - accuracy: 0.9126 - val_loss: 0.6522 - val_accuracy: 0.7832

Epoch 00012: val_loss improved from 0.69960 to 0.65224, saving model to ./Models/LSTM_NET_TF3.hdf5
Epoch 13/500
47/47 - 2s - loss: 0.2105 - accuracy: 0.9301 - val_loss: 0.6001 - val_accuracy: 0.8145

Epoch 00013: val_loss improved from 0.65224 to 0.60005, saving model to ./Models/LSTM_NET_TF3.hdf5
Epoch 14/500
47/47 - 2s - loss: 0.1865 - accuracy: 0.9381 - val_loss: 0.6430 - val_accuracy: 0.7980

Epoch 00014: val_loss did not improve from 0.60005
Epoch 15/500
47/47 - 2s - loss: 0.1681 - accuracy: 0.9436 - val_loss: 0.6044 - val_accuracy: 0.8178

Epoch 00015: val_loss did not improve from 0.60005
Epoch 16/500
47/47 - 2s - loss: 0.1369 - accuracy: 0.9558 - val_loss: 0.5748 - val_accuracy: 0.8145

Epoch 00016: val_loss improved from 0.60005 to 0.57477, saving model to ./Models/LSTM_NET_TF3.hdf5
Epoch 17/500
47/47 - 2s - loss: 0.1199 - accuracy: 0.9605 - val_loss: 0.5535 - val_accuracy: 0.8205

Epoch 00017: val_loss improved from 0.57477 to 0.55355, saving model to ./Models/LSTM_NET_TF3.hdf5
Epoch 18/500
47/47 - 2s - loss: 0.1077 - accuracy: 0.9631 - val_loss: 0.6010 - val_accuracy: 0.8229

Epoch 00018: val_loss did not improve from 0.55355
Epoch 19/500
47/47 - 2s - loss: 0.0973 - accuracy: 0.9702 - val_loss: 0.5896 - val_accuracy: 0.8370

Epoch 00019: val_loss did not improve from 0.55355
Epoch 20/500
47/47 - 2s - loss: 0.0753 - accuracy: 0.9778 - val_loss: 0.5577 - val_accuracy: 0.8262

Epoch 00020: val_loss did not improve from 0.55355
Epoch 21/500
47/47 - 2s - loss: 0.0571 - accuracy: 0.9846 - val_loss: 0.5463 - val_accuracy: 0.8380

Epoch 00021: val_loss improved from 0.55355 to 0.54631, saving model to ./Models/LSTM_NET_TF3.hdf5
Epoch 22/500
47/47 - 2s - loss: 0.0448 - accuracy: 0.9892 - val_loss: 0.5648 - val_accuracy: 0.8424

Epoch 00022: val_loss did not improve from 0.54631
Epoch 23/500
47/47 - 2s - loss: 0.0457 - accuracy: 0.9873 - val_loss: 0.6136 - val_accuracy: 0.8255

Epoch 00023: val_loss did not improve from 0.54631
Epoch 24/500
47/47 - 2s - loss: 0.0779 - accuracy: 0.9756 - val_loss: 0.8551 - val_accuracy: 0.7872

Epoch 00024: val_loss did not improve from 0.54631
Epoch 25/500
47/47 - 2s - loss: 0.2731 - accuracy: 0.9161 - val_loss: 1.4364 - val_accuracy: 0.7358

Epoch 00025: val_loss did not improve from 0.54631
Epoch 26/500
47/47 - 2s - loss: 0.3836 - accuracy: 0.8689 - val_loss: 0.8088 - val_accuracy: 0.7546

Epoch 00026: val_loss did not improve from 0.54631
Epoch 27/500
47/47 - 2s - loss: 0.2045 - accuracy: 0.9288 - val_loss: 0.5615 - val_accuracy: 0.8336

Epoch 00027: val_loss did not improve from 0.54631
Epoch 28/500
47/47 - 2s - loss: 0.1104 - accuracy: 0.9646 - val_loss: 0.5701 - val_accuracy: 0.8323

Epoch 00028: val_loss did not improve from 0.54631
Epoch 29/500
47/47 - 2s - loss: 0.0701 - accuracy: 0.9804 - val_loss: 0.5355 - val_accuracy: 0.8440

Epoch 00029: val_loss improved from 0.54631 to 0.53551, saving model to ./Models/LSTM_NET_TF3.hdf5
Epoch 30/500
47/47 - 2s - loss: 0.0452 - accuracy: 0.9879 - val_loss: 0.5138 - val_accuracy: 0.8383

Epoch 00030: val_loss improved from 0.53551 to 0.51378, saving model to ./Models/LSTM_NET_TF3.hdf5
Epoch 31/500
47/47 - 2s - loss: 0.0332 - accuracy: 0.9924 - val_loss: 0.4991 - val_accuracy: 0.8471

Epoch 00031: val_loss improved from 0.51378 to 0.49915, saving model to ./Models/LSTM_NET_TF3.hdf5
Epoch 32/500
47/47 - 2s - loss: 0.0256 - accuracy: 0.9943 - val_loss: 0.4813 - val_accuracy: 0.8471

Epoch 00032: val_loss improved from 0.49915 to 0.48133, saving model to ./Models/LSTM_NET_TF3.hdf5
Epoch 33/500
47/47 - 2s - loss: 0.0207 - accuracy: 0.9961 - val_loss: 0.4955 - val_accuracy: 0.8501

Epoch 00033: val_loss did not improve from 0.48133
Epoch 34/500
47/47 - 2s - loss: 0.0158 - accuracy: 0.9967 - val_loss: 0.5435 - val_accuracy: 0.8440

Epoch 00034: val_loss did not improve from 0.48133
Epoch 35/500
47/47 - 2s - loss: 0.0136 - accuracy: 0.9982 - val_loss: 0.5097 - val_accuracy: 0.8528

Epoch 00035: val_loss did not improve from 0.48133
Epoch 36/500
47/47 - 2s - loss: 0.0110 - accuracy: 0.9985 - val_loss: 0.5564 - val_accuracy: 0.8464

Epoch 00036: val_loss did not improve from 0.48133
Epoch 37/500
47/47 - 2s - loss: 0.0086 - accuracy: 0.9992 - val_loss: 0.5301 - val_accuracy: 0.8518

Epoch 00037: val_loss did not improve from 0.48133
Epoch 38/500
47/47 - 2s - loss: 0.0063 - accuracy: 0.9993 - val_loss: 0.5582 - val_accuracy: 0.8551

Epoch 00038: val_loss did not improve from 0.48133
Epoch 39/500
47/47 - 2s - loss: 0.0063 - accuracy: 0.9993 - val_loss: 0.5608 - val_accuracy: 0.8561

Epoch 00039: val_loss did not improve from 0.48133
Epoch 40/500
47/47 - 2s - loss: 0.0058 - accuracy: 0.9993 - val_loss: 0.5788 - val_accuracy: 0.8534

Epoch 00040: val_loss did not improve from 0.48133
Epoch 41/500
47/47 - 2s - loss: 0.0050 - accuracy: 0.9995 - val_loss: 0.5920 - val_accuracy: 0.8521

Epoch 00041: val_loss did not improve from 0.48133
Epoch 42/500
47/47 - 3s - loss: 0.0041 - accuracy: 0.9997 - val_loss: 0.5470 - val_accuracy: 0.8524

Epoch 00042: ReduceLROnPlateau reducing learning rate to 0.0005000000237487257.

Epoch 00042: val_loss did not improve from 0.48133
Epoch 43/500
47/47 - 2s - loss: 0.0065 - accuracy: 0.9986 - val_loss: 0.6371 - val_accuracy: 0.8548

Epoch 00043: val_loss did not improve from 0.48133
Epoch 44/500
47/47 - 2s - loss: 0.0051 - accuracy: 0.9992 - val_loss: 0.5956 - val_accuracy: 0.8561

Epoch 00044: val_loss did not improve from 0.48133
Epoch 45/500
47/47 - 2s - loss: 0.0047 - accuracy: 0.9995 - val_loss: 0.6033 - val_accuracy: 0.8538

Epoch 00045: val_loss did not improve from 0.48133
Epoch 46/500
47/47 - 2s - loss: 0.0032 - accuracy: 0.9998 - val_loss: 0.5973 - val_accuracy: 0.8582

Epoch 00046: val_loss did not improve from 0.48133
Epoch 47/500
47/47 - 2s - loss: 0.0030 - accuracy: 0.9997 - val_loss: 0.5975 - val_accuracy: 0.8571

Epoch 00047: val_loss did not improve from 0.48133
Epoch 48/500
47/47 - 2s - loss: 0.0026 - accuracy: 0.9999 - val_loss: 0.6043 - val_accuracy: 0.8578

Epoch 00048: val_loss did not improve from 0.48133
Epoch 49/500
47/47 - 2s - loss: 0.0025 - accuracy: 0.9998 - val_loss: 0.6059 - val_accuracy: 0.8622

Epoch 00049: val_loss did not improve from 0.48133
Epoch 50/500
47/47 - 2s - loss: 0.0019 - accuracy: 0.9999 - val_loss: 0.6063 - val_accuracy: 0.8629

Epoch 00050: val_loss did not improve from 0.48133
Epoch 51/500
47/47 - 2s - loss: 0.0021 - accuracy: 0.9999 - val_loss: 0.6029 - val_accuracy: 0.8612

Epoch 00051: val_loss did not improve from 0.48133
Epoch 52/500
47/47 - 2s - loss: 0.0021 - accuracy: 0.9999 - val_loss: 0.6296 - val_accuracy: 0.8582

Epoch 00052: ReduceLROnPlateau reducing learning rate to 0.0002500000118743628.

Epoch 00052: val_loss did not improve from 0.48133
Epoch 53/500
47/47 - 2s - loss: 0.0022 - accuracy: 0.9997 - val_loss: 0.5984 - val_accuracy: 0.8615

Epoch 00053: val_loss did not improve from 0.48133
Epoch 54/500
47/47 - 2s - loss: 0.0018 - accuracy: 0.9999 - val_loss: 0.6195 - val_accuracy: 0.8602

Epoch 00054: val_loss did not improve from 0.48133
Epoch 55/500
47/47 - 2s - loss: 0.0018 - accuracy: 1.0000 - val_loss: 0.6121 - val_accuracy: 0.8618

Epoch 00055: val_loss did not improve from 0.48133
Epoch 56/500
47/47 - 2s - loss: 0.0018 - accuracy: 0.9999 - val_loss: 0.6229 - val_accuracy: 0.8615

Epoch 00056: val_loss did not improve from 0.48133
Epoch 57/500
47/47 - 2s - loss: 0.0017 - accuracy: 0.9999 - val_loss: 0.6203 - val_accuracy: 0.8612

Epoch 00057: val_loss did not improve from 0.48133
Epoch 58/500
47/47 - 2s - loss: 0.0017 - accuracy: 1.0000 - val_loss: 0.6214 - val_accuracy: 0.8625

Epoch 00058: val_loss did not improve from 0.48133
Epoch 59/500
47/47 - 2s - loss: 0.0016 - accuracy: 0.9999 - val_loss: 0.6194 - val_accuracy: 0.8615

Epoch 00059: val_loss did not improve from 0.48133
Epoch 60/500
47/47 - 2s - loss: 0.0015 - accuracy: 1.0000 - val_loss: 0.6285 - val_accuracy: 0.8632

Epoch 00060: val_loss did not improve from 0.48133
Epoch 61/500
47/47 - 2s - loss: 0.0015 - accuracy: 1.0000 - val_loss: 0.6310 - val_accuracy: 0.8602

Epoch 00061: val_loss did not improve from 0.48133
Epoch 62/500
47/47 - 2s - loss: 0.0015 - accuracy: 1.0000 - val_loss: 0.6326 - val_accuracy: 0.8602

Epoch 00062: ReduceLROnPlateau reducing learning rate to 0.0001250000059371814.

Epoch 00062: val_loss did not improve from 0.48133
Epoch 63/500
47/47 - 2s - loss: 0.0014 - accuracy: 1.0000 - val_loss: 0.6302 - val_accuracy: 0.8602

Epoch 00063: val_loss did not improve from 0.48133
Epoch 64/500
47/47 - 2s - loss: 0.0014 - accuracy: 1.0000 - val_loss: 0.6299 - val_accuracy: 0.8618

Epoch 00064: val_loss did not improve from 0.48133
Epoch 65/500
47/47 - 2s - loss: 0.0014 - accuracy: 1.0000 - val_loss: 0.6279 - val_accuracy: 0.8622

Epoch 00065: val_loss did not improve from 0.48133
Epoch 66/500
47/47 - 2s - loss: 0.0013 - accuracy: 1.0000 - val_loss: 0.6307 - val_accuracy: 0.8625

Epoch 00066: val_loss did not improve from 0.48133
Epoch 67/500
47/47 - 2s - loss: 0.0014 - accuracy: 0.9999 - val_loss: 0.6294 - val_accuracy: 0.8618

Epoch 00067: val_loss did not improve from 0.48133
Epoch 68/500
47/47 - 2s - loss: 0.0013 - accuracy: 1.0000 - val_loss: 0.6322 - val_accuracy: 0.8618

Epoch 00068: val_loss did not improve from 0.48133
Epoch 69/500
47/47 - 2s - loss: 0.0012 - accuracy: 1.0000 - val_loss: 0.6333 - val_accuracy: 0.8615

Epoch 00069: val_loss did not improve from 0.48133
Epoch 70/500
47/47 - 3s - loss: 0.0013 - accuracy: 1.0000 - val_loss: 0.6347 - val_accuracy: 0.8592

Epoch 00070: val_loss did not improve from 0.48133
Epoch 71/500
47/47 - 2s - loss: 0.0013 - accuracy: 1.0000 - val_loss: 0.6365 - val_accuracy: 0.8602

Epoch 00071: val_loss did not improve from 0.48133
Epoch 72/500
47/47 - 2s - loss: 0.0012 - accuracy: 1.0000 - val_loss: 0.6324 - val_accuracy: 0.8602

Epoch 00072: ReduceLROnPlateau reducing learning rate to 6.25000029685907e-05.

Epoch 00072: val_loss did not improve from 0.48133
Epoch 73/500
47/47 - 2s - loss: 0.0013 - accuracy: 1.0000 - val_loss: 0.6342 - val_accuracy: 0.8602

Epoch 00073: val_loss did not improve from 0.48133
Epoch 74/500
47/47 - 2s - loss: 0.0012 - accuracy: 1.0000 - val_loss: 0.6342 - val_accuracy: 0.8602

Epoch 00074: val_loss did not improve from 0.48133
Epoch 75/500
47/47 - 2s - loss: 0.0011 - accuracy: 1.0000 - val_loss: 0.6341 - val_accuracy: 0.8602

Epoch 00075: val_loss did not improve from 0.48133
Epoch 76/500
47/47 - 2s - loss: 0.0012 - accuracy: 1.0000 - val_loss: 0.6314 - val_accuracy: 0.8618

Epoch 00076: val_loss did not improve from 0.48133
Epoch 77/500
47/47 - 2s - loss: 0.0012 - accuracy: 1.0000 - val_loss: 0.6303 - val_accuracy: 0.8612

Epoch 00077: val_loss did not improve from 0.48133
Epoch 78/500
47/47 - 2s - loss: 0.0012 - accuracy: 0.9999 - val_loss: 0.6269 - val_accuracy: 0.8612

Epoch 00078: val_loss did not improve from 0.48133
Epoch 79/500
47/47 - 3s - loss: 0.0012 - accuracy: 1.0000 - val_loss: 0.6272 - val_accuracy: 0.8625

Epoch 00079: val_loss did not improve from 0.48133
Epoch 80/500
47/47 - 2s - loss: 0.0011 - accuracy: 1.0000 - val_loss: 0.6284 - val_accuracy: 0.8629

Epoch 00080: val_loss did not improve from 0.48133
Epoch 81/500
47/47 - 2s - loss: 0.0011 - accuracy: 1.0000 - val_loss: 0.6314 - val_accuracy: 0.8618

Epoch 00081: val_loss did not improve from 0.48133
Epoch 82/500
47/47 - 2s - loss: 0.0011 - accuracy: 1.0000 - val_loss: 0.6288 - val_accuracy: 0.8632

Epoch 00082: ReduceLROnPlateau reducing learning rate to 3.125000148429535e-05.
Restoring model weights from the end of the best epoch.

Epoch 00082: val_loss did not improve from 0.48133
Epoch 00082: early stopping

Fold: 4
Model: "LSTM_NET_TF"
_________________________________________________________________
Layer (type)                 Output Shape              Param #   
=================================================================
input_5 (InputLayer)         [(None, 100, 3)]          0         
_________________________________________________________________
bidirectional_8 (Bidirection (None, 100, 512)          532480    
_________________________________________________________________
batch_normalization_12 (Batc (None, 100, 512)          2048      
_________________________________________________________________
bidirectional_9 (Bidirection (None, 100, 256)          656384    
_________________________________________________________________
batch_normalization_13 (Batc (None, 100, 256)          1024      
_________________________________________________________________
flatten_4 (Flatten)          (None, 25600)             0         
_________________________________________________________________
dense_8 (Dense)              (None, 128)               3276928   
_________________________________________________________________
batch_normalization_14 (Batc (None, 128)               512       
_________________________________________________________________
dropout_4 (Dropout)          (None, 128)               0         
_________________________________________________________________
dense_9 (Dense)              (None, 6)                 774       
=================================================================
Total params: 4,470,150
Trainable params: 4,468,358
Non-trainable params: 1,792
_________________________________________________________________
None
Epoch 1/500
47/47 - 12s - loss: 2.1232 - accuracy: 0.3901 - val_loss: 1.5902 - val_accuracy: 0.3439

Epoch 00001: val_loss improved from inf to 1.59018, saving model to ./Models/LSTM_NET_TF4.hdf5
Epoch 2/500
47/47 - 2s - loss: 1.4184 - accuracy: 0.5097 - val_loss: 1.6431 - val_accuracy: 0.3261

Epoch 00002: val_loss did not improve from 1.59018
Epoch 3/500
47/47 - 2s - loss: 1.1559 - accuracy: 0.5870 - val_loss: 1.7270 - val_accuracy: 0.3180

Epoch 00003: val_loss did not improve from 1.59018
Epoch 4/500
47/47 - 2s - loss: 0.9398 - accuracy: 0.6498 - val_loss: 1.5868 - val_accuracy: 0.4218

Epoch 00004: val_loss improved from 1.59018 to 1.58679, saving model to ./Models/LSTM_NET_TF4.hdf5
Epoch 5/500
47/47 - 2s - loss: 0.8089 - accuracy: 0.6986 - val_loss: 1.4612 - val_accuracy: 0.4810

Epoch 00005: val_loss improved from 1.58679 to 1.46124, saving model to ./Models/LSTM_NET_TF4.hdf5
Epoch 6/500
47/47 - 2s - loss: 0.6459 - accuracy: 0.7674 - val_loss: 1.4101 - val_accuracy: 0.5422

Epoch 00006: val_loss improved from 1.46124 to 1.41007, saving model to ./Models/LSTM_NET_TF4.hdf5
Epoch 7/500
47/47 - 2s - loss: 0.5340 - accuracy: 0.8101 - val_loss: 1.3867 - val_accuracy: 0.5472

Epoch 00007: val_loss improved from 1.41007 to 1.38668, saving model to ./Models/LSTM_NET_TF4.hdf5
Epoch 8/500
47/47 - 2s - loss: 0.4595 - accuracy: 0.8345 - val_loss: 0.9158 - val_accuracy: 0.6615

Epoch 00008: val_loss improved from 1.38668 to 0.91577, saving model to ./Models/LSTM_NET_TF4.hdf5
Epoch 9/500
47/47 - 2s - loss: 0.4070 - accuracy: 0.8573 - val_loss: 0.8355 - val_accuracy: 0.7082

Epoch 00009: val_loss improved from 0.91577 to 0.83555, saving model to ./Models/LSTM_NET_TF4.hdf5
Epoch 10/500
47/47 - 2s - loss: 0.3331 - accuracy: 0.8867 - val_loss: 0.8043 - val_accuracy: 0.7247

Epoch 00010: val_loss improved from 0.83555 to 0.80434, saving model to ./Models/LSTM_NET_TF4.hdf5
Epoch 11/500
47/47 - 2s - loss: 0.2755 - accuracy: 0.9067 - val_loss: 0.8230 - val_accuracy: 0.7166

Epoch 00011: val_loss did not improve from 0.80434
Epoch 12/500
47/47 - 2s - loss: 0.2579 - accuracy: 0.9142 - val_loss: 0.6507 - val_accuracy: 0.7583

Epoch 00012: val_loss improved from 0.80434 to 0.65065, saving model to ./Models/LSTM_NET_TF4.hdf5
Epoch 13/500
47/47 - 2s - loss: 0.2364 - accuracy: 0.9227 - val_loss: 0.6688 - val_accuracy: 0.7731

Epoch 00013: val_loss did not improve from 0.65065
Epoch 14/500
47/47 - 2s - loss: 0.2059 - accuracy: 0.9317 - val_loss: 0.5806 - val_accuracy: 0.8094

Epoch 00014: val_loss improved from 0.65065 to 0.58063, saving model to ./Models/LSTM_NET_TF4.hdf5
Epoch 15/500
47/47 - 2s - loss: 0.1880 - accuracy: 0.9373 - val_loss: 0.5309 - val_accuracy: 0.8124

Epoch 00015: val_loss improved from 0.58063 to 0.53087, saving model to ./Models/LSTM_NET_TF4.hdf5
Epoch 16/500
47/47 - 2s - loss: 0.1472 - accuracy: 0.9535 - val_loss: 0.5923 - val_accuracy: 0.7916

Epoch 00016: val_loss did not improve from 0.53087
Epoch 17/500
47/47 - 2s - loss: 0.1293 - accuracy: 0.9567 - val_loss: 0.5007 - val_accuracy: 0.8363

Epoch 00017: val_loss improved from 0.53087 to 0.50074, saving model to ./Models/LSTM_NET_TF4.hdf5
Epoch 18/500
47/47 - 2s - loss: 0.1294 - accuracy: 0.9580 - val_loss: 0.6282 - val_accuracy: 0.7973

Epoch 00018: val_loss did not improve from 0.50074
Epoch 19/500
47/47 - 2s - loss: 0.1522 - accuracy: 0.9485 - val_loss: 0.5686 - val_accuracy: 0.8061

Epoch 00019: val_loss did not improve from 0.50074
Epoch 20/500
47/47 - 2s - loss: 0.2071 - accuracy: 0.9273 - val_loss: 0.6405 - val_accuracy: 0.8141

Epoch 00020: val_loss did not improve from 0.50074
Epoch 21/500
47/47 - 2s - loss: 0.2266 - accuracy: 0.9227 - val_loss: 0.6026 - val_accuracy: 0.8007

Epoch 00021: val_loss did not improve from 0.50074
Epoch 22/500
47/47 - 2s - loss: 0.1583 - accuracy: 0.9451 - val_loss: 0.5008 - val_accuracy: 0.8380

Epoch 00022: val_loss did not improve from 0.50074
Epoch 23/500
47/47 - 2s - loss: 0.1188 - accuracy: 0.9604 - val_loss: 0.5239 - val_accuracy: 0.8440

Epoch 00023: val_loss did not improve from 0.50074
Epoch 24/500
47/47 - 2s - loss: 0.0799 - accuracy: 0.9759 - val_loss: 0.5030 - val_accuracy: 0.8356

Epoch 00024: val_loss did not improve from 0.50074
Epoch 25/500
47/47 - 2s - loss: 0.0697 - accuracy: 0.9764 - val_loss: 0.5651 - val_accuracy: 0.8286

Epoch 00025: val_loss did not improve from 0.50074
Epoch 26/500
47/47 - 2s - loss: 0.0790 - accuracy: 0.9758 - val_loss: 0.4970 - val_accuracy: 0.8444

Epoch 00026: val_loss improved from 0.50074 to 0.49695, saving model to ./Models/LSTM_NET_TF4.hdf5
Epoch 27/500
47/47 - 2s - loss: 0.0435 - accuracy: 0.9882 - val_loss: 0.4628 - val_accuracy: 0.8494

Epoch 00027: val_loss improved from 0.49695 to 0.46281, saving model to ./Models/LSTM_NET_TF4.hdf5
Epoch 28/500
47/47 - 2s - loss: 0.0308 - accuracy: 0.9938 - val_loss: 0.4981 - val_accuracy: 0.8343

Epoch 00028: val_loss did not improve from 0.46281
Epoch 29/500
47/47 - 2s - loss: 0.0265 - accuracy: 0.9940 - val_loss: 0.4859 - val_accuracy: 0.8501

Epoch 00029: val_loss did not improve from 0.46281
Epoch 30/500
47/47 - 2s - loss: 0.0234 - accuracy: 0.9945 - val_loss: 0.4957 - val_accuracy: 0.8531

Epoch 00030: val_loss did not improve from 0.46281
Epoch 31/500
47/47 - 2s - loss: 0.0205 - accuracy: 0.9953 - val_loss: 0.5479 - val_accuracy: 0.8329

Epoch 00031: val_loss did not improve from 0.46281
Epoch 32/500
47/47 - 2s - loss: 0.0179 - accuracy: 0.9961 - val_loss: 0.5594 - val_accuracy: 0.8323

Epoch 00032: val_loss did not improve from 0.46281
Epoch 33/500
47/47 - 2s - loss: 0.0139 - accuracy: 0.9973 - val_loss: 0.5348 - val_accuracy: 0.8393

Epoch 00033: val_loss did not improve from 0.46281
Epoch 34/500
47/47 - 2s - loss: 0.0120 - accuracy: 0.9978 - val_loss: 0.5119 - val_accuracy: 0.8376

Epoch 00034: val_loss did not improve from 0.46281
Epoch 35/500
47/47 - 3s - loss: 0.0082 - accuracy: 0.9992 - val_loss: 0.5043 - val_accuracy: 0.8464

Epoch 00035: val_loss did not improve from 0.46281
Epoch 36/500
47/47 - 2s - loss: 0.0059 - accuracy: 0.9993 - val_loss: 0.4760 - val_accuracy: 0.8545

Epoch 00036: val_loss did not improve from 0.46281
Epoch 37/500
47/47 - 2s - loss: 0.0065 - accuracy: 0.9991 - val_loss: 0.5003 - val_accuracy: 0.8497

Epoch 00037: ReduceLROnPlateau reducing learning rate to 0.0005000000237487257.

Epoch 00037: val_loss did not improve from 0.46281
Epoch 38/500
47/47 - 2s - loss: 0.0060 - accuracy: 0.9990 - val_loss: 0.4910 - val_accuracy: 0.8558

Epoch 00038: val_loss did not improve from 0.46281
Epoch 39/500
47/47 - 2s - loss: 0.0052 - accuracy: 0.9995 - val_loss: 0.4879 - val_accuracy: 0.8588

Epoch 00039: val_loss did not improve from 0.46281
Epoch 40/500
47/47 - 2s - loss: 0.0041 - accuracy: 0.9997 - val_loss: 0.4962 - val_accuracy: 0.8568

Epoch 00040: val_loss did not improve from 0.46281
Epoch 41/500
47/47 - 2s - loss: 0.0032 - accuracy: 0.9999 - val_loss: 0.4874 - val_accuracy: 0.8585

Epoch 00041: val_loss did not improve from 0.46281
Epoch 42/500
47/47 - 2s - loss: 0.0030 - accuracy: 0.9999 - val_loss: 0.4871 - val_accuracy: 0.8555

Epoch 00042: val_loss did not improve from 0.46281
Epoch 43/500
47/47 - 2s - loss: 0.0026 - accuracy: 0.9999 - val_loss: 0.4867 - val_accuracy: 0.8598

Epoch 00043: val_loss did not improve from 0.46281
Epoch 44/500
47/47 - 2s - loss: 0.0024 - accuracy: 0.9998 - val_loss: 0.4890 - val_accuracy: 0.8618

Epoch 00044: val_loss did not improve from 0.46281
Epoch 45/500
47/47 - 2s - loss: 0.0024 - accuracy: 0.9998 - val_loss: 0.4950 - val_accuracy: 0.8639

Epoch 00045: val_loss did not improve from 0.46281
Epoch 46/500
47/47 - 2s - loss: 0.0021 - accuracy: 1.0000 - val_loss: 0.4938 - val_accuracy: 0.8629

Epoch 00046: val_loss did not improve from 0.46281
Epoch 47/500
47/47 - 3s - loss: 0.0021 - accuracy: 0.9999 - val_loss: 0.5043 - val_accuracy: 0.8625

Epoch 00047: ReduceLROnPlateau reducing learning rate to 0.0002500000118743628.

Epoch 00047: val_loss did not improve from 0.46281
Epoch 48/500
47/47 - 2s - loss: 0.0020 - accuracy: 1.0000 - val_loss: 0.5020 - val_accuracy: 0.8615

Epoch 00048: val_loss did not improve from 0.46281
Epoch 49/500
47/47 - 2s - loss: 0.0018 - accuracy: 1.0000 - val_loss: 0.5100 - val_accuracy: 0.8608

Epoch 00049: val_loss did not improve from 0.46281
Epoch 50/500
47/47 - 2s - loss: 0.0016 - accuracy: 1.0000 - val_loss: 0.5107 - val_accuracy: 0.8602

Epoch 00050: val_loss did not improve from 0.46281
Epoch 51/500
47/47 - 2s - loss: 0.0019 - accuracy: 0.9999 - val_loss: 0.5173 - val_accuracy: 0.8571

Epoch 00051: val_loss did not improve from 0.46281
Epoch 52/500
47/47 - 2s - loss: 0.0019 - accuracy: 0.9999 - val_loss: 0.5146 - val_accuracy: 0.8548

Epoch 00052: val_loss did not improve from 0.46281
Epoch 53/500
47/47 - 2s - loss: 0.0017 - accuracy: 1.0000 - val_loss: 0.5221 - val_accuracy: 0.8561

Epoch 00053: val_loss did not improve from 0.46281
Epoch 54/500
47/47 - 2s - loss: 0.0017 - accuracy: 1.0000 - val_loss: 0.5212 - val_accuracy: 0.8592

Epoch 00054: val_loss did not improve from 0.46281
Epoch 55/500
47/47 - 2s - loss: 0.0017 - accuracy: 0.9999 - val_loss: 0.5194 - val_accuracy: 0.8592

Epoch 00055: val_loss did not improve from 0.46281
Epoch 56/500
47/47 - 2s - loss: 0.0016 - accuracy: 1.0000 - val_loss: 0.5214 - val_accuracy: 0.8571

Epoch 00056: val_loss did not improve from 0.46281
Epoch 57/500
47/47 - 2s - loss: 0.0016 - accuracy: 1.0000 - val_loss: 0.5222 - val_accuracy: 0.8578

Epoch 00057: ReduceLROnPlateau reducing learning rate to 0.0001250000059371814.

Epoch 00057: val_loss did not improve from 0.46281
Epoch 58/500
47/47 - 2s - loss: 0.0015 - accuracy: 1.0000 - val_loss: 0.5205 - val_accuracy: 0.8568

Epoch 00058: val_loss did not improve from 0.46281
Epoch 59/500
47/47 - 2s - loss: 0.0014 - accuracy: 0.9999 - val_loss: 0.5214 - val_accuracy: 0.8575

Epoch 00059: val_loss did not improve from 0.46281
Epoch 60/500
47/47 - 2s - loss: 0.0014 - accuracy: 1.0000 - val_loss: 0.5209 - val_accuracy: 0.8578

Epoch 00060: val_loss did not improve from 0.46281
Epoch 61/500
47/47 - 2s - loss: 0.0013 - accuracy: 1.0000 - val_loss: 0.5196 - val_accuracy: 0.8592

Epoch 00061: val_loss did not improve from 0.46281
Epoch 62/500
47/47 - 2s - loss: 0.0013 - accuracy: 1.0000 - val_loss: 0.5174 - val_accuracy: 0.8602

Epoch 00062: val_loss did not improve from 0.46281
Epoch 63/500
47/47 - 2s - loss: 0.0014 - accuracy: 1.0000 - val_loss: 0.5225 - val_accuracy: 0.8571

Epoch 00063: val_loss did not improve from 0.46281
Epoch 64/500
47/47 - 2s - loss: 0.0015 - accuracy: 1.0000 - val_loss: 0.5229 - val_accuracy: 0.8568

Epoch 00064: val_loss did not improve from 0.46281
Epoch 65/500
47/47 - 3s - loss: 0.0014 - accuracy: 1.0000 - val_loss: 0.5199 - val_accuracy: 0.8585

Epoch 00065: val_loss did not improve from 0.46281
Epoch 66/500
47/47 - 2s - loss: 0.0013 - accuracy: 1.0000 - val_loss: 0.5206 - val_accuracy: 0.8575

Epoch 00066: val_loss did not improve from 0.46281
Epoch 67/500
47/47 - 2s - loss: 0.0013 - accuracy: 1.0000 - val_loss: 0.5209 - val_accuracy: 0.8585

Epoch 00067: ReduceLROnPlateau reducing learning rate to 6.25000029685907e-05.

Epoch 00067: val_loss did not improve from 0.46281
Epoch 68/500
47/47 - 2s - loss: 0.0013 - accuracy: 0.9999 - val_loss: 0.5199 - val_accuracy: 0.8592

Epoch 00068: val_loss did not improve from 0.46281
Epoch 69/500
47/47 - 2s - loss: 0.0012 - accuracy: 1.0000 - val_loss: 0.5210 - val_accuracy: 0.8592

Epoch 00069: val_loss did not improve from 0.46281
Epoch 70/500
47/47 - 2s - loss: 0.0014 - accuracy: 1.0000 - val_loss: 0.5209 - val_accuracy: 0.8595

Epoch 00070: val_loss did not improve from 0.46281
Epoch 71/500
47/47 - 2s - loss: 0.0013 - accuracy: 1.0000 - val_loss: 0.5227 - val_accuracy: 0.8595

Epoch 00071: val_loss did not improve from 0.46281
Epoch 72/500
47/47 - 2s - loss: 0.0012 - accuracy: 1.0000 - val_loss: 0.5225 - val_accuracy: 0.8588

Epoch 00072: val_loss did not improve from 0.46281
Epoch 73/500
47/47 - 2s - loss: 0.0013 - accuracy: 0.9999 - val_loss: 0.5234 - val_accuracy: 0.8582

Epoch 00073: val_loss did not improve from 0.46281
Epoch 74/500
47/47 - 2s - loss: 0.0012 - accuracy: 1.0000 - val_loss: 0.5224 - val_accuracy: 0.8602

Epoch 00074: val_loss did not improve from 0.46281
Epoch 75/500
47/47 - 2s - loss: 0.0012 - accuracy: 1.0000 - val_loss: 0.5222 - val_accuracy: 0.8595

Epoch 00075: val_loss did not improve from 0.46281
Epoch 76/500
47/47 - 2s - loss: 0.0012 - accuracy: 1.0000 - val_loss: 0.5230 - val_accuracy: 0.8592

Epoch 00076: val_loss did not improve from 0.46281
Epoch 77/500
47/47 - 3s - loss: 0.0011 - accuracy: 1.0000 - val_loss: 0.5240 - val_accuracy: 0.8592

Epoch 00077: ReduceLROnPlateau reducing learning rate to 3.125000148429535e-05.
Restoring model weights from the end of the best epoch.

Epoch 00077: val_loss did not improve from 0.46281
Epoch 00077: early stopping

Last validation accuracy for every fold: [85.95, 86.26, 87.03, 86.32, 85.92]
Training, validation and testing completed!

Program runtime: 0:19:04
