Prepare the dataset for training and testing ...
Preparation of the data completed!
Fold: 0
Model: "GRU_NET_BIG_TF"
_________________________________________________________________
Layer (type)                 Output Shape              Param #   
=================================================================
input_1 (InputLayer)         [(None, 200, 6)]          0         
_________________________________________________________________
bidirectional (Bidirectional (None, 200, 1024)         1597440   
_________________________________________________________________
batch_normalization (BatchNo (None, 200, 1024)         4096      
_________________________________________________________________
bidirectional_1 (Bidirection (None, 200, 512)          1969152   
_________________________________________________________________
batch_normalization_1 (Batch (None, 200, 512)          2048      
_________________________________________________________________
bidirectional_2 (Bidirection (None, 200, 256)          493056    
_________________________________________________________________
batch_normalization_2 (Batch (None, 200, 256)          1024      
_________________________________________________________________
flatten (Flatten)            (None, 51200)             0         
_________________________________________________________________
dense (Dense)                (None, 128)               6553728   
_________________________________________________________________
batch_normalization_3 (Batch (None, 128)               512       
_________________________________________________________________
dropout (Dropout)            (None, 128)               0         
_________________________________________________________________
dense_1 (Dense)              (None, 6)                 774       
=================================================================
Total params: 10,621,830
Trainable params: 10,617,990
Non-trainable params: 3,840
_________________________________________________________________
None
Epoch 1/500
24/24 - 17s - loss: 1.5703 - accuracy: 0.5143 - val_loss: 1.3135 - val_accuracy: 0.5733

Epoch 00001: val_loss improved from inf to 1.31346, saving model to ./Models/GRU_NET_BIG_TF0.hdf5
Epoch 2/500
24/24 - 4s - loss: 0.9031 - accuracy: 0.6536 - val_loss: 0.8144 - val_accuracy: 0.7009

Epoch 00002: val_loss improved from 1.31346 to 0.81442, saving model to ./Models/GRU_NET_BIG_TF0.hdf5
Epoch 3/500
24/24 - 4s - loss: 0.7408 - accuracy: 0.7274 - val_loss: 0.6928 - val_accuracy: 0.7500

Epoch 00003: val_loss improved from 0.81442 to 0.69280, saving model to ./Models/GRU_NET_BIG_TF0.hdf5
Epoch 4/500
24/24 - 4s - loss: 0.5830 - accuracy: 0.7923 - val_loss: 0.6533 - val_accuracy: 0.7581

Epoch 00004: val_loss improved from 0.69280 to 0.65327, saving model to ./Models/GRU_NET_BIG_TF0.hdf5
Epoch 5/500
24/24 - 4s - loss: 0.5090 - accuracy: 0.8165 - val_loss: 0.5989 - val_accuracy: 0.7856

Epoch 00005: val_loss improved from 0.65327 to 0.59892, saving model to ./Models/GRU_NET_BIG_TF0.hdf5
Epoch 6/500
24/24 - 4s - loss: 0.4580 - accuracy: 0.8339 - val_loss: 0.5554 - val_accuracy: 0.7823

Epoch 00006: val_loss improved from 0.59892 to 0.55545, saving model to ./Models/GRU_NET_BIG_TF0.hdf5
Epoch 7/500
24/24 - 4s - loss: 0.3692 - accuracy: 0.8716 - val_loss: 0.5340 - val_accuracy: 0.7970

Epoch 00007: val_loss improved from 0.55545 to 0.53404, saving model to ./Models/GRU_NET_BIG_TF0.hdf5
Epoch 8/500
24/24 - 4s - loss: 0.2873 - accuracy: 0.9024 - val_loss: 0.5876 - val_accuracy: 0.7836

Epoch 00008: val_loss did not improve from 0.53404
Epoch 9/500
24/24 - 4s - loss: 0.2326 - accuracy: 0.9245 - val_loss: 0.5408 - val_accuracy: 0.8024

Epoch 00009: val_loss did not improve from 0.53404
Epoch 10/500
24/24 - 4s - loss: 0.1680 - accuracy: 0.9516 - val_loss: 0.4735 - val_accuracy: 0.8280

Epoch 00010: val_loss improved from 0.53404 to 0.47348, saving model to ./Models/GRU_NET_BIG_TF0.hdf5
Epoch 11/500
24/24 - 4s - loss: 0.1430 - accuracy: 0.9561 - val_loss: 0.5213 - val_accuracy: 0.8165

Epoch 00011: val_loss did not improve from 0.47348
Epoch 12/500
24/24 - 4s - loss: 0.1285 - accuracy: 0.9610 - val_loss: 0.5173 - val_accuracy: 0.8206

Epoch 00012: val_loss did not improve from 0.47348
Epoch 13/500
24/24 - 4s - loss: 0.1377 - accuracy: 0.9548 - val_loss: 0.4892 - val_accuracy: 0.8286

Epoch 00013: val_loss did not improve from 0.47348
Epoch 14/500
24/24 - 4s - loss: 0.1232 - accuracy: 0.9624 - val_loss: 0.4427 - val_accuracy: 0.8481

Epoch 00014: val_loss improved from 0.47348 to 0.44267, saving model to ./Models/GRU_NET_BIG_TF0.hdf5
Epoch 15/500
24/24 - 4s - loss: 0.0812 - accuracy: 0.9775 - val_loss: 0.4225 - val_accuracy: 0.8622

Epoch 00015: val_loss improved from 0.44267 to 0.42248, saving model to ./Models/GRU_NET_BIG_TF0.hdf5
Epoch 16/500
24/24 - 4s - loss: 0.0914 - accuracy: 0.9743 - val_loss: 0.4804 - val_accuracy: 0.8555

Epoch 00016: val_loss did not improve from 0.42248
Epoch 17/500
24/24 - 4s - loss: 0.0706 - accuracy: 0.9812 - val_loss: 0.5306 - val_accuracy: 0.8582

Epoch 00017: val_loss did not improve from 0.42248
Epoch 18/500
24/24 - 4s - loss: 0.0491 - accuracy: 0.9876 - val_loss: 0.5018 - val_accuracy: 0.8488

Epoch 00018: val_loss did not improve from 0.42248
Epoch 19/500
24/24 - 4s - loss: 0.0351 - accuracy: 0.9892 - val_loss: 0.4840 - val_accuracy: 0.8683

Epoch 00019: val_loss did not improve from 0.42248
Epoch 20/500
24/24 - 4s - loss: 0.0394 - accuracy: 0.9913 - val_loss: 0.4813 - val_accuracy: 0.8737

Epoch 00020: val_loss did not improve from 0.42248
Epoch 21/500
24/24 - 4s - loss: 0.0416 - accuracy: 0.9879 - val_loss: 0.5230 - val_accuracy: 0.8609

Epoch 00021: val_loss did not improve from 0.42248
Epoch 22/500
24/24 - 4s - loss: 0.0508 - accuracy: 0.9881 - val_loss: 0.5162 - val_accuracy: 0.8535

Epoch 00022: val_loss did not improve from 0.42248
Epoch 23/500
24/24 - 4s - loss: 0.0288 - accuracy: 0.9913 - val_loss: 0.4478 - val_accuracy: 0.8642

Epoch 00023: val_loss did not improve from 0.42248
Epoch 24/500
24/24 - 4s - loss: 0.0187 - accuracy: 0.9953 - val_loss: 0.4532 - val_accuracy: 0.8710

Epoch 00024: val_loss did not improve from 0.42248
Epoch 25/500
24/24 - 4s - loss: 0.0129 - accuracy: 0.9965 - val_loss: 0.4576 - val_accuracy: 0.8696

Epoch 00025: ReduceLROnPlateau reducing learning rate to 0.0005000000237487257.

Epoch 00025: val_loss did not improve from 0.42248
Epoch 26/500
24/24 - 4s - loss: 0.0078 - accuracy: 0.9982 - val_loss: 0.4462 - val_accuracy: 0.8750

Epoch 00026: val_loss did not improve from 0.42248
Epoch 27/500
24/24 - 4s - loss: 0.0104 - accuracy: 0.9975 - val_loss: 0.4718 - val_accuracy: 0.8730

Epoch 00027: val_loss did not improve from 0.42248
Epoch 28/500
24/24 - 4s - loss: 0.0076 - accuracy: 0.9983 - val_loss: 0.4807 - val_accuracy: 0.8743

Epoch 00028: val_loss did not improve from 0.42248
Epoch 29/500
24/24 - 4s - loss: 0.0056 - accuracy: 0.9990 - val_loss: 0.4616 - val_accuracy: 0.8730

Epoch 00029: val_loss did not improve from 0.42248
Epoch 30/500
24/24 - 4s - loss: 0.0045 - accuracy: 0.9997 - val_loss: 0.4637 - val_accuracy: 0.8737

Epoch 00030: val_loss did not improve from 0.42248
Epoch 31/500
24/24 - 4s - loss: 0.0029 - accuracy: 1.0000 - val_loss: 0.4536 - val_accuracy: 0.8730

Epoch 00031: val_loss did not improve from 0.42248
Epoch 32/500
24/24 - 4s - loss: 0.0025 - accuracy: 1.0000 - val_loss: 0.4633 - val_accuracy: 0.8750

Epoch 00032: val_loss did not improve from 0.42248
Epoch 33/500
24/24 - 4s - loss: 0.0026 - accuracy: 1.0000 - val_loss: 0.4766 - val_accuracy: 0.8750

Epoch 00033: val_loss did not improve from 0.42248
Epoch 34/500
24/24 - 4s - loss: 0.0022 - accuracy: 1.0000 - val_loss: 0.4799 - val_accuracy: 0.8750

Epoch 00034: val_loss did not improve from 0.42248
Epoch 35/500
24/24 - 4s - loss: 0.0021 - accuracy: 1.0000 - val_loss: 0.4830 - val_accuracy: 0.8777

Epoch 00035: ReduceLROnPlateau reducing learning rate to 0.0002500000118743628.

Epoch 00035: val_loss did not improve from 0.42248
Epoch 36/500
24/24 - 4s - loss: 0.0018 - accuracy: 1.0000 - val_loss: 0.4862 - val_accuracy: 0.8797

Epoch 00036: val_loss did not improve from 0.42248
Epoch 37/500
24/24 - 4s - loss: 0.0019 - accuracy: 1.0000 - val_loss: 0.4857 - val_accuracy: 0.8804

Epoch 00037: val_loss did not improve from 0.42248
Epoch 38/500
24/24 - 4s - loss: 0.0019 - accuracy: 1.0000 - val_loss: 0.4853 - val_accuracy: 0.8790

Epoch 00038: val_loss did not improve from 0.42248
Epoch 39/500
24/24 - 4s - loss: 0.0018 - accuracy: 1.0000 - val_loss: 0.4826 - val_accuracy: 0.8797

Epoch 00039: val_loss did not improve from 0.42248
Epoch 40/500
24/24 - 4s - loss: 0.0019 - accuracy: 1.0000 - val_loss: 0.4859 - val_accuracy: 0.8770

Epoch 00040: val_loss did not improve from 0.42248
Epoch 41/500
24/24 - 4s - loss: 0.0017 - accuracy: 1.0000 - val_loss: 0.4831 - val_accuracy: 0.8790

Epoch 00041: val_loss did not improve from 0.42248
Epoch 42/500
24/24 - 4s - loss: 0.0017 - accuracy: 1.0000 - val_loss: 0.4850 - val_accuracy: 0.8797

Epoch 00042: val_loss did not improve from 0.42248
Epoch 43/500
24/24 - 4s - loss: 0.0015 - accuracy: 1.0000 - val_loss: 0.4870 - val_accuracy: 0.8790

Epoch 00043: val_loss did not improve from 0.42248
Epoch 44/500
24/24 - 4s - loss: 0.0015 - accuracy: 1.0000 - val_loss: 0.4907 - val_accuracy: 0.8777

Epoch 00044: val_loss did not improve from 0.42248
Epoch 45/500
24/24 - 4s - loss: 0.0015 - accuracy: 1.0000 - val_loss: 0.4896 - val_accuracy: 0.8784

Epoch 00045: ReduceLROnPlateau reducing learning rate to 0.0001250000059371814.

Epoch 00045: val_loss did not improve from 0.42248
Epoch 46/500
24/24 - 4s - loss: 0.0015 - accuracy: 1.0000 - val_loss: 0.4881 - val_accuracy: 0.8797

Epoch 00046: val_loss did not improve from 0.42248
Epoch 47/500
24/24 - 4s - loss: 0.0016 - accuracy: 1.0000 - val_loss: 0.4896 - val_accuracy: 0.8777

Epoch 00047: val_loss did not improve from 0.42248
Epoch 48/500
24/24 - 4s - loss: 0.0014 - accuracy: 1.0000 - val_loss: 0.4890 - val_accuracy: 0.8777

Epoch 00048: val_loss did not improve from 0.42248
Epoch 49/500
24/24 - 4s - loss: 0.0016 - accuracy: 1.0000 - val_loss: 0.4911 - val_accuracy: 0.8757

Epoch 00049: val_loss did not improve from 0.42248
Epoch 50/500
24/24 - 4s - loss: 0.0016 - accuracy: 0.9998 - val_loss: 0.4916 - val_accuracy: 0.8763

Epoch 00050: val_loss did not improve from 0.42248
Epoch 51/500
24/24 - 4s - loss: 0.0014 - accuracy: 1.0000 - val_loss: 0.4912 - val_accuracy: 0.8784

Epoch 00051: val_loss did not improve from 0.42248
Epoch 52/500
24/24 - 4s - loss: 0.0013 - accuracy: 1.0000 - val_loss: 0.4925 - val_accuracy: 0.8790

Epoch 00052: val_loss did not improve from 0.42248
Epoch 53/500
24/24 - 4s - loss: 0.0013 - accuracy: 1.0000 - val_loss: 0.4925 - val_accuracy: 0.8797

Epoch 00053: val_loss did not improve from 0.42248
Epoch 54/500
24/24 - 4s - loss: 0.0012 - accuracy: 1.0000 - val_loss: 0.4923 - val_accuracy: 0.8797

Epoch 00054: val_loss did not improve from 0.42248
Epoch 55/500
24/24 - 4s - loss: 0.0014 - accuracy: 1.0000 - val_loss: 0.4938 - val_accuracy: 0.8784

Epoch 00055: ReduceLROnPlateau reducing learning rate to 6.25000029685907e-05.

Epoch 00055: val_loss did not improve from 0.42248
Epoch 56/500
24/24 - 4s - loss: 0.0013 - accuracy: 1.0000 - val_loss: 0.4942 - val_accuracy: 0.8784

Epoch 00056: val_loss did not improve from 0.42248
Epoch 57/500
24/24 - 4s - loss: 0.0014 - accuracy: 1.0000 - val_loss: 0.4947 - val_accuracy: 0.8797

Epoch 00057: val_loss did not improve from 0.42248
Epoch 58/500
24/24 - 4s - loss: 0.0013 - accuracy: 1.0000 - val_loss: 0.4954 - val_accuracy: 0.8790

Epoch 00058: val_loss did not improve from 0.42248
Epoch 59/500
24/24 - 4s - loss: 0.0015 - accuracy: 1.0000 - val_loss: 0.4959 - val_accuracy: 0.8797

Epoch 00059: val_loss did not improve from 0.42248
Epoch 60/500
24/24 - 4s - loss: 0.0013 - accuracy: 1.0000 - val_loss: 0.4969 - val_accuracy: 0.8790

Epoch 00060: val_loss did not improve from 0.42248
Epoch 61/500
24/24 - 4s - loss: 0.0012 - accuracy: 1.0000 - val_loss: 0.4959 - val_accuracy: 0.8797

Epoch 00061: val_loss did not improve from 0.42248
Epoch 62/500
24/24 - 4s - loss: 0.0013 - accuracy: 1.0000 - val_loss: 0.4958 - val_accuracy: 0.8797

Epoch 00062: val_loss did not improve from 0.42248
Epoch 63/500
24/24 - 4s - loss: 0.0011 - accuracy: 1.0000 - val_loss: 0.4955 - val_accuracy: 0.8797

Epoch 00063: val_loss did not improve from 0.42248
Epoch 64/500
24/24 - 4s - loss: 0.0011 - accuracy: 1.0000 - val_loss: 0.4960 - val_accuracy: 0.8790

Epoch 00064: val_loss did not improve from 0.42248
Epoch 65/500
24/24 - 4s - loss: 0.0012 - accuracy: 1.0000 - val_loss: 0.4958 - val_accuracy: 0.8784

Epoch 00065: ReduceLROnPlateau reducing learning rate to 3.125000148429535e-05.
Restoring model weights from the end of the best epoch.

Epoch 00065: val_loss did not improve from 0.42248
Epoch 00065: early stopping

Fold: 1
Model: "GRU_NET_BIG_TF"
_________________________________________________________________
Layer (type)                 Output Shape              Param #   
=================================================================
input_2 (InputLayer)         [(None, 200, 6)]          0         
_________________________________________________________________
bidirectional_3 (Bidirection (None, 200, 1024)         1597440   
_________________________________________________________________
batch_normalization_4 (Batch (None, 200, 1024)         4096      
_________________________________________________________________
bidirectional_4 (Bidirection (None, 200, 512)          1969152   
_________________________________________________________________
batch_normalization_5 (Batch (None, 200, 512)          2048      
_________________________________________________________________
bidirectional_5 (Bidirection (None, 200, 256)          493056    
_________________________________________________________________
batch_normalization_6 (Batch (None, 200, 256)          1024      
_________________________________________________________________
flatten_1 (Flatten)          (None, 51200)             0         
_________________________________________________________________
dense_2 (Dense)              (None, 128)               6553728   
_________________________________________________________________
batch_normalization_7 (Batch (None, 128)               512       
_________________________________________________________________
dropout_1 (Dropout)          (None, 128)               0         
_________________________________________________________________
dense_3 (Dense)              (None, 6)                 774       
=================================================================
Total params: 10,621,830
Trainable params: 10,617,990
Non-trainable params: 3,840
_________________________________________________________________
None
Epoch 1/500
24/24 - 14s - loss: 1.5513 - accuracy: 0.5339 - val_loss: 1.2706 - val_accuracy: 0.5766

Epoch 00001: val_loss improved from inf to 1.27062, saving model to ./Models/GRU_NET_BIG_TF1.hdf5
Epoch 2/500
24/24 - 4s - loss: 0.8833 - accuracy: 0.6491 - val_loss: 0.7820 - val_accuracy: 0.7218

Epoch 00002: val_loss improved from 1.27062 to 0.78198, saving model to ./Models/GRU_NET_BIG_TF1.hdf5
Epoch 3/500
24/24 - 4s - loss: 0.6872 - accuracy: 0.7371 - val_loss: 0.7346 - val_accuracy: 0.7171

Epoch 00003: val_loss improved from 0.78198 to 0.73457, saving model to ./Models/GRU_NET_BIG_TF1.hdf5
Epoch 4/500
24/24 - 4s - loss: 0.5961 - accuracy: 0.7792 - val_loss: 0.6277 - val_accuracy: 0.7601

Epoch 00004: val_loss improved from 0.73457 to 0.62774, saving model to ./Models/GRU_NET_BIG_TF1.hdf5
Epoch 5/500
24/24 - 3s - loss: 0.4742 - accuracy: 0.8292 - val_loss: 0.5963 - val_accuracy: 0.7728

Epoch 00005: val_loss improved from 0.62774 to 0.59633, saving model to ./Models/GRU_NET_BIG_TF1.hdf5
Epoch 6/500
24/24 - 4s - loss: 0.4087 - accuracy: 0.8496 - val_loss: 0.6257 - val_accuracy: 0.7614

Epoch 00006: val_loss did not improve from 0.59633
Epoch 7/500
24/24 - 4s - loss: 0.3871 - accuracy: 0.8593 - val_loss: 0.5337 - val_accuracy: 0.8058

Epoch 00007: val_loss improved from 0.59633 to 0.53371, saving model to ./Models/GRU_NET_BIG_TF1.hdf5
Epoch 8/500
24/24 - 4s - loss: 0.2899 - accuracy: 0.8985 - val_loss: 0.5489 - val_accuracy: 0.7970

Epoch 00008: val_loss did not improve from 0.53371
Epoch 9/500
24/24 - 4s - loss: 0.2405 - accuracy: 0.9171 - val_loss: 0.5150 - val_accuracy: 0.8065

Epoch 00009: val_loss improved from 0.53371 to 0.51502, saving model to ./Models/GRU_NET_BIG_TF1.hdf5
Epoch 10/500
24/24 - 4s - loss: 0.2612 - accuracy: 0.9069 - val_loss: 0.5906 - val_accuracy: 0.7917

Epoch 00010: val_loss did not improve from 0.51502
Epoch 11/500
24/24 - 4s - loss: 0.2553 - accuracy: 0.9089 - val_loss: 0.4465 - val_accuracy: 0.8448

Epoch 00011: val_loss improved from 0.51502 to 0.44649, saving model to ./Models/GRU_NET_BIG_TF1.hdf5
Epoch 12/500
24/24 - 4s - loss: 0.1798 - accuracy: 0.9383 - val_loss: 0.4603 - val_accuracy: 0.8313

Epoch 00012: val_loss did not improve from 0.44649
Epoch 13/500
24/24 - 4s - loss: 0.1388 - accuracy: 0.9546 - val_loss: 0.4733 - val_accuracy: 0.8340

Epoch 00013: val_loss did not improve from 0.44649
Epoch 14/500
24/24 - 4s - loss: 0.1141 - accuracy: 0.9630 - val_loss: 0.4902 - val_accuracy: 0.8481

Epoch 00014: val_loss did not improve from 0.44649
Epoch 15/500
24/24 - 4s - loss: 0.1008 - accuracy: 0.9669 - val_loss: 0.5081 - val_accuracy: 0.8333

Epoch 00015: val_loss did not improve from 0.44649
Epoch 16/500
24/24 - 4s - loss: 0.0730 - accuracy: 0.9808 - val_loss: 0.5445 - val_accuracy: 0.8266

Epoch 00016: val_loss did not improve from 0.44649
Epoch 17/500
24/24 - 3s - loss: 0.0661 - accuracy: 0.9817 - val_loss: 0.5302 - val_accuracy: 0.8360

Epoch 00017: val_loss did not improve from 0.44649
Epoch 18/500
24/24 - 4s - loss: 0.0473 - accuracy: 0.9877 - val_loss: 0.4321 - val_accuracy: 0.8683

Epoch 00018: val_loss improved from 0.44649 to 0.43213, saving model to ./Models/GRU_NET_BIG_TF1.hdf5
Epoch 19/500
24/24 - 3s - loss: 0.0330 - accuracy: 0.9945 - val_loss: 0.4202 - val_accuracy: 0.8649

Epoch 00019: val_loss improved from 0.43213 to 0.42022, saving model to ./Models/GRU_NET_BIG_TF1.hdf5
Epoch 20/500
24/24 - 4s - loss: 0.0236 - accuracy: 0.9953 - val_loss: 0.4421 - val_accuracy: 0.8589

Epoch 00020: val_loss did not improve from 0.42022
Epoch 21/500
24/24 - 4s - loss: 0.0223 - accuracy: 0.9956 - val_loss: 0.4326 - val_accuracy: 0.8656

Epoch 00021: val_loss did not improve from 0.42022
Epoch 22/500
24/24 - 4s - loss: 0.0160 - accuracy: 0.9966 - val_loss: 0.4528 - val_accuracy: 0.8636

Epoch 00022: val_loss did not improve from 0.42022
Epoch 23/500
24/24 - 3s - loss: 0.0159 - accuracy: 0.9958 - val_loss: 0.4498 - val_accuracy: 0.8595

Epoch 00023: val_loss did not improve from 0.42022
Epoch 24/500
24/24 - 4s - loss: 0.0124 - accuracy: 0.9976 - val_loss: 0.4491 - val_accuracy: 0.8636

Epoch 00024: val_loss did not improve from 0.42022
Epoch 25/500
24/24 - 4s - loss: 0.0102 - accuracy: 0.9975 - val_loss: 0.4662 - val_accuracy: 0.8703

Epoch 00025: val_loss did not improve from 0.42022
Epoch 26/500
24/24 - 4s - loss: 0.0087 - accuracy: 0.9983 - val_loss: 0.4550 - val_accuracy: 0.8629

Epoch 00026: val_loss did not improve from 0.42022
Epoch 27/500
24/24 - 4s - loss: 0.0050 - accuracy: 0.9997 - val_loss: 0.4609 - val_accuracy: 0.8723

Epoch 00027: val_loss did not improve from 0.42022
Epoch 28/500
24/24 - 4s - loss: 0.0066 - accuracy: 0.9988 - val_loss: 0.4869 - val_accuracy: 0.8649

Epoch 00028: val_loss did not improve from 0.42022
Epoch 29/500
24/24 - 4s - loss: 0.0039 - accuracy: 0.9997 - val_loss: 0.4745 - val_accuracy: 0.8676

Epoch 00029: ReduceLROnPlateau reducing learning rate to 0.0005000000237487257.

Epoch 00029: val_loss did not improve from 0.42022
Epoch 30/500
24/24 - 4s - loss: 0.0029 - accuracy: 0.9998 - val_loss: 0.4769 - val_accuracy: 0.8690

Epoch 00030: val_loss did not improve from 0.42022
Epoch 31/500
24/24 - 4s - loss: 0.0027 - accuracy: 0.9998 - val_loss: 0.4910 - val_accuracy: 0.8690

Epoch 00031: val_loss did not improve from 0.42022
Epoch 32/500
24/24 - 4s - loss: 0.0028 - accuracy: 0.9997 - val_loss: 0.4816 - val_accuracy: 0.8696

Epoch 00032: val_loss did not improve from 0.42022
Epoch 33/500
24/24 - 4s - loss: 0.0022 - accuracy: 1.0000 - val_loss: 0.5035 - val_accuracy: 0.8716

Epoch 00033: val_loss did not improve from 0.42022
Epoch 34/500
24/24 - 4s - loss: 0.0020 - accuracy: 1.0000 - val_loss: 0.4854 - val_accuracy: 0.8696

Epoch 00034: val_loss did not improve from 0.42022
Epoch 35/500
24/24 - 3s - loss: 0.0018 - accuracy: 1.0000 - val_loss: 0.5011 - val_accuracy: 0.8723

Epoch 00035: val_loss did not improve from 0.42022
Epoch 36/500
24/24 - 4s - loss: 0.0017 - accuracy: 1.0000 - val_loss: 0.4900 - val_accuracy: 0.8710

Epoch 00036: val_loss did not improve from 0.42022
Epoch 37/500
24/24 - 4s - loss: 0.0015 - accuracy: 1.0000 - val_loss: 0.4924 - val_accuracy: 0.8690

Epoch 00037: val_loss did not improve from 0.42022
Epoch 38/500
24/24 - 3s - loss: 0.0015 - accuracy: 1.0000 - val_loss: 0.4927 - val_accuracy: 0.8710

Epoch 00038: val_loss did not improve from 0.42022
Epoch 39/500
24/24 - 4s - loss: 0.0015 - accuracy: 1.0000 - val_loss: 0.4958 - val_accuracy: 0.8703

Epoch 00039: ReduceLROnPlateau reducing learning rate to 0.0002500000118743628.

Epoch 00039: val_loss did not improve from 0.42022
Epoch 40/500
24/24 - 4s - loss: 0.0015 - accuracy: 1.0000 - val_loss: 0.4994 - val_accuracy: 0.8710

Epoch 00040: val_loss did not improve from 0.42022
Epoch 41/500
24/24 - 4s - loss: 0.0013 - accuracy: 1.0000 - val_loss: 0.5018 - val_accuracy: 0.8683

Epoch 00041: val_loss did not improve from 0.42022
Epoch 42/500
24/24 - 4s - loss: 0.0012 - accuracy: 1.0000 - val_loss: 0.5045 - val_accuracy: 0.8690

Epoch 00042: val_loss did not improve from 0.42022
Epoch 43/500
24/24 - 4s - loss: 0.0012 - accuracy: 1.0000 - val_loss: 0.5073 - val_accuracy: 0.8703

Epoch 00043: val_loss did not improve from 0.42022
Epoch 44/500
24/24 - 4s - loss: 0.0011 - accuracy: 1.0000 - val_loss: 0.5070 - val_accuracy: 0.8710

Epoch 00044: val_loss did not improve from 0.42022
Epoch 45/500
24/24 - 4s - loss: 0.0012 - accuracy: 1.0000 - val_loss: 0.5080 - val_accuracy: 0.8710

Epoch 00045: val_loss did not improve from 0.42022
Epoch 46/500
24/24 - 4s - loss: 0.0012 - accuracy: 1.0000 - val_loss: 0.5096 - val_accuracy: 0.8703

Epoch 00046: val_loss did not improve from 0.42022
Epoch 47/500
24/24 - 4s - loss: 0.0013 - accuracy: 1.0000 - val_loss: 0.5117 - val_accuracy: 0.8723

Epoch 00047: val_loss did not improve from 0.42022
Epoch 48/500
24/24 - 4s - loss: 0.0011 - accuracy: 1.0000 - val_loss: 0.5124 - val_accuracy: 0.8723

Epoch 00048: val_loss did not improve from 0.42022
Epoch 49/500
24/24 - 4s - loss: 0.0012 - accuracy: 1.0000 - val_loss: 0.5126 - val_accuracy: 0.8703

Epoch 00049: ReduceLROnPlateau reducing learning rate to 0.0001250000059371814.

Epoch 00049: val_loss did not improve from 0.42022
Epoch 50/500
24/24 - 4s - loss: 0.0012 - accuracy: 1.0000 - val_loss: 0.5111 - val_accuracy: 0.8710

Epoch 00050: val_loss did not improve from 0.42022
Epoch 51/500
24/24 - 4s - loss: 0.0011 - accuracy: 1.0000 - val_loss: 0.5108 - val_accuracy: 0.8703

Epoch 00051: val_loss did not improve from 0.42022
Epoch 52/500
24/24 - 4s - loss: 0.0013 - accuracy: 0.9998 - val_loss: 0.5102 - val_accuracy: 0.8710

Epoch 00052: val_loss did not improve from 0.42022
Epoch 53/500
24/24 - 4s - loss: 0.0011 - accuracy: 1.0000 - val_loss: 0.5101 - val_accuracy: 0.8710

Epoch 00053: val_loss did not improve from 0.42022
Epoch 54/500
24/24 - 4s - loss: 0.0011 - accuracy: 1.0000 - val_loss: 0.5122 - val_accuracy: 0.8716

Epoch 00054: val_loss did not improve from 0.42022
Epoch 55/500
24/24 - 4s - loss: 0.0010 - accuracy: 1.0000 - val_loss: 0.5150 - val_accuracy: 0.8710

Epoch 00055: val_loss did not improve from 0.42022
Epoch 56/500
24/24 - 4s - loss: 0.0011 - accuracy: 1.0000 - val_loss: 0.5148 - val_accuracy: 0.8710

Epoch 00056: val_loss did not improve from 0.42022
Epoch 57/500
24/24 - 4s - loss: 0.0010 - accuracy: 1.0000 - val_loss: 0.5151 - val_accuracy: 0.8710

Epoch 00057: val_loss did not improve from 0.42022
Epoch 58/500
24/24 - 4s - loss: 0.0010 - accuracy: 1.0000 - val_loss: 0.5151 - val_accuracy: 0.8716

Epoch 00058: val_loss did not improve from 0.42022
Epoch 59/500
24/24 - 4s - loss: 0.0011 - accuracy: 1.0000 - val_loss: 0.5143 - val_accuracy: 0.8723

Epoch 00059: ReduceLROnPlateau reducing learning rate to 6.25000029685907e-05.

Epoch 00059: val_loss did not improve from 0.42022
Epoch 60/500
24/24 - 4s - loss: 0.0010 - accuracy: 1.0000 - val_loss: 0.5150 - val_accuracy: 0.8710

Epoch 00060: val_loss did not improve from 0.42022
Epoch 61/500
24/24 - 4s - loss: 9.7092e-04 - accuracy: 1.0000 - val_loss: 0.5155 - val_accuracy: 0.8716

Epoch 00061: val_loss did not improve from 0.42022
Epoch 62/500
24/24 - 4s - loss: 9.7325e-04 - accuracy: 1.0000 - val_loss: 0.5155 - val_accuracy: 0.8716

Epoch 00062: val_loss did not improve from 0.42022
Epoch 63/500
24/24 - 4s - loss: 9.3079e-04 - accuracy: 1.0000 - val_loss: 0.5156 - val_accuracy: 0.8716

Epoch 00063: val_loss did not improve from 0.42022
Epoch 64/500
24/24 - 4s - loss: 9.3808e-04 - accuracy: 1.0000 - val_loss: 0.5158 - val_accuracy: 0.8716

Epoch 00064: val_loss did not improve from 0.42022
Epoch 65/500
24/24 - 4s - loss: 8.9774e-04 - accuracy: 1.0000 - val_loss: 0.5162 - val_accuracy: 0.8710

Epoch 00065: val_loss did not improve from 0.42022
Epoch 66/500
24/24 - 4s - loss: 9.7388e-04 - accuracy: 1.0000 - val_loss: 0.5166 - val_accuracy: 0.8703

Epoch 00066: val_loss did not improve from 0.42022
Epoch 67/500
24/24 - 4s - loss: 9.5636e-04 - accuracy: 1.0000 - val_loss: 0.5161 - val_accuracy: 0.8710

Epoch 00067: val_loss did not improve from 0.42022
Epoch 68/500
24/24 - 4s - loss: 8.2610e-04 - accuracy: 1.0000 - val_loss: 0.5168 - val_accuracy: 0.8710

Epoch 00068: val_loss did not improve from 0.42022
Epoch 69/500
24/24 - 4s - loss: 0.0010 - accuracy: 1.0000 - val_loss: 0.5152 - val_accuracy: 0.8710

Epoch 00069: ReduceLROnPlateau reducing learning rate to 3.125000148429535e-05.
Restoring model weights from the end of the best epoch.

Epoch 00069: val_loss did not improve from 0.42022
Epoch 00069: early stopping

Fold: 2
Model: "GRU_NET_BIG_TF"
_________________________________________________________________
Layer (type)                 Output Shape              Param #   
=================================================================
input_3 (InputLayer)         [(None, 200, 6)]          0         
_________________________________________________________________
bidirectional_6 (Bidirection (None, 200, 1024)         1597440   
_________________________________________________________________
batch_normalization_8 (Batch (None, 200, 1024)         4096      
_________________________________________________________________
bidirectional_7 (Bidirection (None, 200, 512)          1969152   
_________________________________________________________________
batch_normalization_9 (Batch (None, 200, 512)          2048      
_________________________________________________________________
bidirectional_8 (Bidirection (None, 200, 256)          493056    
_________________________________________________________________
batch_normalization_10 (Batc (None, 200, 256)          1024      
_________________________________________________________________
flatten_2 (Flatten)          (None, 51200)             0         
_________________________________________________________________
dense_4 (Dense)              (None, 128)               6553728   
_________________________________________________________________
batch_normalization_11 (Batc (None, 128)               512       
_________________________________________________________________
dropout_2 (Dropout)          (None, 128)               0         
_________________________________________________________________
dense_5 (Dense)              (None, 6)                 774       
=================================================================
Total params: 10,621,830
Trainable params: 10,617,990
Non-trainable params: 3,840
_________________________________________________________________
None
Epoch 1/500
24/24 - 15s - loss: 1.6331 - accuracy: 0.5195 - val_loss: 1.3196 - val_accuracy: 0.5840

Epoch 00001: val_loss improved from inf to 1.31958, saving model to ./Models/GRU_NET_BIG_TF2.hdf5
Epoch 2/500
24/24 - 4s - loss: 0.9482 - accuracy: 0.6348 - val_loss: 0.8587 - val_accuracy: 0.6841

Epoch 00002: val_loss improved from 1.31958 to 0.85868, saving model to ./Models/GRU_NET_BIG_TF2.hdf5
Epoch 3/500
24/24 - 4s - loss: 0.7804 - accuracy: 0.7155 - val_loss: 0.7736 - val_accuracy: 0.7238

Epoch 00003: val_loss improved from 0.85868 to 0.77355, saving model to ./Models/GRU_NET_BIG_TF2.hdf5
Epoch 4/500
24/24 - 4s - loss: 0.6084 - accuracy: 0.7704 - val_loss: 0.6575 - val_accuracy: 0.7628

Epoch 00004: val_loss improved from 0.77355 to 0.65749, saving model to ./Models/GRU_NET_BIG_TF2.hdf5
Epoch 5/500
24/24 - 4s - loss: 0.5087 - accuracy: 0.8131 - val_loss: 0.6541 - val_accuracy: 0.7547

Epoch 00005: val_loss improved from 0.65749 to 0.65412, saving model to ./Models/GRU_NET_BIG_TF2.hdf5
Epoch 6/500
24/24 - 4s - loss: 0.4575 - accuracy: 0.8338 - val_loss: 0.5900 - val_accuracy: 0.7655

Epoch 00006: val_loss improved from 0.65412 to 0.58996, saving model to ./Models/GRU_NET_BIG_TF2.hdf5
Epoch 7/500
24/24 - 4s - loss: 0.3720 - accuracy: 0.8682 - val_loss: 0.5604 - val_accuracy: 0.7836

Epoch 00007: val_loss improved from 0.58996 to 0.56038, saving model to ./Models/GRU_NET_BIG_TF2.hdf5
Epoch 8/500
24/24 - 4s - loss: 0.3033 - accuracy: 0.8943 - val_loss: 0.5337 - val_accuracy: 0.7910

Epoch 00008: val_loss improved from 0.56038 to 0.53367, saving model to ./Models/GRU_NET_BIG_TF2.hdf5
Epoch 9/500
24/24 - 4s - loss: 0.2470 - accuracy: 0.9158 - val_loss: 0.5279 - val_accuracy: 0.7944

Epoch 00009: val_loss improved from 0.53367 to 0.52787, saving model to ./Models/GRU_NET_BIG_TF2.hdf5
Epoch 10/500
24/24 - 4s - loss: 0.1931 - accuracy: 0.9356 - val_loss: 0.5174 - val_accuracy: 0.7977

Epoch 00010: val_loss improved from 0.52787 to 0.51740, saving model to ./Models/GRU_NET_BIG_TF2.hdf5
Epoch 11/500
24/24 - 3s - loss: 0.1723 - accuracy: 0.9407 - val_loss: 0.4970 - val_accuracy: 0.8112

Epoch 00011: val_loss improved from 0.51740 to 0.49699, saving model to ./Models/GRU_NET_BIG_TF2.hdf5
Epoch 12/500
24/24 - 4s - loss: 0.1399 - accuracy: 0.9555 - val_loss: 0.4799 - val_accuracy: 0.8152

Epoch 00012: val_loss improved from 0.49699 to 0.47993, saving model to ./Models/GRU_NET_BIG_TF2.hdf5
Epoch 13/500
24/24 - 4s - loss: 0.1241 - accuracy: 0.9610 - val_loss: 0.4834 - val_accuracy: 0.8320

Epoch 00013: val_loss did not improve from 0.47993
Epoch 14/500
24/24 - 4s - loss: 0.0918 - accuracy: 0.9703 - val_loss: 0.5151 - val_accuracy: 0.8219

Epoch 00014: val_loss did not improve from 0.47993
Epoch 15/500
24/24 - 4s - loss: 0.0990 - accuracy: 0.9692 - val_loss: 0.4786 - val_accuracy: 0.8394

Epoch 00015: val_loss improved from 0.47993 to 0.47862, saving model to ./Models/GRU_NET_BIG_TF2.hdf5
Epoch 16/500
24/24 - 4s - loss: 0.0937 - accuracy: 0.9721 - val_loss: 0.5738 - val_accuracy: 0.8132

Epoch 00016: val_loss did not improve from 0.47862
Epoch 17/500
24/24 - 4s - loss: 0.1490 - accuracy: 0.9539 - val_loss: 0.5267 - val_accuracy: 0.8206

Epoch 00017: val_loss did not improve from 0.47862
Epoch 18/500
24/24 - 4s - loss: 0.0901 - accuracy: 0.9696 - val_loss: 0.4551 - val_accuracy: 0.8542

Epoch 00018: val_loss improved from 0.47862 to 0.45512, saving model to ./Models/GRU_NET_BIG_TF2.hdf5
Epoch 19/500
24/24 - 4s - loss: 0.0614 - accuracy: 0.9800 - val_loss: 0.4792 - val_accuracy: 0.8508

Epoch 00019: val_loss did not improve from 0.45512
Epoch 20/500
24/24 - 4s - loss: 0.0521 - accuracy: 0.9869 - val_loss: 0.4548 - val_accuracy: 0.8602

Epoch 00020: val_loss improved from 0.45512 to 0.45483, saving model to ./Models/GRU_NET_BIG_TF2.hdf5
Epoch 21/500
24/24 - 3s - loss: 0.0328 - accuracy: 0.9899 - val_loss: 0.5766 - val_accuracy: 0.8448

Epoch 00021: val_loss did not improve from 0.45483
Epoch 22/500
24/24 - 4s - loss: 0.0190 - accuracy: 0.9958 - val_loss: 0.4732 - val_accuracy: 0.8656

Epoch 00022: val_loss did not improve from 0.45483
Epoch 23/500
24/24 - 4s - loss: 0.0185 - accuracy: 0.9943 - val_loss: 0.4634 - val_accuracy: 0.8622

Epoch 00023: val_loss did not improve from 0.45483
Epoch 24/500
24/24 - 3s - loss: 0.0174 - accuracy: 0.9951 - val_loss: 0.4687 - val_accuracy: 0.8616

Epoch 00024: val_loss did not improve from 0.45483
Epoch 25/500
24/24 - 4s - loss: 0.0161 - accuracy: 0.9951 - val_loss: 0.5082 - val_accuracy: 0.8669

Epoch 00025: val_loss did not improve from 0.45483
Epoch 26/500
24/24 - 4s - loss: 0.0122 - accuracy: 0.9970 - val_loss: 0.4595 - val_accuracy: 0.8636

Epoch 00026: val_loss did not improve from 0.45483
Epoch 27/500
24/24 - 4s - loss: 0.0069 - accuracy: 0.9992 - val_loss: 0.4762 - val_accuracy: 0.8663

Epoch 00027: val_loss did not improve from 0.45483
Epoch 28/500
24/24 - 4s - loss: 0.0052 - accuracy: 0.9992 - val_loss: 0.4753 - val_accuracy: 0.8703

Epoch 00028: val_loss did not improve from 0.45483
Epoch 29/500
24/24 - 4s - loss: 0.0034 - accuracy: 1.0000 - val_loss: 0.4825 - val_accuracy: 0.8710

Epoch 00029: val_loss did not improve from 0.45483
Epoch 30/500
24/24 - 4s - loss: 0.0025 - accuracy: 1.0000 - val_loss: 0.4912 - val_accuracy: 0.8696

Epoch 00030: ReduceLROnPlateau reducing learning rate to 0.0005000000237487257.

Epoch 00030: val_loss did not improve from 0.45483
Epoch 31/500
24/24 - 4s - loss: 0.0027 - accuracy: 1.0000 - val_loss: 0.4856 - val_accuracy: 0.8763

Epoch 00031: val_loss did not improve from 0.45483
Epoch 32/500
24/24 - 3s - loss: 0.0023 - accuracy: 1.0000 - val_loss: 0.4865 - val_accuracy: 0.8683

Epoch 00032: val_loss did not improve from 0.45483
Epoch 33/500
24/24 - 4s - loss: 0.0021 - accuracy: 1.0000 - val_loss: 0.4885 - val_accuracy: 0.8703

Epoch 00033: val_loss did not improve from 0.45483
Epoch 34/500
24/24 - 4s - loss: 0.0020 - accuracy: 1.0000 - val_loss: 0.4924 - val_accuracy: 0.8710

Epoch 00034: val_loss did not improve from 0.45483
Epoch 35/500
24/24 - 4s - loss: 0.0016 - accuracy: 1.0000 - val_loss: 0.5002 - val_accuracy: 0.8703

Epoch 00035: val_loss did not improve from 0.45483
Epoch 36/500
24/24 - 4s - loss: 0.0017 - accuracy: 1.0000 - val_loss: 0.5009 - val_accuracy: 0.8716

Epoch 00036: val_loss did not improve from 0.45483
Epoch 37/500
24/24 - 4s - loss: 0.0016 - accuracy: 1.0000 - val_loss: 0.5082 - val_accuracy: 0.8690

Epoch 00037: val_loss did not improve from 0.45483
Epoch 38/500
24/24 - 4s - loss: 0.0016 - accuracy: 1.0000 - val_loss: 0.5072 - val_accuracy: 0.8710

Epoch 00038: val_loss did not improve from 0.45483
Epoch 39/500
24/24 - 4s - loss: 0.0015 - accuracy: 1.0000 - val_loss: 0.5114 - val_accuracy: 0.8723

Epoch 00039: val_loss did not improve from 0.45483
Epoch 40/500
24/24 - 4s - loss: 0.0013 - accuracy: 1.0000 - val_loss: 0.5146 - val_accuracy: 0.8696

Epoch 00040: ReduceLROnPlateau reducing learning rate to 0.0002500000118743628.

Epoch 00040: val_loss did not improve from 0.45483
Epoch 41/500
24/24 - 4s - loss: 0.0014 - accuracy: 1.0000 - val_loss: 0.5128 - val_accuracy: 0.8696

Epoch 00041: val_loss did not improve from 0.45483
Epoch 42/500
24/24 - 4s - loss: 0.0013 - accuracy: 1.0000 - val_loss: 0.5128 - val_accuracy: 0.8710

Epoch 00042: val_loss did not improve from 0.45483
Epoch 43/500
24/24 - 4s - loss: 0.0013 - accuracy: 1.0000 - val_loss: 0.5131 - val_accuracy: 0.8730

Epoch 00043: val_loss did not improve from 0.45483
Epoch 44/500
24/24 - 4s - loss: 0.0013 - accuracy: 1.0000 - val_loss: 0.5129 - val_accuracy: 0.8723

Epoch 00044: val_loss did not improve from 0.45483
Epoch 45/500
24/24 - 4s - loss: 0.0013 - accuracy: 1.0000 - val_loss: 0.5150 - val_accuracy: 0.8723

Epoch 00045: val_loss did not improve from 0.45483
Epoch 46/500
24/24 - 4s - loss: 0.0014 - accuracy: 1.0000 - val_loss: 0.5185 - val_accuracy: 0.8710

Epoch 00046: val_loss did not improve from 0.45483
Epoch 47/500
24/24 - 4s - loss: 0.0012 - accuracy: 1.0000 - val_loss: 0.5182 - val_accuracy: 0.8716

Epoch 00047: val_loss did not improve from 0.45483
Epoch 48/500
24/24 - 4s - loss: 0.0010 - accuracy: 1.0000 - val_loss: 0.5219 - val_accuracy: 0.8723

Epoch 00048: val_loss did not improve from 0.45483
Epoch 49/500
24/24 - 4s - loss: 0.0013 - accuracy: 1.0000 - val_loss: 0.5227 - val_accuracy: 0.8723

Epoch 00049: val_loss did not improve from 0.45483
Epoch 50/500
24/24 - 4s - loss: 0.0012 - accuracy: 1.0000 - val_loss: 0.5201 - val_accuracy: 0.8723

Epoch 00050: ReduceLROnPlateau reducing learning rate to 0.0001250000059371814.

Epoch 00050: val_loss did not improve from 0.45483
Epoch 51/500
24/24 - 4s - loss: 0.0011 - accuracy: 1.0000 - val_loss: 0.5205 - val_accuracy: 0.8730

Epoch 00051: val_loss did not improve from 0.45483
Epoch 52/500
24/24 - 4s - loss: 0.0011 - accuracy: 1.0000 - val_loss: 0.5216 - val_accuracy: 0.8723

Epoch 00052: val_loss did not improve from 0.45483
Epoch 53/500
24/24 - 4s - loss: 0.0010 - accuracy: 1.0000 - val_loss: 0.5217 - val_accuracy: 0.8716

Epoch 00053: val_loss did not improve from 0.45483
Epoch 54/500
24/24 - 4s - loss: 0.0011 - accuracy: 1.0000 - val_loss: 0.5206 - val_accuracy: 0.8730

Epoch 00054: val_loss did not improve from 0.45483
Epoch 55/500
24/24 - 4s - loss: 0.0010 - accuracy: 1.0000 - val_loss: 0.5202 - val_accuracy: 0.8716

Epoch 00055: val_loss did not improve from 0.45483
Epoch 56/500
24/24 - 4s - loss: 0.0011 - accuracy: 1.0000 - val_loss: 0.5215 - val_accuracy: 0.8723

Epoch 00056: val_loss did not improve from 0.45483
Epoch 57/500
24/24 - 4s - loss: 9.8736e-04 - accuracy: 1.0000 - val_loss: 0.5224 - val_accuracy: 0.8723

Epoch 00057: val_loss did not improve from 0.45483
Epoch 58/500
24/24 - 4s - loss: 0.0010 - accuracy: 1.0000 - val_loss: 0.5232 - val_accuracy: 0.8703

Epoch 00058: val_loss did not improve from 0.45483
Epoch 59/500
24/24 - 4s - loss: 0.0010 - accuracy: 1.0000 - val_loss: 0.5226 - val_accuracy: 0.8730

Epoch 00059: val_loss did not improve from 0.45483
Epoch 60/500
24/24 - 4s - loss: 9.6132e-04 - accuracy: 1.0000 - val_loss: 0.5237 - val_accuracy: 0.8703

Epoch 00060: ReduceLROnPlateau reducing learning rate to 6.25000029685907e-05.

Epoch 00060: val_loss did not improve from 0.45483
Epoch 61/500
24/24 - 4s - loss: 9.8343e-04 - accuracy: 1.0000 - val_loss: 0.5258 - val_accuracy: 0.8696

Epoch 00061: val_loss did not improve from 0.45483
Epoch 62/500
24/24 - 4s - loss: 9.7270e-04 - accuracy: 1.0000 - val_loss: 0.5260 - val_accuracy: 0.8710

Epoch 00062: val_loss did not improve from 0.45483
Epoch 63/500
24/24 - 4s - loss: 9.8730e-04 - accuracy: 1.0000 - val_loss: 0.5245 - val_accuracy: 0.8723

Epoch 00063: val_loss did not improve from 0.45483
Epoch 64/500
24/24 - 4s - loss: 0.0011 - accuracy: 1.0000 - val_loss: 0.5250 - val_accuracy: 0.8716

Epoch 00064: val_loss did not improve from 0.45483
Epoch 65/500
24/24 - 4s - loss: 8.4829e-04 - accuracy: 1.0000 - val_loss: 0.5258 - val_accuracy: 0.8716

Epoch 00065: val_loss did not improve from 0.45483
Epoch 66/500
24/24 - 4s - loss: 0.0010 - accuracy: 1.0000 - val_loss: 0.5263 - val_accuracy: 0.8716

Epoch 00066: val_loss did not improve from 0.45483
Epoch 67/500
24/24 - 4s - loss: 8.7803e-04 - accuracy: 1.0000 - val_loss: 0.5267 - val_accuracy: 0.8730

Epoch 00067: val_loss did not improve from 0.45483
Epoch 68/500
24/24 - 4s - loss: 9.8877e-04 - accuracy: 1.0000 - val_loss: 0.5275 - val_accuracy: 0.8716

Epoch 00068: val_loss did not improve from 0.45483
Epoch 69/500
24/24 - 4s - loss: 9.1627e-04 - accuracy: 1.0000 - val_loss: 0.5281 - val_accuracy: 0.8716

Epoch 00069: val_loss did not improve from 0.45483
Epoch 70/500
24/24 - 4s - loss: 8.7798e-04 - accuracy: 1.0000 - val_loss: 0.5295 - val_accuracy: 0.8710

Epoch 00070: ReduceLROnPlateau reducing learning rate to 3.125000148429535e-05.
Restoring model weights from the end of the best epoch.

Epoch 00070: val_loss did not improve from 0.45483
Epoch 00070: early stopping

Fold: 3
Model: "GRU_NET_BIG_TF"
_________________________________________________________________
Layer (type)                 Output Shape              Param #   
=================================================================
input_4 (InputLayer)         [(None, 200, 6)]          0         
_________________________________________________________________
bidirectional_9 (Bidirection (None, 200, 1024)         1597440   
_________________________________________________________________
batch_normalization_12 (Batc (None, 200, 1024)         4096      
_________________________________________________________________
bidirectional_10 (Bidirectio (None, 200, 512)          1969152   
_________________________________________________________________
batch_normalization_13 (Batc (None, 200, 512)          2048      
_________________________________________________________________
bidirectional_11 (Bidirectio (None, 200, 256)          493056    
_________________________________________________________________
batch_normalization_14 (Batc (None, 200, 256)          1024      
_________________________________________________________________
flatten_3 (Flatten)          (None, 51200)             0         
_________________________________________________________________
dense_6 (Dense)              (None, 128)               6553728   
_________________________________________________________________
batch_normalization_15 (Batc (None, 128)               512       
_________________________________________________________________
dropout_3 (Dropout)          (None, 128)               0         
_________________________________________________________________
dense_7 (Dense)              (None, 6)                 774       
=================================================================
Total params: 10,621,830
Trainable params: 10,617,990
Non-trainable params: 3,840
_________________________________________________________________
None
Epoch 1/500
24/24 - 16s - loss: 1.6501 - accuracy: 0.5214 - val_loss: 1.6979 - val_accuracy: 0.5077

Epoch 00001: val_loss improved from inf to 1.69792, saving model to ./Models/GRU_NET_BIG_TF3.hdf5
Epoch 2/500
24/24 - 4s - loss: 0.9288 - accuracy: 0.6483 - val_loss: 0.8060 - val_accuracy: 0.7021

Epoch 00002: val_loss improved from 1.69792 to 0.80595, saving model to ./Models/GRU_NET_BIG_TF3.hdf5
Epoch 3/500
24/24 - 4s - loss: 0.7313 - accuracy: 0.7202 - val_loss: 0.6770 - val_accuracy: 0.7498

Epoch 00003: val_loss improved from 0.80595 to 0.67702, saving model to ./Models/GRU_NET_BIG_TF3.hdf5
Epoch 4/500
24/24 - 4s - loss: 0.5843 - accuracy: 0.7795 - val_loss: 0.5857 - val_accuracy: 0.7754

Epoch 00004: val_loss improved from 0.67702 to 0.58568, saving model to ./Models/GRU_NET_BIG_TF3.hdf5
Epoch 5/500
24/24 - 4s - loss: 0.4984 - accuracy: 0.8167 - val_loss: 0.5493 - val_accuracy: 0.8016

Epoch 00005: val_loss improved from 0.58568 to 0.54929, saving model to ./Models/GRU_NET_BIG_TF3.hdf5
Epoch 6/500
24/24 - 4s - loss: 0.4443 - accuracy: 0.8407 - val_loss: 0.5534 - val_accuracy: 0.7740

Epoch 00006: val_loss did not improve from 0.54929
Epoch 7/500
24/24 - 4s - loss: 0.3859 - accuracy: 0.8594 - val_loss: 0.5777 - val_accuracy: 0.7794

Epoch 00007: val_loss did not improve from 0.54929
Epoch 8/500
24/24 - 4s - loss: 0.3009 - accuracy: 0.8958 - val_loss: 0.5626 - val_accuracy: 0.7882

Epoch 00008: val_loss did not improve from 0.54929
Epoch 9/500
24/24 - 4s - loss: 0.2540 - accuracy: 0.9195 - val_loss: 0.6799 - val_accuracy: 0.7740

Epoch 00009: val_loss did not improve from 0.54929
Epoch 10/500
24/24 - 4s - loss: 0.2310 - accuracy: 0.9232 - val_loss: 0.5452 - val_accuracy: 0.8137

Epoch 00010: val_loss improved from 0.54929 to 0.54516, saving model to ./Models/GRU_NET_BIG_TF3.hdf5
Epoch 11/500
24/24 - 4s - loss: 0.1914 - accuracy: 0.9351 - val_loss: 0.5068 - val_accuracy: 0.8104

Epoch 00011: val_loss improved from 0.54516 to 0.50675, saving model to ./Models/GRU_NET_BIG_TF3.hdf5
Epoch 12/500
24/24 - 4s - loss: 0.1563 - accuracy: 0.9494 - val_loss: 0.4291 - val_accuracy: 0.8453

Epoch 00012: val_loss improved from 0.50675 to 0.42911, saving model to ./Models/GRU_NET_BIG_TF3.hdf5
Epoch 13/500
24/24 - 4s - loss: 0.1323 - accuracy: 0.9603 - val_loss: 0.4786 - val_accuracy: 0.8379

Epoch 00013: val_loss did not improve from 0.42911
Epoch 14/500
24/24 - 4s - loss: 0.1211 - accuracy: 0.9578 - val_loss: 0.5996 - val_accuracy: 0.8130

Epoch 00014: val_loss did not improve from 0.42911
Epoch 15/500
24/24 - 4s - loss: 0.1314 - accuracy: 0.9620 - val_loss: 0.5220 - val_accuracy: 0.8574

Epoch 00015: val_loss did not improve from 0.42911
Epoch 16/500
24/24 - 4s - loss: 0.0874 - accuracy: 0.9750 - val_loss: 0.4735 - val_accuracy: 0.8568

Epoch 00016: val_loss did not improve from 0.42911
Epoch 17/500
24/24 - 4s - loss: 0.0670 - accuracy: 0.9807 - val_loss: 0.4870 - val_accuracy: 0.8561

Epoch 00017: val_loss did not improve from 0.42911
Epoch 18/500
24/24 - 4s - loss: 0.0716 - accuracy: 0.9830 - val_loss: 0.4155 - val_accuracy: 0.8729

Epoch 00018: val_loss improved from 0.42911 to 0.41546, saving model to ./Models/GRU_NET_BIG_TF3.hdf5
Epoch 19/500
24/24 - 4s - loss: 0.0349 - accuracy: 0.9934 - val_loss: 0.4469 - val_accuracy: 0.8635

Epoch 00019: val_loss did not improve from 0.41546
Epoch 20/500
24/24 - 4s - loss: 0.0228 - accuracy: 0.9948 - val_loss: 0.4548 - val_accuracy: 0.8668

Epoch 00020: val_loss did not improve from 0.41546
Epoch 21/500
24/24 - 4s - loss: 0.0256 - accuracy: 0.9950 - val_loss: 0.4371 - val_accuracy: 0.8668

Epoch 00021: val_loss did not improve from 0.41546
Epoch 22/500
24/24 - 4s - loss: 0.0340 - accuracy: 0.9928 - val_loss: 0.4272 - val_accuracy: 0.8615

Epoch 00022: val_loss did not improve from 0.41546
Epoch 23/500
24/24 - 4s - loss: 0.0220 - accuracy: 0.9938 - val_loss: 0.4237 - val_accuracy: 0.8736

Epoch 00023: val_loss did not improve from 0.41546
Epoch 24/500
24/24 - 4s - loss: 0.0170 - accuracy: 0.9956 - val_loss: 0.4128 - val_accuracy: 0.8682

Epoch 00024: val_loss improved from 0.41546 to 0.41276, saving model to ./Models/GRU_NET_BIG_TF3.hdf5
Epoch 25/500
24/24 - 4s - loss: 0.0090 - accuracy: 0.9988 - val_loss: 0.4091 - val_accuracy: 0.8716

Epoch 00025: val_loss improved from 0.41276 to 0.40908, saving model to ./Models/GRU_NET_BIG_TF3.hdf5
Epoch 26/500
24/24 - 4s - loss: 0.0093 - accuracy: 0.9980 - val_loss: 0.4225 - val_accuracy: 0.8749

Epoch 00026: val_loss did not improve from 0.40908
Epoch 27/500
24/24 - 4s - loss: 0.0089 - accuracy: 0.9982 - val_loss: 0.4195 - val_accuracy: 0.8736

Epoch 00027: val_loss did not improve from 0.40908
Epoch 28/500
24/24 - 4s - loss: 0.0086 - accuracy: 0.9983 - val_loss: 0.4109 - val_accuracy: 0.8803

Epoch 00028: val_loss did not improve from 0.40908
Epoch 29/500
24/24 - 4s - loss: 0.0155 - accuracy: 0.9960 - val_loss: 0.4845 - val_accuracy: 0.8729

Epoch 00029: val_loss did not improve from 0.40908
Epoch 30/500
24/24 - 4s - loss: 0.0275 - accuracy: 0.9955 - val_loss: 0.4922 - val_accuracy: 0.8635

Epoch 00030: val_loss did not improve from 0.40908
Epoch 31/500
24/24 - 4s - loss: 0.0218 - accuracy: 0.9940 - val_loss: 0.5672 - val_accuracy: 0.8561

Epoch 00031: val_loss did not improve from 0.40908
Epoch 32/500
24/24 - 4s - loss: 0.0229 - accuracy: 0.9943 - val_loss: 0.5125 - val_accuracy: 0.8709

Epoch 00032: val_loss did not improve from 0.40908
Epoch 33/500
24/24 - 4s - loss: 0.0133 - accuracy: 0.9971 - val_loss: 0.4905 - val_accuracy: 0.8749

Epoch 00033: val_loss did not improve from 0.40908
Epoch 34/500
24/24 - 4s - loss: 0.0107 - accuracy: 0.9971 - val_loss: 0.5025 - val_accuracy: 0.8682

Epoch 00034: val_loss did not improve from 0.40908
Epoch 35/500
24/24 - 4s - loss: 0.0779 - accuracy: 0.9866 - val_loss: 0.5508 - val_accuracy: 0.8500

Epoch 00035: ReduceLROnPlateau reducing learning rate to 0.0005000000237487257.

Epoch 00035: val_loss did not improve from 0.40908
Epoch 36/500
24/24 - 3s - loss: 0.0554 - accuracy: 0.9834 - val_loss: 0.5068 - val_accuracy: 0.8709

Epoch 00036: val_loss did not improve from 0.40908
Epoch 37/500
24/24 - 4s - loss: 0.0242 - accuracy: 0.9931 - val_loss: 0.4586 - val_accuracy: 0.8756

Epoch 00037: val_loss did not improve from 0.40908
Epoch 38/500
24/24 - 4s - loss: 0.0109 - accuracy: 0.9976 - val_loss: 0.4479 - val_accuracy: 0.8709

Epoch 00038: val_loss did not improve from 0.40908
Epoch 39/500
24/24 - 4s - loss: 0.0067 - accuracy: 0.9990 - val_loss: 0.4505 - val_accuracy: 0.8722

Epoch 00039: val_loss did not improve from 0.40908
Epoch 40/500
24/24 - 4s - loss: 0.0041 - accuracy: 0.9998 - val_loss: 0.4316 - val_accuracy: 0.8736

Epoch 00040: val_loss did not improve from 0.40908
Epoch 41/500
24/24 - 4s - loss: 0.0032 - accuracy: 1.0000 - val_loss: 0.4422 - val_accuracy: 0.8736

Epoch 00041: val_loss did not improve from 0.40908
Epoch 42/500
24/24 - 3s - loss: 0.0029 - accuracy: 1.0000 - val_loss: 0.4483 - val_accuracy: 0.8783

Epoch 00042: val_loss did not improve from 0.40908
Epoch 43/500
24/24 - 4s - loss: 0.0024 - accuracy: 0.9998 - val_loss: 0.4577 - val_accuracy: 0.8722

Epoch 00043: val_loss did not improve from 0.40908
Epoch 44/500
24/24 - 4s - loss: 0.0025 - accuracy: 0.9998 - val_loss: 0.4512 - val_accuracy: 0.8756

Epoch 00044: val_loss did not improve from 0.40908
Epoch 45/500
24/24 - 3s - loss: 0.0022 - accuracy: 1.0000 - val_loss: 0.4619 - val_accuracy: 0.8702

Epoch 00045: ReduceLROnPlateau reducing learning rate to 0.0002500000118743628.

Epoch 00045: val_loss did not improve from 0.40908
Epoch 46/500
24/24 - 4s - loss: 0.0018 - accuracy: 1.0000 - val_loss: 0.4625 - val_accuracy: 0.8709

Epoch 00046: val_loss did not improve from 0.40908
Epoch 47/500
24/24 - 4s - loss: 0.0020 - accuracy: 1.0000 - val_loss: 0.4603 - val_accuracy: 0.8716

Epoch 00047: val_loss did not improve from 0.40908
Epoch 48/500
24/24 - 4s - loss: 0.0016 - accuracy: 1.0000 - val_loss: 0.4658 - val_accuracy: 0.8742

Epoch 00048: val_loss did not improve from 0.40908
Epoch 49/500
24/24 - 4s - loss: 0.0015 - accuracy: 1.0000 - val_loss: 0.4677 - val_accuracy: 0.8763

Epoch 00049: val_loss did not improve from 0.40908
Epoch 50/500
24/24 - 4s - loss: 0.0016 - accuracy: 1.0000 - val_loss: 0.4675 - val_accuracy: 0.8749

Epoch 00050: val_loss did not improve from 0.40908
Epoch 51/500
24/24 - 4s - loss: 0.0017 - accuracy: 1.0000 - val_loss: 0.4658 - val_accuracy: 0.8763

Epoch 00051: val_loss did not improve from 0.40908
Epoch 52/500
24/24 - 4s - loss: 0.0015 - accuracy: 1.0000 - val_loss: 0.4661 - val_accuracy: 0.8756

Epoch 00052: val_loss did not improve from 0.40908
Epoch 53/500
24/24 - 4s - loss: 0.0014 - accuracy: 1.0000 - val_loss: 0.4692 - val_accuracy: 0.8749

Epoch 00053: val_loss did not improve from 0.40908
Epoch 54/500
24/24 - 3s - loss: 0.0015 - accuracy: 1.0000 - val_loss: 0.4693 - val_accuracy: 0.8783

Epoch 00054: val_loss did not improve from 0.40908
Epoch 55/500
24/24 - 4s - loss: 0.0014 - accuracy: 1.0000 - val_loss: 0.4680 - val_accuracy: 0.8783

Epoch 00055: ReduceLROnPlateau reducing learning rate to 0.0001250000059371814.

Epoch 00055: val_loss did not improve from 0.40908
Epoch 56/500
24/24 - 4s - loss: 0.0013 - accuracy: 1.0000 - val_loss: 0.4702 - val_accuracy: 0.8783

Epoch 00056: val_loss did not improve from 0.40908
Epoch 57/500
24/24 - 3s - loss: 0.0014 - accuracy: 1.0000 - val_loss: 0.4713 - val_accuracy: 0.8769

Epoch 00057: val_loss did not improve from 0.40908
Epoch 58/500
24/24 - 4s - loss: 0.0014 - accuracy: 1.0000 - val_loss: 0.4711 - val_accuracy: 0.8763

Epoch 00058: val_loss did not improve from 0.40908
Epoch 59/500
24/24 - 4s - loss: 0.0012 - accuracy: 1.0000 - val_loss: 0.4718 - val_accuracy: 0.8763

Epoch 00059: val_loss did not improve from 0.40908
Epoch 60/500
24/24 - 4s - loss: 0.0012 - accuracy: 1.0000 - val_loss: 0.4721 - val_accuracy: 0.8756

Epoch 00060: val_loss did not improve from 0.40908
Epoch 61/500
24/24 - 4s - loss: 0.0012 - accuracy: 1.0000 - val_loss: 0.4718 - val_accuracy: 0.8756

Epoch 00061: val_loss did not improve from 0.40908
Epoch 62/500
24/24 - 4s - loss: 0.0012 - accuracy: 1.0000 - val_loss: 0.4713 - val_accuracy: 0.8742

Epoch 00062: val_loss did not improve from 0.40908
Epoch 63/500
24/24 - 3s - loss: 0.0011 - accuracy: 1.0000 - val_loss: 0.4712 - val_accuracy: 0.8749

Epoch 00063: val_loss did not improve from 0.40908
Epoch 64/500
24/24 - 4s - loss: 0.0011 - accuracy: 1.0000 - val_loss: 0.4708 - val_accuracy: 0.8749

Epoch 00064: val_loss did not improve from 0.40908
Epoch 65/500
24/24 - 3s - loss: 0.0012 - accuracy: 1.0000 - val_loss: 0.4710 - val_accuracy: 0.8769

Epoch 00065: ReduceLROnPlateau reducing learning rate to 6.25000029685907e-05.

Epoch 00065: val_loss did not improve from 0.40908
Epoch 66/500
24/24 - 4s - loss: 0.0011 - accuracy: 1.0000 - val_loss: 0.4710 - val_accuracy: 0.8763

Epoch 00066: val_loss did not improve from 0.40908
Epoch 67/500
24/24 - 4s - loss: 0.0014 - accuracy: 0.9998 - val_loss: 0.4719 - val_accuracy: 0.8756

Epoch 00067: val_loss did not improve from 0.40908
Epoch 68/500
24/24 - 4s - loss: 0.0011 - accuracy: 1.0000 - val_loss: 0.4721 - val_accuracy: 0.8749

Epoch 00068: val_loss did not improve from 0.40908
Epoch 69/500
24/24 - 4s - loss: 0.0011 - accuracy: 1.0000 - val_loss: 0.4723 - val_accuracy: 0.8742

Epoch 00069: val_loss did not improve from 0.40908
Epoch 70/500
24/24 - 4s - loss: 0.0012 - accuracy: 1.0000 - val_loss: 0.4727 - val_accuracy: 0.8756

Epoch 00070: val_loss did not improve from 0.40908
Epoch 71/500
24/24 - 4s - loss: 0.0011 - accuracy: 1.0000 - val_loss: 0.4727 - val_accuracy: 0.8756

Epoch 00071: val_loss did not improve from 0.40908
Epoch 72/500
24/24 - 4s - loss: 0.0011 - accuracy: 1.0000 - val_loss: 0.4725 - val_accuracy: 0.8749

Epoch 00072: val_loss did not improve from 0.40908
Epoch 73/500
24/24 - 4s - loss: 0.0011 - accuracy: 1.0000 - val_loss: 0.4724 - val_accuracy: 0.8749

Epoch 00073: val_loss did not improve from 0.40908
Epoch 74/500
24/24 - 4s - loss: 0.0011 - accuracy: 1.0000 - val_loss: 0.4724 - val_accuracy: 0.8749

Epoch 00074: val_loss did not improve from 0.40908
Epoch 75/500
24/24 - 4s - loss: 0.0011 - accuracy: 1.0000 - val_loss: 0.4723 - val_accuracy: 0.8742

Epoch 00075: ReduceLROnPlateau reducing learning rate to 3.125000148429535e-05.
Restoring model weights from the end of the best epoch.

Epoch 00075: val_loss did not improve from 0.40908
Epoch 00075: early stopping

Fold: 4
Model: "GRU_NET_BIG_TF"
_________________________________________________________________
Layer (type)                 Output Shape              Param #   
=================================================================
input_5 (InputLayer)         [(None, 200, 6)]          0         
_________________________________________________________________
bidirectional_12 (Bidirectio (None, 200, 1024)         1597440   
_________________________________________________________________
batch_normalization_16 (Batc (None, 200, 1024)         4096      
_________________________________________________________________
bidirectional_13 (Bidirectio (None, 200, 512)          1969152   
_________________________________________________________________
batch_normalization_17 (Batc (None, 200, 512)          2048      
_________________________________________________________________
bidirectional_14 (Bidirectio (None, 200, 256)          493056    
_________________________________________________________________
batch_normalization_18 (Batc (None, 200, 256)          1024      
_________________________________________________________________
flatten_4 (Flatten)          (None, 51200)             0         
_________________________________________________________________
dense_8 (Dense)              (None, 128)               6553728   
_________________________________________________________________
batch_normalization_19 (Batc (None, 128)               512       
_________________________________________________________________
dropout_4 (Dropout)          (None, 128)               0         
_________________________________________________________________
dense_9 (Dense)              (None, 6)                 774       
=================================================================
Total params: 10,621,830
Trainable params: 10,617,990
Non-trainable params: 3,840
_________________________________________________________________
None
Epoch 1/500
24/24 - 14s - loss: 1.5086 - accuracy: 0.5460 - val_loss: 1.8239 - val_accuracy: 0.4694

Epoch 00001: val_loss improved from inf to 1.82393, saving model to ./Models/GRU_NET_BIG_TF4.hdf5
Epoch 2/500
24/24 - 4s - loss: 0.8827 - accuracy: 0.6604 - val_loss: 0.8560 - val_accuracy: 0.6779

Epoch 00002: val_loss improved from 1.82393 to 0.85599, saving model to ./Models/GRU_NET_BIG_TF4.hdf5
Epoch 3/500
24/24 - 4s - loss: 0.6913 - accuracy: 0.7429 - val_loss: 0.6335 - val_accuracy: 0.7727

Epoch 00003: val_loss improved from 0.85599 to 0.63353, saving model to ./Models/GRU_NET_BIG_TF4.hdf5
Epoch 4/500
24/24 - 4s - loss: 0.5526 - accuracy: 0.8009 - val_loss: 0.6076 - val_accuracy: 0.7787

Epoch 00004: val_loss improved from 0.63353 to 0.60756, saving model to ./Models/GRU_NET_BIG_TF4.hdf5
Epoch 5/500
24/24 - 3s - loss: 0.4784 - accuracy: 0.8189 - val_loss: 0.5455 - val_accuracy: 0.7969

Epoch 00005: val_loss improved from 0.60756 to 0.54552, saving model to ./Models/GRU_NET_BIG_TF4.hdf5
Epoch 6/500
24/24 - 4s - loss: 0.4075 - accuracy: 0.8580 - val_loss: 0.5561 - val_accuracy: 0.7902

Epoch 00006: val_loss did not improve from 0.54552
Epoch 7/500
24/24 - 4s - loss: 0.3471 - accuracy: 0.8805 - val_loss: 0.4937 - val_accuracy: 0.8211

Epoch 00007: val_loss improved from 0.54552 to 0.49366, saving model to ./Models/GRU_NET_BIG_TF4.hdf5
Epoch 8/500
24/24 - 4s - loss: 0.3281 - accuracy: 0.8795 - val_loss: 0.5156 - val_accuracy: 0.8144

Epoch 00008: val_loss did not improve from 0.49366
Epoch 9/500
24/24 - 4s - loss: 0.2539 - accuracy: 0.9104 - val_loss: 0.4217 - val_accuracy: 0.8514

Epoch 00009: val_loss improved from 0.49366 to 0.42167, saving model to ./Models/GRU_NET_BIG_TF4.hdf5
Epoch 10/500
24/24 - 4s - loss: 0.1897 - accuracy: 0.9361 - val_loss: 0.5107 - val_accuracy: 0.8366

Epoch 00010: val_loss did not improve from 0.42167
Epoch 11/500
24/24 - 4s - loss: 0.1881 - accuracy: 0.9358 - val_loss: 0.4820 - val_accuracy: 0.8447

Epoch 00011: val_loss did not improve from 0.42167
Epoch 12/500
24/24 - 4s - loss: 0.1745 - accuracy: 0.9390 - val_loss: 0.4696 - val_accuracy: 0.8541

Epoch 00012: val_loss did not improve from 0.42167
Epoch 13/500
24/24 - 4s - loss: 0.1509 - accuracy: 0.9538 - val_loss: 0.4578 - val_accuracy: 0.8574

Epoch 00013: val_loss did not improve from 0.42167
Epoch 14/500
24/24 - 4s - loss: 0.1036 - accuracy: 0.9691 - val_loss: 0.5266 - val_accuracy: 0.8359

Epoch 00014: val_loss did not improve from 0.42167
Epoch 15/500
24/24 - 4s - loss: 0.0982 - accuracy: 0.9701 - val_loss: 0.4865 - val_accuracy: 0.8581

Epoch 00015: val_loss did not improve from 0.42167
Epoch 16/500
24/24 - 4s - loss: 0.0635 - accuracy: 0.9847 - val_loss: 0.4164 - val_accuracy: 0.8830

Epoch 00016: val_loss improved from 0.42167 to 0.41638, saving model to ./Models/GRU_NET_BIG_TF4.hdf5
Epoch 17/500
24/24 - 4s - loss: 0.0397 - accuracy: 0.9913 - val_loss: 0.4502 - val_accuracy: 0.8662

Epoch 00017: val_loss did not improve from 0.41638
Epoch 18/500
24/24 - 4s - loss: 0.0339 - accuracy: 0.9914 - val_loss: 0.4893 - val_accuracy: 0.8675

Epoch 00018: val_loss did not improve from 0.41638
Epoch 19/500
24/24 - 4s - loss: 0.0283 - accuracy: 0.9941 - val_loss: 0.4693 - val_accuracy: 0.8702

Epoch 00019: val_loss did not improve from 0.41638
Epoch 20/500
24/24 - 4s - loss: 0.0264 - accuracy: 0.9945 - val_loss: 0.4855 - val_accuracy: 0.8668

Epoch 00020: val_loss did not improve from 0.41638
Epoch 21/500
24/24 - 4s - loss: 0.0289 - accuracy: 0.9923 - val_loss: 0.4941 - val_accuracy: 0.8769

Epoch 00021: val_loss did not improve from 0.41638
Epoch 22/500
24/24 - 4s - loss: 0.0170 - accuracy: 0.9960 - val_loss: 0.4556 - val_accuracy: 0.8843

Epoch 00022: val_loss did not improve from 0.41638
Epoch 23/500
24/24 - 4s - loss: 0.0219 - accuracy: 0.9960 - val_loss: 0.4606 - val_accuracy: 0.8904

Epoch 00023: val_loss did not improve from 0.41638
Epoch 24/500
24/24 - 4s - loss: 0.0136 - accuracy: 0.9973 - val_loss: 0.4530 - val_accuracy: 0.8870

Epoch 00024: val_loss did not improve from 0.41638
Epoch 25/500
24/24 - 4s - loss: 0.0079 - accuracy: 0.9980 - val_loss: 0.4599 - val_accuracy: 0.8904

Epoch 00025: val_loss did not improve from 0.41638
Epoch 26/500
24/24 - 4s - loss: 0.0104 - accuracy: 0.9976 - val_loss: 0.4815 - val_accuracy: 0.8890

Epoch 00026: ReduceLROnPlateau reducing learning rate to 0.0005000000237487257.

Epoch 00026: val_loss did not improve from 0.41638
Epoch 27/500
24/24 - 4s - loss: 0.0099 - accuracy: 0.9971 - val_loss: 0.4661 - val_accuracy: 0.8911

Epoch 00027: val_loss did not improve from 0.41638
Epoch 28/500
24/24 - 4s - loss: 0.0051 - accuracy: 0.9990 - val_loss: 0.4580 - val_accuracy: 0.8870

Epoch 00028: val_loss did not improve from 0.41638
Epoch 29/500
24/24 - 4s - loss: 0.0041 - accuracy: 0.9997 - val_loss: 0.4807 - val_accuracy: 0.8863

Epoch 00029: val_loss did not improve from 0.41638
Epoch 30/500
24/24 - 4s - loss: 0.0035 - accuracy: 0.9995 - val_loss: 0.4795 - val_accuracy: 0.8890

Epoch 00030: val_loss did not improve from 0.41638
Epoch 31/500
24/24 - 4s - loss: 0.0028 - accuracy: 0.9997 - val_loss: 0.4904 - val_accuracy: 0.8884

Epoch 00031: val_loss did not improve from 0.41638
Epoch 32/500
24/24 - 4s - loss: 0.0031 - accuracy: 0.9998 - val_loss: 0.4796 - val_accuracy: 0.8924

Epoch 00032: val_loss did not improve from 0.41638
Epoch 33/500
24/24 - 4s - loss: 0.0026 - accuracy: 0.9998 - val_loss: 0.4959 - val_accuracy: 0.8870

Epoch 00033: val_loss did not improve from 0.41638
Epoch 34/500
24/24 - 4s - loss: 0.0020 - accuracy: 1.0000 - val_loss: 0.4884 - val_accuracy: 0.8884

Epoch 00034: val_loss did not improve from 0.41638
Epoch 35/500
24/24 - 4s - loss: 0.0020 - accuracy: 1.0000 - val_loss: 0.4967 - val_accuracy: 0.8904

Epoch 00035: val_loss did not improve from 0.41638
Epoch 36/500
24/24 - 4s - loss: 0.0018 - accuracy: 1.0000 - val_loss: 0.4982 - val_accuracy: 0.8904

Epoch 00036: ReduceLROnPlateau reducing learning rate to 0.0002500000118743628.

Epoch 00036: val_loss did not improve from 0.41638
Epoch 37/500
24/24 - 4s - loss: 0.0017 - accuracy: 1.0000 - val_loss: 0.5047 - val_accuracy: 0.8890

Epoch 00037: val_loss did not improve from 0.41638
Epoch 38/500
24/24 - 4s - loss: 0.0017 - accuracy: 1.0000 - val_loss: 0.5090 - val_accuracy: 0.8884

Epoch 00038: val_loss did not improve from 0.41638
Epoch 39/500
24/24 - 4s - loss: 0.0015 - accuracy: 1.0000 - val_loss: 0.5140 - val_accuracy: 0.8890

Epoch 00039: val_loss did not improve from 0.41638
Epoch 40/500
24/24 - 4s - loss: 0.0016 - accuracy: 1.0000 - val_loss: 0.5148 - val_accuracy: 0.8911

Epoch 00040: val_loss did not improve from 0.41638
Epoch 41/500
24/24 - 4s - loss: 0.0016 - accuracy: 1.0000 - val_loss: 0.5142 - val_accuracy: 0.8924

Epoch 00041: val_loss did not improve from 0.41638
Epoch 42/500
24/24 - 4s - loss: 0.0015 - accuracy: 1.0000 - val_loss: 0.5136 - val_accuracy: 0.8917

Epoch 00042: val_loss did not improve from 0.41638
Epoch 43/500
24/24 - 4s - loss: 0.0014 - accuracy: 1.0000 - val_loss: 0.5167 - val_accuracy: 0.8911

Epoch 00043: val_loss did not improve from 0.41638
Epoch 44/500
24/24 - 4s - loss: 0.0015 - accuracy: 1.0000 - val_loss: 0.5197 - val_accuracy: 0.8890

Epoch 00044: val_loss did not improve from 0.41638
Epoch 45/500
24/24 - 4s - loss: 0.0014 - accuracy: 1.0000 - val_loss: 0.5212 - val_accuracy: 0.8884

Epoch 00045: val_loss did not improve from 0.41638
Epoch 46/500
24/24 - 4s - loss: 0.0014 - accuracy: 1.0000 - val_loss: 0.5197 - val_accuracy: 0.8917

Epoch 00046: ReduceLROnPlateau reducing learning rate to 0.0001250000059371814.

Epoch 00046: val_loss did not improve from 0.41638
Epoch 47/500
24/24 - 3s - loss: 0.0014 - accuracy: 1.0000 - val_loss: 0.5177 - val_accuracy: 0.8911

Epoch 00047: val_loss did not improve from 0.41638
Epoch 48/500
24/24 - 4s - loss: 0.0014 - accuracy: 0.9998 - val_loss: 0.5188 - val_accuracy: 0.8924

Epoch 00048: val_loss did not improve from 0.41638
Epoch 49/500
24/24 - 3s - loss: 0.0013 - accuracy: 1.0000 - val_loss: 0.5182 - val_accuracy: 0.8937

Epoch 00049: val_loss did not improve from 0.41638
Epoch 50/500
24/24 - 4s - loss: 0.0012 - accuracy: 1.0000 - val_loss: 0.5189 - val_accuracy: 0.8937

Epoch 00050: val_loss did not improve from 0.41638
Epoch 51/500
24/24 - 4s - loss: 0.0012 - accuracy: 1.0000 - val_loss: 0.5203 - val_accuracy: 0.8944

Epoch 00051: val_loss did not improve from 0.41638
Epoch 52/500
24/24 - 4s - loss: 0.0011 - accuracy: 1.0000 - val_loss: 0.5207 - val_accuracy: 0.8931

Epoch 00052: val_loss did not improve from 0.41638
Epoch 53/500
24/24 - 4s - loss: 0.0012 - accuracy: 1.0000 - val_loss: 0.5206 - val_accuracy: 0.8917

Epoch 00053: val_loss did not improve from 0.41638
Epoch 54/500
24/24 - 4s - loss: 0.0011 - accuracy: 1.0000 - val_loss: 0.5202 - val_accuracy: 0.8917

Epoch 00054: val_loss did not improve from 0.41638
Epoch 55/500
24/24 - 4s - loss: 0.0011 - accuracy: 1.0000 - val_loss: 0.5199 - val_accuracy: 0.8924

Epoch 00055: val_loss did not improve from 0.41638
Epoch 56/500
24/24 - 3s - loss: 0.0012 - accuracy: 1.0000 - val_loss: 0.5202 - val_accuracy: 0.8937

Epoch 00056: ReduceLROnPlateau reducing learning rate to 6.25000029685907e-05.

Epoch 00056: val_loss did not improve from 0.41638
Epoch 57/500
24/24 - 3s - loss: 0.0011 - accuracy: 1.0000 - val_loss: 0.5215 - val_accuracy: 0.8924

Epoch 00057: val_loss did not improve from 0.41638
Epoch 58/500
24/24 - 4s - loss: 0.0011 - accuracy: 1.0000 - val_loss: 0.5219 - val_accuracy: 0.8937

Epoch 00058: val_loss did not improve from 0.41638
Epoch 59/500
24/24 - 4s - loss: 0.0012 - accuracy: 1.0000 - val_loss: 0.5223 - val_accuracy: 0.8924

Epoch 00059: val_loss did not improve from 0.41638
Epoch 60/500
24/24 - 4s - loss: 0.0011 - accuracy: 1.0000 - val_loss: 0.5230 - val_accuracy: 0.8924

Epoch 00060: val_loss did not improve from 0.41638
Epoch 61/500
24/24 - 4s - loss: 0.0012 - accuracy: 1.0000 - val_loss: 0.5228 - val_accuracy: 0.8924

Epoch 00061: val_loss did not improve from 0.41638
Epoch 62/500
24/24 - 4s - loss: 0.0011 - accuracy: 1.0000 - val_loss: 0.5235 - val_accuracy: 0.8931

Epoch 00062: val_loss did not improve from 0.41638
Epoch 63/500
24/24 - 4s - loss: 9.7171e-04 - accuracy: 1.0000 - val_loss: 0.5231 - val_accuracy: 0.8924

Epoch 00063: val_loss did not improve from 0.41638
Epoch 64/500
24/24 - 4s - loss: 0.0011 - accuracy: 1.0000 - val_loss: 0.5236 - val_accuracy: 0.8931

Epoch 00064: val_loss did not improve from 0.41638
Epoch 65/500
24/24 - 4s - loss: 0.0011 - accuracy: 1.0000 - val_loss: 0.5231 - val_accuracy: 0.8937

Epoch 00065: val_loss did not improve from 0.41638
Epoch 66/500
24/24 - 4s - loss: 0.0012 - accuracy: 1.0000 - val_loss: 0.5230 - val_accuracy: 0.8944

Epoch 00066: ReduceLROnPlateau reducing learning rate to 3.125000148429535e-05.
Restoring model weights from the end of the best epoch.

Epoch 00066: val_loss did not improve from 0.41638
Epoch 00066: early stopping

Last validation accuracy for every fold: [87.84, 87.1, 87.1, 87.42, 89.44]
Training, validation and testing completed!

Program runtime: 0:22:47
