Prepare the data for training ...
Preparation of the data completed!
Start of training ...
Epoch: 001/050 Training loss: 1.494 Training Accuracy: 54.405
Epoch: 002/050 Training loss: 1.475 Training Accuracy: 56.056
Epoch: 003/050 Training loss: 1.469 Training Accuracy: 56.601
Epoch: 004/050 Training loss: 1.465 Training Accuracy: 56.926
Epoch: 005/050 Training loss: 1.464 Training Accuracy: 57.091
Epoch: 006/050 Training loss: 1.462 Training Accuracy: 57.197
Epoch: 007/050 Training loss: 1.461 Training Accuracy: 57.393
Epoch: 008/050 Training loss: 1.460 Training Accuracy: 57.432
Epoch: 009/050 Training loss: 1.458 Training Accuracy: 57.575
Epoch: 010/050 Training loss: 1.458 Training Accuracy: 57.587
Epoch: 011/050 Training loss: 1.457 Training Accuracy: 57.663
Epoch: 012/050 Training loss: 1.457 Training Accuracy: 57.690
Epoch: 013/050 Training loss: 1.456 Training Accuracy: 57.758
Epoch: 014/050 Training loss: 1.456 Training Accuracy: 57.798
Epoch: 015/050 Training loss: 1.455 Training Accuracy: 57.819
Epoch: 016/050 Training loss: 1.455 Training Accuracy: 57.824
Epoch: 017/050 Training loss: 1.455 Training Accuracy: 57.905
Epoch: 018/050 Training loss: 1.454 Training Accuracy: 57.950
Epoch: 019/050 Training loss: 1.454 Training Accuracy: 57.941
Epoch: 020/050 Training loss: 1.454 Training Accuracy: 57.975
Epoch: 021/050 Training loss: 1.454 Training Accuracy: 58.001
Epoch: 022/050 Training loss: 1.454 Training Accuracy: 57.999
Epoch: 023/050 Training loss: 1.453 Training Accuracy: 58.066
Epoch: 024/050 Training loss: 1.453 Training Accuracy: 58.061
Epoch: 025/050 Training loss: 1.453 Training Accuracy: 58.093
Epoch: 026/050 Training loss: 1.453 Training Accuracy: 58.131
Epoch: 027/050 Training loss: 1.452 Training Accuracy: 58.125
Epoch: 028/050 Training loss: 1.452 Training Accuracy: 58.170
Epoch: 029/050 Training loss: 1.452 Training Accuracy: 58.196
Epoch: 030/050 Training loss: 1.451 Training Accuracy: 58.230
Epoch: 031/050 Training loss: 1.452 Training Accuracy: 58.164
Epoch: 032/050 Training loss: 1.451 Training Accuracy: 58.218
Epoch: 033/050 Training loss: 1.451 Training Accuracy: 58.220
Epoch: 034/050 Training loss: 1.451 Training Accuracy: 58.267
Epoch: 035/050 Training loss: 1.451 Training Accuracy: 58.264
Epoch: 036/050 Training loss: 1.451 Training Accuracy: 58.321
Epoch: 037/050 Training loss: 1.451 Training Accuracy: 58.282
Epoch: 038/050 Training loss: 1.451 Training Accuracy: 58.317
Epoch: 039/050 Training loss: 1.450 Training Accuracy: 58.312
Epoch: 040/050 Training loss: 1.450 Training Accuracy: 58.342
Epoch: 041/050 Training loss: 1.450 Training Accuracy: 58.399
Epoch: 042/050 Training loss: 1.450 Training Accuracy: 58.381
Epoch: 043/050 Training loss: 1.450 Training Accuracy: 58.410
Epoch: 044/050 Training loss: 1.450 Training Accuracy: 58.436
Epoch: 045/050 Training loss: 1.450 Training Accuracy: 58.419
Epoch: 046/050 Training loss: 1.450 Training Accuracy: 58.432
Epoch: 047/050 Training loss: 1.449 Training Accuracy: 58.479
Epoch: 048/050 Training loss: 1.449 Training Accuracy: 58.423
Epoch: 049/050 Training loss: 1.449 Training Accuracy: 58.476
Epoch: 050/050 Training loss: 1.449 Training Accuracy: 58.433
Training completed!
CNN_NET_V1(
  (relu): ReLU()
  (dropout): Dropout(p=0.5, inplace=False)
  (softmax): Softmax(dim=1)
  (bncnn1): BatchNorm1d(64, eps=1e-05, momentum=0.1, affine=True, track_running_stats=True)
  (bncnn2): BatchNorm1d(128, eps=1e-05, momentum=0.1, affine=True, track_running_stats=True)
  (bncnn3): BatchNorm1d(256, eps=1e-05, momentum=0.1, affine=True, track_running_stats=True)
  (bnbout): BatchNorm1d(64, eps=1e-05, momentum=0.1, affine=True, track_running_stats=True)
  (cnn1): Conv1d(3, 64, kernel_size=(3,), stride=(1,), padding=(2,))
  (cnn2): Conv1d(64, 128, kernel_size=(3,), stride=(1,), padding=(1,))
  (cnn3): Conv1d(128, 256, kernel_size=(3,), stride=(1,), padding=(1,))
  (avgpool): AvgPool1d(kernel_size=(3,), stride=(3,), padding=(0,))
  (linbout): Linear(in_features=256, out_features=64, bias=True)
  (linout): Linear(in_features=64, out_features=6, bias=True)
)
Parameters of the model: 141766
Prepare the data for validation ...
Preparation of the data completed!
Start of validation ...
Validation completed!

Program runtime: 0:21:17
